2024-11-12 10:11:04.201 [info] [main] Log level: Info
2024-11-12 10:11:04.201 [info] [main] Validating found git in: "git"
2024-11-12 10:11:04.201 [info] [main] Using git "2.43.0" from "git"
2024-11-12 10:11:04.201 [info] [Model][doInitialScan] Initial repository scan started
2024-11-12 10:11:04.201 [info] > git rev-parse --show-toplevel [4ms]
2024-11-12 10:11:04.201 [info] [Model][doInitialScan] Initial repository scan completed - repositories (0), closed repositories (0), parent repositories (1), unsafe repositories (0)
2024-11-12 10:11:05.296 [info] > git rev-parse --show-toplevel [2ms]
2024-11-12 10:11:18.221 [info] > git rev-parse --show-toplevel [1ms]
2024-11-12 10:16:10.355 [info] > git rev-parse --show-toplevel [2ms]
2024-11-12 10:16:10.363 [info] > git rev-parse --git-dir --git-common-dir [1ms]
2024-11-12 10:16:10.380 [info] [Model][openRepository] Opened repository: /root/workspace/github.com/Johnyboi77/bookbot
2024-11-12 10:16:10.390 [info] > git config --get commit.template [3ms]
2024-11-12 10:16:10.400 [info] > git for-each-ref --format=%(refname)%00%(upstream:short)%00%(objectname)%00%(upstream:track)%00%(upstream:remotename)%00%(upstream:remoteref) refs/heads/main refs/remotes/main [4ms]
2024-11-12 10:16:10.404 [warning] [Git][revParse] Unable to read file: ENOENT: no such file or directory, open '/root/workspace/github.com/Johnyboi77/bookbot/.git/refs/remotes/origin/main'
2024-11-12 10:16:10.404 [info] > git rev-parse refs/remotes/origin/main [0ms]
2024-11-12 10:16:10.415 [info] > git status -z -uall [6ms]
2024-11-12 10:16:10.417 [info] > git for-each-ref --sort -committerdate --format %(refname) %(objectname) %(*objectname) [2ms]
2024-11-12 10:16:10.441 [info] > git for-each-ref --format=%(refname)%00%(upstream:short)%00%(objectname)%00%(upstream:track)%00%(upstream:remotename)%00%(upstream:remoteref) refs/heads/main refs/remotes/main [11ms]
2024-11-12 10:16:10.456 [info] > git config --get commit.template [16ms]
2024-11-12 10:16:10.458 [info] > git config --local branch.main.vscode-merge-base [10ms]
2024-11-12 10:16:10.458 [warning] [Git][config] git config failed: Failed to execute git
2024-11-12 10:16:10.474 [info] > git for-each-ref --format=%(refname)%00%(upstream:short)%00%(objectname)%00%(upstream:track)%00%(upstream:remotename)%00%(upstream:remoteref) refs/heads/main refs/remotes/main [5ms]
2024-11-12 10:16:10.474 [info] > git reflog main --grep-reflog=branch: Created from *. [11ms]
2024-11-12 10:16:10.483 [warning] [Git][revParse] Unable to read file: ENOENT: no such file or directory, open '/root/workspace/github.com/Johnyboi77/bookbot/.git/refs/remotes/origin/main'
2024-11-12 10:16:10.484 [info] > git rev-parse refs/remotes/origin/main [1ms]
2024-11-12 10:16:10.493 [info] > git symbolic-ref --short refs/remotes/origin/HEAD [14ms]
2024-11-12 10:16:10.498 [info] > git status -z -uall [10ms]
2024-11-12 10:16:10.498 [info] > git for-each-ref --sort -committerdate --format %(refname) %(objectname) %(*objectname) [5ms]
2024-11-12 10:16:10.508 [info] > git for-each-ref --format=%(refname)%00%(upstream:short)%00%(objectname)%00%(upstream:track)%00%(upstream:remotename)%00%(upstream:remoteref) refs/heads/main refs/remotes/main [3ms]
2024-11-12 10:16:10.513 [info] > git for-each-ref --format=%(refname)%00%(upstream:short)%00%(objectname)%00%(upstream:track)%00%(upstream:remotename)%00%(upstream:remoteref) refs/heads/origin/main refs/remotes/origin/main [16ms]
2024-11-12 10:16:10.519 [info] > git config --local branch.main.vscode-merge-base [7ms]
2024-11-12 10:16:10.519 [warning] [Git][config] git config failed: Failed to execute git
2024-11-12 10:16:10.526 [info] > git config --local branch.main.vscode-merge-base origin/main [8ms]
2024-11-12 10:16:10.534 [info] > git reflog main --grep-reflog=branch: Created from *. [10ms]
2024-11-12 10:16:10.540 [info] > git config --get commit.template [5ms]
2024-11-12 10:16:10.541 [info] > git symbolic-ref --short refs/remotes/origin/HEAD [2ms]
2024-11-12 10:16:10.550 [info] > git for-each-ref --format=%(refname)%00%(upstream:short)%00%(objectname)%00%(upstream:track)%00%(upstream:remotename)%00%(upstream:remoteref) refs/heads/origin/main refs/remotes/origin/main [5ms]
2024-11-12 10:16:10.556 [info] > git for-each-ref --format=%(refname)%00%(upstream:short)%00%(objectname)%00%(upstream:track)%00%(upstream:remotename)%00%(upstream:remoteref) refs/heads/main refs/remotes/main [7ms]
2024-11-12 10:16:10.561 [warning] [Git][revParse] Unable to read file: ENOENT: no such file or directory, open '/root/workspace/github.com/Johnyboi77/bookbot/.git/refs/remotes/origin/main'
2024-11-12 10:16:10.561 [info] > git config --local branch.main.vscode-merge-base origin/main [6ms]
2024-11-12 10:16:10.568 [info] > git rev-parse refs/remotes/origin/main [6ms]
2024-11-12 10:16:10.588 [info] > git merge-base refs/heads/main refs/remotes/origin/main [6ms]
2024-11-12 10:16:10.594 [info] > git for-each-ref --format=%(refname)%00%(upstream:short)%00%(objectname)%00%(upstream:track)%00%(upstream:remotename)%00%(upstream:remoteref) refs/heads/main refs/remotes/main [19ms]
2024-11-12 10:16:10.601 [info] > git config --get commit.template [33ms]
2024-11-12 10:16:10.605 [info] > git config --local branch.main.vscode-merge-base [5ms]
2024-11-12 10:16:10.611 [info] > git diff --name-status -z --diff-filter=ADMR d039ad2cab7dd0496a4076af98f63bf17df77da7...refs/remotes/origin/main [17ms]
2024-11-12 10:16:10.620 [info] > git for-each-ref --format=%(refname)%00%(upstream:short)%00%(objectname)%00%(upstream:track)%00%(upstream:remotename)%00%(upstream:remoteref) refs/heads/origin/main refs/remotes/origin/main [9ms]
2024-11-12 10:16:10.621 [info] > git for-each-ref --format=%(refname)%00%(upstream:short)%00%(objectname)%00%(upstream:track)%00%(upstream:remotename)%00%(upstream:remoteref) refs/heads/main refs/remotes/main [3ms]
2024-11-12 10:16:10.627 [warning] [Git][revParse] Unable to read file: ENOENT: no such file or directory, open '/root/workspace/github.com/Johnyboi77/bookbot/.git/refs/remotes/origin/main'
2024-11-12 10:16:10.628 [info] > git rev-parse refs/remotes/origin/main [1ms]
2024-11-12 10:16:10.639 [info] > git status -z -uall [6ms]
2024-11-12 10:16:10.641 [info] > git for-each-ref --sort -committerdate --format %(refname) %(objectname) %(*objectname) [3ms]
2024-11-12 10:18:29.994 [info] > git config --get commit.template [5ms]
2024-11-12 10:18:30.002 [info] > git for-each-ref --format=%(refname)%00%(upstream:short)%00%(objectname)%00%(upstream:track)%00%(upstream:remotename)%00%(upstream:remoteref) refs/heads/main refs/remotes/main [2ms]
2024-11-12 10:18:30.008 [warning] [Git][revParse] Unable to read file: ENOENT: no such file or directory, open '/root/workspace/github.com/Johnyboi77/bookbot/.git/refs/remotes/origin/main'
2024-11-12 10:18:30.011 [info] > git rev-parse refs/remotes/origin/main [3ms]
2024-11-12 10:18:30.018 [info] > git status -z -uall [4ms]
2024-11-12 10:18:30.020 [info] > git for-each-ref --sort -committerdate --format %(refname) %(objectname) %(*objectname) [2ms]
2024-11-12 10:18:32.914 [info] > git check-ignore -v -z --stdin [1ms]
2024-11-12 10:18:39.682 [info] > git rev-parse --show-toplevel [1ms]
2024-11-12 10:27:28.158 [info] > git ls-files --stage -- /root/workspace/github.com/Johnyboi77/bookbot/README.md [21ms]
2024-11-12 10:27:28.165 [info] > git show --textconv :README.md [37ms]
2024-11-12 10:27:28.169 [info] > git cat-file -s ea1e36c41fb9e71cfd39490a6dbd725ae01e5c55 [5ms]
2024-11-12 10:27:52.527 [info] > git rev-parse --show-toplevel [7ms]
2024-11-12 10:27:54.117 [info] > git show --textconv :README.md [8ms]
2024-11-12 10:27:54.119 [info] > git ls-files --stage -- /root/workspace/github.com/Johnyboi77/bookbot/README.md [2ms]
2024-11-12 10:27:54.129 [info] > git cat-file -s ea1e36c41fb9e71cfd39490a6dbd725ae01e5c55 [2ms]
2024-11-12 10:27:54.781 [info] > git rev-parse --show-toplevel [2ms]
2024-11-12 10:28:06.106 [info] > git show --textconv :README.md [13ms]
2024-11-12 10:28:06.108 [info] > git ls-files --stage -- /root/workspace/github.com/Johnyboi77/bookbot/README.md [7ms]
2024-11-12 10:28:06.122 [info] > git cat-file -s ea1e36c41fb9e71cfd39490a6dbd725ae01e5c55 [4ms]
2024-11-12 10:28:14.171 [info] > git config --get commit.template [9ms]
2024-11-12 10:28:14.175 [info] > git for-each-ref --format=%(refname)%00%(upstream:short)%00%(objectname)%00%(upstream:track)%00%(upstream:remotename)%00%(upstream:remoteref) refs/heads/main refs/remotes/main [7ms]
2024-11-12 10:28:14.182 [warning] [Git][revParse] Unable to read file: ENOENT: no such file or directory, open '/root/workspace/github.com/Johnyboi77/bookbot/.git/refs/remotes/origin/main'
2024-11-12 10:28:14.184 [info] > git rev-parse refs/remotes/origin/main [2ms]
2024-11-12 10:28:14.200 [info] > git status -z -uall [8ms]
2024-11-12 10:28:14.203 [info] > git for-each-ref --sort -committerdate --format %(refname) %(objectname) %(*objectname) [3ms]
2024-11-12 10:28:14.775 [info] > git rev-parse --show-toplevel [37ms]
2024-11-12 10:28:17.170 [info] > git show --textconv :README.md [9ms]
2024-11-12 10:28:17.173 [info] > git ls-files --stage -- /root/workspace/github.com/Johnyboi77/bookbot/README.md [5ms]
2024-11-12 10:28:17.185 [info] > git cat-file -s ea1e36c41fb9e71cfd39490a6dbd725ae01e5c55 [4ms]
2024-11-12 10:29:25.445 [info] > git rev-parse --show-toplevel [4ms]
2024-11-12 10:29:25.447 [info] > git log --format=%H%n%aN%n%aE%n%at%n%ct%n%P%n%D%n%B -z --shortstat --diff-merges=first-parent -n50 --skip=0 --topo-order --decorate=full --stdin [49ms]
2024-11-12 10:30:11.777 [info] > git add -A -- . [43ms]
2024-11-12 10:30:12.301 [info] > git show --textconv :.git/COMMIT_EDITMSG [11ms]
2024-11-12 10:30:12.307 [info] > git ls-files --stage -- /root/workspace/github.com/Johnyboi77/bookbot/.git/COMMIT_EDITMSG [10ms]
2024-11-12 10:30:12.493 [info] > git check-ignore -v -z --stdin [2ms]
2024-11-12 10:30:13.053 [info] > git ls-files --stage -- /root/workspace/github.com/Johnyboi77/bookbot/.git/COMMIT_EDITMSG [3ms]
2024-11-12 10:30:13.115 [info] > git show --textconv :.git/COMMIT_EDITMSG [5ms]
2024-11-12 10:30:37.615 [info] > git -c user.useConfigOnly=true commit --quiet [25832ms]
2024-11-12 10:30:37.615 [info] Aborting commit due to empty commit message.
2024-11-12 10:30:37.628 [info] > git config --get commit.template [2ms]
2024-11-12 10:30:37.640 [info] > git for-each-ref --format=%(refname)%00%(upstream:short)%00%(objectname)%00%(upstream:track)%00%(upstream:remotename)%00%(upstream:remoteref) refs/heads/main refs/remotes/main [4ms]
2024-11-12 10:30:37.645 [warning] [Git][revParse] Unable to read file: ENOENT: no such file or directory, open '/root/workspace/github.com/Johnyboi77/bookbot/.git/refs/remotes/origin/main'
2024-11-12 10:30:37.647 [info] > git rev-parse refs/remotes/origin/main [2ms]
2024-11-12 10:30:37.664 [info] > git status -z -uall [9ms]
2024-11-12 10:30:37.669 [info] > git for-each-ref --sort -committerdate --format %(refname) %(objectname) %(*objectname) [5ms]
2024-11-12 10:30:37.904 [info] > git show --textconv :README.md [11ms]
2024-11-12 10:30:37.905 [info] > git ls-files --stage -- /root/workspace/github.com/Johnyboi77/bookbot/README.md [3ms]
2024-11-12 10:30:37.919 [info] > git cat-file -s f2878cda15e8619261a9c7fa91a8983b886b60cc [5ms]
2024-11-12 10:30:44.580 [info] > git -c user.useConfigOnly=true commit --quiet --allow-empty-message --file - [40ms]
2024-11-12 10:30:44.587 [info] > git config --get commit.template [2ms]
2024-11-12 10:30:44.598 [info] > git config --get commit.template [3ms]
2024-11-12 10:30:44.605 [info] > git for-each-ref --format=%(refname)%00%(upstream:short)%00%(objectname)%00%(upstream:track)%00%(upstream:remotename)%00%(upstream:remoteref) refs/heads/main refs/remotes/main [1ms]
2024-11-12 10:30:44.609 [warning] [Git][revParse] Unable to read file: ENOENT: no such file or directory, open '/root/workspace/github.com/Johnyboi77/bookbot/.git/refs/remotes/origin/main'
2024-11-12 10:30:44.611 [info] > git rev-parse refs/remotes/origin/main [1ms]
2024-11-12 10:30:44.630 [info] > git status -z -uall [13ms]
2024-11-12 10:30:44.632 [info] > git for-each-ref --sort -committerdate --format %(refname) %(objectname) %(*objectname) [4ms]
2024-11-12 10:30:44.659 [info] > git merge-base refs/heads/main refs/remotes/origin/main [10ms]
2024-11-12 10:30:44.670 [info] > git diff --name-status -z --diff-filter=ADMR d039ad2cab7dd0496a4076af98f63bf17df77da7...refs/remotes/origin/main [4ms]
2024-11-12 10:30:44.702 [info] > git log --format=%H%n%aN%n%aE%n%at%n%ct%n%P%n%D%n%B -z --shortstat --diff-merges=first-parent -n50 --skip=0 --topo-order --decorate=full --stdin [3ms]
2024-11-12 10:30:44.724 [info] > git config --get commit.template [2ms]
2024-11-12 10:30:44.731 [info] > git for-each-ref --format=%(refname)%00%(upstream:short)%00%(objectname)%00%(upstream:track)%00%(upstream:remotename)%00%(upstream:remoteref) refs/heads/main refs/remotes/main [2ms]
2024-11-12 10:30:44.738 [warning] [Git][revParse] Unable to read file: ENOENT: no such file or directory, open '/root/workspace/github.com/Johnyboi77/bookbot/.git/refs/remotes/origin/main'
2024-11-12 10:30:44.739 [info] > git rev-parse refs/remotes/origin/main [1ms]
2024-11-12 10:30:44.754 [info] > git status -z -uall [9ms]
2024-11-12 10:30:44.755 [info] > git for-each-ref --sort -committerdate --format %(refname) %(objectname) %(*objectname) [4ms]
2024-11-12 10:30:45.753 [info] > git ls-files --stage -- /root/workspace/github.com/Johnyboi77/bookbot/README.md [4ms]
2024-11-12 10:30:45.761 [info] > git cat-file -s f2878cda15e8619261a9c7fa91a8983b886b60cc [2ms]
2024-11-12 10:30:45.782 [info] > git show --textconv :README.md [4ms]
2024-11-12 10:40:06.594 [info] > git config --get commit.template [24ms]
2024-11-12 10:40:06.598 [info] > git ls-files --stage -- /root/workspace/github.com/Johnyboi77/bookbot/README.md [21ms]
2024-11-12 10:40:06.606 [info] > git for-each-ref --format=%(refname)%00%(upstream:short)%00%(objectname)%00%(upstream:track)%00%(upstream:remotename)%00%(upstream:remoteref) refs/heads/main refs/remotes/main [23ms]
2024-11-12 10:40:06.627 [info] > git status -z -uall [12ms]
2024-11-12 10:40:06.628 [info] > git cat-file -s f2878cda15e8619261a9c7fa91a8983b886b60cc [23ms]
2024-11-12 10:40:06.630 [info] > git for-each-ref --sort -committerdate --format %(refname) %(objectname) %(*objectname) [7ms]
2024-11-12 10:40:06.664 [info] > git merge-base refs/heads/main refs/remotes/origin/main [16ms]
2024-11-12 10:40:06.685 [info] > git show --textconv :README.md [25ms]
2024-11-12 10:40:06.689 [info] > git diff --name-status -z --diff-filter=ADMR 1e14037463aa085aba4f3529920ffade6ee12671...refs/remotes/origin/main [15ms]
2024-11-12 10:40:06.693 [info] > git log --format=%H%n%aN%n%aE%n%at%n%ct%n%P%n%D%n%B -z --shortstat --diff-merges=first-parent -n50 --skip=0 --topo-order --decorate=full --stdin [8ms]
2024-11-12 10:40:12.752 [info] > git rev-parse --show-toplevel [4ms]
2024-11-12 10:40:15.446 [info] > git rev-parse --show-toplevel [3ms]
2024-11-12 10:41:55.568 [info] > git rev-parse --show-toplevel [23ms]
2024-11-12 10:49:51.468 [info] > git check-ignore -v -z --stdin [29ms]
2024-11-12 10:50:34.245 [info] > git config --get commit.template [12ms]
2024-11-12 10:50:34.255 [info] > git for-each-ref --format=%(refname)%00%(upstream:short)%00%(objectname)%00%(upstream:track)%00%(upstream:remotename)%00%(upstream:remoteref) refs/heads/main refs/remotes/main [13ms]
2024-11-12 10:50:34.267 [info] > git status -z -uall [6ms]
2024-11-12 10:50:34.271 [info] > git for-each-ref --sort -committerdate --format %(refname) %(objectname) %(*objectname) [5ms]
2024-11-12 10:50:36.836 [info] > git rev-parse --show-toplevel [6ms]
2024-11-12 10:51:06.506 [info] > git show --textconv :books/frankenstein.txt [7ms]
2024-11-12 10:51:06.508 [info] > git ls-files --stage -- /root/workspace/github.com/Johnyboi77/bookbot/books/frankenstein.txt [3ms]
2024-11-12 10:51:06.761 [info] > git check-ignore -v -z --stdin [3ms]
2024-11-12 10:51:07.360 [info] > git config --get commit.template [1ms]
2024-11-12 10:51:07.366 [info] > git for-each-ref --format=%(refname)%00%(upstream:short)%00%(objectname)%00%(upstream:track)%00%(upstream:remotename)%00%(upstream:remoteref) refs/heads/main refs/remotes/main [1ms]
2024-11-12 10:51:07.381 [info] > git status -z -uall [8ms]
2024-11-12 10:51:07.381 [info] > git for-each-ref --sort -committerdate --format %(refname) %(objectname) %(*objectname) [4ms]
2024-11-12 10:51:26.154 [info] > git config --get commit.template [5ms]
2024-11-12 10:51:26.166 [info] > git for-each-ref --format=%(refname)%00%(upstream:short)%00%(objectname)%00%(upstream:track)%00%(upstream:remotename)%00%(upstream:remoteref) refs/heads/main refs/remotes/main [3ms]
2024-11-12 10:51:26.188 [info] > git status -z -uall [11ms]
2024-11-12 10:51:26.191 [info] > git for-each-ref --sort -committerdate --format %(refname) %(objectname) %(*objectname) [5ms]
2024-11-12 10:51:26.702 [info] > git rev-parse --show-toplevel [5ms]
2024-11-12 10:53:17.478 [info] > git rev-parse --show-toplevel [29ms]
2024-11-12 10:53:42.337 [info] > git rev-parse --show-toplevel [3ms]
2024-11-12 10:54:02.735 [info] > git rev-parse --show-toplevel [3ms]
2024-11-12 10:54:26.743 [info] > git rev-parse --show-toplevel [2ms]
2024-11-12 10:57:20.045 [info] > git rev-parse --show-toplevel [24ms]
2024-11-12 10:57:20.114 [info] > git rev-parse --show-toplevel [2ms]
2024-11-12 10:57:22.591 [info] > git rev-parse --show-toplevel [7ms]
2024-11-12 10:57:22.604 [info] > git rev-parse --show-toplevel [3ms]
2024-11-12 11:08:18.899 [info] > git log --format=%H%n%aN%n%aE%n%at%n%ct%n%P%n%D%n%B -z --shortstat --diff-merges=first-parent -n50 --skip=0 --topo-order --decorate=full --stdin [68ms]
2024-11-12 11:08:41.599 [info] > git add -A -- . [27ms]
2024-11-12 11:08:41.644 [info] > git -c user.useConfigOnly=true commit --quiet --allow-empty-message --file - [41ms]
2024-11-12 11:08:41.652 [info] > git config --get commit.template [2ms]
2024-11-12 11:08:41.668 [info] > git config --get commit.template [9ms]
2024-11-12 11:08:41.670 [info] > git for-each-ref --format=%(refname)%00%(upstream:short)%00%(objectname)%00%(upstream:track)%00%(upstream:remotename)%00%(upstream:remoteref) refs/heads/main refs/remotes/main [4ms]
2024-11-12 11:08:41.686 [info] > git status -z -uall [8ms]
2024-11-12 11:08:41.690 [info] > git for-each-ref --sort -committerdate --format %(refname) %(objectname) %(*objectname) [4ms]
2024-11-12 11:08:41.715 [info] > git merge-base refs/heads/main refs/remotes/origin/main [9ms]
2024-11-12 11:08:41.725 [info] > git diff --name-status -z --diff-filter=ADMR 1e14037463aa085aba4f3529920ffade6ee12671...refs/remotes/origin/main [4ms]
2024-11-12 11:08:41.791 [info] > git log --format=%H%n%aN%n%aE%n%at%n%ct%n%P%n%D%n%B -z --shortstat --diff-merges=first-parent -n50 --skip=0 --topo-order --decorate=full --stdin [16ms]
2024-11-12 11:08:41.859 [info] > git config --get commit.template [40ms]
2024-11-12 11:08:41.873 [info] > git for-each-ref --format=%(refname)%00%(upstream:short)%00%(objectname)%00%(upstream:track)%00%(upstream:remotename)%00%(upstream:remoteref) refs/heads/main refs/remotes/main [7ms]
2024-11-12 11:08:41.893 [info] > git status -z -uall [7ms]
2024-11-12 11:08:41.896 [info] > git for-each-ref --sort -committerdate --format %(refname) %(objectname) %(*objectname) [5ms]
2024-11-12 11:08:55.819 [info] > git log --oneline --cherry main...main@{upstream} -- [2ms]
2024-11-12 11:08:57.407 [info] > git pull --tags origin main [1583ms]
2024-11-12 11:08:57.407 [info] From https://github.com/Johnyboi77/bookbot
 * branch            main       -> FETCH_HEAD
2024-11-12 11:09:02.307 [info] > git push origin main:main [4892ms]
2024-11-12 11:09:02.307 [info] To https://github.com/Johnyboi77/bookbot
   1e14037..f094d41  main -> main
2024-11-12 11:09:02.328 [info] > git config --get commit.template [9ms]
2024-11-12 11:09:02.332 [info] > git for-each-ref --format=%(refname)%00%(upstream:short)%00%(objectname)%00%(upstream:track)%00%(upstream:remotename)%00%(upstream:remoteref) refs/heads/main refs/remotes/main [4ms]
2024-11-12 11:09:02.350 [info] > git status -z -uall [10ms]
2024-11-12 11:09:02.352 [info] > git for-each-ref --sort -committerdate --format %(refname) %(objectname) %(*objectname) [4ms]
2024-11-12 11:09:02.377 [info] > git merge-base refs/heads/main refs/remotes/origin/main [5ms]
2024-11-12 11:09:02.393 [info] > git diff --name-status -z --diff-filter=ADMR f094d4193da2fd9cc106914e53d7992e2684b026...refs/remotes/origin/main [4ms]
2024-11-12 11:09:02.492 [info] > git log --format=%H%n%aN%n%aE%n%at%n%ct%n%P%n%D%n%B -z --shortstat --diff-merges=first-parent -n50 --skip=0 --topo-order --decorate=full --stdin [10ms]
2024-11-12 11:09:03.605 [info] > git config --get commit.template [11ms]
2024-11-12 11:09:03.607 [info] > git for-each-ref --format=%(refname)%00%(upstream:short)%00%(objectname)%00%(upstream:track)%00%(upstream:remotename)%00%(upstream:remoteref) refs/heads/main refs/remotes/main [3ms]
2024-11-12 11:09:03.623 [info] > git status -z -uall [10ms]
2024-11-12 11:09:03.623 [info] > git for-each-ref --sort -committerdate --format %(refname) %(objectname) %(*objectname) [2ms]
2024-11-12 11:22:28.887 [info] > git rev-parse --show-toplevel [23ms]
2024-11-12 11:22:30.729 [info] > git rev-parse --show-toplevel [2ms]
2024-11-12 11:30:57.566 [info] > git rev-parse --show-toplevel [28ms]
2024-11-12 11:30:59.217 [info] > git rev-parse --show-toplevel [3ms]
2024-11-12 11:35:56.624 [info] > git rev-parse --show-toplevel [25ms]
2024-11-12 11:39:28.836 [info] > git rev-parse --show-toplevel [4ms]
2024-11-12 11:39:30.199 [info] > git rev-parse --show-toplevel [2ms]
2024-11-12 11:39:40.222 [info] > git rev-parse --show-toplevel [8ms]
2024-11-12 11:40:24.771 [info] > git show --textconv :main.py [13ms]
2024-11-12 11:40:24.773 [info] > git ls-files --stage -- /root/workspace/github.com/Johnyboi77/bookbot/main.py [9ms]
2024-11-12 11:40:25.005 [info] > git check-ignore -v -z --stdin [6ms]
2024-11-12 11:40:25.516 [info] > git config --get commit.template [9ms]
2024-11-12 11:40:25.530 [info] > git for-each-ref --format=%(refname)%00%(upstream:short)%00%(objectname)%00%(upstream:track)%00%(upstream:remotename)%00%(upstream:remoteref) refs/heads/main refs/remotes/main [14ms]
2024-11-12 11:40:25.546 [info] > git status -z -uall [8ms]
2024-11-12 11:40:25.549 [info] > git for-each-ref --sort -committerdate --format %(refname) %(objectname) %(*objectname) [6ms]
2024-11-12 11:40:30.588 [info] > git config --get commit.template [11ms]
2024-11-12 11:40:30.591 [info] > git for-each-ref --format=%(refname)%00%(upstream:short)%00%(objectname)%00%(upstream:track)%00%(upstream:remotename)%00%(upstream:remoteref) refs/heads/main refs/remotes/main [5ms]
2024-11-12 11:40:30.609 [info] > git status -z -uall [11ms]
2024-11-12 11:40:30.611 [info] > git for-each-ref --sort -committerdate --format %(refname) %(objectname) %(*objectname) [3ms]
2024-11-12 11:40:50.419 [info] > git config --get commit.template [11ms]
2024-11-12 11:40:50.422 [info] > git for-each-ref --format=%(refname)%00%(upstream:short)%00%(objectname)%00%(upstream:track)%00%(upstream:remotename)%00%(upstream:remoteref) refs/heads/main refs/remotes/main [3ms]
2024-11-12 11:40:50.444 [info] > git status -z -uall [12ms]
2024-11-12 11:40:50.446 [info] > git for-each-ref --sort -committerdate --format %(refname) %(objectname) %(*objectname) [3ms]
2024-11-12 11:43:52.898 [info] > git config --get commit.template [31ms]
2024-11-12 11:43:52.906 [info] > git for-each-ref --format=%(refname)%00%(upstream:short)%00%(objectname)%00%(upstream:track)%00%(upstream:remotename)%00%(upstream:remoteref) refs/heads/main refs/remotes/main [28ms]
2024-11-12 11:43:52.919 [info] > git status -z -uall [6ms]
2024-11-12 11:43:52.925 [info] > git for-each-ref --sort -committerdate --format %(refname) %(objectname) %(*objectname) [6ms]
2024-11-12 11:46:18.637 [info] > git config --get commit.template [30ms]
2024-11-12 11:46:18.648 [info] > git for-each-ref --format=%(refname)%00%(upstream:short)%00%(objectname)%00%(upstream:track)%00%(upstream:remotename)%00%(upstream:remoteref) refs/heads/main refs/remotes/main [31ms]
2024-11-12 11:46:18.664 [info] > git status -z -uall [10ms]
2024-11-12 11:46:18.665 [info] > git for-each-ref --sort -committerdate --format %(refname) %(objectname) %(*objectname) [5ms]
2024-11-12 11:50:55.573 [info] > git config --get commit.template [23ms]
2024-11-12 11:50:55.582 [info] > git for-each-ref --format=%(refname)%00%(upstream:short)%00%(objectname)%00%(upstream:track)%00%(upstream:remotename)%00%(upstream:remoteref) refs/heads/main refs/remotes/main [24ms]
2024-11-12 11:50:55.598 [info] > git status -z -uall [7ms]
2024-11-12 11:50:55.602 [info] > git for-each-ref --sort -committerdate --format %(refname) %(objectname) %(*objectname) [5ms]
2024-11-12 11:50:59.251 [info] > git log --format=%H%n%aN%n%aE%n%at%n%ct%n%P%n%D%n%B -z --shortstat --diff-merges=first-parent -n50 --skip=0 --topo-order --decorate=full --stdin [47ms]
2024-11-12 11:51:00.627 [info] > git config --get commit.template [11ms]
2024-11-12 11:51:00.631 [info] > git for-each-ref --format=%(refname)%00%(upstream:short)%00%(objectname)%00%(upstream:track)%00%(upstream:remotename)%00%(upstream:remoteref) refs/heads/main refs/remotes/main [5ms]
2024-11-12 11:51:00.651 [info] > git status -z -uall [11ms]
2024-11-12 11:51:00.651 [info] > git for-each-ref --sort -committerdate --format %(refname) %(objectname) %(*objectname) [5ms]
2024-11-12 11:51:10.529 [info] > git add -A -- . [25ms]
2024-11-12 11:51:10.577 [info] > git -c user.useConfigOnly=true commit --quiet --allow-empty-message --file - [40ms]
2024-11-12 11:51:10.588 [info] > git config --get commit.template [3ms]
2024-11-12 11:51:10.611 [info] > git config --get commit.template [9ms]
2024-11-12 11:51:10.614 [info] > git for-each-ref --format=%(refname)%00%(upstream:short)%00%(objectname)%00%(upstream:track)%00%(upstream:remotename)%00%(upstream:remoteref) refs/heads/main refs/remotes/main [5ms]
2024-11-12 11:51:10.634 [info] > git status -z -uall [9ms]
2024-11-12 11:51:10.637 [info] > git for-each-ref --sort -committerdate --format %(refname) %(objectname) %(*objectname) [6ms]
2024-11-12 11:51:10.657 [info] > git merge-base refs/heads/main refs/remotes/origin/main [8ms]
2024-11-12 11:51:10.667 [info] > git diff --name-status -z --diff-filter=ADMR f094d4193da2fd9cc106914e53d7992e2684b026...refs/remotes/origin/main [5ms]
2024-11-12 11:51:10.712 [info] > git log --format=%H%n%aN%n%aE%n%at%n%ct%n%P%n%D%n%B -z --shortstat --diff-merges=first-parent -n50 --skip=0 --topo-order --decorate=full --stdin [10ms]
2024-11-12 11:51:10.761 [info] > git config --get commit.template [9ms]
2024-11-12 11:51:10.763 [info] > git for-each-ref --format=%(refname)%00%(upstream:short)%00%(objectname)%00%(upstream:track)%00%(upstream:remotename)%00%(upstream:remoteref) refs/heads/main refs/remotes/main [2ms]
2024-11-12 11:51:10.777 [info] > git status -z -uall [6ms]
2024-11-12 11:51:10.779 [info] > git for-each-ref --sort -committerdate --format %(refname) %(objectname) %(*objectname) [2ms]
2024-11-12 11:51:11.751 [info] > git ls-files --stage -- /root/workspace/github.com/Johnyboi77/bookbot/main.py [2ms]
2024-11-12 11:51:11.760 [info] > git cat-file -s 525a2cad63304c85202b9d352ed735921d8f93e5 [2ms]
2024-11-12 11:51:11.781 [info] > git show --textconv :main.py [2ms]
2024-11-12 11:51:16.629 [info] > git log --oneline --cherry main...main@{upstream} -- [3ms]
2024-11-12 11:51:17.649 [info] > git pull --tags origin main [1014ms]
2024-11-12 11:51:17.649 [info] From https://github.com/Johnyboi77/bookbot
 * branch            main       -> FETCH_HEAD
2024-11-12 11:51:18.820 [info] > git ls-files --stage -- /root/workspace/github.com/Johnyboi77/bookbot/main.py [2ms]
2024-11-12 11:51:18.825 [info] > git cat-file -s 525a2cad63304c85202b9d352ed735921d8f93e5 [1ms]
2024-11-12 11:51:18.840 [info] > git show --textconv :main.py [2ms]
2024-11-12 11:51:19.322 [info] > git push origin main:main [1664ms]
2024-11-12 11:51:19.322 [info] To https://github.com/Johnyboi77/bookbot
   f094d41..3588882  main -> main
2024-11-12 11:51:19.346 [info] > git config --get commit.template [10ms]
2024-11-12 11:51:19.346 [info] > git for-each-ref --format=%(refname)%00%(upstream:short)%00%(objectname)%00%(upstream:track)%00%(upstream:remotename)%00%(upstream:remoteref) refs/heads/main refs/remotes/main [3ms]
2024-11-12 11:51:19.361 [info] > git status -z -uall [7ms]
2024-11-12 11:51:19.363 [info] > git for-each-ref --sort -committerdate --format %(refname) %(objectname) %(*objectname) [4ms]
2024-11-12 11:51:19.379 [info] > git merge-base refs/heads/main refs/remotes/origin/main [3ms]
2024-11-12 11:51:19.390 [info] > git diff --name-status -z --diff-filter=ADMR 3588882ca6a85df3fae3b97f3077b1ef94da5a64...refs/remotes/origin/main [3ms]
2024-11-12 11:51:19.435 [info] > git log --format=%H%n%aN%n%aE%n%at%n%ct%n%P%n%D%n%B -z --shortstat --diff-merges=first-parent -n50 --skip=0 --topo-order --decorate=full --stdin [13ms]
2024-11-12 11:51:20.520 [info] > git config --get commit.template [8ms]
2024-11-12 11:51:20.523 [info] > git for-each-ref --format=%(refname)%00%(upstream:short)%00%(objectname)%00%(upstream:track)%00%(upstream:remotename)%00%(upstream:remoteref) refs/heads/main refs/remotes/main [3ms]
2024-11-12 11:51:20.540 [info] > git status -z -uall [9ms]
2024-11-12 11:51:20.542 [info] > git for-each-ref --sort -committerdate --format %(refname) %(objectname) %(*objectname) [3ms]
2024-11-12 11:51:20.611 [info] > git ls-files --stage -- /root/workspace/github.com/Johnyboi77/bookbot/main.py [2ms]
2024-11-12 11:51:20.616 [info] > git cat-file -s 525a2cad63304c85202b9d352ed735921d8f93e5 [1ms]
2024-11-12 11:51:20.630 [info] > git show --textconv :main.py [2ms]
2024-11-12 11:57:57.934 [info] > git config --get commit.template [34ms]
2024-11-12 11:57:57.944 [info] > git for-each-ref --format=%(refname)%00%(upstream:short)%00%(objectname)%00%(upstream:track)%00%(upstream:remotename)%00%(upstream:remoteref) refs/heads/main refs/remotes/main [36ms]
2024-11-12 11:57:57.956 [info] > git status -z -uall [7ms]
2024-11-12 11:57:57.958 [info] > git for-each-ref --sort -committerdate --format %(refname) %(objectname) %(*objectname) [4ms]
2024-11-12 11:58:02.980 [info] > git config --get commit.template [7ms]
2024-11-12 11:58:02.982 [info] > git for-each-ref --format=%(refname)%00%(upstream:short)%00%(objectname)%00%(upstream:track)%00%(upstream:remotename)%00%(upstream:remoteref) refs/heads/main refs/remotes/main [2ms]
2024-11-12 11:58:02.994 [info] > git status -z -uall [5ms]
2024-11-12 11:58:02.995 [info] > git for-each-ref --sort -committerdate --format %(refname) %(objectname) %(*objectname) [2ms]
2024-11-12 11:58:31.273 [info] > git config --get commit.template [1ms]
2024-11-12 11:58:31.281 [info] > git for-each-ref --format=%(refname)%00%(upstream:short)%00%(objectname)%00%(upstream:track)%00%(upstream:remotename)%00%(upstream:remoteref) refs/heads/main refs/remotes/main [2ms]
2024-11-12 11:58:31.293 [info] > git status -z -uall [6ms]
2024-11-12 11:58:31.295 [info] > git for-each-ref --sort -committerdate --format %(refname) %(objectname) %(*objectname) [3ms]
2024-11-12 12:01:14.779 [info] > git config --get commit.template [10ms]
2024-11-12 12:01:14.784 [info] > git for-each-ref --format=%(refname)%00%(upstream:short)%00%(objectname)%00%(upstream:track)%00%(upstream:remotename)%00%(upstream:remoteref) refs/heads/main refs/remotes/main [8ms]
2024-11-12 12:01:14.807 [info] > git status -z -uall [11ms]
2024-11-12 12:01:14.812 [info] > git for-each-ref --sort -committerdate --format %(refname) %(objectname) %(*objectname) [7ms]
2024-11-12 12:10:10.650 [info] > git config --get commit.template [3ms]
2024-11-12 12:10:10.658 [info] > git for-each-ref --format=%(refname)%00%(upstream:short)%00%(objectname)%00%(upstream:track)%00%(upstream:remotename)%00%(upstream:remoteref) refs/heads/main refs/remotes/main [2ms]
2024-11-12 12:10:10.673 [info] > git status -z -uall [9ms]
2024-11-12 12:10:10.674 [info] > git for-each-ref --sort -committerdate --format %(refname) %(objectname) %(*objectname) [3ms]
2024-11-12 12:11:07.263 [info] > git config --get commit.template [12ms]
2024-11-12 12:11:07.264 [info] > git for-each-ref --format=%(refname)%00%(upstream:short)%00%(objectname)%00%(upstream:track)%00%(upstream:remotename)%00%(upstream:remoteref) refs/heads/main refs/remotes/main [4ms]
2024-11-12 12:11:07.276 [info] > git status -z -uall [6ms]
2024-11-12 12:11:07.279 [info] > git for-each-ref --sort -committerdate --format %(refname) %(objectname) %(*objectname) [5ms]
2024-11-12 12:11:12.301 [info] > git config --get commit.template [9ms]
2024-11-12 12:11:12.303 [info] > git for-each-ref --format=%(refname)%00%(upstream:short)%00%(objectname)%00%(upstream:track)%00%(upstream:remotename)%00%(upstream:remoteref) refs/heads/main refs/remotes/main [4ms]
2024-11-12 12:11:12.319 [info] > git status -z -uall [8ms]
2024-11-12 12:11:12.321 [info] > git for-each-ref --sort -committerdate --format %(refname) %(objectname) %(*objectname) [2ms]
2024-11-12 12:14:16.776 [info] > git config --get commit.template [9ms]
2024-11-12 12:14:16.777 [info] > git for-each-ref --format=%(refname)%00%(upstream:short)%00%(objectname)%00%(upstream:track)%00%(upstream:remotename)%00%(upstream:remoteref) refs/heads/main refs/remotes/main [3ms]
2024-11-12 12:14:16.793 [info] > git status -z -uall [8ms]
2024-11-12 12:14:16.794 [info] > git for-each-ref --sort -committerdate --format %(refname) %(objectname) %(*objectname) [3ms]
2024-11-12 12:16:40.798 [info] > git config --get commit.template [7ms]
2024-11-12 12:16:40.799 [info] > git for-each-ref --format=%(refname)%00%(upstream:short)%00%(objectname)%00%(upstream:track)%00%(upstream:remotename)%00%(upstream:remoteref) refs/heads/main refs/remotes/main [2ms]
2024-11-12 12:16:40.814 [info] > git status -z -uall [9ms]
2024-11-12 12:16:40.816 [info] > git for-each-ref --sort -committerdate --format %(refname) %(objectname) %(*objectname) [3ms]
2024-11-12 12:17:57.970 [info] > git config --get commit.template [8ms]
2024-11-12 12:17:57.972 [info] > git for-each-ref --format=%(refname)%00%(upstream:short)%00%(objectname)%00%(upstream:track)%00%(upstream:remotename)%00%(upstream:remoteref) refs/heads/main refs/remotes/main [3ms]
2024-11-12 12:17:57.985 [info] > git status -z -uall [7ms]
2024-11-12 12:17:57.989 [info] > git for-each-ref --sort -committerdate --format %(refname) %(objectname) %(*objectname) [5ms]
2024-11-12 12:18:03.006 [info] > git config --get commit.template [3ms]
2024-11-12 12:18:03.015 [info] > git for-each-ref --format=%(refname)%00%(upstream:short)%00%(objectname)%00%(upstream:track)%00%(upstream:remotename)%00%(upstream:remoteref) refs/heads/main refs/remotes/main [2ms]
2024-11-12 12:18:03.029 [info] > git status -z -uall [6ms]
2024-11-12 12:18:03.032 [info] > git for-each-ref --sort -committerdate --format %(refname) %(objectname) %(*objectname) [3ms]
2024-11-12 12:18:13.973 [info] > git add -A -- . [24ms]
2024-11-12 12:18:14.014 [info] > git -c user.useConfigOnly=true commit --quiet --allow-empty-message --file - [36ms]
2024-11-12 12:18:14.021 [info] > git config --get commit.template [2ms]
2024-11-12 12:18:14.040 [info] > git config --get commit.template [9ms]
2024-11-12 12:18:14.105 [info] > git for-each-ref --format=%(refname)%00%(upstream:short)%00%(objectname)%00%(upstream:track)%00%(upstream:remotename)%00%(upstream:remoteref) refs/heads/main refs/remotes/main [68ms]
2024-11-12 12:18:14.119 [info] > git status -z -uall [6ms]
2024-11-12 12:18:14.124 [info] > git for-each-ref --sort -committerdate --format %(refname) %(objectname) %(*objectname) [5ms]
2024-11-12 12:18:14.139 [info] > git merge-base refs/heads/main refs/remotes/origin/main [5ms]
2024-11-12 12:18:14.149 [info] > git diff --name-status -z --diff-filter=ADMR 3588882ca6a85df3fae3b97f3077b1ef94da5a64...refs/remotes/origin/main [3ms]
2024-11-12 12:18:14.209 [info] > git log --format=%H%n%aN%n%aE%n%at%n%ct%n%P%n%D%n%B -z --shortstat --diff-merges=first-parent -n50 --skip=0 --topo-order --decorate=full --stdin [29ms]
2024-11-12 12:18:14.211 [info] > git config --get commit.template [3ms]
2024-11-12 12:18:14.218 [info] > git for-each-ref --format=%(refname)%00%(upstream:short)%00%(objectname)%00%(upstream:track)%00%(upstream:remotename)%00%(upstream:remoteref) refs/heads/main refs/remotes/main [2ms]
2024-11-12 12:18:14.234 [info] > git status -z -uall [8ms]
2024-11-12 12:18:14.244 [info] > git for-each-ref --sort -committerdate --format %(refname) %(objectname) %(*objectname) [13ms]
2024-11-12 12:18:15.228 [info] > git ls-files --stage -- /root/workspace/github.com/Johnyboi77/bookbot/main.py [3ms]
2024-11-12 12:18:15.239 [info] > git cat-file -s b3a05975e5b6a4b672a3e0a58bcecda8aba5915c [2ms]
2024-11-12 12:18:15.256 [info] > git show --textconv :main.py [3ms]
2024-11-12 12:18:17.026 [info] > git log --oneline --cherry main...main@{upstream} -- [3ms]
2024-11-12 12:18:17.774 [info] > git pull --tags origin main [739ms]
2024-11-12 12:18:17.774 [info] From https://github.com/Johnyboi77/bookbot
 * branch            main       -> FETCH_HEAD
2024-11-12 12:18:18.953 [info] > git ls-files --stage -- /root/workspace/github.com/Johnyboi77/bookbot/main.py [3ms]
2024-11-12 12:18:18.970 [info] > git cat-file -s b3a05975e5b6a4b672a3e0a58bcecda8aba5915c [2ms]
2024-11-12 12:18:19.049 [info] > git show --textconv :main.py [8ms]
2024-11-12 12:18:19.347 [info] > git push origin main:main [1567ms]
2024-11-12 12:18:19.347 [info] To https://github.com/Johnyboi77/bookbot
   3588882..2e6fa52  main -> main
2024-11-12 12:18:19.368 [info] > git config --get commit.template [9ms]
2024-11-12 12:18:19.370 [info] > git for-each-ref --format=%(refname)%00%(upstream:short)%00%(objectname)%00%(upstream:track)%00%(upstream:remotename)%00%(upstream:remoteref) refs/heads/main refs/remotes/main [2ms]
2024-11-12 12:18:19.384 [info] > git status -z -uall [7ms]
2024-11-12 12:18:19.385 [info] > git for-each-ref --sort -committerdate --format %(refname) %(objectname) %(*objectname) [4ms]
2024-11-12 12:18:19.399 [info] > git merge-base refs/heads/main refs/remotes/origin/main [3ms]
2024-11-12 12:18:19.407 [info] > git diff --name-status -z --diff-filter=ADMR 2e6fa52cfe344fd515f4b5864cf394aec6a68557...refs/remotes/origin/main [2ms]
2024-11-12 12:18:19.443 [info] > git log --format=%H%n%aN%n%aE%n%at%n%ct%n%P%n%D%n%B -z --shortstat --diff-merges=first-parent -n50 --skip=0 --topo-order --decorate=full --stdin [14ms]
2024-11-12 12:18:20.545 [info] > git config --get commit.template [8ms]
2024-11-12 12:18:20.547 [info] > git for-each-ref --format=%(refname)%00%(upstream:short)%00%(objectname)%00%(upstream:track)%00%(upstream:remotename)%00%(upstream:remoteref) refs/heads/main refs/remotes/main [4ms]
2024-11-12 12:18:20.563 [info] > git status -z -uall [8ms]
2024-11-12 12:18:20.564 [info] > git for-each-ref --sort -committerdate --format %(refname) %(objectname) %(*objectname) [5ms]
2024-11-12 12:18:20.643 [info] > git ls-files --stage -- /root/workspace/github.com/Johnyboi77/bookbot/main.py [2ms]
2024-11-12 12:18:20.651 [info] > git cat-file -s b3a05975e5b6a4b672a3e0a58bcecda8aba5915c [2ms]
2024-11-12 12:18:20.666 [info] > git show --textconv :main.py [2ms]
2024-11-12 12:20:39.804 [info] > git config --get commit.template [8ms]
2024-11-12 12:20:39.806 [info] > git for-each-ref --format=%(refname)%00%(upstream:short)%00%(objectname)%00%(upstream:track)%00%(upstream:remotename)%00%(upstream:remoteref) refs/heads/main refs/remotes/main [2ms]
2024-11-12 12:20:39.820 [info] > git status -z -uall [7ms]
2024-11-12 12:20:39.823 [info] > git for-each-ref --sort -committerdate --format %(refname) %(objectname) %(*objectname) [4ms]
2024-11-12 12:21:08.899 [info] > git show --textconv :main.py [4ms]
2024-11-12 12:21:08.902 [info] > git ls-files --stage -- /root/workspace/github.com/Johnyboi77/bookbot/main.py [3ms]
2024-11-12 12:21:08.912 [info] > git cat-file -s b3a05975e5b6a4b672a3e0a58bcecda8aba5915c [3ms]
2024-11-12 12:21:13.452 [info] > git show --textconv :main.py [11ms]
2024-11-12 12:21:13.455 [info] > git ls-files --stage -- /root/workspace/github.com/Johnyboi77/bookbot/main.py [5ms]
2024-11-12 12:21:13.468 [info] > git cat-file -s b3a05975e5b6a4b672a3e0a58bcecda8aba5915c [3ms]
2024-11-12 12:21:21.846 [info] > git show --textconv :main.py [7ms]
2024-11-12 12:21:21.847 [info] > git ls-files --stage -- /root/workspace/github.com/Johnyboi77/bookbot/main.py [2ms]
2024-11-12 12:21:21.855 [info] > git cat-file -s b3a05975e5b6a4b672a3e0a58bcecda8aba5915c [4ms]
2024-11-12 12:21:27.684 [info] > git show --textconv :main.py [6ms]
2024-11-12 12:21:27.685 [info] > git ls-files --stage -- /root/workspace/github.com/Johnyboi77/bookbot/main.py [2ms]
2024-11-12 12:21:27.692 [info] > git cat-file -s b3a05975e5b6a4b672a3e0a58bcecda8aba5915c [2ms]
2024-11-12 12:21:30.442 [info] > git show --textconv :main.py [7ms]
2024-11-12 12:21:30.444 [info] > git ls-files --stage -- /root/workspace/github.com/Johnyboi77/bookbot/main.py [2ms]
2024-11-12 12:21:30.450 [info] > git cat-file -s b3a05975e5b6a4b672a3e0a58bcecda8aba5915c [2ms]
2024-11-12 12:21:33.829 [info] > git show --textconv :main.py [5ms]
2024-11-12 12:21:33.830 [info] > git ls-files --stage -- /root/workspace/github.com/Johnyboi77/bookbot/main.py [2ms]
2024-11-12 12:21:33.840 [info] > git cat-file -s b3a05975e5b6a4b672a3e0a58bcecda8aba5915c [5ms]
2024-11-12 12:21:44.287 [info] > git show --textconv :main.py [8ms]
2024-11-12 12:21:44.290 [info] > git ls-files --stage -- /root/workspace/github.com/Johnyboi77/bookbot/main.py [5ms]
2024-11-12 12:21:44.299 [info] > git cat-file -s b3a05975e5b6a4b672a3e0a58bcecda8aba5915c [1ms]
2024-11-12 12:21:46.656 [info] > git show --textconv :main.py [8ms]
2024-11-12 12:21:46.658 [info] > git ls-files --stage -- /root/workspace/github.com/Johnyboi77/bookbot/main.py [3ms]
2024-11-12 12:21:46.666 [info] > git cat-file -s b3a05975e5b6a4b672a3e0a58bcecda8aba5915c [2ms]
2024-11-12 12:21:51.369 [info] > git show --textconv :main.py [6ms]
2024-11-12 12:21:51.372 [info] > git ls-files --stage -- /root/workspace/github.com/Johnyboi77/bookbot/main.py [2ms]
2024-11-12 12:21:51.380 [info] > git cat-file -s b3a05975e5b6a4b672a3e0a58bcecda8aba5915c [2ms]
2024-11-12 12:21:59.320 [info] > git show --textconv :main.py [9ms]
2024-11-12 12:21:59.328 [info] > git ls-files --stage -- /root/workspace/github.com/Johnyboi77/bookbot/main.py [10ms]
2024-11-12 12:21:59.337 [info] > git cat-file -s b3a05975e5b6a4b672a3e0a58bcecda8aba5915c [1ms]
2024-11-12 12:22:02.280 [info] > git show --textconv :main.py [8ms]
2024-11-12 12:22:02.284 [info] > git ls-files --stage -- /root/workspace/github.com/Johnyboi77/bookbot/main.py [5ms]
2024-11-12 12:22:02.292 [info] > git cat-file -s b3a05975e5b6a4b672a3e0a58bcecda8aba5915c [3ms]
2024-11-12 12:22:04.872 [info] > git show --textconv :main.py [7ms]
2024-11-12 12:22:04.874 [info] > git ls-files --stage -- /root/workspace/github.com/Johnyboi77/bookbot/main.py [3ms]
2024-11-12 12:22:04.882 [info] > git cat-file -s b3a05975e5b6a4b672a3e0a58bcecda8aba5915c [3ms]
2024-11-12 12:22:07.374 [info] > git show --textconv :main.py [6ms]
2024-11-12 12:22:07.376 [info] > git ls-files --stage -- /root/workspace/github.com/Johnyboi77/bookbot/main.py [3ms]
2024-11-12 12:22:07.383 [info] > git cat-file -s b3a05975e5b6a4b672a3e0a58bcecda8aba5915c [2ms]
2024-11-12 12:22:14.300 [info] > git show --textconv :main.py [8ms]
2024-11-12 12:22:14.303 [info] > git ls-files --stage -- /root/workspace/github.com/Johnyboi77/bookbot/main.py [3ms]
2024-11-12 12:22:14.310 [info] > git cat-file -s b3a05975e5b6a4b672a3e0a58bcecda8aba5915c [3ms]
2024-11-12 12:22:22.968 [info] > git show --textconv :main.py [6ms]
2024-11-12 12:22:22.975 [info] > git ls-files --stage -- /root/workspace/github.com/Johnyboi77/bookbot/main.py [8ms]
2024-11-12 12:22:22.981 [info] > git cat-file -s b3a05975e5b6a4b672a3e0a58bcecda8aba5915c [2ms]
2024-11-12 12:22:28.097 [info] > git show --textconv :main.py [7ms]
2024-11-12 12:22:28.099 [info] > git ls-files --stage -- /root/workspace/github.com/Johnyboi77/bookbot/main.py [4ms]
2024-11-12 12:22:28.107 [info] > git cat-file -s b3a05975e5b6a4b672a3e0a58bcecda8aba5915c [3ms]
2024-11-12 12:22:41.536 [info] > git show --textconv :main.py [16ms]
2024-11-12 12:22:41.538 [info] > git ls-files --stage -- /root/workspace/github.com/Johnyboi77/bookbot/main.py [7ms]
2024-11-12 12:22:41.552 [info] > git cat-file -s b3a05975e5b6a4b672a3e0a58bcecda8aba5915c [3ms]
2024-11-12 12:22:44.795 [info] > git config --get commit.template [8ms]
2024-11-12 12:22:44.799 [info] > git for-each-ref --format=%(refname)%00%(upstream:short)%00%(objectname)%00%(upstream:track)%00%(upstream:remotename)%00%(upstream:remoteref) refs/heads/main refs/remotes/main [3ms]
2024-11-12 12:22:44.823 [info] > git status -z -uall [16ms]
2024-11-12 12:22:44.832 [info] > git for-each-ref --sort -committerdate --format %(refname) %(objectname) %(*objectname) [10ms]
2024-11-12 12:39:42.426 [info] > git config --get commit.template [20ms]
2024-11-12 12:39:42.438 [info] > git for-each-ref --format=%(refname)%00%(upstream:short)%00%(objectname)%00%(upstream:track)%00%(upstream:remotename)%00%(upstream:remoteref) refs/heads/main refs/remotes/main [26ms]
2024-11-12 12:39:42.450 [info] > git status -z -uall [7ms]
2024-11-12 12:39:42.454 [info] > git for-each-ref --sort -committerdate --format %(refname) %(objectname) %(*objectname) [6ms]
2024-11-12 12:40:02.319 [info] > git config --get commit.template [11ms]
2024-11-12 12:40:02.322 [info] > git for-each-ref --format=%(refname)%00%(upstream:short)%00%(objectname)%00%(upstream:track)%00%(upstream:remotename)%00%(upstream:remoteref) refs/heads/main refs/remotes/main [4ms]
2024-11-12 12:40:02.338 [info] > git status -z -uall [10ms]
2024-11-12 12:40:02.342 [info] > git for-each-ref --sort -committerdate --format %(refname) %(objectname) %(*objectname) [6ms]
2024-11-12 12:40:55.259 [info] > git config --get commit.template [23ms]
2024-11-12 12:40:55.269 [info] > git for-each-ref --format=%(refname)%00%(upstream:short)%00%(objectname)%00%(upstream:track)%00%(upstream:remotename)%00%(upstream:remoteref) refs/heads/main refs/remotes/main [27ms]
2024-11-12 12:40:55.283 [info] > git status -z -uall [8ms]
2024-11-12 12:40:55.287 [info] > git for-each-ref --sort -committerdate --format %(refname) %(objectname) %(*objectname) [6ms]
2024-11-12 12:42:12.601 [info] > git config --get commit.template [9ms]
2024-11-12 12:42:12.602 [info] > git for-each-ref --format=%(refname)%00%(upstream:short)%00%(objectname)%00%(upstream:track)%00%(upstream:remotename)%00%(upstream:remoteref) refs/heads/main refs/remotes/main [3ms]
2024-11-12 12:42:12.614 [info] > git status -z -uall [6ms]
2024-11-12 12:42:12.616 [info] > git for-each-ref --sort -committerdate --format %(refname) %(objectname) %(*objectname) [3ms]
2024-11-12 12:44:02.017 [info] > git ls-files --stage -- /root/workspace/github.com/Johnyboi77/bookbot/main.py [16ms]
2024-11-12 12:44:02.027 [info] > git show --textconv :main.py [30ms]
2024-11-12 12:44:02.029 [info] > git cat-file -s b3a05975e5b6a4b672a3e0a58bcecda8aba5915c [4ms]
2024-11-12 12:45:27.968 [info] > git config --get commit.template [3ms]
2024-11-12 12:45:27.977 [info] > git for-each-ref --format=%(refname)%00%(upstream:short)%00%(objectname)%00%(upstream:track)%00%(upstream:remotename)%00%(upstream:remoteref) refs/heads/main refs/remotes/main [2ms]
2024-11-12 12:45:27.990 [info] > git status -z -uall [6ms]
2024-11-12 12:45:27.993 [info] > git for-each-ref --sort -committerdate --format %(refname) %(objectname) %(*objectname) [4ms]
2024-11-12 12:47:28.332 [info] > git config --get commit.template [26ms]
2024-11-12 12:47:28.340 [info] > git for-each-ref --format=%(refname)%00%(upstream:short)%00%(objectname)%00%(upstream:track)%00%(upstream:remotename)%00%(upstream:remoteref) refs/heads/main refs/remotes/main [27ms]
2024-11-12 12:47:28.354 [info] > git status -z -uall [8ms]
2024-11-12 12:47:28.356 [info] > git for-each-ref --sort -committerdate --format %(refname) %(objectname) %(*objectname) [4ms]
2024-11-12 12:48:27.959 [info] > git config --get commit.template [23ms]
2024-11-12 12:48:27.967 [info] > git for-each-ref --format=%(refname)%00%(upstream:short)%00%(objectname)%00%(upstream:track)%00%(upstream:remotename)%00%(upstream:remoteref) refs/heads/main refs/remotes/main [22ms]
2024-11-12 12:48:27.983 [info] > git status -z -uall [9ms]
2024-11-12 12:48:27.986 [info] > git for-each-ref --sort -committerdate --format %(refname) %(objectname) %(*objectname) [6ms]
2024-11-12 12:49:03.831 [info] > git config --get commit.template [11ms]
2024-11-12 12:49:03.832 [info] > git for-each-ref --format=%(refname)%00%(upstream:short)%00%(objectname)%00%(upstream:track)%00%(upstream:remotename)%00%(upstream:remoteref) refs/heads/main refs/remotes/main [3ms]
2024-11-12 12:49:03.848 [info] > git status -z -uall [8ms]
2024-11-12 12:49:03.850 [info] > git for-each-ref --sort -committerdate --format %(refname) %(objectname) %(*objectname) [3ms]
2024-11-12 12:49:04.455 [info] > git log --format=%H%n%aN%n%aE%n%at%n%ct%n%P%n%D%n%B -z --shortstat --diff-merges=first-parent -n50 --skip=0 --topo-order --decorate=full --stdin [54ms]
2024-11-12 12:49:16.226 [info] > git add -A -- . [26ms]
2024-11-12 12:49:16.267 [info] > git -c user.useConfigOnly=true commit --quiet --allow-empty-message --file - [36ms]
2024-11-12 12:49:16.277 [info] > git config --get commit.template [1ms]
2024-11-12 12:49:16.298 [info] > git config --get commit.template [11ms]
2024-11-12 12:49:16.300 [info] > git for-each-ref --format=%(refname)%00%(upstream:short)%00%(objectname)%00%(upstream:track)%00%(upstream:remotename)%00%(upstream:remoteref) refs/heads/main refs/remotes/main [4ms]
2024-11-12 12:49:16.319 [info] > git status -z -uall [10ms]
2024-11-12 12:49:16.320 [info] > git for-each-ref --sort -committerdate --format %(refname) %(objectname) %(*objectname) [6ms]
2024-11-12 12:49:16.340 [info] > git merge-base refs/heads/main refs/remotes/origin/main [8ms]
2024-11-12 12:49:16.350 [info] > git diff --name-status -z --diff-filter=ADMR 2e6fa52cfe344fd515f4b5864cf394aec6a68557...refs/remotes/origin/main [4ms]
2024-11-12 12:49:16.395 [info] > git log --format=%H%n%aN%n%aE%n%at%n%ct%n%P%n%D%n%B -z --shortstat --diff-merges=first-parent -n50 --skip=0 --topo-order --decorate=full --stdin [15ms]
2024-11-12 12:49:16.509 [info] > git config --get commit.template [11ms]
2024-11-12 12:49:16.512 [info] > git for-each-ref --format=%(refname)%00%(upstream:short)%00%(objectname)%00%(upstream:track)%00%(upstream:remotename)%00%(upstream:remoteref) refs/heads/main refs/remotes/main [6ms]
2024-11-12 12:49:16.529 [info] > git status -z -uall [7ms]
2024-11-12 12:49:16.530 [info] > git for-each-ref --sort -committerdate --format %(refname) %(objectname) %(*objectname) [4ms]
2024-11-12 12:49:17.436 [info] > git ls-files --stage -- /root/workspace/github.com/Johnyboi77/bookbot/main.py [3ms]
2024-11-12 12:49:17.442 [info] > git cat-file -s 2508aa310b453c299b5042aa708bd34b2771b509 [2ms]
2024-11-12 12:49:17.457 [info] > git show --textconv :main.py [2ms]
2024-11-12 12:49:19.230 [info] > git log --oneline --cherry main...main@{upstream} -- [2ms]
2024-11-12 12:49:19.991 [info] > git pull --tags origin main [755ms]
2024-11-12 12:49:19.991 [info] From https://github.com/Johnyboi77/bookbot
 * branch            main       -> FETCH_HEAD
2024-11-12 12:49:21.183 [info] > git ls-files --stage -- /root/workspace/github.com/Johnyboi77/bookbot/main.py [3ms]
2024-11-12 12:49:21.190 [info] > git cat-file -s 2508aa310b453c299b5042aa708bd34b2771b509 [1ms]
2024-11-12 12:49:21.205 [info] > git show --textconv :main.py [1ms]
2024-11-12 12:49:21.759 [info] > git push origin main:main [1764ms]
2024-11-12 12:49:21.759 [info] To https://github.com/Johnyboi77/bookbot
   2e6fa52..f4b5b6c  main -> main
2024-11-12 12:49:21.778 [info] > git config --get commit.template [6ms]
2024-11-12 12:49:21.779 [info] > git for-each-ref --format=%(refname)%00%(upstream:short)%00%(objectname)%00%(upstream:track)%00%(upstream:remotename)%00%(upstream:remoteref) refs/heads/main refs/remotes/main [2ms]
2024-11-12 12:49:21.795 [info] > git status -z -uall [8ms]
2024-11-12 12:49:21.796 [info] > git for-each-ref --sort -committerdate --format %(refname) %(objectname) %(*objectname) [4ms]
2024-11-12 12:49:21.812 [info] > git merge-base refs/heads/main refs/remotes/origin/main [2ms]
2024-11-12 12:49:21.824 [info] > git diff --name-status -z --diff-filter=ADMR f4b5b6c5b93f9ab7b837af504a0eba922af5df8b...refs/remotes/origin/main [3ms]
2024-11-12 12:49:21.855 [info] > git log --format=%H%n%aN%n%aE%n%at%n%ct%n%P%n%D%n%B -z --shortstat --diff-merges=first-parent -n50 --skip=0 --topo-order --decorate=full --stdin [11ms]
2024-11-12 12:49:22.964 [info] > git config --get commit.template [12ms]
2024-11-12 12:49:22.968 [info] > git for-each-ref --format=%(refname)%00%(upstream:short)%00%(objectname)%00%(upstream:track)%00%(upstream:remotename)%00%(upstream:remoteref) refs/heads/main refs/remotes/main [5ms]
2024-11-12 12:49:22.990 [info] > git status -z -uall [7ms]
2024-11-12 12:49:22.992 [info] > git for-each-ref --sort -committerdate --format %(refname) %(objectname) %(*objectname) [2ms]
2024-11-12 12:49:23.061 [info] > git ls-files --stage -- /root/workspace/github.com/Johnyboi77/bookbot/main.py [3ms]
2024-11-12 12:49:23.070 [info] > git cat-file -s 2508aa310b453c299b5042aa708bd34b2771b509 [2ms]
2024-11-12 12:49:23.085 [info] > git show --textconv :main.py [4ms]
