2024-11-21 15:48:34.513 [info] Experiment 'pythonRecommendTensorboardExt' is active
2024-11-21 15:48:34.513 [info] Experiment 'pythonTerminalEnvVarActivation' is active
2024-11-21 15:48:34.513 [info] Experiment 'pythonTestAdapter' is active
2024-11-21 15:48:34.513 [info] Native locator: Refresh started
2024-11-21 15:48:34.513 [info] Native locator: Refresh started
2024-11-21 15:48:34.548 [info] > pyenv which python
2024-11-21 15:48:34.548 [info] cwd: .
2024-11-21 15:48:35.002 [info] Python interpreter path: ./venv/bin/python
2024-11-21 15:48:37.113 [info] Starting Pylance language server.
2024-11-21 15:48:37.137 [info] > /bin/python3 ~/.vscode-server/extensions/ms-python.python-2024.20.0-linux-x64/python_files/printEnvVariables.py
2024-11-21 15:48:37.137 [info] shell: bash
2024-11-21 15:48:37.221 [info] Prepending environment variable PATH in collection with /root/.vscode-server/extensions/ms-python.python-2024.20.0-linux-x64/python_files/deactivate/bash:/root/workspace/venv/bin: {"applyAtShellIntegration":true,"applyAtProcessCreation":true}
2024-11-21 15:48:37.221 [info] Prepending environment variable PS1 in collection with (venv)  {"applyAtShellIntegration":true,"applyAtProcessCreation":false}
2024-11-21 15:48:37.223 [info] Send text to terminal: /bin/python3 /root/.vscode-server/extensions/ms-python.python-2024.20.0-linux-x64/python_files/printEnvVariablesToFile.py /root/.vscode-server/extensions/ms-python.python-2024.20.0-linux-x64/python_files/deactivate/bash/envVars.txt
2024-11-21 15:48:41.619 [info] Native locator: Refresh finished in 8876 ms
2024-11-21 15:56:32.607 [info] Running installed packages checker:  {
  id: '/root/workspace/venv/bin/python',
  sysPrefix: '/root/workspace/venv',
  envType: 'Venv',
  envName: 'venv',
  envPath: '/root/workspace/venv/bin/python',
  path: '/root/workspace/venv/bin/python',
  architecture: 3,
  sysVersion: '',
  version: {
    raw: '3.12.3',
    major: 3,
    minor: 12,
    patch: 3,
    build: [],
    prerelease: []
  },
  displayName: "Python 3.12.3 ('venv')",
  detailedDisplayName: "Python 3.12.3 ('venv')",
  type: 'Virtual'
} /root/.vscode-server/extensions/ms-python.python-2024.20.0-linux-x64/python_files/installed_check.py /root/workspace/github.com/Johnyboi77/Asteroids/requirements.txt
2024-11-21 15:56:32.607 [info] > ./venv/bin/python ~/.vscode-server/extensions/ms-python.python-2024.20.0-linux-x64/python_files/installed_check.py ./github.com/Johnyboi77/Asteroids/requirements.txt
2024-11-21 15:57:37.395 [info] Discover tests for workspace name: workspace - uri: /root/workspace/github.com/Johnyboi77/Asteroids/player.py
2024-11-21 15:57:43.563 [info] Discover tests for workspace name: workspace - uri: /root/workspace/github.com/Johnyboi77/Asteroids/player.py
2024-11-21 16:07:52.906 [info] Discover tests for workspace name: workspace - uri: /root/workspace/github.com/Johnyboi77/Asteroids/player.py
2024-11-21 16:08:25.322 [info] Discover tests for workspace name: workspace - uri: /root/workspace/github.com/Johnyboi77/Asteroids/player.py
2024-11-21 16:09:08.070 [info] Discover tests for workspace name: workspace - uri: /root/workspace/github.com/Johnyboi77/Asteroids/player.py
2024-11-21 16:15:16.109 [info] Discover tests for workspace name: workspace - uri: /root/workspace/github.com/Johnyboi77/Asteroids/player.py
2024-11-21 16:15:55.694 [info] Discover tests for workspace name: workspace - uri: /root/workspace/github.com/Johnyboi77/Asteroids/player.py
2024-11-21 16:16:55.403 [info] Discover tests for workspace name: workspace - uri: /root/workspace/github.com/Johnyboi77/Asteroids/main.py
