2024-11-22 08:46:24.401 [info] Extension host with pid 624 started
2024-11-22 08:46:24.439 [info] Lock '/root/.vscode-server/data/User/workspaceStorage/12378d868cd1f73fdeb55096921fa0c7/vscode.lock': Lock acquired.
2024-11-22 08:46:24.594 [info] ExtensionService#_doActivateExtension vscode.emmet, startup: false, activationEvent: 'onLanguage'
2024-11-22 08:46:25.522 [info] ExtensionService#_doActivateExtension vscode.git-base, startup: true, activationEvent: '*', root cause: vscode.git
2024-11-22 08:46:25.541 [info] ExtensionService#_doActivateExtension vscode.configuration-editing, startup: false, activationEvent: 'onLanguage:jsonc'
2024-11-22 08:46:25.542 [info] ExtensionService#_doActivateExtension vscode.json-language-features, startup: false, activationEvent: 'onLanguage:jsonc'
2024-11-22 08:46:25.543 [info] ExtensionService#_doActivateExtension vscode.typescript-language-features, startup: false, activationEvent: 'onLanguage:jsonc'
2024-11-22 08:46:26.164 [info] ExtensionService#_doActivateExtension vscode.git, startup: true, activationEvent: '*'
2024-11-22 08:46:26.165 [info] ExtensionService#_doActivateExtension vscode.github, startup: true, activationEvent: '*'
2024-11-22 08:46:29.113 [info] Eager extensions activated
2024-11-22 08:46:29.116 [info] ExtensionService#_doActivateExtension vscode.debug-auto-launch, startup: false, activationEvent: 'onStartupFinished'
2024-11-22 08:46:29.121 [info] ExtensionService#_doActivateExtension vscode.merge-conflict, startup: false, activationEvent: 'onStartupFinished'
2024-11-22 08:47:03.568 [warning] [Decorations] CAPPING events from decorations provider vscode.git 1051
2024-11-22 08:47:35.275 [warning] [Decorations] CAPPING events from decorations provider vscode.git 8364
2024-11-22 08:47:40.773 [warning] [Decorations] CAPPING events from decorations provider vscode.git 7341
2024-11-22 08:47:46.122 [warning] [Decorations] CAPPING events from decorations provider vscode.git 7341
2024-11-22 08:47:52.113 [warning] [Decorations] CAPPING events from decorations provider vscode.git 7341
2024-11-22 08:47:57.743 [warning] [Decorations] CAPPING events from decorations provider vscode.git 7341
2024-11-22 08:48:03.311 [warning] [Decorations] CAPPING events from decorations provider vscode.git 7341
2024-11-22 08:48:09.145 [warning] [Decorations] CAPPING events from decorations provider vscode.git 7341
2024-11-22 08:48:14.655 [warning] [Decorations] CAPPING events from decorations provider vscode.git 7341
2024-11-22 08:48:20.208 [warning] [Decorations] CAPPING events from decorations provider vscode.git 7341
2024-11-22 08:48:25.641 [warning] [Decorations] CAPPING events from decorations provider vscode.git 7341
2024-11-22 08:48:31.007 [warning] [Decorations] CAPPING events from decorations provider vscode.git 7341
2024-11-22 08:48:36.434 [warning] [Decorations] CAPPING events from decorations provider vscode.git 7341
2024-11-22 08:48:41.821 [warning] [Decorations] CAPPING events from decorations provider vscode.git 7341
2024-11-22 08:48:47.149 [warning] [Decorations] CAPPING events from decorations provider vscode.git 7341
2024-11-22 08:48:52.638 [warning] [Decorations] CAPPING events from decorations provider vscode.git 7341
2024-11-22 08:48:58.050 [warning] [Decorations] CAPPING events from decorations provider vscode.git 7341
2024-11-22 08:49:03.340 [warning] [Decorations] CAPPING events from decorations provider vscode.git 7341
2024-11-22 08:49:08.715 [warning] [Decorations] CAPPING events from decorations provider vscode.git 7341
2024-11-22 08:49:14.032 [warning] [Decorations] CAPPING events from decorations provider vscode.git 7341
2024-11-22 08:49:19.357 [warning] [Decorations] CAPPING events from decorations provider vscode.git 7341
2024-11-22 08:49:24.724 [warning] [Decorations] CAPPING events from decorations provider vscode.git 7341
2024-11-22 08:49:30.064 [warning] [Decorations] CAPPING events from decorations provider vscode.git 7341
2024-11-22 08:49:35.443 [warning] [Decorations] CAPPING events from decorations provider vscode.git 7341
2024-11-22 08:49:40.813 [warning] [Decorations] CAPPING events from decorations provider vscode.git 7341
2024-11-22 08:49:46.164 [warning] [Decorations] CAPPING events from decorations provider vscode.git 7341
2024-11-22 08:49:51.549 [warning] [Decorations] CAPPING events from decorations provider vscode.git 7341
2024-11-22 08:49:56.891 [warning] [Decorations] CAPPING events from decorations provider vscode.git 7341
2024-11-22 08:50:02.263 [warning] [Decorations] CAPPING events from decorations provider vscode.git 7341
2024-11-22 08:50:07.651 [warning] [Decorations] CAPPING events from decorations provider vscode.git 7341
2024-11-22 08:50:13.048 [warning] [Decorations] CAPPING events from decorations provider vscode.git 7341
2024-11-22 08:50:18.550 [warning] [Decorations] CAPPING events from decorations provider vscode.git 7341
2024-11-22 08:50:23.912 [warning] [Decorations] CAPPING events from decorations provider vscode.git 7341
2024-11-22 08:50:29.302 [warning] [Decorations] CAPPING events from decorations provider vscode.git 7341
2024-11-22 08:50:34.654 [warning] [Decorations] CAPPING events from decorations provider vscode.git 7341
2024-11-22 08:50:40.039 [warning] [Decorations] CAPPING events from decorations provider vscode.git 7341
2024-11-22 08:50:45.463 [warning] [Decorations] CAPPING events from decorations provider vscode.git 7341
2024-11-22 08:50:50.818 [warning] [Decorations] CAPPING events from decorations provider vscode.git 7341
2024-11-22 08:50:56.213 [warning] [Decorations] CAPPING events from decorations provider vscode.git 7341
2024-11-22 08:51:01.551 [warning] [Decorations] CAPPING events from decorations provider vscode.git 7341
2024-11-22 08:51:06.866 [warning] [Decorations] CAPPING events from decorations provider vscode.git 7341
2024-11-22 08:51:12.177 [warning] [Decorations] CAPPING events from decorations provider vscode.git 7341
2024-11-22 08:51:17.550 [warning] [Decorations] CAPPING events from decorations provider vscode.git 7341
2024-11-22 08:51:22.981 [warning] [Decorations] CAPPING events from decorations provider vscode.git 7341
2024-11-22 08:51:28.285 [warning] [Decorations] CAPPING events from decorations provider vscode.git 7341
2024-11-22 08:51:33.627 [warning] [Decorations] CAPPING events from decorations provider vscode.git 7341
2024-11-22 08:51:39.008 [warning] [Decorations] CAPPING events from decorations provider vscode.git 7341
2024-11-22 08:51:44.342 [warning] [Decorations] CAPPING events from decorations provider vscode.git 7341
2024-11-22 08:51:49.638 [warning] [Decorations] CAPPING events from decorations provider vscode.git 7341
2024-11-22 08:51:54.961 [warning] [Decorations] CAPPING events from decorations provider vscode.git 7341
2024-11-22 08:52:00.398 [warning] [Decorations] CAPPING events from decorations provider vscode.git 7341
2024-11-22 08:52:05.766 [warning] [Decorations] CAPPING events from decorations provider vscode.git 7341
2024-11-22 08:52:11.152 [warning] [Decorations] CAPPING events from decorations provider vscode.git 7341
2024-11-22 08:52:16.518 [warning] [Decorations] CAPPING events from decorations provider vscode.git 7341
2024-11-22 08:52:21.879 [warning] [Decorations] CAPPING events from decorations provider vscode.git 7341
2024-11-22 08:52:27.225 [warning] [Decorations] CAPPING events from decorations provider vscode.git 7341
2024-11-22 08:52:32.554 [warning] [Decorations] CAPPING events from decorations provider vscode.git 7341
2024-11-22 08:52:37.944 [warning] [Decorations] CAPPING events from decorations provider vscode.git 7341
2024-11-22 08:52:43.264 [warning] [Decorations] CAPPING events from decorations provider vscode.git 7341
2024-11-22 08:52:48.588 [warning] [Decorations] CAPPING events from decorations provider vscode.git 7341
2024-11-22 08:52:53.943 [warning] [Decorations] CAPPING events from decorations provider vscode.git 7341
2024-11-22 08:53:00.152 [warning] [Decorations] CAPPING events from decorations provider vscode.git 7341
2024-11-22 08:53:05.525 [warning] [Decorations] CAPPING events from decorations provider vscode.git 7341
2024-11-22 08:53:10.879 [warning] [Decorations] CAPPING events from decorations provider vscode.git 7341
2024-11-22 08:53:16.223 [warning] [Decorations] CAPPING events from decorations provider vscode.git 7341
2024-11-22 08:53:21.582 [warning] [Decorations] CAPPING events from decorations provider vscode.git 7341
2024-11-22 08:53:26.958 [warning] [Decorations] CAPPING events from decorations provider vscode.git 7341
2024-11-22 08:53:32.272 [warning] [Decorations] CAPPING events from decorations provider vscode.git 7341
2024-11-22 08:53:37.620 [warning] [Decorations] CAPPING events from decorations provider vscode.git 7341
2024-11-22 08:53:44.475 [warning] [Decorations] CAPPING events from decorations provider vscode.git 7341
2024-11-22 08:53:50.022 [warning] [Decorations] CAPPING events from decorations provider vscode.git 7341
2024-11-22 08:53:55.418 [warning] [Decorations] CAPPING events from decorations provider vscode.git 7341
2024-11-22 08:54:00.887 [warning] [Decorations] CAPPING events from decorations provider vscode.git 7341
2024-11-22 08:54:06.198 [warning] [Decorations] CAPPING events from decorations provider vscode.git 7341
2024-11-22 08:54:11.580 [warning] [Decorations] CAPPING events from decorations provider vscode.git 7341
2024-11-22 08:54:16.957 [warning] [Decorations] CAPPING events from decorations provider vscode.git 7341
2024-11-22 08:54:22.384 [warning] [Decorations] CAPPING events from decorations provider vscode.git 7341
2024-11-22 08:54:27.719 [warning] [Decorations] CAPPING events from decorations provider vscode.git 7341
2024-11-22 08:54:33.195 [warning] [Decorations] CAPPING events from decorations provider vscode.git 7341
2024-11-22 08:54:38.503 [warning] [Decorations] CAPPING events from decorations provider vscode.git 7341
2024-11-22 08:54:43.855 [warning] [Decorations] CAPPING events from decorations provider vscode.git 7341
2024-11-22 08:54:49.250 [warning] [Decorations] CAPPING events from decorations provider vscode.git 7341
2024-11-22 08:54:54.581 [warning] [Decorations] CAPPING events from decorations provider vscode.git 7341
2024-11-22 08:54:59.931 [warning] [Decorations] CAPPING events from decorations provider vscode.git 7341
2024-11-22 08:55:05.314 [warning] [Decorations] CAPPING events from decorations provider vscode.git 7341
2024-11-22 08:55:10.660 [warning] [Decorations] CAPPING events from decorations provider vscode.git 7341
2024-11-22 08:55:16.117 [warning] [Decorations] CAPPING events from decorations provider vscode.git 7341
2024-11-22 08:55:21.421 [warning] [Decorations] CAPPING events from decorations provider vscode.git 7341
2024-11-22 08:55:26.813 [warning] [Decorations] CAPPING events from decorations provider vscode.git 7341
2024-11-22 08:55:32.157 [warning] [Decorations] CAPPING events from decorations provider vscode.git 7341
2024-11-22 08:55:33.421 [info] ExtensionService#_doActivateExtension ms-python.python, startup: false, activationEvent: 'onLanguage:python', root cause: ms-python.debugpy
2024-11-22 08:55:34.241 [info] ExtensionService#_doActivateExtension ms-python.debugpy, startup: false, activationEvent: 'onLanguage:python'
2024-11-22 08:55:34.242 [info] ExtensionService#_doActivateExtension ms-python.vscode-pylance, startup: false, activationEvent: 'onLanguage:python'
2024-11-22 08:55:37.827 [warning] [Decorations] CAPPING events from decorations provider vscode.git 7347
2024-11-22 08:55:44.372 [warning] [Decorations] CAPPING events from decorations provider vscode.git 7347
2024-11-22 08:55:49.724 [warning] [Decorations] CAPPING events from decorations provider vscode.git 7347
2024-11-22 08:55:55.048 [warning] [Decorations] CAPPING events from decorations provider vscode.git 7347
2024-11-22 08:56:00.433 [warning] [Decorations] CAPPING events from decorations provider vscode.git 7347
2024-11-22 08:56:05.785 [warning] [Decorations] CAPPING events from decorations provider vscode.git 7347
2024-11-22 08:56:11.137 [warning] [Decorations] CAPPING events from decorations provider vscode.git 7347
2024-11-22 08:56:16.539 [warning] [Decorations] CAPPING events from decorations provider vscode.git 7347
2024-11-22 08:56:21.918 [warning] [Decorations] CAPPING events from decorations provider vscode.git 7347
2024-11-22 08:56:27.308 [warning] [Decorations] CAPPING events from decorations provider vscode.git 7347
2024-11-22 08:56:32.628 [warning] [Decorations] CAPPING events from decorations provider vscode.git 7347
2024-11-22 08:56:37.955 [warning] [Decorations] CAPPING events from decorations provider vscode.git 7347
2024-11-22 08:56:43.274 [warning] [Decorations] CAPPING events from decorations provider vscode.git 7347
2024-11-22 08:56:48.605 [warning] [Decorations] CAPPING events from decorations provider vscode.git 7347
2024-11-22 08:56:53.932 [warning] [Decorations] CAPPING events from decorations provider vscode.git 7347
2024-11-22 08:56:59.240 [warning] [Decorations] CAPPING events from decorations provider vscode.git 7347
2024-11-22 08:57:04.557 [warning] [Decorations] CAPPING events from decorations provider vscode.git 7347
2024-11-22 08:57:09.857 [warning] [Decorations] CAPPING events from decorations provider vscode.git 7347
2024-11-22 08:57:15.191 [warning] [Decorations] CAPPING events from decorations provider vscode.git 7347
2024-11-22 08:57:20.561 [warning] [Decorations] CAPPING events from decorations provider vscode.git 7347
2024-11-22 08:57:25.880 [warning] [Decorations] CAPPING events from decorations provider vscode.git 7347
2024-11-22 08:57:31.229 [warning] [Decorations] CAPPING events from decorations provider vscode.git 7347
2024-11-22 08:57:36.609 [warning] [Decorations] CAPPING events from decorations provider vscode.git 7347
2024-11-22 08:57:41.953 [warning] [Decorations] CAPPING events from decorations provider vscode.git 7347
2024-11-22 08:57:47.253 [warning] [Decorations] CAPPING events from decorations provider vscode.git 7347
2024-11-22 08:57:52.611 [warning] [Decorations] CAPPING events from decorations provider vscode.git 7347
2024-11-22 08:57:57.960 [warning] [Decorations] CAPPING events from decorations provider vscode.git 7347
2024-11-22 08:58:03.232 [warning] [Decorations] CAPPING events from decorations provider vscode.git 7347
2024-11-22 08:58:08.622 [warning] [Decorations] CAPPING events from decorations provider vscode.git 7347
2024-11-22 08:58:13.982 [warning] [Decorations] CAPPING events from decorations provider vscode.git 7347
2024-11-22 08:58:19.334 [warning] [Decorations] CAPPING events from decorations provider vscode.git 7347
2024-11-22 08:58:24.654 [warning] [Decorations] CAPPING events from decorations provider vscode.git 7347
2024-11-22 08:58:29.963 [warning] [Decorations] CAPPING events from decorations provider vscode.git 7347
2024-11-22 08:58:35.359 [warning] [Decorations] CAPPING events from decorations provider vscode.git 7347
2024-11-22 08:58:40.739 [warning] [Decorations] CAPPING events from decorations provider vscode.git 7347
2024-11-22 08:58:46.213 [warning] [Decorations] CAPPING events from decorations provider vscode.git 7347
2024-11-22 08:58:51.570 [warning] [Decorations] CAPPING events from decorations provider vscode.git 7347
2024-11-22 08:58:56.892 [warning] [Decorations] CAPPING events from decorations provider vscode.git 7347
2024-11-22 08:59:02.228 [warning] [Decorations] CAPPING events from decorations provider vscode.git 7347
2024-11-22 08:59:07.618 [warning] [Decorations] CAPPING events from decorations provider vscode.git 7347
2024-11-22 08:59:12.891 [warning] [Decorations] CAPPING events from decorations provider vscode.git 7347
2024-11-22 08:59:18.183 [warning] [Decorations] CAPPING events from decorations provider vscode.git 7347
2024-11-22 08:59:23.525 [warning] [Decorations] CAPPING events from decorations provider vscode.git 7347
2024-11-22 08:59:28.885 [warning] [Decorations] CAPPING events from decorations provider vscode.git 7347
2024-11-22 08:59:34.291 [warning] [Decorations] CAPPING events from decorations provider vscode.git 7347
2024-11-22 08:59:39.599 [warning] [Decorations] CAPPING events from decorations provider vscode.git 7347
2024-11-22 08:59:44.944 [warning] [Decorations] CAPPING events from decorations provider vscode.git 7347
2024-11-22 08:59:50.275 [warning] [Decorations] CAPPING events from decorations provider vscode.git 7347
2024-11-22 08:59:55.642 [warning] [Decorations] CAPPING events from decorations provider vscode.git 7347
2024-11-22 09:00:00.965 [warning] [Decorations] CAPPING events from decorations provider vscode.git 7347
2024-11-22 09:00:06.337 [warning] [Decorations] CAPPING events from decorations provider vscode.git 7347
2024-11-22 09:00:11.698 [warning] [Decorations] CAPPING events from decorations provider vscode.git 7347
2024-11-22 09:00:17.024 [warning] [Decorations] CAPPING events from decorations provider vscode.git 7347
2024-11-22 09:00:22.437 [warning] [Decorations] CAPPING events from decorations provider vscode.git 7347
2024-11-22 09:00:27.832 [warning] [Decorations] CAPPING events from decorations provider vscode.git 7347
2024-11-22 09:00:33.242 [warning] [Decorations] CAPPING events from decorations provider vscode.git 7347
2024-11-22 09:00:38.559 [warning] [Decorations] CAPPING events from decorations provider vscode.git 7347
2024-11-22 09:00:43.888 [warning] [Decorations] CAPPING events from decorations provider vscode.git 7347
2024-11-22 09:00:49.313 [warning] [Decorations] CAPPING events from decorations provider vscode.git 7347
2024-11-22 09:00:54.723 [warning] [Decorations] CAPPING events from decorations provider vscode.git 7347
2024-11-22 09:01:00.065 [warning] [Decorations] CAPPING events from decorations provider vscode.git 7347
2024-11-22 09:01:05.446 [warning] [Decorations] CAPPING events from decorations provider vscode.git 7347
2024-11-22 09:01:10.770 [warning] [Decorations] CAPPING events from decorations provider vscode.git 7347
2024-11-22 09:01:16.106 [warning] [Decorations] CAPPING events from decorations provider vscode.git 7347
2024-11-22 09:01:21.481 [warning] [Decorations] CAPPING events from decorations provider vscode.git 7347
2024-11-22 09:01:26.835 [warning] [Decorations] CAPPING events from decorations provider vscode.git 7347
2024-11-22 09:01:32.160 [warning] [Decorations] CAPPING events from decorations provider vscode.git 7347
2024-11-22 09:01:37.648 [warning] [Decorations] CAPPING events from decorations provider vscode.git 7347
2024-11-22 09:01:43.064 [warning] [Decorations] CAPPING events from decorations provider vscode.git 7347
2024-11-22 09:01:48.517 [warning] [Decorations] CAPPING events from decorations provider vscode.git 7347
2024-11-22 09:01:53.874 [warning] [Decorations] CAPPING events from decorations provider vscode.git 7347
2024-11-22 09:01:59.263 [warning] [Decorations] CAPPING events from decorations provider vscode.git 7347
2024-11-22 09:02:04.656 [warning] [Decorations] CAPPING events from decorations provider vscode.git 7347
2024-11-22 09:02:09.979 [warning] [Decorations] CAPPING events from decorations provider vscode.git 7347
2024-11-22 09:02:15.308 [warning] [Decorations] CAPPING events from decorations provider vscode.git 7347
2024-11-22 09:02:20.668 [warning] [Decorations] CAPPING events from decorations provider vscode.git 7347
2024-11-22 09:02:25.969 [warning] [Decorations] CAPPING events from decorations provider vscode.git 7347
2024-11-22 09:02:31.285 [warning] [Decorations] CAPPING events from decorations provider vscode.git 7347
2024-11-22 09:02:36.666 [warning] [Decorations] CAPPING events from decorations provider vscode.git 7347
2024-11-22 09:02:42.030 [warning] [Decorations] CAPPING events from decorations provider vscode.git 7347
2024-11-22 09:02:47.408 [warning] [Decorations] CAPPING events from decorations provider vscode.git 7347
2024-11-22 09:02:52.732 [warning] [Decorations] CAPPING events from decorations provider vscode.git 7347
2024-11-22 09:02:58.113 [warning] [Decorations] CAPPING events from decorations provider vscode.git 7347
2024-11-22 09:03:03.556 [warning] [Decorations] CAPPING events from decorations provider vscode.git 7347
2024-11-22 09:03:08.946 [warning] [Decorations] CAPPING events from decorations provider vscode.git 7347
2024-11-22 09:03:14.287 [warning] [Decorations] CAPPING events from decorations provider vscode.git 7347
2024-11-22 09:03:19.677 [warning] [Decorations] CAPPING events from decorations provider vscode.git 7347
2024-11-22 09:03:25.049 [warning] [Decorations] CAPPING events from decorations provider vscode.git 7347
2024-11-22 09:03:30.401 [warning] [Decorations] CAPPING events from decorations provider vscode.git 7347
2024-11-22 09:03:35.741 [warning] [Decorations] CAPPING events from decorations provider vscode.git 7347
2024-11-22 09:03:41.115 [warning] [Decorations] CAPPING events from decorations provider vscode.git 7347
2024-11-22 09:03:46.476 [warning] [Decorations] CAPPING events from decorations provider vscode.git 7347
2024-11-22 09:03:51.806 [warning] [Decorations] CAPPING events from decorations provider vscode.git 7347
2024-11-22 09:03:57.348 [warning] [Decorations] CAPPING events from decorations provider vscode.git 7347
2024-11-22 09:04:02.708 [warning] [Decorations] CAPPING events from decorations provider vscode.git 7347
2024-11-22 09:04:08.118 [warning] [Decorations] CAPPING events from decorations provider vscode.git 7347
2024-11-22 09:04:13.500 [warning] [Decorations] CAPPING events from decorations provider vscode.git 7347
2024-11-22 09:04:18.919 [warning] [Decorations] CAPPING events from decorations provider vscode.git 7347
2024-11-22 09:04:24.296 [warning] [Decorations] CAPPING events from decorations provider vscode.git 7347
2024-11-22 09:04:29.656 [warning] [Decorations] CAPPING events from decorations provider vscode.git 7347
2024-11-22 09:04:35.084 [warning] [Decorations] CAPPING events from decorations provider vscode.git 7347
2024-11-22 09:04:40.458 [warning] [Decorations] CAPPING events from decorations provider vscode.git 7347
2024-11-22 09:04:45.859 [warning] [Decorations] CAPPING events from decorations provider vscode.git 7347
2024-11-22 09:04:51.219 [warning] [Decorations] CAPPING events from decorations provider vscode.git 7347
2024-11-22 09:04:56.575 [warning] [Decorations] CAPPING events from decorations provider vscode.git 7347
2024-11-22 09:05:01.950 [warning] [Decorations] CAPPING events from decorations provider vscode.git 7347
2024-11-22 09:05:07.311 [warning] [Decorations] CAPPING events from decorations provider vscode.git 7347
2024-11-22 09:05:12.757 [warning] [Decorations] CAPPING events from decorations provider vscode.git 7347
2024-11-22 09:05:18.124 [warning] [Decorations] CAPPING events from decorations provider vscode.git 7347
2024-11-22 09:05:23.508 [warning] [Decorations] CAPPING events from decorations provider vscode.git 7347
2024-11-22 09:05:28.843 [warning] [Decorations] CAPPING events from decorations provider vscode.git 7347
2024-11-22 09:05:34.230 [warning] [Decorations] CAPPING events from decorations provider vscode.git 7347
2024-11-22 09:05:39.768 [warning] [Decorations] CAPPING events from decorations provider vscode.git 7347
2024-11-22 09:05:45.207 [warning] [Decorations] CAPPING events from decorations provider vscode.git 7347
2024-11-22 09:05:50.550 [warning] [Decorations] CAPPING events from decorations provider vscode.git 7347
2024-11-22 09:05:55.966 [warning] [Decorations] CAPPING events from decorations provider vscode.git 7347
2024-11-22 09:06:01.319 [warning] [Decorations] CAPPING events from decorations provider vscode.git 7347
2024-11-22 09:06:06.683 [warning] [Decorations] CAPPING events from decorations provider vscode.git 7347
2024-11-22 09:06:12.020 [warning] [Decorations] CAPPING events from decorations provider vscode.git 7347
2024-11-22 09:06:17.392 [warning] [Decorations] CAPPING events from decorations provider vscode.git 7347
2024-11-22 09:06:22.767 [warning] [Decorations] CAPPING events from decorations provider vscode.git 7347
2024-11-22 09:06:28.104 [warning] [Decorations] CAPPING events from decorations provider vscode.git 7347
2024-11-22 09:06:33.409 [warning] [Decorations] CAPPING events from decorations provider vscode.git 7347
2024-11-22 09:06:38.743 [warning] [Decorations] CAPPING events from decorations provider vscode.git 7347
2024-11-22 09:06:44.135 [warning] [Decorations] CAPPING events from decorations provider vscode.git 7347
2024-11-22 09:06:49.527 [warning] [Decorations] CAPPING events from decorations provider vscode.git 7347
2024-11-22 09:06:55.097 [warning] [Decorations] CAPPING events from decorations provider vscode.git 7347
2024-11-22 09:07:00.504 [warning] [Decorations] CAPPING events from decorations provider vscode.git 7347
2024-11-22 09:07:05.831 [warning] [Decorations] CAPPING events from decorations provider vscode.git 7347
2024-11-22 09:07:11.205 [warning] [Decorations] CAPPING events from decorations provider vscode.git 7347
2024-11-22 09:07:16.523 [warning] [Decorations] CAPPING events from decorations provider vscode.git 7347
2024-11-22 09:07:21.905 [warning] [Decorations] CAPPING events from decorations provider vscode.git 7347
2024-11-22 09:07:27.215 [warning] [Decorations] CAPPING events from decorations provider vscode.git 7347
2024-11-22 09:07:32.601 [warning] [Decorations] CAPPING events from decorations provider vscode.git 7347
2024-11-22 09:07:37.978 [warning] [Decorations] CAPPING events from decorations provider vscode.git 7347
2024-11-22 09:07:43.397 [warning] [Decorations] CAPPING events from decorations provider vscode.git 7347
2024-11-22 09:07:48.736 [warning] [Decorations] CAPPING events from decorations provider vscode.git 7347
2024-11-22 09:07:54.151 [warning] [Decorations] CAPPING events from decorations provider vscode.git 7347
2024-11-22 09:07:59.521 [warning] [Decorations] CAPPING events from decorations provider vscode.git 7347
2024-11-22 09:08:04.880 [warning] [Decorations] CAPPING events from decorations provider vscode.git 7347
2024-11-22 09:08:10.236 [warning] [Decorations] CAPPING events from decorations provider vscode.git 7347
2024-11-22 09:08:15.628 [warning] [Decorations] CAPPING events from decorations provider vscode.git 7347
2024-11-22 09:08:21.016 [warning] [Decorations] CAPPING events from decorations provider vscode.git 7347
2024-11-22 09:08:26.421 [warning] [Decorations] CAPPING events from decorations provider vscode.git 7347
2024-11-22 09:08:31.917 [warning] [Decorations] CAPPING events from decorations provider vscode.git 7347
2024-11-22 09:08:37.256 [warning] [Decorations] CAPPING events from decorations provider vscode.git 7347
2024-11-22 09:08:42.650 [warning] [Decorations] CAPPING events from decorations provider vscode.git 7347
2024-11-22 09:08:48.016 [warning] [Decorations] CAPPING events from decorations provider vscode.git 7347
2024-11-22 09:08:53.343 [warning] [Decorations] CAPPING events from decorations provider vscode.git 7347
2024-11-22 09:08:58.768 [warning] [Decorations] CAPPING events from decorations provider vscode.git 7347
2024-11-22 09:09:04.119 [warning] [Decorations] CAPPING events from decorations provider vscode.git 7347
2024-11-22 09:09:09.562 [warning] [Decorations] CAPPING events from decorations provider vscode.git 7347
2024-11-22 09:09:15.029 [warning] [Decorations] CAPPING events from decorations provider vscode.git 7347
2024-11-22 09:09:20.497 [warning] [Decorations] CAPPING events from decorations provider vscode.git 7347
2024-11-22 09:09:25.909 [warning] [Decorations] CAPPING events from decorations provider vscode.git 7347
2024-11-22 09:09:31.289 [warning] [Decorations] CAPPING events from decorations provider vscode.git 7347
2024-11-22 09:09:36.682 [warning] [Decorations] CAPPING events from decorations provider vscode.git 7347
2024-11-22 09:09:42.070 [warning] [Decorations] CAPPING events from decorations provider vscode.git 7347
2024-11-22 09:09:47.465 [warning] [Decorations] CAPPING events from decorations provider vscode.git 7347
2024-11-22 09:09:52.848 [warning] [Decorations] CAPPING events from decorations provider vscode.git 7347
2024-11-22 09:09:58.241 [warning] [Decorations] CAPPING events from decorations provider vscode.git 7347
2024-11-22 09:10:03.618 [warning] [Decorations] CAPPING events from decorations provider vscode.git 7347
2024-11-22 09:10:08.944 [warning] [Decorations] CAPPING events from decorations provider vscode.git 7347
2024-11-22 09:10:14.278 [warning] [Decorations] CAPPING events from decorations provider vscode.git 7347
2024-11-22 09:10:19.647 [warning] [Decorations] CAPPING events from decorations provider vscode.git 7347
2024-11-22 09:10:25.032 [warning] [Decorations] CAPPING events from decorations provider vscode.git 7347
2024-11-22 09:10:30.399 [warning] [Decorations] CAPPING events from decorations provider vscode.git 7347
2024-11-22 09:10:35.763 [warning] [Decorations] CAPPING events from decorations provider vscode.git 7347
2024-11-22 09:10:41.113 [warning] [Decorations] CAPPING events from decorations provider vscode.git 7347
2024-11-22 09:10:46.451 [warning] [Decorations] CAPPING events from decorations provider vscode.git 7347
2024-11-22 09:10:51.773 [warning] [Decorations] CAPPING events from decorations provider vscode.git 7347
2024-11-22 09:10:57.132 [warning] [Decorations] CAPPING events from decorations provider vscode.git 7347
2024-11-22 09:11:02.470 [warning] [Decorations] CAPPING events from decorations provider vscode.git 7347
2024-11-22 09:11:07.859 [warning] [Decorations] CAPPING events from decorations provider vscode.git 7347
2024-11-22 09:11:13.161 [warning] [Decorations] CAPPING events from decorations provider vscode.git 7347
2024-11-22 09:11:18.448 [warning] [Decorations] CAPPING events from decorations provider vscode.git 7347
2024-11-22 09:11:23.887 [warning] [Decorations] CAPPING events from decorations provider vscode.git 7347
2024-11-22 09:11:29.331 [warning] [Decorations] CAPPING events from decorations provider vscode.git 7347
2024-11-22 09:11:34.728 [warning] [Decorations] CAPPING events from decorations provider vscode.git 7347
2024-11-22 09:11:40.092 [warning] [Decorations] CAPPING events from decorations provider vscode.git 7347
2024-11-22 09:11:45.425 [warning] [Decorations] CAPPING events from decorations provider vscode.git 7347
2024-11-22 09:11:50.761 [warning] [Decorations] CAPPING events from decorations provider vscode.git 7347
2024-11-22 09:11:56.114 [warning] [Decorations] CAPPING events from decorations provider vscode.git 7347
2024-11-22 09:12:01.446 [warning] [Decorations] CAPPING events from decorations provider vscode.git 7347
2024-11-22 09:12:06.843 [warning] [Decorations] CAPPING events from decorations provider vscode.git 7347
2024-11-22 09:12:12.210 [warning] [Decorations] CAPPING events from decorations provider vscode.git 7347
2024-11-22 09:12:17.568 [warning] [Decorations] CAPPING events from decorations provider vscode.git 7347
2024-11-22 09:12:22.936 [warning] [Decorations] CAPPING events from decorations provider vscode.git 7347
2024-11-22 09:12:28.235 [warning] [Decorations] CAPPING events from decorations provider vscode.git 7347
2024-11-22 09:12:33.605 [warning] [Decorations] CAPPING events from decorations provider vscode.git 7347
2024-11-22 09:12:38.959 [warning] [Decorations] CAPPING events from decorations provider vscode.git 7347
2024-11-22 09:12:44.275 [warning] [Decorations] CAPPING events from decorations provider vscode.git 7347
2024-11-22 09:12:49.635 [warning] [Decorations] CAPPING events from decorations provider vscode.git 7347
2024-11-22 09:12:54.925 [warning] [Decorations] CAPPING events from decorations provider vscode.git 7347
2024-11-22 09:13:00.314 [warning] [Decorations] CAPPING events from decorations provider vscode.git 7347
2024-11-22 09:13:05.698 [warning] [Decorations] CAPPING events from decorations provider vscode.git 7347
2024-11-22 09:13:11.078 [warning] [Decorations] CAPPING events from decorations provider vscode.git 7347
2024-11-22 09:13:16.464 [warning] [Decorations] CAPPING events from decorations provider vscode.git 7347
2024-11-22 09:13:21.858 [warning] [Decorations] CAPPING events from decorations provider vscode.git 7347
2024-11-22 09:13:27.171 [warning] [Decorations] CAPPING events from decorations provider vscode.git 7347
2024-11-22 09:13:32.500 [warning] [Decorations] CAPPING events from decorations provider vscode.git 7347
2024-11-22 09:13:37.835 [warning] [Decorations] CAPPING events from decorations provider vscode.git 7347
2024-11-22 09:13:43.217 [warning] [Decorations] CAPPING events from decorations provider vscode.git 7347
2024-11-22 09:13:48.633 [warning] [Decorations] CAPPING events from decorations provider vscode.git 7347
2024-11-22 09:13:54.031 [warning] [Decorations] CAPPING events from decorations provider vscode.git 7347
2024-11-22 09:13:59.382 [warning] [Decorations] CAPPING events from decorations provider vscode.git 7347
2024-11-22 09:14:04.772 [warning] [Decorations] CAPPING events from decorations provider vscode.git 7347
2024-11-22 09:14:10.078 [warning] [Decorations] CAPPING events from decorations provider vscode.git 7347
2024-11-22 09:14:15.465 [warning] [Decorations] CAPPING events from decorations provider vscode.git 7347
2024-11-22 09:14:20.787 [warning] [Decorations] CAPPING events from decorations provider vscode.git 7347
2024-11-22 09:14:26.144 [warning] [Decorations] CAPPING events from decorations provider vscode.git 7347
2024-11-22 09:14:31.546 [warning] [Decorations] CAPPING events from decorations provider vscode.git 7347
2024-11-22 09:14:36.852 [warning] [Decorations] CAPPING events from decorations provider vscode.git 7347
2024-11-22 09:14:42.252 [warning] [Decorations] CAPPING events from decorations provider vscode.git 7347
2024-11-22 09:14:47.649 [warning] [Decorations] CAPPING events from decorations provider vscode.git 7347
2024-11-22 09:14:52.999 [warning] [Decorations] CAPPING events from decorations provider vscode.git 7347
2024-11-22 09:20:09.971 [warning] [Decorations] CAPPING events from decorations provider vscode.git 7347
2024-11-22 09:20:46.726 [warning] [Decorations] CAPPING events from decorations provider vscode.git 7347
2024-11-22 09:20:52.268 [warning] [Decorations] CAPPING events from decorations provider vscode.git 7347
2024-11-22 09:20:58.608 [warning] [Decorations] CAPPING events from decorations provider vscode.git 7348
2024-11-22 09:21:04.369 [warning] [Decorations] CAPPING events from decorations provider vscode.git 7348
2024-11-22 09:21:10.241 [warning] [Decorations] CAPPING events from decorations provider vscode.git 7348
2024-11-22 09:21:15.827 [warning] [Decorations] CAPPING events from decorations provider vscode.git 7348
2024-11-22 09:21:21.498 [warning] [Decorations] CAPPING events from decorations provider vscode.git 7348
2024-11-22 09:21:32.458 [warning] [Decorations] CAPPING events from decorations provider vscode.git 7348
2024-11-22 09:21:38.562 [warning] [Decorations] CAPPING events from decorations provider vscode.git 7348
2024-11-22 09:21:46.477 [warning] [Decorations] CAPPING events from decorations provider vscode.git 7348
2024-11-22 09:21:52.021 [warning] [Decorations] CAPPING events from decorations provider vscode.git 7348
2024-11-22 09:21:57.516 [warning] [Decorations] CAPPING events from decorations provider vscode.git 7348
2024-11-22 09:22:02.910 [warning] [Decorations] CAPPING events from decorations provider vscode.git 7348
2024-11-22 09:22:08.305 [warning] [Decorations] CAPPING events from decorations provider vscode.git 7348
2024-11-22 09:22:13.690 [warning] [Decorations] CAPPING events from decorations provider vscode.git 7348
2024-11-22 09:22:19.083 [warning] [Decorations] CAPPING events from decorations provider vscode.git 7348
2024-11-22 09:22:24.468 [warning] [Decorations] CAPPING events from decorations provider vscode.git 7348
2024-11-22 09:22:30.035 [warning] [Decorations] CAPPING events from decorations provider vscode.git 7348
2024-11-22 09:22:38.102 [warning] [Decorations] CAPPING events from decorations provider vscode.git 7348
2024-11-22 09:22:45.884 [warning] [Decorations] CAPPING events from decorations provider vscode.git 7348
2024-11-22 09:22:58.476 [warning] [Decorations] CAPPING events from decorations provider vscode.git 7348
2024-11-22 09:24:47.021 [warning] [Decorations] CAPPING events from decorations provider vscode.git 7348
2024-11-22 09:24:53.020 [warning] [Decorations] CAPPING events from decorations provider vscode.git 7348
2024-11-22 09:26:35.593 [warning] [Decorations] CAPPING events from decorations provider vscode.git 7348
2024-11-22 09:26:40.922 [warning] [Decorations] CAPPING events from decorations provider vscode.git 7348
2024-11-22 09:26:46.151 [warning] [Decorations] CAPPING events from decorations provider vscode.git 7348
2024-11-22 09:26:51.404 [warning] [Decorations] CAPPING events from decorations provider vscode.git 7348
2024-11-22 09:26:56.645 [warning] [Decorations] CAPPING events from decorations provider vscode.git 7348
2024-11-22 09:27:01.918 [warning] [Decorations] CAPPING events from decorations provider vscode.git 7348
2024-11-22 09:27:07.133 [warning] [Decorations] CAPPING events from decorations provider vscode.git 7348
2024-11-22 09:27:12.374 [warning] [Decorations] CAPPING events from decorations provider vscode.git 7348
2024-11-22 09:27:17.615 [warning] [Decorations] CAPPING events from decorations provider vscode.git 7348
2024-11-22 09:27:22.866 [warning] [Decorations] CAPPING events from decorations provider vscode.git 7348
2024-11-22 09:27:28.141 [warning] [Decorations] CAPPING events from decorations provider vscode.git 7348
2024-11-22 09:27:33.356 [warning] [Decorations] CAPPING events from decorations provider vscode.git 7348
2024-11-22 09:27:38.613 [warning] [Decorations] CAPPING events from decorations provider vscode.git 7348
2024-11-22 09:27:43.852 [warning] [Decorations] CAPPING events from decorations provider vscode.git 7348
2024-11-22 09:27:49.088 [warning] [Decorations] CAPPING events from decorations provider vscode.git 7348
2024-11-22 09:27:54.291 [warning] [Decorations] CAPPING events from decorations provider vscode.git 7348
2024-11-22 09:27:59.490 [warning] [Decorations] CAPPING events from decorations provider vscode.git 7348
2024-11-22 09:28:04.731 [warning] [Decorations] CAPPING events from decorations provider vscode.git 7348
2024-11-22 09:28:09.941 [warning] [Decorations] CAPPING events from decorations provider vscode.git 7348
2024-11-22 09:28:15.136 [warning] [Decorations] CAPPING events from decorations provider vscode.git 7348
2024-11-22 09:28:20.352 [warning] [Decorations] CAPPING events from decorations provider vscode.git 7348
2024-11-22 09:28:25.540 [warning] [Decorations] CAPPING events from decorations provider vscode.git 7348
2024-11-22 09:28:30.731 [warning] [Decorations] CAPPING events from decorations provider vscode.git 7348
2024-11-22 09:28:35.936 [warning] [Decorations] CAPPING events from decorations provider vscode.git 7348
2024-11-22 09:28:41.163 [warning] [Decorations] CAPPING events from decorations provider vscode.git 7348
2024-11-22 09:28:46.384 [warning] [Decorations] CAPPING events from decorations provider vscode.git 7348
2024-11-22 09:28:51.601 [warning] [Decorations] CAPPING events from decorations provider vscode.git 7348
2024-11-22 09:28:56.800 [warning] [Decorations] CAPPING events from decorations provider vscode.git 7348
2024-11-22 09:29:02.002 [warning] [Decorations] CAPPING events from decorations provider vscode.git 7348
2024-11-22 09:29:07.216 [warning] [Decorations] CAPPING events from decorations provider vscode.git 7348
2024-11-22 09:29:12.418 [warning] [Decorations] CAPPING events from decorations provider vscode.git 7348
2024-11-22 09:29:17.622 [warning] [Decorations] CAPPING events from decorations provider vscode.git 7348
2024-11-22 09:29:22.831 [warning] [Decorations] CAPPING events from decorations provider vscode.git 7348
2024-11-22 09:29:28.036 [warning] [Decorations] CAPPING events from decorations provider vscode.git 7348
2024-11-22 09:29:33.233 [warning] [Decorations] CAPPING events from decorations provider vscode.git 7348
2024-11-22 09:29:38.484 [warning] [Decorations] CAPPING events from decorations provider vscode.git 7348
2024-11-22 09:29:43.682 [warning] [Decorations] CAPPING events from decorations provider vscode.git 7348
2024-11-22 09:29:48.903 [warning] [Decorations] CAPPING events from decorations provider vscode.git 7348
2024-11-22 09:30:06.751 [warning] [Decorations] CAPPING events from decorations provider vscode.git 7348
2024-11-22 09:30:12.039 [warning] [Decorations] CAPPING events from decorations provider vscode.git 7348
2024-11-22 09:30:17.272 [warning] [Decorations] CAPPING events from decorations provider vscode.git 7348
2024-11-22 09:30:22.514 [warning] [Decorations] CAPPING events from decorations provider vscode.git 7348
2024-11-22 09:30:25.167 [info] ExtensionService#_doActivateExtension vscode.ipynb, startup: false, activationEvent: 'onNotebookSerializer:jupyter-notebook'
2024-11-22 09:30:27.713 [warning] [Decorations] CAPPING events from decorations provider vscode.git 7348
2024-11-22 09:30:32.989 [warning] [Decorations] CAPPING events from decorations provider vscode.git 7348
2024-11-22 09:30:50.837 [warning] [Decorations] CAPPING events from decorations provider vscode.git 7350
2024-11-22 09:30:56.055 [warning] [Decorations] CAPPING events from decorations provider vscode.git 7350
2024-11-22 09:33:04.509 [warning] [Decorations] CAPPING events from decorations provider vscode.git 7350
2024-11-22 09:33:09.724 [warning] [Decorations] CAPPING events from decorations provider vscode.git 7350
2024-11-22 09:33:14.958 [warning] [Decorations] CAPPING events from decorations provider vscode.git 7350
2024-11-22 09:33:20.180 [warning] [Decorations] CAPPING events from decorations provider vscode.git 7350
2024-11-22 09:33:25.393 [warning] [Decorations] CAPPING events from decorations provider vscode.git 7350
2024-11-22 09:33:30.623 [warning] [Decorations] CAPPING events from decorations provider vscode.git 7350
2024-11-22 09:33:35.854 [warning] [Decorations] CAPPING events from decorations provider vscode.git 7350
2024-11-22 09:34:37.421 [warning] [Decorations] CAPPING events from decorations provider vscode.git 7350
2024-11-22 09:34:42.658 [warning] [Decorations] CAPPING events from decorations provider vscode.git 7350
2024-11-22 09:34:47.872 [warning] [Decorations] CAPPING events from decorations provider vscode.git 7350
2024-11-22 09:34:53.089 [warning] [Decorations] CAPPING events from decorations provider vscode.git 7350
2024-11-22 09:35:03.736 [warning] [Decorations] CAPPING events from decorations provider vscode.git 7350
2024-11-22 09:36:13.371 [warning] [Decorations] CAPPING events from decorations provider vscode.git 7350
2024-11-22 09:36:18.570 [warning] [Decorations] CAPPING events from decorations provider vscode.git 7350
2024-11-22 09:36:23.764 [warning] [Decorations] CAPPING events from decorations provider vscode.git 7350
2024-11-22 09:36:28.958 [warning] [Decorations] CAPPING events from decorations provider vscode.git 7350
2024-11-22 09:36:34.155 [warning] [Decorations] CAPPING events from decorations provider vscode.git 7350
2024-11-22 09:36:39.367 [warning] [Decorations] CAPPING events from decorations provider vscode.git 7350
2024-11-22 09:36:44.691 [warning] [Decorations] CAPPING events from decorations provider vscode.git 7350
2024-11-22 09:36:49.917 [warning] [Decorations] CAPPING events from decorations provider vscode.git 7350
2024-11-22 09:36:55.174 [warning] [Decorations] CAPPING events from decorations provider vscode.git 7350
2024-11-22 09:37:08.074 [warning] [Decorations] CAPPING events from decorations provider vscode.git 7350
2024-11-22 09:37:13.343 [warning] [Decorations] CAPPING events from decorations provider vscode.git 7350
2024-11-22 09:37:18.524 [warning] [Decorations] CAPPING events from decorations provider vscode.git 7350
2024-11-22 09:38:05.780 [warning] [Decorations] CAPPING events from decorations provider vscode.git 7350
2024-11-22 09:38:11.002 [warning] [Decorations] CAPPING events from decorations provider vscode.git 7350
2024-11-22 09:38:21.687 [warning] [Decorations] CAPPING events from decorations provider vscode.git 7351
2024-11-22 09:38:26.899 [warning] [Decorations] CAPPING events from decorations provider vscode.git 7351
2024-11-22 09:38:32.105 [warning] [Decorations] CAPPING events from decorations provider vscode.git 7351
2024-11-22 09:38:37.332 [warning] [Decorations] CAPPING events from decorations provider vscode.git 7351
2024-11-22 09:38:42.656 [warning] [Decorations] CAPPING events from decorations provider vscode.git 7351
2024-11-22 09:38:47.891 [warning] [Decorations] CAPPING events from decorations provider vscode.git 7351
2024-11-22 09:38:53.101 [warning] [Decorations] CAPPING events from decorations provider vscode.git 7351
2024-11-22 09:39:14.425 [warning] [Decorations] CAPPING events from decorations provider vscode.git 7351
2024-11-22 09:39:19.657 [warning] [Decorations] CAPPING events from decorations provider vscode.git 7351
2024-11-22 09:39:24.886 [warning] [Decorations] CAPPING events from decorations provider vscode.git 7351
2024-11-22 09:39:30.108 [warning] [Decorations] CAPPING events from decorations provider vscode.git 7351
2024-11-22 09:39:35.431 [warning] [Decorations] CAPPING events from decorations provider vscode.git 7351
2024-11-22 09:39:40.662 [warning] [Decorations] CAPPING events from decorations provider vscode.git 7351
2024-11-22 09:39:45.934 [warning] [Decorations] CAPPING events from decorations provider vscode.git 7351
2024-11-22 09:39:51.184 [warning] [Decorations] CAPPING events from decorations provider vscode.git 7351
2024-11-22 09:39:56.382 [warning] [Decorations] CAPPING events from decorations provider vscode.git 7351
2024-11-22 09:40:01.601 [warning] [Decorations] CAPPING events from decorations provider vscode.git 7351
2024-11-22 09:40:06.789 [warning] [Decorations] CAPPING events from decorations provider vscode.git 7351
2024-11-22 09:40:11.988 [warning] [Decorations] CAPPING events from decorations provider vscode.git 7351
2024-11-22 09:40:17.209 [warning] [Decorations] CAPPING events from decorations provider vscode.git 7351
2024-11-22 09:40:32.968 [warning] [Decorations] CAPPING events from decorations provider vscode.git 7353
2024-11-22 09:40:38.175 [warning] [Decorations] CAPPING events from decorations provider vscode.git 7353
2024-11-22 09:40:43.386 [warning] [Decorations] CAPPING events from decorations provider vscode.git 7353
2024-11-22 09:40:48.615 [warning] [Decorations] CAPPING events from decorations provider vscode.git 7353
2024-11-22 09:40:53.843 [warning] [Decorations] CAPPING events from decorations provider vscode.git 7353
2024-11-22 09:40:59.105 [warning] [Decorations] CAPPING events from decorations provider vscode.git 7353
2024-11-22 09:41:05.263 [warning] [Decorations] CAPPING events from decorations provider vscode.git 7353
2024-11-22 09:41:10.517 [warning] [Decorations] CAPPING events from decorations provider vscode.git 7353
2024-11-22 09:42:11.873 [warning] [Decorations] CAPPING events from decorations provider vscode.git 7353
2024-11-22 09:42:17.080 [warning] [Decorations] CAPPING events from decorations provider vscode.git 7353
2024-11-22 09:42:22.354 [warning] [Decorations] CAPPING events from decorations provider vscode.git 7353
2024-11-22 09:42:27.552 [warning] [Decorations] CAPPING events from decorations provider vscode.git 7353
2024-11-22 09:42:32.850 [warning] [Decorations] CAPPING events from decorations provider vscode.git 7353
2024-11-22 09:42:38.815 [warning] [Decorations] CAPPING events from decorations provider vscode.git 7353
2024-11-22 09:42:44.030 [warning] [Decorations] CAPPING events from decorations provider vscode.git 7353
2024-11-22 09:42:49.244 [warning] [Decorations] CAPPING events from decorations provider vscode.git 7353
2024-11-22 09:42:54.499 [warning] [Decorations] CAPPING events from decorations provider vscode.git 7353
2024-11-22 09:42:59.761 [warning] [Decorations] CAPPING events from decorations provider vscode.git 7353
2024-11-22 09:43:04.976 [warning] [Decorations] CAPPING events from decorations provider vscode.git 7353
2024-11-22 09:43:10.173 [warning] [Decorations] CAPPING events from decorations provider vscode.git 7353
2024-11-22 09:43:15.403 [warning] [Decorations] CAPPING events from decorations provider vscode.git 7353
2024-11-22 09:43:20.635 [warning] [Decorations] CAPPING events from decorations provider vscode.git 7353
2024-11-22 09:43:25.950 [warning] [Decorations] CAPPING events from decorations provider vscode.git 7353
2024-11-22 09:43:31.247 [warning] [Decorations] CAPPING events from decorations provider vscode.git 7353
2024-11-22 09:43:36.463 [warning] [Decorations] CAPPING events from decorations provider vscode.git 7353
2024-11-22 09:43:41.702 [warning] [Decorations] CAPPING events from decorations provider vscode.git 7353
2024-11-22 09:43:46.977 [warning] [Decorations] CAPPING events from decorations provider vscode.git 7353
2024-11-22 09:43:52.199 [warning] [Decorations] CAPPING events from decorations provider vscode.git 7353
2024-11-22 09:43:57.495 [warning] [Decorations] CAPPING events from decorations provider vscode.git 7353
2024-11-22 09:44:02.721 [warning] [Decorations] CAPPING events from decorations provider vscode.git 7353
2024-11-22 09:44:07.919 [warning] [Decorations] CAPPING events from decorations provider vscode.git 7353
2024-11-22 09:44:13.114 [warning] [Decorations] CAPPING events from decorations provider vscode.git 7353
2024-11-22 09:44:18.320 [warning] [Decorations] CAPPING events from decorations provider vscode.git 7353
2024-11-22 09:44:23.534 [warning] [Decorations] CAPPING events from decorations provider vscode.git 7353
2024-11-22 09:44:28.756 [warning] [Decorations] CAPPING events from decorations provider vscode.git 7353
2024-11-22 09:44:37.670 [warning] [Decorations] CAPPING events from decorations provider vscode.git 7353
2024-11-22 09:44:42.898 [warning] [Decorations] CAPPING events from decorations provider vscode.git 7353
2024-11-22 09:44:48.114 [warning] [Decorations] CAPPING events from decorations provider vscode.git 7353
2024-11-22 09:44:53.353 [warning] [Decorations] CAPPING events from decorations provider vscode.git 7353
2024-11-22 09:44:58.558 [warning] [Decorations] CAPPING events from decorations provider vscode.git 7353
2024-11-22 09:45:03.765 [warning] [Decorations] CAPPING events from decorations provider vscode.git 7353
2024-11-22 09:45:08.980 [warning] [Decorations] CAPPING events from decorations provider vscode.git 7353
2024-11-22 09:45:14.255 [warning] [Decorations] CAPPING events from decorations provider vscode.git 7353
2024-11-22 09:45:19.468 [warning] [Decorations] CAPPING events from decorations provider vscode.git 7353
2024-11-22 09:45:24.741 [warning] [Decorations] CAPPING events from decorations provider vscode.git 7353
2024-11-22 09:45:29.942 [warning] [Decorations] CAPPING events from decorations provider vscode.git 7353
2024-11-22 09:45:35.169 [warning] [Decorations] CAPPING events from decorations provider vscode.git 7353
2024-11-22 09:45:40.384 [warning] [Decorations] CAPPING events from decorations provider vscode.git 7353
2024-11-22 09:45:45.587 [warning] [Decorations] CAPPING events from decorations provider vscode.git 7353
2024-11-22 09:45:50.813 [warning] [Decorations] CAPPING events from decorations provider vscode.git 7353
2024-11-22 09:45:56.022 [warning] [Decorations] CAPPING events from decorations provider vscode.git 7353
2024-11-22 09:46:01.252 [warning] [Decorations] CAPPING events from decorations provider vscode.git 7353
2024-11-22 09:46:06.455 [warning] [Decorations] CAPPING events from decorations provider vscode.git 7353
2024-11-22 09:46:11.708 [warning] [Decorations] CAPPING events from decorations provider vscode.git 7353
2024-11-22 09:46:16.927 [warning] [Decorations] CAPPING events from decorations provider vscode.git 7353
2024-11-22 09:46:25.731 [warning] [Decorations] CAPPING events from decorations provider vscode.git 7353
2024-11-22 09:46:30.960 [warning] [Decorations] CAPPING events from decorations provider vscode.git 7354
2024-11-22 09:46:39.836 [warning] [Decorations] CAPPING events from decorations provider vscode.git 7354
2024-11-22 09:46:45.119 [warning] [Decorations] CAPPING events from decorations provider vscode.git 7354
2024-11-22 09:46:50.347 [warning] [Decorations] CAPPING events from decorations provider vscode.git 7354
2024-11-22 09:46:55.565 [warning] [Decorations] CAPPING events from decorations provider vscode.git 7354
2024-11-22 09:47:00.855 [warning] [Decorations] CAPPING events from decorations provider vscode.git 7354
2024-11-22 09:47:07.282 [warning] [Decorations] CAPPING events from decorations provider vscode.git 7354
2024-11-22 09:47:12.485 [warning] [Decorations] CAPPING events from decorations provider vscode.git 7354
2024-11-22 09:47:17.712 [warning] [Decorations] CAPPING events from decorations provider vscode.git 7354
2024-11-22 09:47:22.914 [warning] [Decorations] CAPPING events from decorations provider vscode.git 7354
2024-11-22 09:47:28.155 [warning] [Decorations] CAPPING events from decorations provider vscode.git 7354
2024-11-22 09:47:33.515 [warning] [Decorations] CAPPING events from decorations provider vscode.git 7354
2024-11-22 09:47:38.747 [warning] [Decorations] CAPPING events from decorations provider vscode.git 7354
2024-11-22 09:47:44.001 [warning] [Decorations] CAPPING events from decorations provider vscode.git 7354
2024-11-22 09:47:49.215 [warning] [Decorations] CAPPING events from decorations provider vscode.git 7354
2024-11-22 09:47:54.413 [warning] [Decorations] CAPPING events from decorations provider vscode.git 7354
2024-11-22 09:47:59.605 [warning] [Decorations] CAPPING events from decorations provider vscode.git 7354
2024-11-22 09:48:04.833 [warning] [Decorations] CAPPING events from decorations provider vscode.git 7354
2024-11-22 09:48:10.085 [warning] [Decorations] CAPPING events from decorations provider vscode.git 7354
2024-11-22 09:48:15.304 [warning] [Decorations] CAPPING events from decorations provider vscode.git 7354
2024-11-22 09:48:20.498 [warning] [Decorations] CAPPING events from decorations provider vscode.git 7354
2024-11-22 09:48:25.691 [warning] [Decorations] CAPPING events from decorations provider vscode.git 7354
2024-11-22 09:48:30.889 [warning] [Decorations] CAPPING events from decorations provider vscode.git 7354
2024-11-22 09:48:36.078 [warning] [Decorations] CAPPING events from decorations provider vscode.git 7354
2024-11-22 09:48:41.287 [warning] [Decorations] CAPPING events from decorations provider vscode.git 7354
2024-11-22 09:48:47.101 [warning] [Decorations] CAPPING events from decorations provider vscode.git 7354
2024-11-22 09:48:52.302 [warning] [Decorations] CAPPING events from decorations provider vscode.git 7354
2024-11-22 09:48:57.537 [warning] [Decorations] CAPPING events from decorations provider vscode.git 7354
2024-11-22 09:49:02.742 [warning] [Decorations] CAPPING events from decorations provider vscode.git 7354
2024-11-22 09:49:07.933 [warning] [Decorations] CAPPING events from decorations provider vscode.git 7354
2024-11-22 09:49:13.132 [warning] [Decorations] CAPPING events from decorations provider vscode.git 7354
2024-11-22 09:49:18.332 [warning] [Decorations] CAPPING events from decorations provider vscode.git 7354
2024-11-22 09:49:23.542 [warning] [Decorations] CAPPING events from decorations provider vscode.git 7354
2024-11-22 09:49:28.735 [warning] [Decorations] CAPPING events from decorations provider vscode.git 7354
2024-11-22 09:49:33.947 [warning] [Decorations] CAPPING events from decorations provider vscode.git 7354
2024-11-22 09:49:39.150 [warning] [Decorations] CAPPING events from decorations provider vscode.git 7354
2024-11-22 09:49:44.388 [warning] [Decorations] CAPPING events from decorations provider vscode.git 7354
2024-11-22 09:49:49.579 [warning] [Decorations] CAPPING events from decorations provider vscode.git 7354
2024-11-22 09:49:54.791 [warning] [Decorations] CAPPING events from decorations provider vscode.git 7354
2024-11-22 09:50:00.004 [warning] [Decorations] CAPPING events from decorations provider vscode.git 7354
2024-11-22 09:50:05.208 [warning] [Decorations] CAPPING events from decorations provider vscode.git 7354
2024-11-22 09:50:10.405 [warning] [Decorations] CAPPING events from decorations provider vscode.git 7354
2024-11-22 09:50:15.656 [warning] [Decorations] CAPPING events from decorations provider vscode.git 7354
2024-11-22 09:50:20.859 [warning] [Decorations] CAPPING events from decorations provider vscode.git 7354
2024-11-22 09:50:26.058 [warning] [Decorations] CAPPING events from decorations provider vscode.git 7354
2024-11-22 09:50:31.262 [warning] [Decorations] CAPPING events from decorations provider vscode.git 7354
2024-11-22 09:50:36.463 [warning] [Decorations] CAPPING events from decorations provider vscode.git 7354
2024-11-22 09:50:41.699 [warning] [Decorations] CAPPING events from decorations provider vscode.git 7354
2024-11-22 09:50:46.930 [warning] [Decorations] CAPPING events from decorations provider vscode.git 7354
2024-11-22 09:50:52.203 [warning] [Decorations] CAPPING events from decorations provider vscode.git 7354
2024-11-22 09:50:57.430 [warning] [Decorations] CAPPING events from decorations provider vscode.git 7354
2024-11-22 09:51:02.626 [warning] [Decorations] CAPPING events from decorations provider vscode.git 7354
2024-11-22 09:51:07.874 [warning] [Decorations] CAPPING events from decorations provider vscode.git 7354
2024-11-22 09:51:13.164 [warning] [Decorations] CAPPING events from decorations provider vscode.git 7354
2024-11-22 09:51:18.391 [warning] [Decorations] CAPPING events from decorations provider vscode.git 7354
2024-11-22 09:51:23.715 [warning] [Decorations] CAPPING events from decorations provider vscode.git 7354
2024-11-22 09:51:28.907 [warning] [Decorations] CAPPING events from decorations provider vscode.git 7354
2024-11-22 09:51:34.115 [warning] [Decorations] CAPPING events from decorations provider vscode.git 7354
2024-11-22 09:51:39.320 [warning] [Decorations] CAPPING events from decorations provider vscode.git 7354
2024-11-22 09:51:44.540 [warning] [Decorations] CAPPING events from decorations provider vscode.git 7354
2024-11-22 09:51:49.728 [warning] [Decorations] CAPPING events from decorations provider vscode.git 7354
2024-11-22 09:51:54.983 [warning] [Decorations] CAPPING events from decorations provider vscode.git 7354
2024-11-22 09:52:00.220 [warning] [Decorations] CAPPING events from decorations provider vscode.git 7354
2024-11-22 09:52:05.422 [warning] [Decorations] CAPPING events from decorations provider vscode.git 7354
2024-11-22 09:52:10.673 [warning] [Decorations] CAPPING events from decorations provider vscode.git 7354
2024-11-22 09:52:15.872 [warning] [Decorations] CAPPING events from decorations provider vscode.git 7354
2024-11-22 09:52:21.160 [warning] [Decorations] CAPPING events from decorations provider vscode.git 7354
2024-11-22 09:52:26.440 [warning] [Decorations] CAPPING events from decorations provider vscode.git 7354
2024-11-22 09:52:31.675 [warning] [Decorations] CAPPING events from decorations provider vscode.git 7354
2024-11-22 09:52:36.953 [warning] [Decorations] CAPPING events from decorations provider vscode.git 7354
2024-11-22 09:52:42.179 [warning] [Decorations] CAPPING events from decorations provider vscode.git 7354
2024-11-22 09:52:47.426 [warning] [Decorations] CAPPING events from decorations provider vscode.git 7354
2024-11-22 09:52:52.646 [warning] [Decorations] CAPPING events from decorations provider vscode.git 7354
2024-11-22 09:52:57.837 [warning] [Decorations] CAPPING events from decorations provider vscode.git 7354
2024-11-22 09:53:03.055 [warning] [Decorations] CAPPING events from decorations provider vscode.git 7354
2024-11-22 09:53:08.311 [warning] [Decorations] CAPPING events from decorations provider vscode.git 7354
2024-11-22 09:53:13.519 [warning] [Decorations] CAPPING events from decorations provider vscode.git 7354
2024-11-22 09:53:18.737 [warning] [Decorations] CAPPING events from decorations provider vscode.git 7357
2024-11-22 09:53:24.036 [warning] [Decorations] CAPPING events from decorations provider vscode.git 7357
2024-11-22 09:53:29.239 [warning] [Decorations] CAPPING events from decorations provider vscode.git 7357
2024-11-22 09:53:33.851 [info] ExtensionService#_doActivateExtension vscode.npm, startup: false, activationEvent: 'onTerminalQuickFixRequest:ms-vscode.npm-command'
2024-11-22 09:53:34.447 [warning] [Decorations] CAPPING events from decorations provider vscode.git 7358
2024-11-22 09:53:39.643 [warning] [Decorations] CAPPING events from decorations provider vscode.git 7358
2024-11-22 09:53:44.863 [warning] [Decorations] CAPPING events from decorations provider vscode.git 7358
2024-11-22 09:53:50.086 [warning] [Decorations] CAPPING events from decorations provider vscode.git 7358
2024-11-22 09:53:55.289 [warning] [Decorations] CAPPING events from decorations provider vscode.git 7358
2024-11-22 09:54:00.528 [warning] [Decorations] CAPPING events from decorations provider vscode.git 7358
2024-11-22 09:54:05.733 [warning] [Decorations] CAPPING events from decorations provider vscode.git 7358
2024-11-22 09:54:10.952 [warning] [Decorations] CAPPING events from decorations provider vscode.git 7358
2024-11-22 09:54:16.157 [warning] [Decorations] CAPPING events from decorations provider vscode.git 7358
2024-11-22 09:54:21.382 [warning] [Decorations] CAPPING events from decorations provider vscode.git 7358
2024-11-22 09:54:26.591 [warning] [Decorations] CAPPING events from decorations provider vscode.git 7358
2024-11-22 09:54:31.817 [warning] [Decorations] CAPPING events from decorations provider vscode.git 7358
2024-11-22 09:54:37.028 [warning] [Decorations] CAPPING events from decorations provider vscode.git 7358
2024-11-22 09:54:42.255 [warning] [Decorations] CAPPING events from decorations provider vscode.git 7358
2024-11-22 09:54:47.441 [warning] [Decorations] CAPPING events from decorations provider vscode.git 7358
2024-11-22 09:54:52.758 [warning] [Decorations] CAPPING events from decorations provider vscode.git 7358
2024-11-22 09:54:57.960 [warning] [Decorations] CAPPING events from decorations provider vscode.git 7358
2024-11-22 09:55:03.159 [warning] [Decorations] CAPPING events from decorations provider vscode.git 7358
2024-11-22 09:55:08.362 [warning] [Decorations] CAPPING events from decorations provider vscode.git 7359
2024-11-22 09:55:13.583 [warning] [Decorations] CAPPING events from decorations provider vscode.git 7359
2024-11-22 09:55:19.382 [warning] [Decorations] CAPPING events from decorations provider vscode.git 7359
2024-11-22 09:55:24.580 [warning] [Decorations] CAPPING events from decorations provider vscode.git 7359
2024-11-22 09:55:29.780 [warning] [Decorations] CAPPING events from decorations provider vscode.git 7359
2024-11-22 09:55:35.000 [warning] [Decorations] CAPPING events from decorations provider vscode.git 7359
2024-11-22 09:55:40.203 [warning] [Decorations] CAPPING events from decorations provider vscode.git 7359
2024-11-22 09:55:45.422 [warning] [Decorations] CAPPING events from decorations provider vscode.git 7359
2024-11-22 09:55:50.617 [warning] [Decorations] CAPPING events from decorations provider vscode.git 7359
2024-11-22 09:55:55.827 [warning] [Decorations] CAPPING events from decorations provider vscode.git 7359
2024-11-22 09:56:14.024 [warning] [Decorations] CAPPING events from decorations provider vscode.git 7359
2024-11-22 09:56:54.490 [warning] [Decorations] CAPPING events from decorations provider vscode.git 7359
2024-11-22 09:56:59.754 [warning] [Decorations] CAPPING events from decorations provider vscode.git 7359
2024-11-22 09:57:04.962 [warning] [Decorations] CAPPING events from decorations provider vscode.git 7359
2024-11-22 09:57:10.161 [warning] [Decorations] CAPPING events from decorations provider vscode.git 7359
2024-11-22 09:57:15.369 [warning] [Decorations] CAPPING events from decorations provider vscode.git 7359
2024-11-22 09:57:20.573 [warning] [Decorations] CAPPING events from decorations provider vscode.git 7359
2024-11-22 09:57:25.775 [warning] [Decorations] CAPPING events from decorations provider vscode.git 7359
2024-11-22 09:57:31.001 [warning] [Decorations] CAPPING events from decorations provider vscode.git 7359
2024-11-22 09:57:36.239 [warning] [Decorations] CAPPING events from decorations provider vscode.git 7359
2024-11-22 09:57:41.448 [warning] [Decorations] CAPPING events from decorations provider vscode.git 7359
2024-11-22 09:57:46.657 [warning] [Decorations] CAPPING events from decorations provider vscode.git 7359
2024-11-22 09:57:59.766 [warning] [Decorations] CAPPING events from decorations provider vscode.git 7359
2024-11-22 09:58:05.119 [warning] [Decorations] CAPPING events from decorations provider vscode.git 7359
2024-11-22 09:58:10.329 [warning] [Decorations] CAPPING events from decorations provider vscode.git 7359
2024-11-22 09:58:15.578 [warning] [Decorations] CAPPING events from decorations provider vscode.git 7359
2024-11-22 09:58:20.792 [warning] [Decorations] CAPPING events from decorations provider vscode.git 7359
2024-11-22 09:58:26.006 [warning] [Decorations] CAPPING events from decorations provider vscode.git 7359
2024-11-22 09:58:31.219 [warning] [Decorations] CAPPING events from decorations provider vscode.git 7359
2024-11-22 09:58:36.417 [warning] [Decorations] CAPPING events from decorations provider vscode.git 7359
2024-11-22 09:58:41.654 [warning] [Decorations] CAPPING events from decorations provider vscode.git 7359
2024-11-22 09:58:46.853 [warning] [Decorations] CAPPING events from decorations provider vscode.git 7359
2024-11-22 09:58:52.326 [warning] [Decorations] CAPPING events from decorations provider vscode.git 7359
2024-11-22 09:58:57.547 [warning] [Decorations] CAPPING events from decorations provider vscode.git 7359
2024-11-22 09:59:02.748 [warning] [Decorations] CAPPING events from decorations provider vscode.git 7359
2024-11-22 09:59:08.003 [warning] [Decorations] CAPPING events from decorations provider vscode.git 7359
2024-11-22 09:59:13.268 [warning] [Decorations] CAPPING events from decorations provider vscode.git 7359
2024-11-22 09:59:23.724 [warning] [Decorations] CAPPING events from decorations provider vscode.git 7359
