2024-11-23 23:46:54.774 [info] (Client) Pylance async client (2024.11.3) started with python extension (2024.20.0)
2024-11-23 23:46:55.606 [info] [Info  - 11:46:55 PM] (91390) Server root directory: file:///root/.vscode-server/extensions/ms-python.vscode-pylance-2024.11.3/dist
2024-11-23 23:46:55.607 [info] [Info  - 11:46:55 PM] (91390) Pylance language server 2024.11.3 (pyright version 1.1.386, commit 4180fa21) starting
2024-11-23 23:46:55.624 [info] [Info  - 11:46:55 PM] (91390) Starting service instance "workspace"
2024-11-23 23:46:55.759 [info] [Info  - 11:46:55 PM] (91390) Setting environmentName for service "workspace": "3.12.3 (venv venv)"
2024-11-23 23:46:55.759 [info] [Info  - 11:46:55 PM] (91390) Setting pythonPath for service "workspace": "/root/workspace/Asteroids/venv/bin/python"
2024-11-23 23:46:55.759 [info] [Info  - 11:46:55 PM] (91390) No include entries specified; assuming /root/workspace
2024-11-23 23:46:55.759 [info] [Info  - 11:46:55 PM] (91390) Auto-excluding **/node_modules
2024-11-23 23:46:55.760 [info] [Info  - 11:46:55 PM] (91390) Auto-excluding **/__pycache__
2024-11-23 23:46:55.760 [info] [Info  - 11:46:55 PM] (91390) Auto-excluding **/.*
2024-11-23 23:46:55.826 [info] [Info  - 11:46:55 PM] (91390) Assuming Python version 3.12.3.final.0
2024-11-23 23:46:55.983 [info] [Info  - 11:46:55 PM] (91390) Auto-excluding /root/workspace/Asteroids/venv
2024-11-23 23:46:55.989 [info] [Info  - 11:46:55 PM] (91390) Auto-excluding /root/workspace/venv
2024-11-23 23:46:56.006 [info] [Info  - 11:46:56 PM] (91390) Found 10 source files
2024-11-23 23:46:57.088 [info] [Info  - 11:46:57 PM] (91390) Setting environmentName for service "workspace": "3.12.3 (venv venv)"
2024-11-23 23:46:57.089 [info] [Info  - 11:46:57 PM] (91390) Setting pythonPath for service "workspace": "/root/workspace/Asteroids/venv/bin/python"
2024-11-23 23:46:57.092 [info] [Info  - 11:46:57 PM] (91390) No include entries specified; assuming /root/workspace
2024-11-23 23:46:57.093 [info] [Info  - 11:46:57 PM] (91390) Auto-excluding **/node_modules
2024-11-23 23:46:57.094 [info] [Info  - 11:46:57 PM] (91390) Auto-excluding **/__pycache__
2024-11-23 23:46:57.095 [info] [Info  - 11:46:57 PM] (91390) Auto-excluding **/.*
2024-11-23 23:46:57.176 [info] [Info  - 11:46:57 PM] (91390) Assuming Python version 3.12.3.final.0
2024-11-23 23:46:57.314 [info] [Info  - 11:46:57 PM] (91390) Auto-excluding /root/workspace/Asteroids/venv
2024-11-23 23:46:57.327 [info] [Info  - 11:46:57 PM] (91390) Auto-excluding /root/workspace/venv
2024-11-23 23:46:57.337 [info] [Info  - 11:46:57 PM] (91390) Found 10 source files
2024-11-23 23:46:57.629 [info] [Info  - 11:46:57 PM] (91390) Background analysis(1) root directory: file:///root/.vscode-server/extensions/ms-python.vscode-pylance-2024.11.3/dist
2024-11-23 23:46:57.638 [info] [Info  - 11:46:57 PM] (91390) Background analysis(1) started
2024-11-23 23:46:58.138 [info] [Info  - 11:46:58 PM] (91390) Indexer background runner(2) root directory: file:///root/.vscode-server/extensions/ms-python.vscode-pylance-2024.11.3/dist (index)
2024-11-23 23:46:58.138 [info] [Info  - 11:46:58 PM] (91390) Indexing(2) started
2024-11-23 23:46:58.293 [info] [Info  - 11:46:58 PM] (91390) Setting environmentName for service "workspace": "3.12.3 (venv venv)"
2024-11-23 23:46:58.293 [info] [Info  - 11:46:58 PM] (91390) Setting pythonPath for service "workspace": "/root/workspace/Asteroids/venv/bin/python"
2024-11-23 23:46:58.293 [info] [Info  - 11:46:58 PM] (91390) No include entries specified; assuming /root/workspace
2024-11-23 23:46:58.293 [info] [Info  - 11:46:58 PM] (91390) Auto-excluding **/node_modules
2024-11-23 23:46:58.293 [info] [Info  - 11:46:58 PM] (91390) Auto-excluding **/__pycache__
2024-11-23 23:46:58.294 [info] [Info  - 11:46:58 PM] (91390) Auto-excluding **/.*
2024-11-23 23:46:58.365 [info] [Info  - 11:46:58 PM] (91390) Assuming Python version 3.12.3.final.0
2024-11-23 23:46:58.452 [info] [Info  - 11:46:58 PM] (91390) Auto-excluding /root/workspace/Asteroids/venv
2024-11-23 23:46:58.454 [info] [Info  - 11:46:58 PM] (91390) Auto-excluding /root/workspace/venv
2024-11-23 23:46:58.460 [info] [Info  - 11:46:58 PM] (91390) Found 10 source files
2024-11-23 23:46:59.282 [info] [Info  - 11:46:59 PM] (91390) scanned(2) 11 files over 1 exec env
2024-11-23 23:46:59.714 [info] [Info  - 11:46:59 PM] (91390) indexed(2) 11 files over 1 exec env
2024-11-23 23:46:59.796 [info] [Info  - 11:46:59 PM] (91390) Indexing finished(2).
