2024-11-21 18:44:25.110 [info] Extension host with pid 9921 started
2024-11-21 18:44:25.155 [info] Lock '/root/.vscode-server/data/User/workspaceStorage/12378d868cd1f73fdeb55096921fa0c7/vscode.lock': Lock acquired.
2024-11-21 18:44:25.261 [info] ExtensionService#_doActivateExtension vscode.emmet, startup: false, activationEvent: 'onLanguage'
2024-11-21 18:44:25.265 [info] ExtensionService#_doActivateExtension ms-python.python, startup: false, activationEvent: 'onLanguage:python', root cause: ms-python.debugpy
2024-11-21 18:44:26.200 [info] ExtensionService#_doActivateExtension vscode.configuration-editing, startup: false, activationEvent: 'onLanguage:jsonc'
2024-11-21 18:44:26.205 [info] ExtensionService#_doActivateExtension vscode.json-language-features, startup: false, activationEvent: 'onLanguage:jsonc'
2024-11-21 18:44:26.206 [info] ExtensionService#_doActivateExtension vscode.typescript-language-features, startup: false, activationEvent: 'onLanguage:jsonc'
2024-11-21 18:44:26.972 [info] ExtensionService#_doActivateExtension vscode.git-base, startup: true, activationEvent: '*', root cause: vscode.git
2024-11-21 18:44:27.645 [info] ExtensionService#_doActivateExtension vscode.git, startup: true, activationEvent: '*'
2024-11-21 18:44:27.646 [info] ExtensionService#_doActivateExtension vscode.github, startup: true, activationEvent: '*'
2024-11-21 18:44:28.211 [info] ExtensionService#_doActivateExtension ms-python.debugpy, startup: false, activationEvent: 'onLanguage:python'
2024-11-21 18:44:28.212 [info] ExtensionService#_doActivateExtension ms-python.vscode-pylance, startup: false, activationEvent: 'onLanguage:python'
2024-11-21 18:44:29.457 [info] Eager extensions activated
2024-11-21 18:44:29.458 [info] ExtensionService#_doActivateExtension vscode.debug-auto-launch, startup: false, activationEvent: 'onStartupFinished'
2024-11-21 18:44:29.458 [info] ExtensionService#_doActivateExtension vscode.merge-conflict, startup: false, activationEvent: 'onStartupFinished'
2024-11-21 18:44:33.366 [warning] [Decorations] CAPPING events from decorations provider vscode.git 1846
2024-11-21 18:44:34.850 [warning] [Decorations] CAPPING events from decorations provider vscode.git 1882
2024-11-21 18:45:25.218 [warning] [Decorations] CAPPING events from decorations provider vscode.git 1885
2024-11-21 18:47:07.703 [info] ExtensionService#_doActivateExtension vscode.npm, startup: false, activationEvent: 'onTerminalQuickFixRequest:ms-vscode.npm-command'
2024-11-21 18:53:36.525 [warning] [Decorations] CAPPING events from decorations provider vscode.git 1885
2024-11-21 18:54:12.622 [warning] [Decorations] CAPPING events from decorations provider vscode.git 1889
2024-11-21 18:54:19.682 [warning] [Decorations] CAPPING events from decorations provider vscode.git 1890
2024-11-21 18:56:54.608 [error] Error: Git error
	at ChildProcess.<anonymous> (/root/.vscode-server/bin/f1a4fb101478ce6ec82fe9627c43efbf9e98c813/extensions/git/dist/main.js:2:1044269)
	at ChildProcess.emit (node:events:531:35)
	at ChildProcess._handle.onexit (node:internal/child_process:294:12)
2024-11-21 18:56:54.609 [error] Error: Git error
	at ChildProcess.<anonymous> (/root/.vscode-server/bin/f1a4fb101478ce6ec82fe9627c43efbf9e98c813/extensions/git/dist/main.js:2:1044269)
	at ChildProcess.emit (node:events:531:35)
	at ChildProcess._handle.onexit (node:internal/child_process:294:12)
2024-11-21 18:56:54.609 [error] Error: Git error
	at ChildProcess.<anonymous> (/root/.vscode-server/bin/f1a4fb101478ce6ec82fe9627c43efbf9e98c813/extensions/git/dist/main.js:2:1044269)
	at ChildProcess.emit (node:events:531:35)
	at ChildProcess._handle.onexit (node:internal/child_process:294:12)
2024-11-21 18:56:55.614 [error] Error: Git error
	at ChildProcess.<anonymous> (/root/.vscode-server/bin/f1a4fb101478ce6ec82fe9627c43efbf9e98c813/extensions/git/dist/main.js:2:1044269)
	at ChildProcess.emit (node:events:531:35)
	at ChildProcess._handle.onexit (node:internal/child_process:294:12)
2024-11-21 18:56:55.621 [error] Error: Git error
	at ChildProcess.<anonymous> (/root/.vscode-server/bin/f1a4fb101478ce6ec82fe9627c43efbf9e98c813/extensions/git/dist/main.js:2:1044269)
	at ChildProcess.emit (node:events:531:35)
	at ChildProcess._handle.onexit (node:internal/child_process:294:12)
2024-11-21 18:56:55.622 [error] Error: Git error
	at ChildProcess.<anonymous> (/root/.vscode-server/bin/f1a4fb101478ce6ec82fe9627c43efbf9e98c813/extensions/git/dist/main.js:2:1044269)
	at ChildProcess.emit (node:events:531:35)
	at ChildProcess._handle.onexit (node:internal/child_process:294:12)
2024-11-21 18:56:57.218 [warning] [Decorations] CAPPING events from decorations provider vscode.git 5543
2024-11-21 18:59:52.807 [warning] [Decorations] CAPPING events from decorations provider vscode.git 5545
2024-11-21 19:00:00.326 [warning] [Decorations] CAPPING events from decorations provider vscode.git 5545
2024-11-21 19:00:05.747 [warning] [Decorations] CAPPING events from decorations provider vscode.git 5546
