2024-11-25 20:06:59.585 [info] Extension host with pid 1340 started
2024-11-25 20:06:59.634 [info] Lock '/root/.vscode-server/data/User/workspaceStorage/12378d868cd1f73fdeb55096921fa0c7/vscode.lock': Lock acquired.
2024-11-25 20:06:59.745 [info] ExtensionService#_doActivateExtension vscode.emmet, startup: false, activationEvent: 'onLanguage'
2024-11-25 20:06:59.747 [info] ExtensionService#_doActivateExtension ms-python.python, startup: false, activationEvent: 'onLanguage:python', root cause: ms-python.debugpy
2024-11-25 20:07:00.521 [info] ExtensionService#_doActivateExtension vscode.configuration-editing, startup: false, activationEvent: 'onLanguage:jsonc'
2024-11-25 20:07:00.523 [info] ExtensionService#_doActivateExtension vscode.json-language-features, startup: false, activationEvent: 'onLanguage:jsonc'
2024-11-25 20:07:00.524 [info] ExtensionService#_doActivateExtension vscode.typescript-language-features, startup: false, activationEvent: 'onLanguage:jsonc'
2024-11-25 20:07:00.906 [info] ExtensionService#_doActivateExtension vscode.git-base, startup: true, activationEvent: '*', root cause: vscode.git
2024-11-25 20:07:01.390 [info] ExtensionService#_doActivateExtension vscode.git, startup: true, activationEvent: '*'
2024-11-25 20:07:01.391 [info] ExtensionService#_doActivateExtension vscode.github, startup: true, activationEvent: '*'
2024-11-25 20:07:01.837 [info] ExtensionService#_doActivateExtension ms-python.debugpy, startup: false, activationEvent: 'onLanguage:python'
2024-11-25 20:07:01.838 [info] ExtensionService#_doActivateExtension ms-python.vscode-pylance, startup: false, activationEvent: 'onLanguage:python'
2024-11-25 20:07:02.567 [info] Eager extensions activated
2024-11-25 20:07:02.569 [info] ExtensionService#_doActivateExtension vscode.debug-auto-launch, startup: false, activationEvent: 'onStartupFinished'
2024-11-25 20:07:02.570 [info] ExtensionService#_doActivateExtension vscode.merge-conflict, startup: false, activationEvent: 'onStartupFinished'
2024-11-25 22:20:54.711 [info] Extension host terminating: received terminate message from renderer
2024-11-25 22:20:54.719 [info] Lock '/root/.vscode-server/data/User/workspaceStorage/12378d868cd1f73fdeb55096921fa0c7/vscode.lock': Marking the lockfile as scheduled to be released in 6000 ms.
2024-11-25 22:20:54.899 [error] Canceled: Canceled
	at new tT (file:///root/.vscode-server/bin/f1a4fb101478ce6ec82fe9627c43efbf9e98c813/out/vs/workbench/api/node/extensionHostProcess.js:31:151066)
	at py.U (file:///root/.vscode-server/bin/f1a4fb101478ce6ec82fe9627c43efbf9e98c813/out/vs/workbench/api/node/extensionHostProcess.js:31:155676)
	at s.<computed>.n.charCodeAt.s.<computed> (file:///root/.vscode-server/bin/f1a4fb101478ce6ec82fe9627c43efbf9e98c813/out/vs/workbench/api/node/extensionHostProcess.js:31:153170)
	at Y0.g (file:///root/.vscode-server/bin/f1a4fb101478ce6ec82fe9627c43efbf9e98c813/out/vs/workbench/api/node/extensionHostProcess.js:114:32313)
	at Y0.executeCommand (file:///root/.vscode-server/bin/f1a4fb101478ce6ec82fe9627c43efbf9e98c813/out/vs/workbench/api/node/extensionHostProcess.js:114:31817)
	at r.registerCommand.description (file:///root/.vscode-server/bin/f1a4fb101478ce6ec82fe9627c43efbf9e98c813/out/vs/workbench/api/node/extensionHostProcess.js:114:31147)
	at Y0.h (file:///root/.vscode-server/bin/f1a4fb101478ce6ec82fe9627c43efbf9e98c813/out/vs/workbench/api/node/extensionHostProcess.js:114:32833)
	at Y0.g (file:///root/.vscode-server/bin/f1a4fb101478ce6ec82fe9627c43efbf9e98c813/out/vs/workbench/api/node/extensionHostProcess.js:114:31910)
	at Y0.executeCommand (file:///root/.vscode-server/bin/f1a4fb101478ce6ec82fe9627c43efbf9e98c813/out/vs/workbench/api/node/extensionHostProcess.js:114:31817)
	at Object.executeCommand (file:///root/.vscode-server/bin/f1a4fb101478ce6ec82fe9627c43efbf9e98c813/out/vs/workbench/api/node/extensionHostProcess.js:156:37246)
	at mh.O [as value] (/root/.vscode-server/bin/f1a4fb101478ce6ec82fe9627c43efbf9e98c813/extensions/git/dist/main.js:2:961845)
	at P.B (file:///root/.vscode-server/bin/f1a4fb101478ce6ec82fe9627c43efbf9e98c813/ou