2024-11-22 14:08:16.071 [info] [main] Log level: Info
2024-11-22 14:08:16.071 [info] [main] Validating found git in: "git"
2024-11-22 14:08:16.071 [info] [main] Using git "2.43.0" from "git"
2024-11-22 14:08:16.071 [info] [Model][doInitialScan] Initial repository scan started
2024-11-22 14:08:16.071 [info] > git rev-parse --show-toplevel [306ms]
2024-11-22 14:08:16.071 [info] > git rev-parse --git-dir --git-common-dir [41ms]
2024-11-22 14:08:16.071 [info] [Model][openRepository] Opened repository: /root
2024-11-22 14:08:16.110 [info] > git config --get commit.template [32ms]
2024-11-22 14:08:16.114 [info] > git rev-parse --show-toplevel [32ms]
2024-11-22 14:08:16.166 [info] > git for-each-ref --format=%(refname)%00%(upstream:short)%00%(objectname)%00%(upstream:track)%00%(upstream:remotename)%00%(upstream:remoteref) refs/heads/main refs/remotes/main [39ms]
2024-11-22 14:08:16.187 [info] > git rev-parse --git-dir --git-common-dir [54ms]
2024-11-22 14:08:16.206 [info] [Model][openRepository] Opened repository: /root/workspace/Asteroids
2024-11-22 14:08:16.231 [info] > git rev-parse --show-toplevel [10ms]
2024-11-22 14:08:16.232 [info] > git config --get commit.template [17ms]
2024-11-22 14:08:16.233 [info] > git for-each-ref --sort -committerdate --format %(refname) %(objectname) %(*objectname) [46ms]
2024-11-22 14:08:16.266 [info] > git rev-parse --show-toplevel [19ms]
2024-11-22 14:08:16.278 [info] [Model][doInitialScan] Initial repository scan completed - repositories (2), closed repositories (0), parent repositories (0), unsafe repositories (0)
2024-11-22 14:08:16.287 [info] > git for-each-ref --format=%(refname)%00%(upstream:short)%00%(objectname)%00%(upstream:track)%00%(upstream:remotename)%00%(upstream:remoteref) refs/heads/main refs/remotes/main [23ms]
2024-11-22 14:08:16.384 [info] > git for-each-ref --sort -committerdate --format %(refname) %(objectname) %(*objectname) [54ms]
2024-11-22 14:08:16.404 [info] > git status -z -uall [85ms]
2024-11-22 14:08:16.555 [info] > git for-each-ref --format=%(refname)%00%(upstream:short)%00%(objectname)%00%(upstream:track)%00%(upstream:remotename)%00%(upstream:remoteref) refs/heads/main refs/remotes/main [36ms]
2024-11-22 14:08:17.010 [info] > git config --local branch.main.vscode-merge-base [444ms]
2024-11-22 14:08:17.010 [warning] [Git][config] git config failed: Failed to execute git
2024-11-22 14:08:17.016 [info] > git config --get commit.template [477ms]
2024-11-22 14:08:17.038 [info] > git check-ignore -v -z --stdin [10ms]
2024-11-22 14:08:17.041 [info] > git reflog main --grep-reflog=branch: Created from *. [25ms]
2024-11-22 14:08:17.060 [info] > git for-each-ref --format=%(refname)%00%(upstream:short)%00%(objectname)%00%(upstream:track)%00%(upstream:remotename)%00%(upstream:remoteref) refs/heads/main refs/remotes/main [4ms]
2024-11-22 14:08:17.061 [info] > git symbolic-ref --short refs/remotes/origin/HEAD [14ms]
2024-11-22 14:08:17.061 [info] fatal: ref refs/remotes/origin/HEAD is not a symbolic ref
2024-11-22 14:08:17.061 [warning] [Repository][getDefaultBranch] Failed to get default branch details: Failed to execute git.
2024-11-22 14:08:17.072 [info] > git merge-base refs/heads/main refs/remotes/origin/main [4ms]
2024-11-22 14:08:17.087 [info] > git diff --name-status -z --diff-filter=ADMR 6420197b15a39090fdd5990bc1793b60b384fa2e...refs/remotes/origin/main [8ms]
2024-11-22 14:08:17.110 [info] > git check-ignore -v -z --stdin [87ms]
2024-11-22 14:08:17.111 [info] > git status -z -uall [14ms]
2024-11-22 14:08:17.112 [info] > git for-each-ref --sort -committerdate --format %(refname) %(objectname) %(*objectname) [8ms]
2024-11-22 14:08:17.152 [info] > git show --textconv :circleshape.py [32ms]
2024-11-22 14:08:17.153 [info] > git ls-files --stage -- /root/workspace/Asteroids/circleshape.py [27ms]
2024-11-22 14:08:17.165 [info] > git cat-file -s 23b2053d45ec9446897d4ff98e7323bea29f8a42 [6ms]
2024-11-22 14:08:17.174 [info] > git status -z -uall [995ms]
2024-11-22 14:08:19.451 [info] > git for-each-ref --format=%(refname)%00%(upstream:short)%00%(objectname)%00%(upstream:track)%00%(upstream:remotename)%00%(upstream:remoteref) refs/heads/main refs/remotes/main [1664ms]
2024-11-22 14:08:19.504 [info] > git config --local branch.main.vscode-merge-base [45ms]
2024-11-22 14:08:19.505 [warning] [Git][config] git config failed: Failed to execute git
2024-11-22 14:08:19.520 [info] > git config --get commit.template [115ms]
2024-11-22 14:08:19.608 [info] > git for-each-ref --format=%(refname)%00%(upstream:short)%00%(objectname)%00%(upstream:track)%00%(upstream:remotename)%00%(upstream:remoteref) refs/heads/main refs/remotes/main [18ms]
2024-11-22 14:08:19.652 [info] > git reflog main --grep-reflog=branch: Created from *. [132ms]
2024-11-22 14:08:19.668 [info] > git for-each-ref --sort -committerdate --format %(refname) %(objectname) %(*objectname) [19ms]
2024-11-22 14:08:19.671 [info] > git symbolic-ref --short refs/remotes/origin/HEAD [5ms]
2024-11-22 14:08:19.671 [info] fatal: ref refs/remotes/origin/HEAD is not a symbolic ref
2024-11-22 14:08:19.671 [warning] [Repository][getDefaultBranch] Failed to get default branch details: Failed to execute git.
2024-11-22 14:08:20.114 [info] > git status -z -uall [482ms]
2024-11-22 14:08:28.341 [info] > git config --get commit.template [1ms]
2024-11-22 14:08:28.347 [info] > git for-each-ref --format=%(refname)%00%(upstream:short)%00%(objectname)%00%(upstream:track)%00%(upstream:remotename)%00%(upstream:remoteref) refs/heads/main refs/remotes/main [1ms]
2024-11-22 14:08:28.358 [info] > git for-each-ref --sort -committerdate --format %(refname) %(objectname) %(*objectname) [1ms]
2024-11-22 14:08:28.538 [info] > git status -z -uall [187ms]
2024-11-22 14:08:35.562 [info] > git config --get commit.template [1ms]
2024-11-22 14:08:35.567 [info] > git for-each-ref --format=%(refname)%00%(upstream:short)%00%(objectname)%00%(upstream:track)%00%(upstream:remotename)%00%(upstream:remoteref) refs/heads/main refs/remotes/main [1ms]
2024-11-22 14:08:35.577 [info] > git for-each-ref --sort -committerdate --format %(refname) %(objectname) %(*objectname) [2ms]
2024-11-22 14:08:35.686 [info] > git status -z -uall [115ms]
2024-11-22 14:08:40.976 [info] > git for-each-ref --format=%(refname)%00%(upstream:short)%00%(objectname)%00%(upstream:track)%00%(upstream:remotename)%00%(upstream:remoteref) refs/heads/main refs/remotes/main [6ms]
2024-11-22 14:08:40.977 [info] > git config --get commit.template [11ms]
2024-11-22 14:08:40.993 [info] > git for-each-ref --sort -committerdate --format %(refname) %(objectname) %(*objectname) [3ms]
2024-11-22 14:08:41.192 [info] > git status -z -uall [209ms]
2024-11-22 14:08:46.538 [info] > git config --get commit.template [1ms]
2024-11-22 14:08:46.542 [info] > git for-each-ref --format=%(refname)%00%(upstream:short)%00%(objectname)%00%(upstream:track)%00%(upstream:remotename)%00%(upstream:remoteref) refs/heads/main refs/remotes/main [1ms]
2024-11-22 14:08:46.551 [info] > git for-each-ref --sort -committerdate --format %(refname) %(objectname) %(*objectname) [2ms]
2024-11-22 14:08:46.653 [info] > git status -z -uall [108ms]
2024-11-22 14:08:51.885 [info] > git config --get commit.template [1ms]
2024-11-22 14:08:51.890 [info] > git for-each-ref --format=%(refname)%00%(upstream:short)%00%(objectname)%00%(upstream:track)%00%(upstream:remotename)%00%(upstream:remoteref) refs/heads/main refs/remotes/main [1ms]
2024-11-22 14:08:51.899 [info] > git for-each-ref --sort -committerdate --format %(refname) %(objectname) %(*objectname) [2ms]
2024-11-22 14:08:52.000 [info] > git status -z -uall [107ms]
2024-11-22 14:08:57.246 [info] > git config --get commit.template [11ms]
2024-11-22 14:08:57.248 [info] > git for-each-ref --format=%(refname)%00%(upstream:short)%00%(objectname)%00%(upstream:track)%00%(upstream:remotename)%00%(upstream:remoteref) refs/heads/main refs/remotes/main [5ms]
2024-11-22 14:08:57.278 [info] > git for-each-ref --sort -committerdate --format %(refname) %(objectname) %(*objectname) [6ms]
2024-11-22 14:08:57.519 [info] > git status -z -uall [262ms]
2024-11-22 14:09:19.682 [info] > git config --get commit.template [9ms]
2024-11-22 14:09:19.685 [info] > git config --get commit.template [5ms]
2024-11-22 14:09:19.696 [info] > git for-each-ref --format=%(refname)%00%(upstream:short)%00%(objectname)%00%(upstream:track)%00%(upstream:remotename)%00%(upstream:remoteref) refs/heads/main refs/remotes/main [6ms]
2024-11-22 14:09:19.699 [info] > git for-each-ref --format=%(refname)%00%(upstream:short)%00%(objectname)%00%(upstream:track)%00%(upstream:remotename)%00%(upstream:remoteref) refs/heads/main refs/remotes/main [4ms]
2024-11-22 14:09:19.740 [info] > git status -z -uall [15ms]
2024-11-22 14:09:19.742 [info] > git for-each-ref --sort -committerdate --format %(refname) %(objectname) %(*objectname) [32ms]
2024-11-22 14:09:19.744 [info] > git for-each-ref --sort -committerdate --format %(refname) %(objectname) %(*objectname) [7ms]
2024-11-22 14:09:20.012 [info] > git status -z -uall [308ms]
2024-11-22 14:09:46.468 [info] > git for-each-ref --format=%(refname)%00%(upstream:short)%00%(objectname)%00%(upstream:track)%00%(upstream:remotename)%00%(upstream:remoteref) refs/heads/main refs/remotes/main [2ms]
2024-11-22 14:09:46.469 [info] > git config --get commit.template [10ms]
2024-11-22 14:09:46.486 [info] > git for-each-ref --sort -committerdate --format %(refname) %(objectname) %(*objectname) [7ms]
2024-11-22 14:09:46.734 [info] > git status -z -uall [261ms]
2024-11-22 14:10:19.155 [info] > git config --get commit.template [9ms]
2024-11-22 14:10:19.157 [info] > git for-each-ref --format=%(refname)%00%(upstream:short)%00%(objectname)%00%(upstream:track)%00%(upstream:remotename)%00%(upstream:remoteref) refs/heads/main refs/remotes/main [4ms]
2024-11-22 14:10:19.177 [info] > git for-each-ref --sort -committerdate --format %(refname) %(objectname) %(*objectname) [5ms]
2024-11-22 14:10:19.395 [info] > git status -z -uall [231ms]
2024-11-22 14:10:24.879 [info] > git config --get commit.template [11ms]
2024-11-22 14:10:24.881 [info] > git for-each-ref --format=%(refname)%00%(upstream:short)%00%(objectname)%00%(upstream:track)%00%(upstream:remotename)%00%(upstream:remoteref) refs/heads/main refs/remotes/main [4ms]
2024-11-22 14:10:24.925 [info] > git for-each-ref --sort -committerdate --format %(refname) %(objectname) %(*objectname) [6ms]
2024-11-22 14:10:25.134 [info] > git status -z -uall [226ms]
2024-11-22 14:10:32.273 [info] > git config --get commit.template [8ms]
2024-11-22 14:10:32.275 [info] > git for-each-ref --format=%(refname)%00%(upstream:short)%00%(objectname)%00%(upstream:track)%00%(upstream:remotename)%00%(upstream:remoteref) refs/heads/main refs/remotes/main [4ms]
2024-11-22 14:10:32.289 [info] > git for-each-ref --sort -committerdate --format %(refname) %(objectname) %(*objectname) [2ms]
2024-11-22 14:10:32.489 [info] > git status -z -uall [208ms]
2024-11-22 14:10:59.841 [info] > git config --get commit.template [3ms]
2024-11-22 14:10:59.849 [info] > git for-each-ref --format=%(refname)%00%(upstream:short)%00%(objectname)%00%(upstream:track)%00%(upstream:remotename)%00%(upstream:remoteref) refs/heads/main refs/remotes/main [2ms]
2024-11-22 14:10:59.862 [info] > git for-each-ref --sort -committerdate --format %(refname) %(objectname) %(*objectname) [2ms]
2024-11-22 14:11:00.130 [info] > git status -z -uall [275ms]
2024-11-22 14:11:05.634 [info] > git config --get commit.template [11ms]
2024-11-22 14:11:05.636 [info] > git for-each-ref --format=%(refname)%00%(upstream:short)%00%(objectname)%00%(upstream:track)%00%(upstream:remotename)%00%(upstream:remoteref) refs/heads/main refs/remotes/main [3ms]
2024-11-22 14:11:05.658 [info] > git for-each-ref --sort -committerdate --format %(refname) %(objectname) %(*objectname) [4ms]
2024-11-22 14:11:05.885 [info] > git status -z -uall [239ms]
2024-11-22 14:12:26.948 [info] > git config --get commit.template [3ms]
2024-11-22 14:12:26.960 [info] > git for-each-ref --format=%(refname)%00%(upstream:short)%00%(objectname)%00%(upstream:track)%00%(upstream:remotename)%00%(upstream:remoteref) refs/heads/main refs/remotes/main [3ms]
2024-11-22 14:12:26.992 [info] > git for-each-ref --sort -committerdate --format %(refname) %(objectname) %(*objectname) [5ms]
2024-11-22 14:12:27.219 [info] > git status -z -uall [247ms]
2024-11-22 14:24:03.982 [info] > git config --get commit.template [16ms]
2024-11-22 14:24:03.995 [info] > git for-each-ref --format=%(refname)%00%(upstream:short)%00%(objectname)%00%(upstream:track)%00%(upstream:remotename)%00%(upstream:remoteref) refs/heads/main refs/remotes/main [17ms]
2024-11-22 14:24:04.021 [info] > git for-each-ref --sort -committerdate --format %(refname) %(objectname) %(*objectname) [7ms]
2024-11-22 14:24:04.409 [info] > git status -z -uall [404ms]
2024-11-22 16:00:26.725 [info] > git config --get commit.template [2ms]
2024-11-22 16:00:26.735 [info] > git for-each-ref --format=%(refname)%00%(upstream:short)%00%(objectname)%00%(upstream:track)%00%(upstream:remotename)%00%(upstream:remoteref) refs/heads/main refs/remotes/main [3ms]
2024-11-22 16:00:26.756 [info] > git for-each-ref --sort -committerdate --format %(refname) %(objectname) %(*objectname) [4ms]
2024-11-22 16:00:26.920 [info] > git status -z -uall [179ms]
2024-11-22 16:00:32.276 [info] > git config --get commit.template [9ms]
2024-11-22 16:00:32.278 [info] > git for-each-ref --format=%(refname)%00%(upstream:short)%00%(objectname)%00%(upstream:track)%00%(upstream:remotename)%00%(upstream:remoteref) refs/heads/main refs/remotes/main [2ms]
2024-11-22 16:00:32.297 [info] > git for-each-ref --sort -committerdate --format %(refname) %(objectname) %(*objectname) [4ms]
2024-11-22 16:00:32.523 [info] > git status -z -uall [238ms]
2024-11-22 16:00:37.970 [info] > git config --get commit.template [7ms]
2024-11-22 16:00:37.971 [info] > git for-each-ref --format=%(refname)%00%(upstream:short)%00%(objectname)%00%(upstream:track)%00%(upstream:remotename)%00%(upstream:remoteref) refs/heads/main refs/remotes/main [2ms]
2024-11-22 16:00:37.986 [info] > git for-each-ref --sort -committerdate --format %(refname) %(objectname) %(*objectname) [2ms]
2024-11-22 16:00:38.182 [info] > git status -z -uall [205ms]
2024-11-22 16:00:43.575 [info] > git config --get commit.template [5ms]
2024-11-22 16:00:43.576 [info] > git for-each-ref --format=%(refname)%00%(upstream:short)%00%(objectname)%00%(upstream:track)%00%(upstream:remotename)%00%(upstream:remoteref) refs/heads/main refs/remotes/main [1ms]
2024-11-22 16:00:43.587 [info] > git for-each-ref --sort -committerdate --format %(refname) %(objectname) %(*objectname) [2ms]
2024-11-22 16:00:43.772 [info] > git status -z -uall [191ms]
2024-11-22 16:00:49.202 [info] > git config --get commit.template [10ms]
2024-11-22 16:00:49.204 [info] > git for-each-ref --format=%(refname)%00%(upstream:short)%00%(objectname)%00%(upstream:track)%00%(upstream:remotename)%00%(upstream:remoteref) refs/heads/main refs/remotes/main [3ms]
2024-11-22 16:00:49.224 [info] > git for-each-ref --sort -committerdate --format %(refname) %(objectname) %(*objectname) [4ms]
2024-11-22 16:00:49.401 [info] > git status -z -uall [190ms]
2024-11-22 16:00:54.836 [info] > git config --get commit.template [7ms]
2024-11-22 16:00:54.837 [info] > git for-each-ref --format=%(refname)%00%(upstream:short)%00%(objectname)%00%(upstream:track)%00%(upstream:remotename)%00%(upstream:remoteref) refs/heads/main refs/remotes/main [2ms]
2024-11-22 16:00:54.853 [info] > git for-each-ref --sort -committerdate --format %(refname) %(objectname) %(*objectname) [3ms]
2024-11-22 16:00:55.063 [info] > git status -z -uall [220ms]
2024-11-22 16:01:00.506 [info] > git config --get commit.template [6ms]
2024-11-22 16:01:00.507 [info] > git for-each-ref --format=%(refname)%00%(upstream:short)%00%(objectname)%00%(upstream:track)%00%(upstream:remotename)%00%(upstream:remoteref) refs/heads/main refs/remotes/main [2ms]
2024-11-22 16:01:00.522 [info] > git for-each-ref --sort -committerdate --format %(refname) %(objectname) %(*objectname) [2ms]
2024-11-22 16:01:00.688 [info] > git status -z -uall [175ms]
2024-11-22 16:01:06.068 [info] > git config --get commit.template [7ms]
2024-11-22 16:01:06.069 [info] > git for-each-ref --format=%(refname)%00%(upstream:short)%00%(objectname)%00%(upstream:track)%00%(upstream:remotename)%00%(upstream:remoteref) refs/heads/main refs/remotes/main [2ms]
2024-11-22 16:01:06.084 [info] > git for-each-ref --sort -committerdate --format %(refname) %(objectname) %(*objectname) [3ms]
2024-11-22 16:01:06.269 [info] > git status -z -uall [194ms]
2024-11-22 16:01:11.239 [info] > git show --textconv :main.py [11ms]
2024-11-22 16:01:11.241 [info] > git ls-files --stage -- /root/workspace/Asteroids/main.py [6ms]
2024-11-22 16:01:11.252 [info] > git cat-file -s cf833962e9769381bc4c3ee137ced1044665efb0 [2ms]
2024-11-22 16:01:11.731 [info] > git config --get commit.template [7ms]
2024-11-22 16:01:11.732 [info] > git for-each-ref --format=%(refname)%00%(upstream:short)%00%(objectname)%00%(upstream:track)%00%(upstream:remotename)%00%(upstream:remoteref) refs/heads/main refs/remotes/main [2ms]
2024-11-22 16:01:11.749 [info] > git for-each-ref --sort -committerdate --format %(refname) %(objectname) %(*objectname) [4ms]
2024-11-22 16:01:11.925 [info] > git status -z -uall [187ms]
2024-11-22 16:01:17.358 [info] > git config --get commit.template [8ms]
2024-11-22 16:01:17.360 [info] > git for-each-ref --format=%(refname)%00%(upstream:short)%00%(objectname)%00%(upstream:track)%00%(upstream:remotename)%00%(upstream:remoteref) refs/heads/main refs/remotes/main [2ms]
2024-11-22 16:01:17.378 [info] > git for-each-ref --sort -committerdate --format %(refname) %(objectname) %(*objectname) [5ms]
2024-11-22 16:01:17.622 [info] > git status -z -uall [256ms]
2024-11-22 16:01:23.188 [info] > git config --get commit.template [9ms]
2024-11-22 16:01:23.190 [info] > git for-each-ref --format=%(refname)%00%(upstream:short)%00%(objectname)%00%(upstream:track)%00%(upstream:remotename)%00%(upstream:remoteref) refs/heads/main refs/remotes/main [3ms]
2024-11-22 16:01:23.212 [info] > git for-each-ref --sort -committerdate --format %(refname) %(objectname) %(*objectname) [4ms]
2024-11-22 16:01:23.377 [info] > git status -z -uall [178ms]
2024-11-22 16:02:08.575 [info] > git config --get commit.template [4ms]
2024-11-22 16:02:08.589 [info] > git for-each-ref --format=%(refname)%00%(upstream:short)%00%(objectname)%00%(upstream:track)%00%(upstream:remotename)%00%(upstream:remoteref) refs/heads/main refs/remotes/main [4ms]
2024-11-22 16:02:08.604 [info] > git for-each-ref --sort -committerdate --format %(refname) %(objectname) %(*objectname) [3ms]
2024-11-22 16:02:08.845 [info] > git status -z -uall [250ms]
2024-11-22 16:02:14.372 [info] > git config --get commit.template [12ms]
2024-11-22 16:02:14.375 [info] > git for-each-ref --format=%(refname)%00%(upstream:short)%00%(objectname)%00%(upstream:track)%00%(upstream:remotename)%00%(upstream:remoteref) refs/heads/main refs/remotes/main [3ms]
2024-11-22 16:02:14.392 [info] > git for-each-ref --sort -committerdate --format %(refname) %(objectname) %(*objectname) [3ms]
2024-11-22 16:02:14.575 [info] > git status -z -uall [193ms]
2024-11-22 16:02:20.007 [info] > git config --get commit.template [4ms]
2024-11-22 16:02:20.015 [info] > git for-each-ref --format=%(refname)%00%(upstream:short)%00%(objectname)%00%(upstream:track)%00%(upstream:remotename)%00%(upstream:remoteref) refs/heads/main refs/remotes/main [2ms]
2024-11-22 16:02:20.029 [info] > git for-each-ref --sort -committerdate --format %(refname) %(objectname) %(*objectname) [3ms]
2024-11-22 16:02:20.209 [info] > git status -z -uall [188ms]
2024-11-22 16:02:25.592 [info] > git config --get commit.template [9ms]
2024-11-22 16:02:25.593 [info] > git for-each-ref --format=%(refname)%00%(upstream:short)%00%(objectname)%00%(upstream:track)%00%(upstream:remotename)%00%(upstream:remoteref) refs/heads/main refs/remotes/main [2ms]
2024-11-22 16:02:25.614 [info] > git for-each-ref --sort -committerdate --format %(refname) %(objectname) %(*objectname) [4ms]
2024-11-22 16:02:25.857 [info] > git status -z -uall [256ms]
2024-11-22 16:02:31.264 [info] > git config --get commit.template [11ms]
2024-11-22 16:02:31.265 [info] > git for-each-ref --format=%(refname)%00%(upstream:short)%00%(objectname)%00%(upstream:track)%00%(upstream:remotename)%00%(upstream:remoteref) refs/heads/main refs/remotes/main [2ms]
2024-11-22 16:02:31.282 [info] > git for-each-ref --sort -committerdate --format %(refname) %(objectname) %(*objectname) [4ms]
2024-11-22 16:02:31.461 [info] > git status -z -uall [190ms]
2024-11-22 16:02:36.774 [info] > git config --get commit.template [3ms]
2024-11-22 16:02:36.787 [info] > git for-each-ref --format=%(refname)%00%(upstream:short)%00%(objectname)%00%(upstream:track)%00%(upstream:remotename)%00%(upstream:remoteref) refs/heads/main refs/remotes/main [3ms]
2024-11-22 16:02:36.808 [info] > git for-each-ref --sort -committerdate --format %(refname) %(objectname) %(*objectname) [4ms]
2024-11-22 16:02:36.971 [info] > git status -z -uall [177ms]
2024-11-22 16:02:42.352 [info] > git config --get commit.template [12ms]
2024-11-22 16:02:42.354 [info] > git for-each-ref --format=%(refname)%00%(upstream:short)%00%(objectname)%00%(upstream:track)%00%(upstream:remotename)%00%(upstream:remoteref) refs/heads/main refs/remotes/main [3ms]
2024-11-22 16:02:42.374 [info] > git for-each-ref --sort -committerdate --format %(refname) %(objectname) %(*objectname) [4ms]
2024-11-22 16:02:42.583 [info] > git status -z -uall [222ms]
2024-11-22 16:02:47.986 [info] > git config --get commit.template [10ms]
2024-11-22 16:02:47.987 [info] > git for-each-ref --format=%(refname)%00%(upstream:short)%00%(objectname)%00%(upstream:track)%00%(upstream:remotename)%00%(upstream:remoteref) refs/heads/main refs/remotes/main [2ms]
2024-11-22 16:02:48.007 [info] > git for-each-ref --sort -committerdate --format %(refname) %(objectname) %(*objectname) [4ms]
2024-11-22 16:02:48.196 [info] > git status -z -uall [202ms]
2024-11-22 16:02:53.537 [info] > git config --get commit.template [10ms]
2024-11-22 16:02:53.538 [info] > git for-each-ref --format=%(refname)%00%(upstream:short)%00%(objectname)%00%(upstream:track)%00%(upstream:remotename)%00%(upstream:remoteref) refs/heads/main refs/remotes/main [3ms]
2024-11-22 16:02:53.557 [info] > git for-each-ref --sort -committerdate --format %(refname) %(objectname) %(*objectname) [3ms]
2024-11-22 16:02:53.782 [info] > git status -z -uall [236ms]
2024-11-22 16:02:59.266 [info] > git config --get commit.template [9ms]
2024-11-22 16:02:59.267 [info] > git for-each-ref --format=%(refname)%00%(upstream:short)%00%(objectname)%00%(upstream:track)%00%(upstream:remotename)%00%(upstream:remoteref) refs/heads/main refs/remotes/main [2ms]
2024-11-22 16:02:59.284 [info] > git for-each-ref --sort -committerdate --format %(refname) %(objectname) %(*objectname) [3ms]
2024-11-22 16:02:59.436 [info] > git status -z -uall [162ms]
2024-11-22 16:03:04.793 [info] > git config --get commit.template [4ms]
2024-11-22 16:03:04.807 [info] > git for-each-ref --format=%(refname)%00%(upstream:short)%00%(objectname)%00%(upstream:track)%00%(upstream:remotename)%00%(upstream:remoteref) refs/heads/main refs/remotes/main [4ms]
2024-11-22 16:03:04.827 [info] > git for-each-ref --sort -committerdate --format %(refname) %(objectname) %(*objectname) [4ms]
2024-11-22 16:03:05.016 [info] > git status -z -uall [201ms]
2024-11-22 16:04:50.801 [info] > git config --get commit.template [3ms]
2024-11-22 16:04:50.810 [info] > git for-each-ref --format=%(refname)%00%(upstream:short)%00%(objectname)%00%(upstream:track)%00%(upstream:remotename)%00%(upstream:remoteref) refs/heads/main refs/remotes/main [2ms]
2024-11-22 16:04:50.827 [info] > git for-each-ref --sort -committerdate --format %(refname) %(objectname) %(*objectname) [3ms]
2024-11-22 16:04:51.043 [info] > git status -z -uall [226ms]
2024-11-22 16:04:56.576 [info] > git config --get commit.template [13ms]
2024-11-22 16:04:56.578 [info] > git for-each-ref --format=%(refname)%00%(upstream:short)%00%(objectname)%00%(upstream:track)%00%(upstream:remotename)%00%(upstream:remoteref) refs/heads/main refs/remotes/main [3ms]
2024-11-22 16:04:56.600 [info] > git for-each-ref --sort -committerdate --format %(refname) %(objectname) %(*objectname) [5ms]
2024-11-22 16:04:56.665 [info] > git show --textconv :time.py [10ms]
2024-11-22 16:04:56.668 [info] > git ls-files --stage -- /root/workspace/Asteroids/time.py [4ms]
2024-11-22 16:04:56.798 [info] > git status -z -uall [212ms]
2024-11-22 16:04:58.645 [info] > git check-ignore -v -z --stdin [1373ms]
2024-11-22 16:04:58.654 [info] > git config --get commit.template [12ms]
2024-11-22 16:04:58.673 [info] > git for-each-ref --format=%(refname)%00%(upstream:short)%00%(objectname)%00%(upstream:track)%00%(upstream:remotename)%00%(upstream:remoteref) refs/heads/main refs/remotes/main [11ms]
2024-11-22 16:04:58.755 [info] > git status -z -uall [50ms]
2024-11-22 16:04:58.756 [info] > git for-each-ref --sort -committerdate --format %(refname) %(objectname) %(*objectname) [22ms]
2024-11-22 16:05:21.268 [info] > git config --get commit.template [2ms]
2024-11-22 16:05:21.277 [info] > git for-each-ref --format=%(refname)%00%(upstream:short)%00%(objectname)%00%(upstream:track)%00%(upstream:remotename)%00%(upstream:remoteref) refs/heads/main refs/remotes/main [2ms]
2024-11-22 16:05:21.294 [info] > git for-each-ref --sort -committerdate --format %(refname) %(objectname) %(*objectname) [3ms]
2024-11-22 16:05:21.508 [info] > git status -z -uall [225ms]
2024-11-22 16:05:57.459 [info] > git config --get commit.template [16ms]
2024-11-22 16:05:57.460 [info] > git for-each-ref --format=%(refname)%00%(upstream:short)%00%(objectname)%00%(upstream:track)%00%(upstream:remotename)%00%(upstream:remoteref) refs/heads/main refs/remotes/main [3ms]
2024-11-22 16:05:57.477 [info] > git for-each-ref --sort -committerdate --format %(refname) %(objectname) %(*objectname) [3ms]
2024-11-22 16:05:57.704 [info] > git status -z -uall [238ms]
2024-11-22 16:06:03.191 [info] > git config --get commit.template [18ms]
2024-11-22 16:06:03.193 [info] > git for-each-ref --format=%(refname)%00%(upstream:short)%00%(objectname)%00%(upstream:track)%00%(upstream:remotename)%00%(upstream:remoteref) refs/heads/main refs/remotes/main [4ms]
2024-11-22 16:06:03.222 [info] > git for-each-ref --sort -committerdate --format %(refname) %(objectname) %(*objectname) [4ms]
2024-11-22 16:06:03.454 [info] > git status -z -uall [250ms]
2024-11-22 16:06:20.909 [info] > git config --get commit.template [2ms]
2024-11-22 16:06:20.920 [info] > git for-each-ref --format=%(refname)%00%(upstream:short)%00%(objectname)%00%(upstream:track)%00%(upstream:remotename)%00%(upstream:remoteref) refs/heads/main refs/remotes/main [2ms]
2024-11-22 16:06:20.938 [info] > git for-each-ref --sort -committerdate --format %(refname) %(objectname) %(*objectname) [2ms]
2024-11-22 16:06:21.162 [info] > git status -z -uall [235ms]
2024-11-22 16:06:24.603 [info] > git show --textconv :main.py [9ms]
2024-11-22 16:06:24.605 [info] > git ls-files --stage -- /root/workspace/Asteroids/main.py [4ms]
2024-11-22 16:06:24.615 [info] > git cat-file -s cf833962e9769381bc4c3ee137ced1044665efb0 [2ms]
2024-11-22 16:06:26.719 [info] > git config --get commit.template [8ms]
2024-11-22 16:06:26.720 [info] > git for-each-ref --format=%(refname)%00%(upstream:short)%00%(objectname)%00%(upstream:track)%00%(upstream:remotename)%00%(upstream:remoteref) refs/heads/main refs/remotes/main [2ms]
2024-11-22 16:06:26.736 [info] > git for-each-ref --sort -committerdate --format %(refname) %(objectname) %(*objectname) [3ms]
2024-11-22 16:06:26.897 [info] > git status -z -uall [170ms]
2024-11-22 16:06:48.116 [info] > git config --get commit.template [11ms]
2024-11-22 16:06:48.117 [info] > git for-each-ref --format=%(refname)%00%(upstream:short)%00%(objectname)%00%(upstream:track)%00%(upstream:remotename)%00%(upstream:remoteref) refs/heads/main refs/remotes/main [2ms]
2024-11-22 16:06:48.133 [info] > git for-each-ref --sort -committerdate --format %(refname) %(objectname) %(*objectname) [3ms]
2024-11-22 16:06:48.359 [info] > git status -z -uall [236ms]
2024-11-22 16:07:11.429 [info] > git config --get commit.template [8ms]
2024-11-22 16:07:11.430 [info] > git for-each-ref --format=%(refname)%00%(upstream:short)%00%(objectname)%00%(upstream:track)%00%(upstream:remotename)%00%(upstream:remoteref) refs/heads/main refs/remotes/main [2ms]
2024-11-22 16:07:11.446 [info] > git for-each-ref --sort -committerdate --format %(refname) %(objectname) %(*objectname) [3ms]
2024-11-22 16:07:11.701 [info] > git status -z -uall [266ms]
2024-11-22 16:07:14.098 [info] > git show --textconv :time.py [9ms]
2024-11-22 16:07:14.100 [info] > git ls-files --stage -- /root/workspace/Asteroids/time.py [4ms]
2024-11-22 16:07:17.230 [info] > git config --get commit.template [10ms]
2024-11-22 16:07:17.231 [info] > git for-each-ref --format=%(refname)%00%(upstream:short)%00%(objectname)%00%(upstream:track)%00%(upstream:remotename)%00%(upstream:remoteref) refs/heads/main refs/remotes/main [3ms]
2024-11-22 16:07:17.246 [info] > git for-each-ref --sort -committerdate --format %(refname) %(objectname) %(*objectname) [3ms]
2024-11-22 16:07:17.468 [info] > git status -z -uall [230ms]
2024-11-22 16:07:20.249 [info] > git show --textconv :gameinfo.py [13ms]
2024-11-22 16:07:20.249 [info] > git ls-files --stage -- /root/workspace/Asteroids/gameinfo.py [4ms]
2024-11-22 16:07:20.497 [info] > git check-ignore -v -z --stdin [2ms]
2024-11-22 16:07:21.020 [info] > git config --get commit.template [16ms]
2024-11-22 16:07:21.021 [info] > git for-each-ref --format=%(refname)%00%(upstream:short)%00%(objectname)%00%(upstream:track)%00%(upstream:remotename)%00%(upstream:remoteref) refs/heads/main refs/remotes/main [2ms]
2024-11-22 16:07:21.048 [info] > git status -z -uall [13ms]
2024-11-22 16:07:21.049 [info] > git for-each-ref --sort -committerdate --format %(refname) %(objectname) %(*objectname) [3ms]
2024-11-22 16:07:23.003 [info] > git config --get commit.template [9ms]
2024-11-22 16:07:23.004 [info] > git for-each-ref --format=%(refname)%00%(upstream:short)%00%(objectname)%00%(upstream:track)%00%(upstream:remotename)%00%(upstream:remoteref) refs/heads/main refs/remotes/main [2ms]
2024-11-22 16:07:23.028 [info] > git for-each-ref --sort -committerdate --format %(refname) %(objectname) %(*objectname) [4ms]
2024-11-22 16:07:23.286 [info] > git status -z -uall [273ms]
2024-11-22 16:07:30.540 [info] > git config --get commit.template [3ms]
2024-11-22 16:07:30.548 [info] > git for-each-ref --format=%(refname)%00%(upstream:short)%00%(objectname)%00%(upstream:track)%00%(upstream:remotename)%00%(upstream:remoteref) refs/heads/main refs/remotes/main [2ms]
2024-11-22 16:07:30.566 [info] > git for-each-ref --sort -committerdate --format %(refname) %(objectname) %(*objectname) [3ms]
2024-11-22 16:07:30.805 [info] > git status -z -uall [251ms]
2024-11-22 16:07:38.282 [info] > git config --get commit.template [6ms]
2024-11-22 16:07:38.282 [info] > git for-each-ref --format=%(refname)%00%(upstream:short)%00%(objectname)%00%(upstream:track)%00%(upstream:remotename)%00%(upstream:remoteref) refs/heads/main refs/remotes/main [2ms]
2024-11-22 16:07:38.295 [info] > git status -z -uall [7ms]
2024-11-22 16:07:38.298 [info] > git for-each-ref --sort -committerdate --format %(refname) %(objectname) %(*objectname) [4ms]
2024-11-22 16:07:40.721 [info] > git config --get commit.template [11ms]
2024-11-22 16:07:40.722 [info] > git for-each-ref --format=%(refname)%00%(upstream:short)%00%(objectname)%00%(upstream:track)%00%(upstream:remotename)%00%(upstream:remoteref) refs/heads/main refs/remotes/main [3ms]
2024-11-22 16:07:40.741 [info] > git for-each-ref --sort -committerdate --format %(refname) %(objectname) %(*objectname) [3ms]
2024-11-22 16:07:40.895 [info] > git status -z -uall [165ms]
2024-11-22 16:08:09.077 [info] > git config --get commit.template [10ms]
2024-11-22 16:08:09.078 [info] > git for-each-ref --format=%(refname)%00%(upstream:short)%00%(objectname)%00%(upstream:track)%00%(upstream:remotename)%00%(upstream:remoteref) refs/heads/main refs/remotes/main [3ms]
2024-11-22 16:08:09.096 [info] > git for-each-ref --sort -committerdate --format %(refname) %(objectname) %(*objectname) [4ms]
2024-11-22 16:08:09.288 [info] > git status -z -uall [204ms]
2024-11-22 16:08:11.913 [info] > git show --textconv :main.py [10ms]
2024-11-22 16:08:11.916 [info] > git ls-files --stage -- /root/workspace/Asteroids/main.py [4ms]
2024-11-22 16:08:11.925 [info] > git cat-file -s cf833962e9769381bc4c3ee137ced1044665efb0 [2ms]
2024-11-22 16:08:14.808 [info] > git config --get commit.template [10ms]
2024-11-22 16:08:14.809 [info] > git for-each-ref --format=%(refname)%00%(upstream:short)%00%(objectname)%00%(upstream:track)%00%(upstream:remotename)%00%(upstream:remoteref) refs/heads/main refs/remotes/main [2ms]
2024-11-22 16:08:14.834 [info] > git for-each-ref --sort -committerdate --format %(refname) %(objectname) %(*objectname) [5ms]
2024-11-22 16:08:14.979 [info] > git status -z -uall [160ms]
2024-11-22 16:09:04.421 [info] > git config --get commit.template [3ms]
2024-11-22 16:09:04.429 [info] > git for-each-ref --format=%(refname)%00%(upstream:short)%00%(objectname)%00%(upstream:track)%00%(upstream:remotename)%00%(upstream:remoteref) refs/heads/main refs/remotes/main [1ms]
2024-11-22 16:09:04.447 [info] > git for-each-ref --sort -committerdate --format %(refname) %(objectname) %(*objectname) [3ms]
2024-11-22 16:09:04.718 [info] > git status -z -uall [282ms]
2024-11-22 16:09:18.990 [info] > git config --get commit.template [10ms]
2024-11-22 16:09:18.991 [info] > git for-each-ref --format=%(refname)%00%(upstream:short)%00%(objectname)%00%(upstream:track)%00%(upstream:remotename)%00%(upstream:remoteref) refs/heads/main refs/remotes/main [4ms]
2024-11-22 16:09:19.009 [info] > git for-each-ref --sort -committerdate --format %(refname) %(objectname) %(*objectname) [3ms]
2024-11-22 16:09:19.229 [info] > git status -z -uall [231ms]
2024-11-22 16:09:24.639 [info] > git config --get commit.template [14ms]
2024-11-22 16:09:24.640 [info] > git for-each-ref --format=%(refname)%00%(upstream:short)%00%(objectname)%00%(upstream:track)%00%(upstream:remotename)%00%(upstream:remoteref) refs/heads/main refs/remotes/main [3ms]
2024-11-22 16:09:24.662 [info] > git for-each-ref --sort -committerdate --format %(refname) %(objectname) %(*objectname) [4ms]
2024-11-22 16:09:24.829 [info] > git status -z -uall [180ms]
2024-11-22 16:09:30.171 [info] > git config --get commit.template [9ms]
2024-11-22 16:09:30.171 [info] > git for-each-ref --format=%(refname)%00%(upstream:short)%00%(objectname)%00%(upstream:track)%00%(upstream:remotename)%00%(upstream:remoteref) refs/heads/main refs/remotes/main [2ms]
2024-11-22 16:09:30.193 [info] > git for-each-ref --sort -committerdate --format %(refname) %(objectname) %(*objectname) [4ms]
2024-11-22 16:09:30.424 [info] > git status -z -uall [245ms]
2024-11-22 16:09:35.790 [info] > git config --get commit.template [11ms]
2024-11-22 16:09:35.792 [info] > git for-each-ref --format=%(refname)%00%(upstream:short)%00%(objectname)%00%(upstream:track)%00%(upstream:remotename)%00%(upstream:remoteref) refs/heads/main refs/remotes/main [4ms]
2024-11-22 16:09:35.811 [info] > git for-each-ref --sort -committerdate --format %(refname) %(objectname) %(*objectname) [6ms]
2024-11-22 16:09:35.990 [info] > git status -z -uall [192ms]
2024-11-22 16:09:47.558 [info] > git config --get commit.template [12ms]
2024-11-22 16:09:47.559 [info] > git config --get commit.template [3ms]
2024-11-22 16:09:47.572 [info] > git for-each-ref --format=%(refname)%00%(upstream:short)%00%(objectname)%00%(upstream:track)%00%(upstream:remotename)%00%(upstream:remoteref) refs/heads/main refs/remotes/main [6ms]
2024-11-22 16:09:47.573 [info] > git for-each-ref --format=%(refname)%00%(upstream:short)%00%(objectname)%00%(upstream:track)%00%(upstream:remotename)%00%(upstream:remoteref) refs/heads/main refs/remotes/main [2ms]
2024-11-22 16:09:47.618 [info] > git status -z -uall [21ms]
2024-11-22 16:09:47.628 [info] > git for-each-ref --sort -committerdate --format %(refname) %(objectname) %(*objectname) [40ms]
2024-11-22 16:09:47.631 [info] > git for-each-ref --sort -committerdate --format %(refname) %(objectname) %(*objectname) [16ms]
2024-11-22 16:09:47.874 [info] > git status -z -uall [294ms]
2024-11-22 16:09:53.118 [info] > git check-ignore -v -z --stdin [74ms]
2024-11-22 16:09:53.273 [info] > git config --get commit.template [12ms]
2024-11-22 16:09:53.274 [info] > git for-each-ref --format=%(refname)%00%(upstream:short)%00%(objectname)%00%(upstream:track)%00%(upstream:remotename)%00%(upstream:remoteref) refs/heads/main refs/remotes/main [3ms]
2024-11-22 16:09:53.299 [info] > git for-each-ref --sort -committerdate --format %(refname) %(objectname) %(*objectname) [5ms]
2024-11-22 16:09:53.575 [info] > git status -z -uall [292ms]
2024-11-22 16:09:55.765 [info] > git config --get commit.template [192ms]
2024-11-22 16:09:55.776 [info] > git for-each-ref --format=%(refname)%00%(upstream:short)%00%(objectname)%00%(upstream:track)%00%(upstream:remotename)%00%(upstream:remoteref) refs/heads/main refs/remotes/main [3ms]
2024-11-22 16:09:55.795 [info] > git status -z -uall [7ms]
2024-11-22 16:09:55.800 [info] > git for-each-ref --sort -committerdate --format %(refname) %(objectname) %(*objectname) [7ms]
2024-11-22 16:09:58.708 [info] > git check-ignore -v -z --stdin [751ms]
2024-11-22 16:09:59.224 [info] > git config --get commit.template [10ms]
2024-11-22 16:09:59.225 [info] > git for-each-ref --format=%(refname)%00%(upstream:short)%00%(objectname)%00%(upstream:track)%00%(upstream:remotename)%00%(upstream:remoteref) refs/heads/main refs/remotes/main [3ms]
2024-11-22 16:09:59.242 [info] > git for-each-ref --sort -committerdate --format %(refname) %(objectname) %(*objectname) [2ms]
2024-11-22 16:09:59.345 [info] > git check-ignore -v -z --stdin [324ms]
2024-11-22 16:09:59.490 [info] > git status -z -uall [258ms]
