2024-11-14 09:09:51.485 [info] Extension host with pid 534 started
2024-11-14 09:09:51.631 [info] ExtensionService#_doActivateExtension vscode.emmet, startup: false, activationEvent: 'onLanguage'
2024-11-14 09:09:51.635 [info] ExtensionService#_doActivateExtension ms-python.python, startup: false, activationEvent: 'onLanguage:python', root cause: ms-python.debugpy
2024-11-14 09:09:52.945 [info] ExtensionService#_doActivateExtension vscode.git-base, startup: true, activationEvent: '*', root cause: vscode.git
2024-11-14 09:09:53.039 [info] Lock '/root/.vscode-server/data/User/workspaceStorage/12378d868cd1f73fdeb55096921fa0c7/vscode.lock': Lock acquired.
2024-11-14 09:09:53.949 [info] ExtensionService#_doActivateExtension vscode.git, startup: true, activationEvent: '*'
2024-11-14 09:09:53.950 [info] ExtensionService#_doActivateExtension vscode.github, startup: true, activationEvent: '*'
2024-11-14 09:09:55.334 [info] ExtensionService#_doActivateExtension ms-python.debugpy, startup: false, activationEvent: 'onLanguage:python'
2024-11-14 09:09:55.335 [info] ExtensionService#_doActivateExtension ms-python.vscode-pylance, startup: false, activationEvent: 'onLanguage:python'
2024-11-14 09:09:57.539 [info] Eager extensions activated
2024-11-14 09:09:57.540 [info] ExtensionService#_doActivateExtension vscode.debug-auto-launch, startup: false, activationEvent: 'onStartupFinished'
2024-11-14 09:09:57.541 [info] ExtensionService#_doActivateExtension vscode.merge-conflict, startup: false, activationEvent: 'onStartupFinished'
2024-11-14 09:10:04.520 [info] ExtensionService#_doActivateExtension vscode.configuration-editing, startup: false, activationEvent: 'onLanguage:jsonc'
2024-11-14 09:10:04.524 [info] ExtensionService#_doActivateExtension vscode.json-language-features, startup: false, activationEvent: 'onLanguage:jsonc'
2024-11-14 09:10:04.524 [info] ExtensionService#_doActivateExtension vscode.typescript-language-features, startup: false, activationEvent: 'onLanguage:jsonc'
2024-11-14 12:03:22.349 [info] Extension host terminating: received terminate message from renderer
2024-11-14 12:03:22.356 [info] Lock '/root/.vscode-server/data/User/workspaceStorage/12378d868cd1f73fdeb55096921fa0c7/vscode.lock': Marking the lockfile as scheduled to be released in 6000 ms.
2024-11-14 12:03:22.717 [error] Canceled: Canceled
	at new tT (file:///root/.vscode-server/bin/e8653663e8840adaf45af01eab5c627a5af81807/out/vs/workbench/api/node/extensionHostProcess.js:31:151066)
	at py.U (file:///root/.vscode-server/bin/e8653663e8840adaf45af01eab5c627a5af81807/out/vs/workbench/api/node/extensionHostProcess.js:31:155676)
	at s.<computed>.n.charCodeAt.s.<computed> (file:///root/.vscode-server/bin/e8653663e8840adaf45af01eab5c627a5af81807/out/vs/workbench/api/node/extensionHostProcess.js:31:153170)
	at Y0.g (file:///root/.vscode-server/bin/e8653663e8840adaf45af01eab5c627a5af81807/out/vs/workbench/api/node/extensionHostProcess.js:114:32313)
	at Y0.executeCommand (file:///root/.vscode-server/bin/e8653663e8840adaf45af01eab5c627a5af81807/out/vs/workbench/api/node/extensionHostProcess.js:114:31817)
	at r.registerCommand.description (file:///root/.vscode-server/bin/e8653663e8840adaf45af01eab5c627a5af81807/out/vs/workbench/api/node/extensionHostProcess.js:114:31147)
	at Y0.h (file:///root/.vscode-server/bin/e8653663e8840adaf45af01eab5c627a5af81807/out/vs/workbench/api/node/extensionHostProcess.js:114:32833)
	at Y0.g (file:///root/.vscode-server/bin/e8653663e8840adaf45af01eab5c627a5af81807/out/vs/workbench/api/node/extensionHostProcess.js:114:31910)
	at Y0.executeCommand (file:///root/.vscode-server/bin/e8653663e8840adaf45af01eab5c627a5af81807/out/vs/workbench/api/node/extensionHostProcess.js:114:31817)
	at Object.executeCommand (file:///root/.vscode-server/bin/e8653663e8840adaf45af01eab5c627a5af81807/out/vs/workbench/api/node/extensionHostProcess.js:156:37246)
	at mh.O [as value] (/root/.vscode-server/bin/e8653663e8840adaf45af01eab5c627a5af81807/extensions/git/dist/main.js:2:961845)
	at P.B (file:///root/.vscode-server/bin/e8653663e8840adaf45af01eab5c627a5af81807/out/vs/workbench/api/node/extensionHostProcess.js:29:746)
	at P.C (file:///root/.vscode-server/bin/e8653663e8840adaf45af01eab5c627a5af81807/out/vs/workbench/api/node/extensionHostProcess.js:29:816)
	at P.fire (file:///root/.vscode-server/bin/e8653663e8840adaf45af01eab5c627a5af81807/out/vs/workbench/api/node/extensionHostProcess.js:29:1033)
	at Object.p [as dispose] (/root/.vscode-server/bin/e8653663e8840adaf45af01eab5c627a5af81807/extensions/git/dist/main.js:2:983333)
	at /root/.vscode-server/bin/e8653663e8840adaf45af01eab5c627a5af81807/extensions/git/dist/main.js:2:989455
	at Array.forEach (<anonymous>)
	at b.dispose (/root/.vscode-server/bin/e8653663e8840adaf45af01eab5c627a5af81807/extensions/git/dist/main.js:2:989441)
	at V1.<anonymous> (file:///root/.vscode-server/bin/e8653663e8840adaf45af01eab5c627a5af81807/out/vs/workbench/api/node/extensionHostProcess.js:108:19994)
	at V1.dispose (file:///root/.vscode-server/bin/e8653663e8840adaf45af01eab5c627a5af81807/out/vs/workbench/api/node/extensionHostProcess.js:108:20090)
	at V1.<anonymous> (/root/.vscode-server/bin/e8653663e8840adaf45af01eab5c627a5af81807/extensions/git/dist/main.js:2:964255)
	at V1.dispose (file:///root/.vscode-server/bin/e8653663e8840adaf45af01eab5c627a5af81807/out/vs/workbench/api/node/extensionHostProcess.js:108:20090)
	at ci (file:///root/.vscode-server/bin/e8653663e8840adaf45af01eab5c627a5af81807/out/vs/workbench/api/node/extensionHostProcess.js:24:699)
	at file:///root/.vscode-server/bin/e8653663e8840adaf45af01eab5c627a5af81807/out/vs/workbench/api/node/extensionHostProcess.js:118:14992
	at file:///root/.vscode-server/bin/e8653663e8840adaf45af01eab5c627a5af81807/out/vs/workbench/api/node/extensionHostProcess.js:24:1009
	at Object.dispose (file:///root/.vscode-server/bin/e8653663e8840adaf45af01eab5c627a5af81807/out/vs/workbench/api/node/extensionHostProcess.js:7:2146)
	at _z.eb (file:///root/.vscode-server/bin/e8653663e8840adaf45af01eab5c627a5af81807/out/vs/workbench/api/node/extensionHostProcess.js:118:11919)
	at file:///root/.vscode-server/bin/e8653663e8840adaf45af01eab5c627a5af81807/out/vs/workbench/api/node/extensionHostProcess.js:118:9874
	at Array.map (<anonymous>)
	at _z.$ (file:///root/.vscode-server/bin/e8653663e8840adaf45af01eab5c627a5af81807/out/vs/workbench/api/node/extensionHostProcess.js:118:9862)
	at _z.terminate (file:///root/.vscode-server/bin/e8653663e8840adaf45af01eab5c627a5af81807/out/vs/workbench/api/node/extensionHostProcess.js:118:10105)
	at xC.terminate (file:///root/.vscode-server/bin/e8653663e8840adaf45af01eab5c627a5af81807/out/vs/workbench/api/node/extensionHostProcess.js:119:1424)
	at Zi (file:///root/.vscode-server/bin/e8653663e8840adaf45af01eab5c627a5af81807/out/vs/workbench/api/node/extensionHostProcess.js:174:15063)
	at mh.value (file:///root/.vscode-server/bin/e8653663e8840adaf45af01eab5c627a5af81807/out/vs/workbench/api/node/extensionHostProcess.js:174:13224)
	at P.B (file:///root/.vscode-server/bin/e8653663e8840adaf45af01eab5c627a5af81807/out/vs/workbench/api/node/extensionHostProcess.js:29:746)
	at P.fire (file:///root/.vscode-server/bin/e8653663e8840adaf45af01eab5c627a5af81807/out/vs/workbench/api/node/extensionHostProcess.js:29:964)
	at Vn.fire (file:///root/.vscode-server/bin/e8653663e8840adaf45af01eab5c627a5af81807/out/vs/workbench/api/node/extensionHostProcess.js:31:9457)
	at Fm.A (file:///root/.vscode-server/bin/e8653663e8840adaf45af01eab5c627a5af81807/out/vs/workbench/api/node/extensionHostProcess.js:31:12573)
	at mh.value (file:///root/.vscode-server/bin/e8653663e8840adaf45af01eab5c627a5af81807/out/vs/workbench/api/node/extensionHostProcess.js:31:10993)
	at P.B (file:///root/.vscode-server/bin/e8653663e8840adaf45af01eab5c627a5af81807/out/vs/workbench/api/node/extensionHostProcess.js:29:746)
	at P.fire (file:///root/.vscode-server/bin/e8653663e8840adaf45af01eab5c627a5af81807/out/vs/workbench/api/node/extensionHostProcess.js:29:964)
	at j5.acceptChunk (file:///root/.vscode-server/bin/e8653663e8840adaf45af01eab5c627a5af81807/out/vs/workbench/api/node/extensionHostProcess.js:31:7940)
	at mh.value (file:///root/.vscode-server/bin/e8653663e8840adaf45af01eab5c627a5af81807/out/vs/workbench/api/node/extensionHostProcess.js:31:7226)
	at P.B (file:///root/.vscode-server/bin/e8653663e8840adaf45af01eab5c627a5af81807/out/vs/workbench/api/node/extensionHostProcess.js:29:746)
	at P.fire (file:///root/.vscode-server/bin/e8653663e8840adaf45af01eab5c627a5af81807/out/vs/workbench/api/node/extensionHostProcess.js:29:964)
	at V2.z (file:///root/.vscode-server/bin/e8653663e8840adaf45af01eab5c627a5af81807/out/vs/workbench/api/node/extensionHostProcess.js:31:21944)
	at V2.acceptFrame (file:///root/.vscode-server/bin/e8653663e8840adaf45af01eab5c627a5af81807/out/vs/workbench/api/node/extensionHostProcess.js:31:21750)
	at W2.n (file:///root/.vscode-server/bin/e8653663e8840adaf45af01eab5c627a5af81807/out/vs/workbench/api/node/extensionHostProcess.js:31:20278)
	at file:///root/.vscode-server/bin/e8653663e8840adaf45af01eab5c627a5af81807/out/vs/workbench/api/node/extensionHostProcess.js:31:17510
	at Socket.t (file:///root/.vscode-server/bin/e8653663e8840adaf45af01eab5c627a5af81807/out/vs/workbench/api/node/extensionHostProcess.js:31:15451)
	at Socket.emit (node:events:519:28)
	at addChunk (node:internal/streams/readable:559:12)
	at readableAddChunkPushByteMode (node:internal/streams/readable:510:3)
	at Readable.push (node:internal/streams/readable:390:5)
	at TCP.onStreamRead (node:internal/stream_base_commons:191:23) setContext undefined
2024-11-14 12:03:22.722 [error] Canceled: Canceled
	at new tT (file:///root/.vscode-server/bin/e8653663e8840adaf45af01eab5c627a5af81807/out/vs/workbench/api/node/extensionHostProcess.js:31:151066)
	at py.U (file:///root/.vscode-server/bin/e8653663e8840adaf45af01eab5c627a5af81807/out/vs/workbench/api/node/extensionHostProcess.js:31:155676)
	at s.<computed>.n.charCodeAt.s.<computed> (file:///root/.vscode-server/bin/e8653663e8840adaf45af01eab5c627a5af81807/out/vs/workbench/api/node/extensionHostProcess.js:31:153170)
	at Y0.g (file:///root/.vscode-server/bin/e8653663e8840adaf45af01eab5c627a5af81807/out/vs/workbench/api/node/extensionHostProcess.js:114:32313)
	at Y0.executeCommand (file:///root/.vscode-server/bin/e8653663e8840adaf45af01eab5c627a5af81807/out/vs/workbench/api/node/extensionHostProcess.js:114:31817)
	at r.registerCommand.description (file:///root/.vscode-server/bin/e8653663e8840adaf45af01eab5c627a5af81807/out/vs/workbench/api/node/extensionHostProcess.js:114:31147)
	at Y0.h (file:///root/.vscode-server/bin/e8653663e8840adaf45af01eab5c627a5af81807/out/vs/workbench/api/node/extensionHostProcess.js:114:32833)
	at Y0.g (file:///root/.vscode-server/bin/e8653663e8840adaf45af01eab5c627a5af81807/out/vs/workbench/api/node/extensionHostProcess.js:114:31910)
	at Y0.executeCommand (file:///root/.vscode-server/bin/e8653663e8840adaf45af01eab5c627a5af81807/out/vs/workbench/api/node/extensionHostProcess.js:114:31817)
	at Object.executeCommand (file:///root/.vscode-server/bin/e8653663e8840adaf45af01eab5c627a5af81807/out/vs/workbench/api/node/extensionHostProcess.js:156:37246)
	at set hasGitHubRepositories [as hasGitHubRepositories] (/root/.vscode-server/bin/e8653663e8840adaf45af01eab5c627a5af81807/extensions/github/dist/extension.js:2:328633)
	at /root/.vscode-server/bin/e8653663e8840adaf45af01eab5c627a5af81807/extensions/github/dist/extension.js:2:329592
	at mh.value (/root/.vscode-server/bin/e8653663e8840adaf45af01eab5c627a5af81807/extensions/git/dist/main.js:2:1073936)
	at P.B (file:///root/.vscode-server/bin/e8653663e8840adaf45af01eab5c627a5af81807/out/vs/workbench/api/node/extensionHostProcess.js:29:746)
	at P.C (file:///root/.vscode-server/bin/e8653663e8840adaf45af01eab5c627a5af81807/out/vs/workbench/api/node/extensionHostProcess.js:29:816)
	at P.fire (file:///root/.vscode-server/bin/e8653663e8840adaf45af01eab5c627a5af81807/out/vs/workbench/api/node/extensionHostProcess.js:29:1033)
	at Object.p [as dispose] (/root/.vscode-server/bin/e8653663e8840adaf45af01eab5c627a5af81807/extensions/git/dist/main.js:2:983333)
	at /root/.vscode-server/bin/e8653663e8840adaf45af01eab5c627a5af81807/extensions/git/dist/main.js:2:989455
	at Array.forEach (<anonymous>)
	at b.dispose (/root/.vscode-server/bin/e8653663e8840adaf45af01eab5c627a5af81807/extensions/git/dist/main.js:2:989441)
	at V1.<anonymous> (file:///root/.vscode-server/bin/e8653663e8840adaf45af01eab5c627a5af81807/out/vs/workbench/api/node/extensionHostProcess.js:108:19994)
	at V1.dispose (file:///root/.vscode-server/bin/e8653663e8840adaf45af01eab5c627a5af81807/out/vs/workbench/api/node/extensionHostProcess.js:108:20090)
	at V1.<anonymous> (/root/.vscode-server/bin/e8653663e8840adaf45af01eab5c627a5af81807/extensions/git/dist/main.js:2:964255)
	at V1.dispose (file:///root/.vscode-server/bin/e8653663e8840adaf45af01eab5c627a5af81807/out/vs/workbench/api/node/extensionHostProcess.js:108:20090)
	at ci (file:///root/.vscode-server/bin/e8653663e8840adaf45af01eab5c627a5af81807/out/vs/workbench/api/node/extensionHostProcess.js:24:699)
	at file:///root/.vscode-server/bin/e8653663e8840adaf45af01eab5c627a5af81807/out/vs/workbench/api/node/extensionHostProcess.js:118:14992
	at file:///root/.vscode-server/bin/e8653663e8840adaf45af01eab5c627a5af81807/out/vs/workbench/api/node/extensionHostProcess.js:24:1009
	at Object.dispose (file:///root/.vscode-server/bin/e8653663e8840adaf45af01eab5c627a5af81807/out/vs/workbench/api/node/extensionHostProcess.js:7:2146)
	at _z.eb (file:///root/.vscode-server/bin/e8653663e8840adaf45af01eab5c627a5af81807/out/vs/workbench/api/node/extensionHostProcess.js:118:11919)
	at file:///root/.vscode-server/bin/e8653663e8840adaf45af01eab5c627a5af81807/out/vs/workbench/api/node/extensionHostProcess.js:118:9874
	at Array.map (<anonymous>)
	at _z.$ (file:///root/.vscode-server/bin/e8653663e8840adaf45af01eab5c627a5af81807/out/vs/workbench/api/node/extensionHostProcess.js:118:9862)
	at _z.terminate (file:///root/.vscode-server/bin/e8653663e8840adaf45af01eab5c627a5af81807/out/vs/workbench/api/node/extensionHostProcess.js:118:10105)
	at xC.terminate (file:///root/.vscode-server/bin/e8653663e8840adaf45af01eab5c627a5af81807/out/vs/workbench/api/node/extensionHostProcess.js:119:1424)
	at Zi (file:///root/.vscode-server/bin/e8653663e8840adaf45af01eab5c627a5af81807/out/vs/workbench/api/node/extensionHostProcess.js:174:15063)
	at mh.value (file:///root/.vscode-server/bin/e8653663e8840adaf45af01eab5c627a5af81807/out/vs/workbench/api/node/extensionHostProcess.js:174:13224)
	at P.B (file:///root/.vscode-server/bin/e8653663e8840adaf45af01eab5c627a5af81807/out/vs/workbench/api/node/extensionHostProcess.js:29:746)
	at P.fire (file:///root/.vscode-server/bin/e8653663e8840adaf45af01eab5c627a5af81807/out/vs/workbench/api/node/extensionHostProcess.js:29:964)
	at Vn.fire (file:///root/.vscode-server/bin/e8653663e8840adaf45af01eab5c627a5af81807/out/vs/workbench/api/node/extensionHostProcess.js:31:9457)
	at Fm.A (file:///root/.vscode-server/bin/e8653663e8840adaf45af01eab5c627a5af81807/out/vs/workbench/api/node/extensionHostProcess.js:31:12573)
	at mh.value (file:///root/.vscode-server/bin/e8653663e8840adaf45af01eab5c627a5af81807/out/vs/workbench/api/node/extensionHostProcess.js:31:10993)
	at P.B (file:///root/.vscode-server/bin/e8653663e8840adaf45af01eab5c627a5af81807/out/vs/workbench/api/node/extensionHostProcess.js:29:746)
	at P.fire (file:///root/.vscode-server/bin/e8653663e8840adaf45af01eab5c627a5af81807/out/vs/workbench/api/node/extensionHostProcess.js:29:964)
	at j5.acceptChunk (file:///root/.vscode-server/bin/e8653663e8840adaf45af01eab5c627a5af81807/out/vs/workbench/api/node/extensionHostProcess.js:31:7940)
	at mh.value (file:///root/.vscode-server/bin/e8653663e8840adaf45af01eab5c627a5af81807/out/vs/workbench/api/node/extensionHostProcess.js:31:7226)
	at P.B (file:///root/.vscode-server/bin/e8653663e8840adaf45af01eab5c627a5af81807/out/vs/workbench/api/node/extensionHostProcess.js:29:746)
	at P.fire (file:///root/.vscode-server/bin/e8653663e8840adaf45af01eab5c627a5af81807/out/vs/workbench/api/node/extensionHostProcess.js:29:964)
	at V2.z (file:///root/.vscode-server/bin/e8653663e8840adaf45af01eab5c627a5af81807/out/vs/workbench/api/node/extensionHostProcess.js:31:21944)
	at V2.acceptFrame (file:///root/.vscode-server/bin/e8653663e8840adaf45af01eab5c627a5af81807/out/vs/workbench/api/node/extensionHostProcess.js:31:21750)
	at W2.n (file:///root/.vscode-server/bin/e8653663e8840adaf45af01eab5c627a5af81807/out/vs/workbench/api/node/extensionHostProcess.js:31:20278)
	at file:///root/.vscode-server/bin/e8653663e8840adaf45af01eab5c627a5af81807/out/vs/workbench/api/node/extensionHostProcess.js:31:17510
	at Socket.t (file:///root/.vscode-server/bin/e8653663e8840adaf45af01eab5c627a5af81807/out/vs/workbench/api/node/extensionHostProcess.js:31:15451)
	at Socket.emit (node:events:519:28)
	at addChunk (node:internal/streams/readable:559:12)
	at readableAddChunkPushByteMode (node:internal/streams/readable:510:3)
	at Readable.push (node:internal/streams/readable:390:5)
	at TCP.onStreamRead (node:internal/stream_base_commons:191:23) setContext undefined
2024-11-14 12:03:22.756 [error] Error: Channel has been closed
	at s (file:///root/.vscode-server/bin/e8653663e8840adaf45af01eab5c627a5af81807/out/vs/workbench/api/node/extensionHostProcess.js:120:2431)
	at Object.appendLine (file:///root/.vscode-server/bin/e8653663e8840adaf45af01eab5c627a5af81807/out/vs/workbench/api/node/extensionHostProcess.js:120:2570)
	at D.logOutputMessage (/root/.vscode-server/bin/e8653663e8840adaf45af01eab5c627a5af81807/extensions/json-language-features/client/dist/node/jsonClientMain.js:1:285192)
	at D.info (/root/.vscode-server/bin/e8653663e8840adaf45af01eab5c627a5af81807/extensions/json-language-features/client/dist/node/jsonClientMain.js:1:284925)
	at ChildProcess.<anonymous> (/root/.vscode-server/bin/e8653663e8840adaf45af01eab5c627a5af81807/extensions/json-language-features/client/dist/node/jsonClientMain.js:1:503028)
	at ChildProcess.emit (node:events:519:28)
	at ChildProcess._handle.onexit (node:internal/child_process:294:12)
2024-11-14 12:03:22.768 [info] Extension host with pid 534 exiting with code 0
