2024-11-12 10:11:33.065 [info] Experiment 'pythonRecommendTensorboardExt' is active
2024-11-12 10:11:33.065 [info] Experiment 'pythonTerminalEnvVarActivation' is active
2024-11-12 10:11:33.065 [info] Experiment 'pythonTestAdapter' is active
2024-11-12 10:11:33.065 [info] Native locator: Refresh started
2024-11-12 10:11:33.065 [info] Native locator: Refresh started
2024-11-12 10:11:33.169 [info] > pyenv which python
2024-11-12 10:11:33.169 [info] cwd: .
2024-11-12 10:11:33.173 [info] Python interpreter path: /bin/python3
2024-11-12 10:11:35.075 [info] Starting Pylance language server.
2024-11-12 10:11:41.916 [info] Native locator: Refresh finished in 9801 ms
2024-11-12 10:18:39.775 [info] Python interpreter path: /usr/bin/python3
2024-11-12 10:42:29.561 [info] Discover tests for workspace name: workspace - uri: /root/workspace/main.py
2024-11-12 10:42:30.789 [info] Discover tests for workspace name: workspace - uri: /root/workspace/main.py
2024-11-12 10:42:31.491 [info] Discover tests for workspace name: workspace - uri: /root/workspace/main.py
2024-11-12 10:42:31.950 [info] Discover tests for workspace name: workspace - uri: /root/workspace/main.py
2024-11-12 10:42:32.313 [info] Discover tests for workspace name: workspace - uri: /root/workspace/main.py
2024-11-12 10:42:32.994 [info] Discover tests for workspace name: workspace - uri: /root/workspace/main.py
2024-11-12 10:42:39.149 [info] Discover tests for workspace name: workspace - uri: /root/workspace/main.py
2024-11-12 10:42:42.496 [info] Discover tests for workspace name: workspace - uri: /root/workspace/main.py
2024-11-12 10:54:30.621 [info] Discover tests for workspace name: workspace - uri: /root/workspace/main.py
2024-11-12 10:56:46.349 [info] Discover tests for workspace name: workspace - uri: /root/workspace/main.py
2024-11-12 10:56:54.000 [info] Discover tests for workspace name: workspace - uri: /root/workspace/main.py
2024-11-12 10:57:19.173 [info] > /usr/bin/python3 ~/.vscode-server/extensions/ms-python.python-2024.18.1-linux-x64/python_files/normalizeSelection.py
2024-11-12 10:57:44.756 [info] Discover tests for workspace name: workspace - uri: /root/workspace/main.py
2024-11-12 10:58:25.711 [info] Discover tests for workspace name: workspace - uri: /root/workspace/main.py
2024-11-12 11:02:02.276 [info] Discover tests for workspace name: workspace - uri: /root/workspace/main.py
2024-11-12 11:02:26.793 [info] CreateEnv Trigger - Skipping for /root/workspace/main.py
2024-11-12 11:02:27.297 [info] Send text to terminal: /usr/bin/python3 /root/workspace/main.py
2024-11-12 11:21:49.413 [info] Discover tests for workspace name: workspace - uri: /root/workspace/main.py
2024-11-12 11:22:06.471 [info] Discover tests for workspace name: workspace - uri: /root/workspace/main.py
2024-11-12 11:23:20.378 [info] Discover tests for workspace name: workspace - uri: /root/workspace/main.py
2024-11-12 11:24:25.520 [info] Discover tests for workspace name: workspace - uri: /root/workspace/main.py
2024-11-12 11:24:53.918 [info] Discover tests for workspace name: workspace - uri: /root/workspace/main.py
2024-11-12 11:25:17.220 [info] Discover tests for workspace name: workspace - uri: /root/workspace/main.py
2024-11-12 11:30:50.802 [info] Discover tests for workspace name: workspace - uri: /root/workspace/main.py
2024-11-12 11:33:09.390 [info] Discover tests for workspace name: workspace - uri: /root/workspace/main.py
2024-11-12 11:40:28.233 [info] Discover tests for workspace name: workspace - uri: /root/workspace/github.com/Johnyboi77/bookbot/main.py
2024-11-12 11:40:49.625 [info] Discover tests for workspace name: workspace - uri: /root/workspace/github.com/Johnyboi77/bookbot/main.py
2024-11-12 11:43:52.050 [info] Discover tests for workspace name: workspace - uri: /root/workspace/github.com/Johnyboi77/bookbot/main.py
2024-11-12 11:46:17.798 [info] Discover tests for workspace name: workspace - uri: /root/workspace/github.com/Johnyboi77/bookbot/main.py
2024-11-12 11:50:53.735 [info] Discover tests for workspace name: workspace - uri: /root/workspace/github.com/Johnyboi77/bookbot/main.py
2024-11-12 11:50:54.661 [info] Discover tests for workspace name: workspace - uri: /root/workspace/github.com/Johnyboi77/bookbot/main.py
2024-11-12 11:50:57.285 [info] Discover tests for workspace name: workspace - uri: /root/workspace/github.com/Johnyboi77/bookbot/main.py
2024-11-12 11:50:57.672 [info] Discover tests for workspace name: workspace - uri: /root/workspace/github.com/Johnyboi77/bookbot/main.py
2024-11-12 11:57:57.094 [info] Discover tests for workspace name: workspace - uri: /root/workspace/github.com/Johnyboi77/bookbot/main.py
2024-11-12 11:58:01.904 [info] Discover tests for workspace name: workspace - uri: /root/workspace/github.com/Johnyboi77/bookbot/main.py
2024-11-12 11:58:30.459 [info] Discover tests for workspace name: workspace - uri: /root/workspace/github.com/Johnyboi77/bookbot/main.py
2024-11-12 12:01:13.979 [info] Discover tests for workspace name: workspace - uri: /root/workspace/github.com/Johnyboi77/bookbot/main.py
2024-11-12 12:10:09.838 [info] Discover tests for workspace name: workspace - uri: /root/workspace/github.com/Johnyboi77/bookbot/main.py
2024-11-12 12:11:06.468 [info] Discover tests for workspace name: workspace - uri: /root/workspace/github.com/Johnyboi77/bookbot/main.py
2024-11-12 12:11:08.028 [info] Discover tests for workspace name: workspace - uri: /root/workspace/github.com/Johnyboi77/bookbot/main.py
2024-11-12 12:11:08.790 [info] Discover tests for workspace name: workspace - uri: /root/workspace/github.com/Johnyboi77/bookbot/main.py
2024-11-12 12:14:15.943 [info] Discover tests for workspace name: workspace - uri: /root/workspace/github.com/Johnyboi77/bookbot/main.py
2024-11-12 12:16:39.969 [info] Discover tests for workspace name: workspace - uri: /root/workspace/github.com/Johnyboi77/bookbot/main.py
2024-11-12 12:17:57.142 [info] Discover tests for workspace name: workspace - uri: /root/workspace/github.com/Johnyboi77/bookbot/main.py
2024-11-12 12:17:58.956 [info] Discover tests for workspace name: workspace - uri: /root/workspace/github.com/Johnyboi77/bookbot/main.py
2024-11-12 12:18:00.011 [info] Discover tests for workspace name: workspace - uri: /root/workspace/github.com/Johnyboi77/bookbot/main.py
2024-11-12 12:20:38.999 [info] Discover tests for workspace name: workspace - uri: /root/workspace/github.com/Johnyboi77/bookbot/main.py
2024-11-12 12:22:43.978 [info] Discover tests for workspace name: workspace - uri: /root/workspace/github.com/Johnyboi77/bookbot/main.py
2024-11-12 12:39:41.578 [info] Discover tests for workspace name: workspace - uri: /root/workspace/github.com/Johnyboi77/bookbot/main.py
2024-11-12 12:40:01.459 [info] Discover tests for workspace name: workspace - uri: /root/workspace/github.com/Johnyboi77/bookbot/main.py
2024-11-12 12:40:54.427 [info] Discover tests for workspace name: workspace - uri: /root/workspace/github.com/Johnyboi77/bookbot/main.py
2024-11-12 12:42:11.765 [info] Discover tests for workspace name: workspace - uri: /root/workspace/github.com/Johnyboi77/bookbot/main.py
2024-11-12 12:45:27.155 [info] Discover tests for workspace name: workspace - uri: /root/workspace/github.com/Johnyboi77/bookbot/main.py
2024-11-12 12:47:27.445 [info] Discover tests for workspace name: workspace - uri: /root/workspace/github.com/Johnyboi77/bookbot/main.py
2024-11-12 12:48:27.122 [info] Discover tests for workspace name: workspace - uri: /root/workspace/github.com/Johnyboi77/bookbot/main.py
2024-11-12 12:49:02.473 [info] Discover tests for workspace name: workspace - uri: /root/workspace/github.com/Johnyboi77/bookbot/main.py
2024-11-12 12:49:02.972 [info] Discover tests for workspace name: workspace - uri: /root/workspace/github.com/Johnyboi77/bookbot/main.py
