2024-11-20 23:02:13.009 [info] [main] Log level: Info
2024-11-20 23:02:13.009 [info] [main] Validating found git in: "git"
2024-11-20 23:02:13.009 [info] [main] Using git "2.43.0" from "git"
2024-11-20 23:02:13.009 [info] [Model][doInitialScan] Initial repository scan started
2024-11-20 23:02:13.009 [info] > git rev-parse --show-toplevel [137ms]
2024-11-20 23:02:13.009 [info] > git rev-parse --show-toplevel [5ms]
2024-11-20 23:02:13.026 [info] > git rev-parse --git-dir --git-common-dir [12ms]
2024-11-20 23:02:13.038 [info] [Model][openRepository] Opened repository: /root/workspace/github.com/Johnyboi77/bookbot
2024-11-20 23:02:13.065 [info] > git rev-parse --show-toplevel [13ms]
2024-11-20 23:02:13.066 [info] > git config --get commit.template [16ms]
2024-11-20 23:02:13.070 [info] [Model][doInitialScan] Initial repository scan completed - repositories (1), closed repositories (0), parent repositories (1), unsafe repositories (0)
2024-11-20 23:02:13.088 [info] > git for-each-ref --format=%(refname)%00%(upstream:short)%00%(objectname)%00%(upstream:track)%00%(upstream:remotename)%00%(upstream:remoteref) refs/heads/main refs/remotes/main [9ms]
2024-11-20 23:02:13.147 [info] > git status -z -uall [11ms]
2024-11-20 23:02:13.147 [info] > git for-each-ref --sort -committerdate --format %(refname) %(objectname) %(*objectname) [5ms]
2024-11-20 23:02:13.176 [info] > git for-each-ref --format=%(refname)%00%(upstream:short)%00%(objectname)%00%(upstream:track)%00%(upstream:remotename)%00%(upstream:remoteref) refs/heads/main refs/remotes/main [13ms]
2024-11-20 23:02:13.186 [info] > git config --get commit.template [12ms]
2024-11-20 23:02:13.187 [info] > git config --local branch.main.vscode-merge-base [4ms]
2024-11-20 23:02:13.201 [info] > git for-each-ref --format=%(refname)%00%(upstream:short)%00%(objectname)%00%(upstream:track)%00%(upstream:remotename)%00%(upstream:remoteref) refs/heads/origin/main refs/remotes/origin/main [8ms]
2024-11-20 23:02:13.248 [info] > git for-each-ref --format=%(refname)%00%(upstream:short)%00%(objectname)%00%(upstream:track)%00%(upstream:remotename)%00%(upstream:remoteref) refs/heads/main refs/remotes/main [50ms]
2024-11-20 23:02:13.252 [info] > git merge-base refs/heads/main refs/remotes/origin/main [42ms]
2024-11-20 23:02:13.265 [info] > git diff --name-status -z --diff-filter=ADMR ad495f3d740bbd18a64a615ea562779ef51f017c...refs/remotes/origin/main [5ms]
2024-11-20 23:02:13.295 [info] > git status -z -uall [24ms]
2024-11-20 23:02:13.296 [info] > git for-each-ref --sort -committerdate --format %(refname) %(objectname) %(*objectname) [15ms]
2024-11-20 23:02:13.496 [info] > git show --textconv :main.py [8ms]
2024-11-20 23:02:13.498 [info] > git ls-files --stage -- /root/workspace/github.com/Johnyboi77/bookbot/main.py [3ms]
2024-11-20 23:02:13.505 [info] > git cat-file -s 7017275db5819e1e0ca8e465f5ce12992d429544 [2ms]
2024-11-20 23:02:13.591 [info] > git check-ignore -v -z --stdin [3ms]
2024-11-20 23:02:58.360 [info] > git ls-files --stage -- /root/workspace/github.com/Johnyboi77/bookbot/books/frankenstein.txt [3ms]
2024-11-20 23:02:58.368 [info] > git cat-file -s ef9971b171dd1cd62c33d2965dc2a60ee6d2eedc [2ms]
2024-11-20 23:02:58.370 [info] > git show --textconv :books/frankenstein.txt [21ms]
2024-11-20 23:02:58.538 [info] > git check-ignore -v -z --stdin [2ms]
2024-11-20 23:03:45.030 [info] > git show --textconv :README.md [8ms]
2024-11-20 23:03:45.031 [info] > git ls-files --stage -- /root/workspace/github.com/Johnyboi77/bookbot/README.md [3ms]
2024-11-20 23:03:45.036 [info] > git cat-file -s f2878cda15e8619261a9c7fa91a8983b886b60cc [2ms]
2024-11-20 23:04:28.787 [info] > git show --textconv :README.md [11ms]
2024-11-20 23:04:28.789 [info] > git ls-files --stage -- /root/workspace/github.com/Johnyboi77/bookbot/README.md [4ms]
2024-11-20 23:04:28.799 [info] > git cat-file -s f2878cda15e8619261a9c7fa91a8983b886b60cc [3ms]
2024-11-20 23:04:45.169 [info] > git show --textconv :.git/Untitled-1.py [10ms]
2024-11-20 23:04:45.170 [info] > git ls-files --stage -- /root/workspace/github.com/Johnyboi77/bookbot/.git/Untitled-1.py [2ms]
2024-11-20 23:04:45.393 [info] > git check-ignore -v -z --stdin [3ms]
2024-11-20 23:04:45.933 [info] > git config --get commit.template [11ms]
2024-11-20 23:04:45.934 [info] > git for-each-ref --format=%(refname)%00%(upstream:short)%00%(objectname)%00%(upstream:track)%00%(upstream:remotename)%00%(upstream:remoteref) refs/heads/main refs/remotes/main [6ms]
2024-11-20 23:04:45.956 [info] > git status -z -uall [13ms]
2024-11-20 23:04:45.957 [info] > git for-each-ref --sort -committerdate --format %(refname) %(objectname) %(*objectname) [5ms]
2024-11-20 23:04:46.025 [info] > git ls-files --stage -- /root/workspace/github.com/Johnyboi77/bookbot/.git/Untitled-1.py [2ms]
2024-11-20 23:04:46.044 [info] > git show --textconv :.git/Untitled-1.py [3ms]
2024-11-20 23:07:55.988 [info] > git show --textconv :main.py [13ms]
2024-11-20 23:07:55.989 [info] > git ls-files --stage -- /root/workspace/github.com/Johnyboi77/bookbot/main.py [3ms]
2024-11-20 23:07:56.018 [info] > git cat-file -s 7017275db5819e1e0ca8e465f5ce12992d429544 [10ms]
2024-11-20 23:08:30.563 [info] > git show --textconv :.git/Untitled-1.py [7ms]
2024-11-20 23:08:30.565 [info] > git ls-files --stage -- /root/workspace/github.com/Johnyboi77/bookbot/.git/Untitled-1.py [3ms]
2024-11-20 23:08:31.887 [info] > git show --textconv :main.py [8ms]
2024-11-20 23:08:31.892 [info] > git ls-files --stage -- /root/workspace/github.com/Johnyboi77/bookbot/main.py [5ms]
2024-11-20 23:08:31.901 [info] > git cat-file -s 7017275db5819e1e0ca8e465f5ce12992d429544 [3ms]
2024-11-20 23:08:33.034 [info] > git show --textconv :README.md [9ms]
2024-11-20 23:08:33.037 [info] > git ls-files --stage -- /root/workspace/github.com/Johnyboi77/bookbot/README.md [3ms]
2024-11-20 23:08:33.048 [info] > git cat-file -s f2878cda15e8619261a9c7fa91a8983b886b60cc [4ms]
2024-11-20 23:08:59.845 [info] > git show --textconv :main.py [9ms]
2024-11-20 23:08:59.847 [info] > git ls-files --stage -- /root/workspace/github.com/Johnyboi77/bookbot/main.py [2ms]
2024-11-20 23:08:59.856 [info] > git cat-file -s 7017275db5819e1e0ca8e465f5ce12992d429544 [4ms]
2024-11-20 23:09:59.141 [info] > git show --textconv :README.md [9ms]
2024-11-20 23:09:59.145 [info] > git ls-files --stage -- /root/workspace/github.com/Johnyboi77/bookbot/README.md [6ms]
2024-11-20 23:09:59.157 [info] > git cat-file -s f2878cda15e8619261a9c7fa91a8983b886b60cc [4ms]
2024-11-20 23:27:41.218 [info] > git rev-parse --show-toplevel [29ms]
2024-11-21 00:00:05.463 [info] > git rev-parse --show-toplevel [13ms]
2024-11-21 00:00:05.530 [info] > git log --format=%H%n%aN%n%aE%n%at%n%ct%n%P%n%D%n%B -z --shortstat --diff-merges=first-parent -n50 --skip=0 --topo-order --decorate=full --stdin [123ms]
2024-11-21 00:00:21.866 [info] > git add -A -- . [7ms]
2024-11-21 00:00:21.899 [info] > git -c user.useConfigOnly=true commit --quiet --allow-empty-message --file - [27ms]
2024-11-21 00:00:21.905 [info] > git config --get commit.template [2ms]
2024-11-21 00:00:21.920 [info] > git config --get commit.template [6ms]
2024-11-21 00:00:21.922 [info] > git for-each-ref --format=%(refname)%00%(upstream:short)%00%(objectname)%00%(upstream:track)%00%(upstream:remotename)%00%(upstream:remoteref) refs/heads/main refs/remotes/main [4ms]
2024-11-21 00:00:21.940 [info] > git status -z -uall [10ms]
2024-11-21 00:00:21.941 [info] > git for-each-ref --sort -committerdate --format %(refname) %(objectname) %(*objectname) [3ms]
2024-11-21 00:00:21.972 [info] > git merge-base refs/heads/main refs/remotes/origin/main [13ms]
2024-11-21 00:00:21.981 [info] > git diff --name-status -z --diff-filter=ADMR ad495f3d740bbd18a64a615ea562779ef51f017c...refs/remotes/origin/main [3ms]
2024-11-21 00:00:22.018 [info] > git log --format=%H%n%aN%n%aE%n%at%n%ct%n%P%n%D%n%B -z --shortstat --diff-merges=first-parent -n50 --skip=0 --topo-order --decorate=full --stdin [13ms]
2024-11-21 00:00:22.034 [info] > git config --get commit.template [2ms]
2024-11-21 00:00:22.043 [info] > git for-each-ref --format=%(refname)%00%(upstream:short)%00%(objectname)%00%(upstream:track)%00%(upstream:remotename)%00%(upstream:remoteref) refs/heads/main refs/remotes/main [3ms]
2024-11-21 00:00:22.055 [info] > git status -z -uall [6ms]
2024-11-21 00:00:22.057 [info] > git for-each-ref --sort -committerdate --format %(refname) %(objectname) %(*objectname) [3ms]
2024-11-21 00:00:24.488 [info] > git log --oneline --cherry main...main@{upstream} -- [4ms]
2024-11-21 00:00:25.016 [info] > git pull --tags origin main [517ms]
2024-11-21 00:00:25.016 [info] From https://github.com/Johnyboi77/bookbot
 * branch            main       -> FETCH_HEAD
2024-11-21 00:00:26.505 [info] > git push origin main:main [1483ms]
2024-11-21 00:00:26.505 [info] To https://github.com/Johnyboi77/bookbot
   ad495f3..82a39f3  main -> main
2024-11-21 00:00:26.522 [info] > git config --get commit.template [7ms]
2024-11-21 00:00:26.525 [info] > git for-each-ref --format=%(refname)%00%(upstream:short)%00%(objectname)%00%(upstream:track)%00%(upstream:remotename)%00%(upstream:remoteref) refs/heads/main refs/remotes/main [4ms]
2024-11-21 00:00:26.545 [info] > git status -z -uall [12ms]
2024-11-21 00:00:26.546 [info] > git for-each-ref --sort -committerdate --format %(refname) %(objectname) %(*objectname) [7ms]
2024-11-21 00:00:26.563 [info] > git merge-base refs/heads/main refs/remotes/origin/main [5ms]
2024-11-21 00:00:26.575 [info] > git diff --name-status -z --diff-filter=ADMR 82a39f37686aa4f08ddc24aa813d0fe169b97db2...refs/remotes/origin/main [4ms]
2024-11-21 00:00:26.633 [info] > git log --format=%H%n%aN%n%aE%n%at%n%ct%n%P%n%D%n%B -z --shortstat --diff-merges=first-parent -n50 --skip=0 --topo-order --decorate=full --stdin [16ms]
2024-11-21 00:00:27.737 [info] > git config --get commit.template [7ms]
2024-11-21 00:00:27.738 [info] > git for-each-ref --format=%(refname)%00%(upstream:short)%00%(objectname)%00%(upstream:track)%00%(upstream:remotename)%00%(upstream:remoteref) refs/heads/main refs/remotes/main [1ms]
2024-11-21 00:00:27.750 [info] > git status -z -uall [6ms]
2024-11-21 00:00:27.751 [info] > git for-each-ref --sort -committerdate --format %(refname) %(objectname) %(*objectname) [2ms]
