2024-11-13 16:07:42.748 [info] [main] Log level: Info
2024-11-13 16:07:42.748 [info] [main] Validating found git in: "git"
2024-11-13 16:07:42.748 [info] [main] Using git "2.43.0" from "git"
2024-11-13 16:07:42.749 [info] [Model][doInitialScan] Initial repository scan started
2024-11-13 16:07:42.749 [info] > git rev-parse --show-toplevel [58ms]
2024-11-13 16:07:42.750 [info] > git rev-parse --show-toplevel [10ms]
2024-11-13 16:07:42.757 [info] > git rev-parse --git-dir --git-common-dir [2ms]
2024-11-13 16:07:42.776 [info] [Model][openRepository] Opened repository: /root/workspace/github.com/Johnyboi77/bookbot
2024-11-13 16:07:42.792 [info] > git rev-parse --show-toplevel [4ms]
2024-11-13 16:07:42.794 [info] > git config --get commit.template [9ms]
2024-11-13 16:07:42.800 [info] [Model][doInitialScan] Initial repository scan completed - repositories (1), closed repositories (0), parent repositories (1), unsafe repositories (0)
2024-11-13 16:07:42.816 [info] > git for-each-ref --format=%(refname)%00%(upstream:short)%00%(objectname)%00%(upstream:track)%00%(upstream:remotename)%00%(upstream:remoteref) refs/heads/main refs/remotes/main [10ms]
2024-11-13 16:07:42.836 [info] > git status -z -uall [8ms]
2024-11-13 16:07:42.839 [info] > git for-each-ref --sort -committerdate --format %(refname) %(objectname) %(*objectname) [6ms]
2024-11-13 16:07:42.866 [info] > git for-each-ref --format=%(refname)%00%(upstream:short)%00%(objectname)%00%(upstream:track)%00%(upstream:remotename)%00%(upstream:remoteref) refs/heads/main refs/remotes/main [12ms]
2024-11-13 16:07:42.877 [info] > git config --local branch.main.vscode-merge-base [6ms]
2024-11-13 16:07:42.883 [info] > git config --get commit.template [20ms]
2024-11-13 16:07:42.890 [info] > git for-each-ref --format=%(refname)%00%(upstream:short)%00%(objectname)%00%(upstream:track)%00%(upstream:remotename)%00%(upstream:remoteref) refs/heads/origin/main refs/remotes/origin/main [7ms]
2024-11-13 16:07:42.928 [info] > git merge-base refs/heads/main refs/remotes/origin/main [34ms]
2024-11-13 16:07:42.933 [info] > git for-each-ref --format=%(refname)%00%(upstream:short)%00%(objectname)%00%(upstream:track)%00%(upstream:remotename)%00%(upstream:remoteref) refs/heads/main refs/remotes/main [6ms]
2024-11-13 16:07:42.935 [info] > git diff --name-status -z --diff-filter=ADMR f4b5b6c5b93f9ab7b837af504a0eba922af5df8b...refs/remotes/origin/main [3ms]
2024-11-13 16:07:42.947 [info] > git status -z -uall [4ms]
2024-11-13 16:07:42.949 [info] > git for-each-ref --sort -committerdate --format %(refname) %(objectname) %(*objectname) [3ms]
2024-11-13 16:07:43.200 [info] > git show --textconv :main.py [8ms]
2024-11-13 16:07:43.201 [info] > git ls-files --stage -- /root/workspace/github.com/Johnyboi77/bookbot/main.py [6ms]
2024-11-13 16:07:43.207 [info] > git cat-file -s 2508aa310b453c299b5042aa708bd34b2771b509 [2ms]
2024-11-13 16:07:43.340 [info] > git check-ignore -v -z --stdin [5ms]
2024-11-13 16:07:56.557 [info] > git config --get commit.template [5ms]
2024-11-13 16:07:56.558 [info] > git for-each-ref --format=%(refname)%00%(upstream:short)%00%(objectname)%00%(upstream:track)%00%(upstream:remotename)%00%(upstream:remoteref) refs/heads/main refs/remotes/main [2ms]
2024-11-13 16:07:56.573 [info] > git status -z -uall [7ms]
2024-11-13 16:07:56.575 [info] > git for-each-ref --sort -committerdate --format %(refname) %(objectname) %(*objectname) [3ms]
2024-11-13 16:08:01.592 [info] > git config --get commit.template [6ms]
2024-11-13 16:08:01.593 [info] > git for-each-ref --format=%(refname)%00%(upstream:short)%00%(objectname)%00%(upstream:track)%00%(upstream:remotename)%00%(upstream:remoteref) refs/heads/main refs/remotes/main [2ms]
2024-11-13 16:08:01.604 [info] > git status -z -uall [6ms]
2024-11-13 16:08:01.606 [info] > git for-each-ref --sort -committerdate --format %(refname) %(objectname) %(*objectname) [2ms]
2024-11-13 16:22:25.960 [info] > git config --get commit.template [4ms]
2024-11-13 16:22:25.961 [info] > git for-each-ref --format=%(refname)%00%(upstream:short)%00%(objectname)%00%(upstream:track)%00%(upstream:remotename)%00%(upstream:remoteref) refs/heads/main refs/remotes/main [2ms]
2024-11-13 16:22:25.973 [info] > git status -z -uall [6ms]
2024-11-13 16:22:25.974 [info] > git for-each-ref --sort -committerdate --format %(refname) %(objectname) %(*objectname) [2ms]
2024-11-13 16:25:05.853 [info] > git config --get commit.template [2ms]
2024-11-13 16:25:05.859 [info] > git for-each-ref --format=%(refname)%00%(upstream:short)%00%(objectname)%00%(upstream:track)%00%(upstream:remotename)%00%(upstream:remoteref) refs/heads/main refs/remotes/main [2ms]
2024-11-13 16:25:05.870 [info] > git status -z -uall [5ms]
2024-11-13 16:25:05.872 [info] > git for-each-ref --sort -committerdate --format %(refname) %(objectname) %(*objectname) [3ms]
2024-11-13 16:25:46.296 [info] > git config --get commit.template [8ms]
2024-11-13 16:25:46.297 [info] > git for-each-ref --format=%(refname)%00%(upstream:short)%00%(objectname)%00%(upstream:track)%00%(upstream:remotename)%00%(upstream:remoteref) refs/heads/main refs/remotes/main [2ms]
2024-11-13 16:25:46.310 [info] > git status -z -uall [7ms]
2024-11-13 16:25:46.311 [info] > git for-each-ref --sort -committerdate --format %(refname) %(objectname) %(*objectname) [3ms]
2024-11-13 16:31:34.194 [info] > git config --get commit.template [4ms]
2024-11-13 16:31:34.206 [info] > git for-each-ref --format=%(refname)%00%(upstream:short)%00%(objectname)%00%(upstream:track)%00%(upstream:remotename)%00%(upstream:remoteref) refs/heads/main refs/remotes/main [4ms]
2024-11-13 16:31:34.225 [info] > git status -z -uall [10ms]
2024-11-13 16:31:34.228 [info] > git for-each-ref --sort -committerdate --format %(refname) %(objectname) %(*objectname) [4ms]
2024-11-13 16:32:20.355 [info] > git config --get commit.template [2ms]
2024-11-13 16:32:20.361 [info] > git for-each-ref --format=%(refname)%00%(upstream:short)%00%(objectname)%00%(upstream:track)%00%(upstream:remotename)%00%(upstream:remoteref) refs/heads/main refs/remotes/main [2ms]
2024-11-13 16:32:20.372 [info] > git status -z -uall [5ms]
2024-11-13 16:32:20.373 [info] > git for-each-ref --sort -committerdate --format %(refname) %(objectname) %(*objectname) [2ms]
2024-11-13 16:35:49.733 [info] > git config --get commit.template [4ms]
2024-11-13 16:35:49.734 [info] > git for-each-ref --format=%(refname)%00%(upstream:short)%00%(objectname)%00%(upstream:track)%00%(upstream:remotename)%00%(upstream:remoteref) refs/heads/main refs/remotes/main [1ms]
2024-11-13 16:35:49.745 [info] > git status -z -uall [6ms]
2024-11-13 16:35:49.747 [info] > git for-each-ref --sort -committerdate --format %(refname) %(objectname) %(*objectname) [3ms]
2024-11-13 16:36:12.318 [info] > git config --get commit.template [9ms]
2024-11-13 16:36:12.318 [info] > git for-each-ref --format=%(refname)%00%(upstream:short)%00%(objectname)%00%(upstream:track)%00%(upstream:remotename)%00%(upstream:remoteref) refs/heads/main refs/remotes/main [1ms]
2024-11-13 16:36:12.329 [info] > git status -z -uall [4ms]
2024-11-13 16:36:12.330 [info] > git for-each-ref --sort -committerdate --format %(refname) %(objectname) %(*objectname) [2ms]
2024-11-13 16:37:27.259 [info] > git config --get commit.template [1ms]
2024-11-13 16:37:27.264 [info] > git for-each-ref --format=%(refname)%00%(upstream:short)%00%(objectname)%00%(upstream:track)%00%(upstream:remotename)%00%(upstream:remoteref) refs/heads/main refs/remotes/main [1ms]
2024-11-13 16:37:27.274 [info] > git status -z -uall [5ms]
2024-11-13 16:37:27.275 [info] > git for-each-ref --sort -committerdate --format %(refname) %(objectname) %(*objectname) [2ms]
2024-11-13 16:37:51.359 [info] > git config --get commit.template [10ms]
2024-11-13 16:37:51.360 [info] > git for-each-ref --format=%(refname)%00%(upstream:short)%00%(objectname)%00%(upstream:track)%00%(upstream:remotename)%00%(upstream:remoteref) refs/heads/main refs/remotes/main [3ms]
2024-11-13 16:37:51.374 [info] > git status -z -uall [6ms]
2024-11-13 16:37:51.376 [info] > git for-each-ref --sort -committerdate --format %(refname) %(objectname) %(*objectname) [3ms]
2024-11-13 16:38:02.540 [info] > git rev-parse --show-toplevel [6ms]
2024-11-13 16:38:02.559 [info] > git log --format=%H%n%aN%n%aE%n%at%n%ct%n%P%n%D%n%B -z --shortstat --diff-merges=first-parent -n50 --skip=0 --topo-order --decorate=full --stdin [49ms]
2024-11-13 16:38:15.220 [info] > git add -A -- . [6ms]
2024-11-13 16:38:15.257 [info] > git -c user.useConfigOnly=true commit --quiet --allow-empty-message --file - [32ms]
2024-11-13 16:38:15.263 [info] > git config --get commit.template [1ms]
2024-11-13 16:38:15.277 [info] > git config --get commit.template [6ms]
2024-11-13 16:38:15.278 [info] > git for-each-ref --format=%(refname)%00%(upstream:short)%00%(objectname)%00%(upstream:track)%00%(upstream:remotename)%00%(upstream:remoteref) refs/heads/main refs/remotes/main [3ms]
2024-11-13 16:38:15.291 [info] > git status -z -uall [7ms]
2024-11-13 16:38:15.292 [info] > git for-each-ref --sort -committerdate --format %(refname) %(objectname) %(*objectname) [2ms]
2024-11-13 16:38:15.308 [info] > git merge-base refs/heads/main refs/remotes/origin/main [6ms]
2024-11-13 16:38:15.315 [info] > git diff --name-status -z --diff-filter=ADMR f4b5b6c5b93f9ab7b837af504a0eba922af5df8b...refs/remotes/origin/main [3ms]
2024-11-13 16:38:15.340 [info] > git log --format=%H%n%aN%n%aE%n%at%n%ct%n%P%n%D%n%B -z --shortstat --diff-merges=first-parent -n50 --skip=0 --topo-order --decorate=full --stdin [8ms]
2024-11-13 16:38:15.360 [info] > git config --get commit.template [5ms]
2024-11-13 16:38:15.361 [info] > git for-each-ref --format=%(refname)%00%(upstream:short)%00%(objectname)%00%(upstream:track)%00%(upstream:remotename)%00%(upstream:remoteref) refs/heads/main refs/remotes/main [2ms]
2024-11-13 16:38:15.373 [info] > git status -z -uall [8ms]
2024-11-13 16:38:15.374 [info] > git for-each-ref --sort -committerdate --format %(refname) %(objectname) %(*objectname) [2ms]
2024-11-13 16:38:16.433 [info] > git ls-files --stage -- /root/workspace/github.com/Johnyboi77/bookbot/main.py [3ms]
2024-11-13 16:38:16.439 [info] > git cat-file -s 9b26a4ba25cb535ce5afdd6d80a0c42b0553a807 [2ms]
2024-11-13 16:38:16.452 [info] > git show --textconv :main.py [2ms]
2024-11-13 16:38:17.810 [info] > git log --oneline --cherry main...main@{upstream} -- [3ms]
2024-11-13 16:38:18.365 [info] > git pull --tags origin main [551ms]
2024-11-13 16:38:18.365 [info] From https://github.com/Johnyboi77/bookbot
 * branch            main       -> FETCH_HEAD
2024-11-13 16:38:19.556 [info] > git ls-files --stage -- /root/workspace/github.com/Johnyboi77/bookbot/main.py [2ms]
2024-11-13 16:38:19.565 [info] > git cat-file -s 9b26a4ba25cb535ce5afdd6d80a0c42b0553a807 [3ms]
2024-11-13 16:38:19.577 [info] > git show --textconv :main.py [2ms]
2024-11-13 16:38:19.824 [info] > git push origin main:main [1455ms]
2024-11-13 16:38:19.824 [info] To https://github.com/Johnyboi77/bookbot
   f4b5b6c..8cffe96  main -> main
2024-11-13 16:38:19.835 [info] > git config --get commit.template [4ms]
2024-11-13 16:38:19.841 [info] > git for-each-ref --format=%(refname)%00%(upstream:short)%00%(objectname)%00%(upstream:track)%00%(upstream:remotename)%00%(upstream:remoteref) refs/heads/main refs/remotes/main [1ms]
2024-11-13 16:38:19.852 [info] > git status -z -uall [4ms]
2024-11-13 16:38:19.853 [info] > git for-each-ref --sort -committerdate --format %(refname) %(objectname) %(*objectname) [2ms]
2024-11-13 16:38:19.861 [info] > git merge-base refs/heads/main refs/remotes/origin/main [1ms]
2024-11-13 16:38:19.867 [info] > git diff --name-status -z --diff-filter=ADMR 8cffe96ba9ac4661dd3e07213f2618b8ba645c43...refs/remotes/origin/main [2ms]
2024-11-13 16:38:19.907 [info] > git log --format=%H%n%aN%n%aE%n%at%n%ct%n%P%n%D%n%B -z --shortstat --diff-merges=first-parent -n50 --skip=0 --topo-order --decorate=full --stdin [6ms]
2024-11-13 16:38:21.013 [info] > git config --get commit.template [5ms]
2024-11-13 16:38:21.014 [info] > git for-each-ref --format=%(refname)%00%(upstream:short)%00%(objectname)%00%(upstream:track)%00%(upstream:remotename)%00%(upstream:remoteref) refs/heads/main refs/remotes/main [1ms]
2024-11-13 16:38:21.025 [info] > git status -z -uall [5ms]
2024-11-13 16:38:21.027 [info] > git for-each-ref --sort -committerdate --format %(refname) %(objectname) %(*objectname) [3ms]
2024-11-13 16:38:21.122 [info] > git ls-files --stage -- /root/workspace/github.com/Johnyboi77/bookbot/main.py [3ms]
2024-11-13 16:38:21.132 [info] > git cat-file -s 9b26a4ba25cb535ce5afdd6d80a0c42b0553a807 [2ms]
2024-11-13 16:38:21.147 [info] > git show --textconv :main.py [3ms]
2024-11-13 16:40:59.595 [info] > git config --get commit.template [9ms]
2024-11-13 16:40:59.596 [info] > git for-each-ref --format=%(refname)%00%(upstream:short)%00%(objectname)%00%(upstream:track)%00%(upstream:remotename)%00%(upstream:remoteref) refs/heads/main refs/remotes/main [3ms]
2024-11-13 16:40:59.606 [info] > git status -z -uall [4ms]
2024-11-13 16:40:59.607 [info] > git for-each-ref --sort -committerdate --format %(refname) %(objectname) %(*objectname) [2ms]
2024-11-13 16:59:56.134 [info] > git config --get commit.template [20ms]
2024-11-13 16:59:56.143 [info] > git for-each-ref --format=%(refname)%00%(upstream:short)%00%(objectname)%00%(upstream:track)%00%(upstream:remotename)%00%(upstream:remoteref) refs/heads/main refs/remotes/main [23ms]
2024-11-13 16:59:56.154 [info] > git status -z -uall [5ms]
2024-11-13 16:59:56.156 [info] > git for-each-ref --sort -committerdate --format %(refname) %(objectname) %(*objectname) [3ms]
2024-11-13 17:01:54.111 [info] > git config --get commit.template [5ms]
2024-11-13 17:01:54.112 [info] > git for-each-ref --format=%(refname)%00%(upstream:short)%00%(objectname)%00%(upstream:track)%00%(upstream:remotename)%00%(upstream:remoteref) refs/heads/main refs/remotes/main [1ms]
2024-11-13 17:01:54.121 [info] > git status -z -uall [5ms]
2024-11-13 17:01:54.122 [info] > git for-each-ref --sort -committerdate --format %(refname) %(objectname) %(*objectname) [2ms]
2024-11-13 17:04:32.950 [info] > git config --get commit.template [5ms]
2024-11-13 17:04:32.952 [info] > git for-each-ref --format=%(refname)%00%(upstream:short)%00%(objectname)%00%(upstream:track)%00%(upstream:remotename)%00%(upstream:remoteref) refs/heads/main refs/remotes/main [2ms]
2024-11-13 17:04:32.963 [info] > git status -z -uall [5ms]
2024-11-13 17:04:32.964 [info] > git for-each-ref --sort -committerdate --format %(refname) %(objectname) %(*objectname) [2ms]
2024-11-13 17:08:23.066 [info] > git config --get commit.template [8ms]
2024-11-13 17:08:23.067 [info] > git for-each-ref --format=%(refname)%00%(upstream:short)%00%(objectname)%00%(upstream:track)%00%(upstream:remotename)%00%(upstream:remoteref) refs/heads/main refs/remotes/main [3ms]
2024-11-13 17:08:23.079 [info] > git status -z -uall [6ms]
2024-11-13 17:08:23.079 [info] > git for-each-ref --sort -committerdate --format %(refname) %(objectname) %(*objectname) [3ms]
2024-11-13 17:11:10.577 [info] > git config --get commit.template [10ms]
2024-11-13 17:11:10.582 [info] > git for-each-ref --format=%(refname)%00%(upstream:short)%00%(objectname)%00%(upstream:track)%00%(upstream:remotename)%00%(upstream:remoteref) refs/heads/main refs/remotes/main [7ms]
2024-11-13 17:11:10.599 [info] > git status -z -uall [9ms]
2024-11-13 17:11:10.601 [info] > git for-each-ref --sort -committerdate --format %(refname) %(objectname) %(*objectname) [3ms]
2024-11-13 17:29:22.310 [info] > git config --get commit.template [18ms]
2024-11-13 17:29:22.317 [info] > git for-each-ref --format=%(refname)%00%(upstream:short)%00%(objectname)%00%(upstream:track)%00%(upstream:remotename)%00%(upstream:remoteref) refs/heads/main refs/remotes/main [18ms]
2024-11-13 17:29:22.331 [info] > git status -z -uall [7ms]
2024-11-13 17:29:22.334 [info] > git for-each-ref --sort -committerdate --format %(refname) %(objectname) %(*objectname) [5ms]
2024-11-13 17:30:27.623 [info] > git config --get commit.template [4ms]
2024-11-13 17:30:27.633 [info] > git for-each-ref --format=%(refname)%00%(upstream:short)%00%(objectname)%00%(upstream:track)%00%(upstream:remotename)%00%(upstream:remoteref) refs/heads/main refs/remotes/main [3ms]
2024-11-13 17:30:27.649 [info] > git status -z -uall [8ms]
2024-11-13 17:30:27.652 [info] > git for-each-ref --sort -committerdate --format %(refname) %(objectname) %(*objectname) [3ms]
2024-11-13 17:30:42.807 [info] > git config --get commit.template [6ms]
2024-11-13 17:30:42.808 [info] > git for-each-ref --format=%(refname)%00%(upstream:short)%00%(objectname)%00%(upstream:track)%00%(upstream:remotename)%00%(upstream:remoteref) refs/heads/main refs/remotes/main [1ms]
2024-11-13 17:30:42.816 [info] > git status -z -uall [4ms]
2024-11-13 17:30:42.818 [info] > git for-each-ref --sort -committerdate --format %(refname) %(objectname) %(*objectname) [1ms]
2024-11-13 17:34:30.094 [info] > git config --get commit.template [6ms]
2024-11-13 17:34:30.094 [info] > git for-each-ref --format=%(refname)%00%(upstream:short)%00%(objectname)%00%(upstream:track)%00%(upstream:remotename)%00%(upstream:remoteref) refs/heads/main refs/remotes/main [1ms]
2024-11-13 17:34:30.102 [info] > git status -z -uall [4ms]
2024-11-13 17:34:30.103 [info] > git for-each-ref --sort -committerdate --format %(refname) %(objectname) %(*objectname) [1ms]
2024-11-13 17:35:19.513 [info] > git log --format=%H%n%aN%n%aE%n%at%n%ct%n%P%n%D%n%B -z -n120 --follow -- /root/workspace/github.com/Johnyboi77/bookbot/main.py [13ms]
2024-11-13 17:35:44.472 [info] > git show --textconv :main.py [8ms]
2024-11-13 17:35:44.475 [info] > git ls-files --stage -- /root/workspace/github.com/Johnyboi77/bookbot/main.py [3ms]
2024-11-13 17:35:44.484 [info] > git cat-file -s 9b26a4ba25cb535ce5afdd6d80a0c42b0553a807 [3ms]
2024-11-13 17:36:00.161 [info] > git config --get commit.template [5ms]
2024-11-13 17:36:00.162 [info] > git for-each-ref --format=%(refname)%00%(upstream:short)%00%(objectname)%00%(upstream:track)%00%(upstream:remotename)%00%(upstream:remoteref) refs/heads/main refs/remotes/main [2ms]
2024-11-13 17:36:00.170 [info] > git status -z -uall [5ms]
2024-11-13 17:36:00.171 [info] > git for-each-ref --sort -committerdate --format %(refname) %(objectname) %(*objectname) [2ms]
2024-11-13 17:36:07.334 [info] > git config --get commit.template [3ms]
2024-11-13 17:36:07.341 [info] > git for-each-ref --format=%(refname)%00%(upstream:short)%00%(objectname)%00%(upstream:track)%00%(upstream:remotename)%00%(upstream:remoteref) refs/heads/main refs/remotes/main [2ms]
2024-11-13 17:36:07.350 [info] > git status -z -uall [4ms]
2024-11-13 17:36:07.351 [info] > git for-each-ref --sort -committerdate --format %(refname) %(objectname) %(*objectname) [2ms]
2024-11-13 17:36:12.371 [info] > git config --get commit.template [8ms]
2024-11-13 17:36:12.372 [info] > git for-each-ref --format=%(refname)%00%(upstream:short)%00%(objectname)%00%(upstream:track)%00%(upstream:remotename)%00%(upstream:remoteref) refs/heads/main refs/remotes/main [3ms]
2024-11-13 17:36:12.387 [info] > git status -z -uall [7ms]
2024-11-13 17:36:12.390 [info] > git for-each-ref --sort -committerdate --format %(refname) %(objectname) %(*objectname) [4ms]
2024-11-13 17:36:13.643 [info] > git log --format=%H%n%aN%n%aE%n%at%n%ct%n%P%n%D%n%B -z --shortstat --diff-merges=first-parent -n50 --skip=0 --topo-order --decorate=full --stdin [12ms]
2024-11-13 17:36:17.412 [info] > git config --get commit.template [7ms]
2024-11-13 17:36:17.414 [info] > git for-each-ref --format=%(refname)%00%(upstream:short)%00%(objectname)%00%(upstream:track)%00%(upstream:remotename)%00%(upstream:remoteref) refs/heads/main refs/remotes/main [3ms]
2024-11-13 17:36:17.426 [info] > git status -z -uall [7ms]
2024-11-13 17:36:17.427 [info] > git for-each-ref --sort -committerdate --format %(refname) %(objectname) %(*objectname) [2ms]
2024-11-13 17:36:24.432 [info] > git add -A -- . [8ms]
2024-11-13 17:36:24.467 [info] > git -c user.useConfigOnly=true commit --quiet --allow-empty-message --file - [31ms]
2024-11-13 17:36:24.474 [info] > git config --get commit.template [1ms]
2024-11-13 17:36:24.485 [info] > git config --get commit.template [4ms]
2024-11-13 17:36:24.491 [info] > git for-each-ref --format=%(refname)%00%(upstream:short)%00%(objectname)%00%(upstream:track)%00%(upstream:remotename)%00%(upstream:remoteref) refs/heads/main refs/remotes/main [2ms]
2024-11-13 17:36:24.502 [info] > git status -z -uall [5ms]
2024-11-13 17:36:24.504 [info] > git for-each-ref --sort -committerdate --format %(refname) %(objectname) %(*objectname) [2ms]
2024-11-13 17:36:24.519 [info] > git merge-base refs/heads/main refs/remotes/origin/main [5ms]
2024-11-13 17:36:24.527 [info] > git diff --name-status -z --diff-filter=ADMR 8cffe96ba9ac4661dd3e07213f2618b8ba645c43...refs/remotes/origin/main [3ms]
2024-11-13 17:36:24.550 [info] > git log --format=%H%n%aN%n%aE%n%at%n%ct%n%P%n%D%n%B -z --shortstat --diff-merges=first-parent -n50 --skip=0 --topo-order --decorate=full --stdin [7ms]
2024-11-13 17:36:24.574 [info] > git config --get commit.template [6ms]
2024-11-13 17:36:24.576 [info] > git for-each-ref --format=%(refname)%00%(upstream:short)%00%(objectname)%00%(upstream:track)%00%(upstream:remotename)%00%(upstream:remoteref) refs/heads/main refs/remotes/main [2ms]
2024-11-13 17:36:24.585 [info] > git status -z -uall [4ms]
2024-11-13 17:36:24.586 [info] > git for-each-ref --sort -committerdate --format %(refname) %(objectname) %(*objectname) [2ms]
2024-11-13 17:36:25.049 [info] > git ls-files --stage -- /root/workspace/github.com/Johnyboi77/bookbot/main.py [3ms]
2024-11-13 17:36:25.057 [info] > git cat-file -s 7017275db5819e1e0ca8e465f5ce12992d429544 [2ms]
2024-11-13 17:36:25.075 [info] > git show --textconv :main.py [2ms]
2024-11-13 17:36:26.348 [info] > git log --oneline --cherry main...main@{upstream} -- [2ms]
2024-11-13 17:36:26.856 [info] > git pull --tags origin main [504ms]
2024-11-13 17:36:26.856 [info] From https://github.com/Johnyboi77/bookbot
 * branch            main       -> FETCH_HEAD
2024-11-13 17:36:28.123 [info] > git ls-files --stage -- /root/workspace/github.com/Johnyboi77/bookbot/main.py [3ms]
2024-11-13 17:36:28.131 [info] > git push origin main:main [1271ms]
2024-11-13 17:36:28.131 [info] To https://github.com/Johnyboi77/bookbot
   8cffe96..ad495f3  main -> main
2024-11-13 17:36:28.138 [info] > git cat-file -s 7017275db5819e1e0ca8e465f5ce12992d429544 [7ms]
2024-11-13 17:36:28.139 [info] > git config --get commit.template [2ms]
2024-11-13 17:36:28.148 [info] > git for-each-ref --format=%(refname)%00%(upstream:short)%00%(objectname)%00%(upstream:track)%00%(upstream:remotename)%00%(upstream:remoteref) refs/heads/main refs/remotes/main [5ms]
2024-11-13 17:36:28.148 [info] > git show --textconv :main.py [1ms]
2024-11-13 17:36:28.156 [info] > git status -z -uall [3ms]
2024-11-13 17:36:28.158 [info] > git for-each-ref --sort -committerdate --format %(refname) %(objectname) %(*objectname) [2ms]
2024-11-13 17:36:28.167 [info] > git merge-base refs/heads/main refs/remotes/origin/main [3ms]
2024-11-13 17:36:28.172 [info] > git diff --name-status -z --diff-filter=ADMR ad495f3d740bbd18a64a615ea562779ef51f017c...refs/remotes/origin/main [2ms]
2024-11-13 17:36:28.191 [info] > git log --format=%H%n%aN%n%aE%n%at%n%ct%n%P%n%D%n%B -z --shortstat --diff-merges=first-parent -n50 --skip=0 --topo-order --decorate=full --stdin [7ms]
2024-11-13 17:36:29.318 [info] > git config --get commit.template [8ms]
2024-11-13 17:36:29.320 [info] > git for-each-ref --format=%(refname)%00%(upstream:short)%00%(objectname)%00%(upstream:track)%00%(upstream:remotename)%00%(upstream:remoteref) refs/heads/main refs/remotes/main [2ms]
2024-11-13 17:36:29.332 [info] > git status -z -uall [7ms]
2024-11-13 17:36:29.333 [info] > git for-each-ref --sort -committerdate --format %(refname) %(objectname) %(*objectname) [1ms]
2024-11-13 17:36:29.416 [info] > git ls-files --stage -- /root/workspace/github.com/Johnyboi77/bookbot/main.py [2ms]
2024-11-13 17:36:29.428 [info] > git cat-file -s 7017275db5819e1e0ca8e465f5ce12992d429544 [2ms]
2024-11-13 17:36:29.451 [info] > git show --textconv :main.py [4ms]
