2024-11-21 18:44:30.456 [info] [main] Log level: Info
2024-11-21 18:44:30.456 [info] [main] Validating found git in: "git"
2024-11-21 18:44:30.456 [info] [main] Using git "2.43.0" from "git"
2024-11-21 18:44:30.456 [info] [Model][doInitialScan] Initial repository scan started
2024-11-21 18:44:30.456 [info] > git rev-parse --show-toplevel [61ms]
2024-11-21 18:44:30.456 [info] > git rev-parse --git-dir --git-common-dir [11ms]
2024-11-21 18:44:30.456 [info] [Model][openRepository] Opened repository: /root
2024-11-21 18:44:30.456 [info] > git rev-parse --show-toplevel [64ms]
2024-11-21 18:44:30.456 [info] > git config --get commit.template [71ms]
2024-11-21 18:44:30.456 [info] > git rev-parse --show-toplevel [14ms]
2024-11-21 18:44:30.456 [info] > git for-each-ref --format=%(refname)%00%(upstream:short)%00%(objectname)%00%(upstream:track)%00%(upstream:remotename)%00%(upstream:remoteref) refs/heads/main refs/remotes/main [21ms]
2024-11-21 18:44:30.456 [info] > git rev-parse --show-toplevel [214ms]
2024-11-21 18:44:30.456 [info] [Model][doInitialScan] Initial repository scan completed - repositories (1), closed repositories (0), parent repositories (0), unsafe repositories (0)
2024-11-21 18:44:30.456 [info] > git for-each-ref --sort -committerdate --format %(refname) %(objectname) %(*objectname) [367ms]
2024-11-21 18:44:30.634 [info] > git show --textconv :workspace/github.com/Johnyboi77/Asteroids/main.py [47ms]
2024-11-21 18:44:30.635 [info] > git ls-files --stage -- /root/workspace/github.com/Johnyboi77/Asteroids/main.py [41ms]
2024-11-21 18:44:30.782 [info] > git check-ignore -v -z --stdin [166ms]
2024-11-21 18:44:30.791 [info] > git cat-file -s e8a6ec9f5e1e33af3afef40e95b62e292c1c58aa [150ms]
2024-11-21 18:44:33.288 [info] > git status -z -uall [3440ms]
2024-11-21 18:44:33.447 [info] > git for-each-ref --format=%(refname)%00%(upstream:short)%00%(objectname)%00%(upstream:track)%00%(upstream:remotename)%00%(upstream:remoteref) refs/heads/main refs/remotes/main [51ms]
2024-11-21 18:44:34.443 [info] > git config --local branch.main.vscode-merge-base [982ms]
2024-11-21 18:44:34.443 [warning] [Git][config] git config failed: Failed to execute git
2024-11-21 18:44:34.453 [info] > git config --get commit.template [1029ms]
2024-11-21 18:44:34.494 [info] > git for-each-ref --format=%(refname)%00%(upstream:short)%00%(objectname)%00%(upstream:track)%00%(upstream:remotename)%00%(upstream:remoteref) refs/heads/main refs/remotes/main [8ms]
2024-11-21 18:44:34.517 [info] > git reflog main --grep-reflog=branch: Created from *. [65ms]
2024-11-21 18:44:34.546 [info] > git for-each-ref --sort -committerdate --format %(refname) %(objectname) %(*objectname) [30ms]
2024-11-21 18:44:34.550 [info] > git symbolic-ref --short refs/remotes/origin/HEAD [10ms]
2024-11-21 18:44:34.550 [info] fatal: ref refs/remotes/origin/HEAD is not a symbolic ref
2024-11-21 18:44:34.550 [warning] [Repository][getDefaultBranch] Failed to get default branch details: Failed to execute git.
2024-11-21 18:44:34.798 [info] > git status -z -uall [298ms]
2024-11-21 18:45:25.013 [info] > git config --get commit.template [12ms]
2024-11-21 18:45:25.014 [info] > git for-each-ref --format=%(refname)%00%(upstream:short)%00%(objectname)%00%(upstream:track)%00%(upstream:remotename)%00%(upstream:remoteref) refs/heads/main refs/remotes/main [6ms]
2024-11-21 18:45:25.032 [info] > git for-each-ref --sort -committerdate --format %(refname) %(objectname) %(*objectname) [3ms]
2024-11-21 18:45:25.189 [info] > git status -z -uall [168ms]
2024-11-21 18:53:36.357 [info] > git config --get commit.template [7ms]
2024-11-21 18:53:36.358 [info] > git for-each-ref --format=%(refname)%00%(upstream:short)%00%(objectname)%00%(upstream:track)%00%(upstream:remotename)%00%(upstream:remoteref) refs/heads/main refs/remotes/main [3ms]
2024-11-21 18:53:36.369 [info] > git for-each-ref --sort -committerdate --format %(refname) %(objectname) %(*objectname) [2ms]
2024-11-21 18:53:36.448 [info] > git check-ignore -v -z --stdin [10ms]
2024-11-21 18:53:36.506 [info] > git status -z -uall [144ms]
2024-11-21 18:54:12.420 [info] > git config --get commit.template [11ms]
2024-11-21 18:54:12.421 [info] > git for-each-ref --format=%(refname)%00%(upstream:short)%00%(objectname)%00%(upstream:track)%00%(upstream:remotename)%00%(upstream:remoteref) refs/heads/main refs/remotes/main [4ms]
2024-11-21 18:54:12.442 [info] > git for-each-ref --sort -committerdate --format %(refname) %(objectname) %(*objectname) [4ms]
2024-11-21 18:54:12.601 [info] > git status -z -uall [174ms]
2024-11-21 18:54:19.487 [info] > git config --get commit.template [10ms]
2024-11-21 18:54:19.488 [info] > git for-each-ref --format=%(refname)%00%(upstream:short)%00%(objectname)%00%(upstream:track)%00%(upstream:remotename)%00%(upstream:remoteref) refs/heads/main refs/remotes/main [3ms]
2024-11-21 18:54:19.507 [info] > git for-each-ref --sort -committerdate --format %(refname) %(objectname) %(*objectname) [4ms]
2024-11-21 18:54:19.657 [info] > git status -z -uall [163ms]
2024-11-21 18:56:54.601 [info] > git check-ignore -v -z --stdin [55ms]
2024-11-21 18:56:54.874 [info] > git config --get commit.template [15ms]
2024-11-21 18:56:54.902 [info] > git for-each-ref --format=%(refname)%00%(upstream:short)%00%(objectname)%00%(upstream:track)%00%(upstream:remotename)%00%(upstream:remoteref) refs/heads/main refs/remotes/main [33ms]
2024-11-21 18:56:54.935 [info] > git for-each-ref --sort -committerdate --format %(refname) %(objectname) %(*objectname) [17ms]
2024-11-21 18:56:57.007 [info] > git status -z -uall [2098ms]
2024-11-21 18:58:59.466 [info] > git check-ignore -v -z --stdin [26ms]
2024-11-21 18:59:00.729 [info] > git show --textconv :workspace/asteroids-game/constants.py [12ms]
2024-11-21 18:59:00.733 [info] > git ls-files --stage -- /root/workspace/asteroids-game/constants.py [9ms]
2024-11-21 18:59:14.444 [info] > git show --textconv :workspace/asteroids-game/main.py [19ms]
2024-11-21 18:59:14.455 [info] > git ls-files --stage -- /root/workspace/asteroids-game/main.py [21ms]
2024-11-21 18:59:26.057 [info] > git show --textconv :workspace/asteroids-game/player.py [17ms]
2024-11-21 18:59:26.065 [info] > git ls-files --stage -- /root/workspace/asteroids-game/player.py [17ms]
2024-11-21 18:59:42.164 [info] > git show --textconv :workspace/asteroids-game/requirements.txt [12ms]
2024-11-21 18:59:42.168 [info] > git ls-files --stage -- /root/workspace/asteroids-game/requirements.txt [9ms]
2024-11-21 18:59:52.508 [info] > git config --get commit.template [8ms]
2024-11-21 18:59:52.509 [info] > git for-each-ref --format=%(refname)%00%(upstream:short)%00%(objectname)%00%(upstream:track)%00%(upstream:remotename)%00%(upstream:remoteref) refs/heads/main refs/remotes/main [3ms]
2024-11-21 18:59:52.527 [info] > git for-each-ref --sort -committerdate --format %(refname) %(objectname) %(*objectname) [3ms]
2024-11-21 18:59:52.651 [info] > git status -z -uall [137ms]
2024-11-21 18:59:52.651 [info] > git show --textconv :workspace/asteroids-game/touch [6ms]
2024-11-21 18:59:53.339 [info] > git ls-files --stage -- /root/workspace/asteroids-game/touch [688ms]
2024-11-21 18:59:59.200 [info] > git show --textconv :workspace/asteroids-game/requirements.txt [9ms]
2024-11-21 18:59:59.204 [info] > git ls-files --stage -- /root/workspace/asteroids-game/requirements.txt [9ms]
2024-11-21 19:00:00.063 [info] > git config --get commit.template [12ms]
2024-11-21 19:00:00.064 [info] > git for-each-ref --format=%(refname)%00%(upstream:short)%00%(objectname)%00%(upstream:track)%00%(upstream:remotename)%00%(upstream:remoteref) refs/heads/main refs/remotes/main [3ms]
2024-11-21 19:00:00.094 [info] > git for-each-ref --sort -committerdate --format %(refname) %(objectname) %(*objectname) [9ms]
2024-11-21 19:00:00.225 [info] > git status -z -uall [153ms]
2024-11-21 19:00:00.980 [info] > git show --textconv :workspace/asteroids-game/player.py [17ms]
2024-11-21 19:00:00.999 [info] > git ls-files --stage -- /root/workspace/asteroids-game/player.py [28ms]
2024-11-21 19:00:01.303 [info] > git show --textconv :workspace/asteroids-game/main.py [9ms]
2024-11-21 19:00:01.308 [info] > git ls-files --stage -- /root/workspace/asteroids-game/main.py [9ms]
2024-11-21 19:00:01.860 [info] > git show --textconv :workspace/asteroids-game/constants.py [9ms]
2024-11-21 19:00:01.867 [info] > git ls-files --stage -- /root/workspace/asteroids-game/constants.py [8ms]
2024-11-21 19:00:05.494 [info] > git config --get commit.template [1ms]
2024-11-21 19:00:05.502 [info] > git for-each-ref --format=%(refname)%00%(upstream:short)%00%(objectname)%00%(upstream:track)%00%(upstream:remotename)%00%(upstream:remoteref) refs/heads/main refs/remotes/main [2ms]
2024-11-21 19:00:05.518 [info] > git for-each-ref --sort -committerdate --format %(refname) %(objectname) %(*objectname) [3ms]
2024-11-21 19:00:05.646 [info] > git status -z -uall [140ms]
2024-11-21 19:00:07.987 [info] > git check-ignore -v -z --stdin [82ms]
2024-11-21 19:00:11.930 [info] > git check-ignore -v -z --stdin [283ms]
2024-11-21 19:00:14.437 [info] > git check-ignore -v -z --stdin [265ms]
2024-11-21 19:00:31.290 [info] > git add -A -- . [1905ms]
2024-11-21 19:00:31.306 [info] > git config --get commit.template [6ms]
2024-11-21 19:00:31.307 [info] > git for-each-ref --format=%(refname)%00%(upstream:short)%00%(objectname)%00%(upstream:track)%00%(upstream:remotename)%00%(upstream:remoteref) refs/heads/main refs/remotes/main [1ms]
2024-11-21 19:00:31.330 [info] > git for-each-ref --sort -committerdate --format %(refname) %(objectname) %(*objectname) [12ms]
2024-11-21 19:00:31.821 [info] > git status -z -uall [509ms]
2024-11-21 19:00:32.295 [info] > git -c user.useConfigOnly=true commit --quiet --allow-empty-message --file - [397ms]
2024-11-21 19:00:32.321 [info] > git config --get commit.template [4ms]
2024-11-21 19:00:32.346 [info] > git config --get commit.template [7ms]
2024-11-21 19:00:32.347 [info] > git for-each-ref --format=%(refname)%00%(upstream:short)%00%(objectname)%00%(upstream:track)%00%(upstream:remotename)%00%(upstream:remoteref) refs/heads/main refs/remotes/main [2ms]
2024-11-21 19:00:32.382 [info] > git for-each-ref --sort -committerdate --format %(refname) %(objectname) %(*objectname) [18ms]
2024-11-21 19:00:32.510 [info] > git status -z -uall [154ms]
2024-11-21 19:00:32.920 [info] > git config --get commit.template [7ms]
2024-11-21 19:00:32.921 [info] > git for-each-ref --format=%(refname)%00%(upstream:short)%00%(objectname)%00%(upstream:track)%00%(upstream:remotename)%00%(upstream:remoteref) refs/heads/main refs/remotes/main [2ms]
2024-11-21 19:00:32.938 [info] > git for-each-ref --sort -committerdate --format %(refname) %(objectname) %(*objectname) [5ms]
2024-11-21 19:00:33.035 [info] > git status -z -uall [108ms]
2024-11-21 19:00:33.418 [info] > git ls-files --stage -- /root/workspace/asteroids-game/constants.py [11ms]
2024-11-21 19:00:33.434 [info] > git cat-file -s 44becfa2a52f5d3c54196227eb2a7b89af6d2421 [9ms]
2024-11-21 19:00:33.453 [info] > git check-ignore -v -z --stdin [20ms]
2024-11-21 19:00:33.471 [info] > git show --textconv :workspace/asteroids-game/constants.py [26ms]
2024-11-21 19:01:46.835 [info] > git show --textconv :workspace/github.com/Johnyboi77/Asteroids/constants.py [10ms]
2024-11-21 19:01:46.841 [info] > git ls-files --stage -- /root/workspace/github.com/Johnyboi77/Asteroids/constants.py [7ms]
2024-11-21 19:01:46.848 [info] > git cat-file -s 10125d594478fc63c05c09ab2a89e5166566fc14 [1ms]
2024-11-21 21:57:31.154 [info] > git config --get commit.template [11ms]
2024-11-21 21:57:31.155 [info] > git for-each-ref --format=%(refname)%00%(upstream:short)%00%(objectname)%00%(upstream:track)%00%(upstream:remotename)%00%(upstream:remoteref) refs/heads/main refs/remotes/main [4ms]
2024-11-21 21:57:31.178 [info] > git for-each-ref --sort -committerdate --format %(refname) %(objectname) %(*objectname) [3ms]
2024-11-21 21:57:31.362 [info] > git status -z -uall [194ms]
2024-11-21 21:57:32.069 [info] > git check-ignore -v -z --stdin [16ms]
2024-11-21 21:57:39.643 [info] > git show --textconv :workspace/github.com/Johnyboi77/Asteroids/player.py [11ms]
2024-11-21 21:57:39.650 [info] > git ls-files --stage -- /root/workspace/github.com/Johnyboi77/Asteroids/player.py [8ms]
2024-11-21 21:57:39.658 [info] > git cat-file -s 7289992a46226552de75f1f6a7d1d32d0f0d5b07 [3ms]
2024-11-21 21:57:43.027 [info] > git config --get commit.template [6ms]
2024-11-21 21:57:43.037 [info] > git for-each-ref --format=%(refname)%00%(upstream:short)%00%(objectname)%00%(upstream:track)%00%(upstream:remotename)%00%(upstream:remoteref) refs/heads/main refs/remotes/main [2ms]
2024-11-21 21:57:43.057 [info] > git for-each-ref --sort -committerdate --format %(refname) %(objectname) %(*objectname) [4ms]
2024-11-21 21:57:43.190 [info] > git status -z -uall [145ms]
2024-11-21 21:58:33.416 [info] > git check-ignore -v -z --stdin [15ms]
2024-11-21 21:58:33.822 [info] > git config --get commit.template [8ms]
2024-11-21 21:58:33.823 [info] > git for-each-ref --format=%(refname)%00%(upstream:short)%00%(objectname)%00%(upstream:track)%00%(upstream:remotename)%00%(upstream:remoteref) refs/heads/main refs/remotes/main [2ms]
2024-11-21 21:58:33.839 [info] > git for-each-ref --sort -committerdate --format %(refname) %(objectname) %(*objectname) [3ms]
2024-11-21 21:58:33.966 [info] > git status -z -uall [136ms]
2024-11-21 21:58:48.173 [info] > git show --textconv :workspace/Asteroids/main.py [8ms]
2024-11-21 21:58:48.180 [info] > git ls-files --stage -- /root/workspace/Asteroids/main.py [10ms]
2024-11-21 22:15:29.008 [info] > git config --get commit.template [24ms]
2024-11-21 22:15:29.012 [info] > git for-each-ref --format=%(refname)%00%(upstream:short)%00%(objectname)%00%(upstream:track)%00%(upstream:remotename)%00%(upstream:remoteref) refs/heads/main refs/remotes/main [16ms]
2024-11-21 22:15:29.037 [info] > git for-each-ref --sort -committerdate --format %(refname) %(objectname) %(*objectname) [13ms]
2024-11-21 22:15:31.264 [info] > git status -z -uall [2246ms]
2024-11-21 22:20:31.549 [info] > git show --textconv :workspace/Asteroids/test.py [15ms]
2024-11-21 22:20:31.550 [info] > git ls-files --stage -- /root/workspace/Asteroids/test.py [10ms]
2024-11-21 22:20:31.843 [info] > git check-ignore -v -z --stdin [16ms]
2024-11-21 22:20:32.350 [info] > git config --get commit.template [12ms]
2024-11-21 22:20:32.351 [info] > git for-each-ref --format=%(refname)%00%(upstream:short)%00%(objectname)%00%(upstream:track)%00%(upstream:remotename)%00%(upstream:remoteref) refs/heads/main refs/remotes/main [3ms]
2024-11-21 22:20:32.367 [info] > git for-each-ref --sort -committerdate --format %(refname) %(objectname) %(*objectname) [2ms]
2024-11-21 22:20:32.480 [info] > git status -z -uall [122ms]
2024-11-21 22:25:49.802 [info] > git check-ignore -v -z --stdin [14ms]
2024-11-21 22:25:50.480 [info] > git config --get commit.template [3ms]
2024-11-21 22:25:50.491 [info] > git for-each-ref --format=%(refname)%00%(upstream:short)%00%(objectname)%00%(upstream:track)%00%(upstream:remotename)%00%(upstream:remoteref) refs/heads/main refs/remotes/main [5ms]
2024-11-21 22:25:50.506 [info] > git for-each-ref --sort -committerdate --format %(refname) %(objectname) %(*objectname) [2ms]
2024-11-21 22:25:50.638 [info] > git status -z -uall [140ms]
2024-11-21 22:26:06.366 [info] > git config --get commit.template [10ms]
2024-11-21 22:26:06.368 [info] > git for-each-ref --format=%(refname)%00%(upstream:short)%00%(objectname)%00%(upstream:track)%00%(upstream:remotename)%00%(upstream:remoteref) refs/heads/main refs/remotes/main [2ms]
2024-11-21 22:26:06.384 [info] > git for-each-ref --sort -committerdate --format %(refname) %(objectname) %(*objectname) [3ms]
2024-11-21 22:26:06.541 [info] > git status -z -uall [167ms]
2024-11-21 22:26:26.844 [info] > git config --get commit.template [12ms]
2024-11-21 22:26:26.845 [info] > git for-each-ref --format=%(refname)%00%(upstream:short)%00%(objectname)%00%(upstream:track)%00%(upstream:remotename)%00%(upstream:remoteref) refs/heads/main refs/remotes/main [5ms]
2024-11-21 22:26:26.869 [info] > git for-each-ref --sort -committerdate --format %(refname) %(objectname) %(*objectname) [4ms]
2024-11-21 22:26:27.077 [info] > git status -z -uall [222ms]
2024-11-21 22:28:20.832 [info] > git config --get commit.template [7ms]
2024-11-21 22:28:20.833 [info] > git for-each-ref --format=%(refname)%00%(upstream:short)%00%(objectname)%00%(upstream:track)%00%(upstream:remotename)%00%(upstream:remoteref) refs/heads/main refs/remotes/main [2ms]
2024-11-21 22:28:20.847 [info] > git for-each-ref --sort -committerdate --format %(refname) %(objectname) %(*objectname) [3ms]
2024-11-21 22:28:20.893 [info] > git check-ignore -v -z --stdin [9ms]
2024-11-21 22:28:20.977 [info] > git status -z -uall [138ms]
2024-11-21 22:28:26.209 [info] > git config --get commit.template [11ms]
2024-11-21 22:28:26.211 [info] > git for-each-ref --format=%(refname)%00%(upstream:short)%00%(objectname)%00%(upstream:track)%00%(upstream:remotename)%00%(upstream:remoteref) refs/heads/main refs/remotes/main [3ms]
2024-11-21 22:28:26.232 [info] > git for-each-ref --sort -committerdate --format %(refname) %(objectname) %(*objectname) [5ms]
2024-11-21 22:28:26.379 [info] > git status -z -uall [161ms]
2024-11-21 22:28:35.644 [info] > git show --textconv :workspace/Asteroids/main.py [10ms]
2024-11-21 22:28:35.650 [info] > git ls-files --stage -- /root/workspace/Asteroids/main.py [10ms]
2024-11-21 22:28:36.471 [info] > git config --get commit.template [2ms]
2024-11-21 22:28:36.481 [info] > git for-each-ref --format=%(refname)%00%(upstream:short)%00%(objectname)%00%(upstream:track)%00%(upstream:remotename)%00%(upstream:remoteref) refs/heads/main refs/remotes/main [2ms]
2024-11-21 22:28:36.500 [info] > git for-each-ref --sort -committerdate --format %(refname) %(objectname) %(*objectname) [5ms]
2024-11-21 22:28:36.676 [info] > git status -z -uall [188ms]
2024-11-21 22:29:20.907 [info] > git config --get commit.template [6ms]
2024-11-21 22:29:20.908 [info] > git for-each-ref --format=%(refname)%00%(upstream:short)%00%(objectname)%00%(upstream:track)%00%(upstream:remotename)%00%(upstream:remoteref) refs/heads/main refs/remotes/main [2ms]
2024-11-21 22:29:20.920 [info] > git for-each-ref --sort -committerdate --format %(refname) %(objectname) %(*objectname) [3ms]
2024-11-21 22:29:21.037 [info] > git status -z -uall [125ms]
2024-11-21 22:29:26.947 [info] > git config --get commit.template [3ms]
2024-11-21 22:29:26.960 [info] > git for-each-ref --format=%(refname)%00%(upstream:short)%00%(objectname)%00%(upstream:track)%00%(upstream:remotename)%00%(upstream:remoteref) refs/heads/main refs/remotes/main [4ms]
2024-11-21 22:29:26.982 [info] > git for-each-ref --sort -committerdate --format %(refname) %(objectname) %(*objectname) [4ms]
2024-11-21 22:29:27.200 [info] > git status -z -uall [230ms]
2024-11-21 22:29:32.954 [info] > git config --get commit.template [8ms]
2024-11-21 22:29:32.954 [info] > git for-each-ref --format=%(refname)%00%(upstream:short)%00%(objectname)%00%(upstream:track)%00%(upstream:remotename)%00%(upstream:remoteref) refs/heads/main refs/remotes/main [1ms]
2024-11-21 22:29:32.967 [info] > git for-each-ref --sort -committerdate --format %(refname) %(objectname) %(*objectname) [2ms]
2024-11-21 22:29:33.088 [info] > git status -z -uall [129ms]
2024-11-21 22:31:01.974 [info] > git config --get commit.template [11ms]
2024-11-21 22:31:01.975 [info] > git for-each-ref --format=%(refname)%00%(upstream:short)%00%(objectname)%00%(upstream:track)%00%(upstream:remotename)%00%(upstream:remoteref) refs/heads/main refs/remotes/main [3ms]
2024-11-21 22:31:01.999 [info] > git for-each-ref --sort -committerdate --format %(refname) %(objectname) %(*objectname) [5ms]
2024-11-21 22:31:02.082 [info] > git check-ignore -v -z --stdin [16ms]
2024-11-21 22:31:02.166 [info] > git status -z -uall [184ms]
2024-11-21 22:32:36.872 [info] > git config --get commit.template [8ms]
2024-11-21 22:32:36.873 [info] > git for-each-ref --format=%(refname)%00%(upstream:short)%00%(objectname)%00%(upstream:track)%00%(upstream:remotename)%00%(upstream:remoteref) refs/heads/main refs/remotes/main [2ms]
2024-11-21 22:32:36.885 [info] > git for-each-ref --sort -committerdate --format %(refname) %(objectname) %(*objectname) [2ms]
2024-11-21 22:32:36.943 [info] > git check-ignore -v -z --stdin [11ms]
2024-11-21 22:32:37.040 [info] > git status -z -uall [163ms]
2024-11-21 22:33:14.421 [info] > git show --textconv :workspace/Asteroids/circleshape.py [14ms]
2024-11-21 22:33:14.431 [info] > git ls-files --stage -- /root/workspace/Asteroids/circleshape.py [16ms]
2024-11-21 22:33:26.018 [info] > git for-each-ref --format=%(refname)%00%(upstream:short)%00%(objectname)%00%(upstream:track)%00%(upstream:remotename)%00%(upstream:remoteref) refs/heads/main refs/remotes/main [4ms]
2024-11-21 22:33:26.018 [info] > git config --get commit.template [12ms]
2024-11-21 22:33:26.033 [info] > git for-each-ref --sort -committerdate --format %(refname) %(objectname) %(*objectname) [3ms]
2024-11-21 22:33:26.186 [info] > git status -z -uall [163ms]
2024-11-21 22:37:01.474 [info] > git config --get commit.template [3ms]
2024-11-21 22:37:01.487 [info] > git for-each-ref --format=%(refname)%00%(upstream:short)%00%(objectname)%00%(upstream:track)%00%(upstream:remotename)%00%(upstream:remoteref) refs/heads/main refs/remotes/main [3ms]
2024-11-21 22:37:01.508 [info] > git for-each-ref --sort -committerdate --format %(refname) %(objectname) %(*objectname) [4ms]
2024-11-21 22:37:01.683 [info] > git status -z -uall [189ms]
2024-11-21 22:39:53.082 [info] > git check-ignore -v -z --stdin [64ms]
