2024-11-22 08:55:35.153 [info] Experiment 'pythonRecommendTensorboardExt' is active
2024-11-22 08:55:35.153 [info] Experiment 'pythonTerminalEnvVarActivation' is active
2024-11-22 08:55:35.153 [info] Experiment 'pythonTestAdapter' is active
2024-11-22 08:55:35.153 [info] Native locator: Refresh started
2024-11-22 08:55:35.153 [info] Native locator: Refresh started
2024-11-22 08:55:35.183 [info] Python interpreter path: ./Asteroids/venv/bin/python
2024-11-22 08:55:35.375 [info] > pyenv which python
2024-11-22 08:55:35.375 [info] cwd: .
2024-11-22 08:55:35.719 [info] > . ./Asteroids/venv/bin/activate && echo 'e8b39361-0157-4923-80e1-22d70d46dee6' && python ~/.vscode-server/extensions/ms-python.python-2024.20.0-linux-x64/python_files/printEnvVariables.py
2024-11-22 08:55:35.719 [info] shell: bash
2024-11-22 08:55:35.805 [info] > /usr/bin/python3 ~/.vscode-server/extensions/ms-python.python-2024.20.0-linux-x64/python_files/printEnvVariables.py
2024-11-22 08:55:35.805 [info] shell: bash
2024-11-22 08:55:35.868 [info] Setting environment variable VIRTUAL_ENV in collection to /root/workspace/Asteroids/venv {"applyAtShellIntegration":true,"applyAtProcessCreation":true}
2024-11-22 08:55:35.868 [info] Setting environment variable VIRTUAL_ENV_PROMPT in collection to (venv)  {"applyAtShellIntegration":true,"applyAtProcessCreation":true}
2024-11-22 08:55:35.868 [info] Prepending environment variable PS1 in collection with (venv)  {"applyAtShellIntegration":true,"applyAtProcessCreation":false}
2024-11-22 08:55:35.868 [info] Prepending environment variable PATH in collection with /root/.vscode-server/extensions/ms-python.python-2024.20.0-linux-x64/python_files/deactivate/bash:/root/workspace/Asteroids/venv/bin: {"applyAtShellIntegration":true,"applyAtProcessCreation":true}
2024-11-22 08:55:35.870 [info] Send text to terminal: /usr/bin/python3 /root/.vscode-server/extensions/ms-python.python-2024.20.0-linux-x64/python_files/printEnvVariablesToFile.py /root/.vscode-server/extensions/ms-python.python-2024.20.0-linux-x64/python_files/deactivate/bash/envVars.txt
2024-11-22 08:55:36.704 [info] Starting Pylance language server.
2024-11-22 08:55:45.461 [info] Native locator: Refresh finished in 11468 ms
2024-11-22 09:30:25.078 [info] > ./Asteroids/venv/bin/python ~/.vscode-server/extensions/ms-python.python-2024.20.0-linux-x64/python_files/normalizeSelection.py
2024-11-22 09:30:36.075 [info] Discover tests for workspace name: workspace - uri: /root/workspace/Asteroids/asteroid.py
2024-11-22 09:40:21.070 [info] Discover tests for workspace name: workspace - uri: /root/workspace/Asteroids/asteroidfield.py
2024-11-22 09:46:26.634 [info] Discover tests for workspace name: workspace - uri: /root/workspace/Asteroids/asteroid.py
2024-11-22 09:53:14.490 [info] Discover tests for workspace name: workspace - uri: /root/workspace/Asteroids/main.py
2024-11-22 09:55:08.144 [info] Discover tests for workspace name: workspace - uri: /root/workspace/Asteroids/main.py
2024-11-22 09:58:47.809 [info] Discover tests for workspace name: workspace - uri: /root/workspace/Asteroids/main.py
