2024-11-13 16:00:12.950 [info] [main] Log level: Info
2024-11-13 16:00:12.950 [info] [main] Validating found git in: "git"
2024-11-13 16:00:12.950 [info] [main] Using git "2.43.0" from "git"
2024-11-13 16:00:12.950 [info] [Model][doInitialScan] Initial repository scan started
2024-11-13 16:00:12.950 [info] > git rev-parse --show-toplevel [184ms]
2024-11-13 16:00:12.956 [info] > git rev-parse --show-toplevel [6ms]
2024-11-13 16:00:12.972 [info] > git rev-parse --git-dir --git-common-dir [4ms]
2024-11-13 16:00:13.029 [info] [Model][openRepository] Opened repository: /root/workspace/github.com/Johnyboi77/bookbot
2024-11-13 16:00:13.076 [info] > git config --get commit.template [24ms]
2024-11-13 16:00:13.077 [info] > git rev-parse --show-toplevel [5ms]
2024-11-13 16:00:13.111 [info] [Model][doInitialScan] Initial repository scan completed - repositories (1), closed repositories (0), parent repositories (1), unsafe repositories (0)
2024-11-13 16:00:13.146 [info] > git for-each-ref --format=%(refname)%00%(upstream:short)%00%(objectname)%00%(upstream:track)%00%(upstream:remotename)%00%(upstream:remoteref) refs/heads/main refs/remotes/main [56ms]
2024-11-13 16:00:13.244 [info] > git status -z -uall [68ms]
2024-11-13 16:00:13.245 [info] > git for-each-ref --sort -committerdate --format %(refname) %(objectname) %(*objectname) [56ms]
2024-11-13 16:00:13.305 [info] > git for-each-ref --format=%(refname)%00%(upstream:short)%00%(objectname)%00%(upstream:track)%00%(upstream:remotename)%00%(upstream:remoteref) refs/heads/main refs/remotes/main [21ms]
2024-11-13 16:00:13.328 [info] > git config --get commit.template [24ms]
2024-11-13 16:00:13.464 [info] > git config --local branch.main.vscode-merge-base [143ms]
2024-11-13 16:00:13.602 [info] > git for-each-ref --format=%(refname)%00%(upstream:short)%00%(objectname)%00%(upstream:track)%00%(upstream:remotename)%00%(upstream:remoteref) refs/heads/origin/main refs/remotes/origin/main [128ms]
2024-11-13 16:00:13.691 [info] > git merge-base refs/heads/main refs/remotes/origin/main [83ms]
2024-11-13 16:00:13.705 [info] > git for-each-ref --format=%(refname)%00%(upstream:short)%00%(objectname)%00%(upstream:track)%00%(upstream:remotename)%00%(upstream:remoteref) refs/heads/main refs/remotes/main [224ms]
2024-11-13 16:00:13.709 [info] > git diff --name-status -z --diff-filter=ADMR f4b5b6c5b93f9ab7b837af504a0eba922af5df8b...refs/remotes/origin/main [5ms]
2024-11-13 16:00:13.809 [info] > git status -z -uall [59ms]
2024-11-13 16:00:13.814 [info] > git for-each-ref --sort -committerdate --format %(refname) %(objectname) %(*objectname) [9ms]
2024-11-13 16:00:14.464 [info] > git show --textconv :main.py [281ms]
2024-11-13 16:00:14.465 [info] > git check-ignore -v -z --stdin [18ms]
2024-11-13 16:00:14.467 [info] > git ls-files --stage -- /root/workspace/github.com/Johnyboi77/bookbot/main.py [268ms]
2024-11-13 16:00:14.496 [info] > git cat-file -s 2508aa310b453c299b5042aa708bd34b2771b509 [13ms]
2024-11-13 16:05:48.242 [info] > git config --get commit.template [7ms]
2024-11-13 16:05:48.244 [info] > git for-each-ref --format=%(refname)%00%(upstream:short)%00%(objectname)%00%(upstream:track)%00%(upstream:remotename)%00%(upstream:remoteref) refs/heads/main refs/remotes/main [4ms]
2024-11-13 16:05:48.258 [info] > git status -z -uall [9ms]
2024-11-13 16:05:48.259 [info] > git for-each-ref --sort -committerdate --format %(refname) %(objectname) %(*objectname) [4ms]
