2024-12-17 09:01:32.982 [info] Extension host with pid 533 started
2024-12-17 09:01:33.043 [info] Lock '/root/.vscode-server/data/User/workspaceStorage/12378d868cd1f73fdeb55096921fa0c7/vscode.lock': Lock acquired.
2024-12-17 09:01:33.164 [info] ExtensionService#_doActivateExtension vscode.emmet, startup: false, activationEvent: 'onLanguage'
2024-12-17 09:01:33.167 [info] ExtensionService#_doActivateExtension vscode.html-language-features, startup: false, activationEvent: 'onLanguage:html'
2024-12-17 09:01:33.894 [info] ExtensionService#_doActivateExtension vscode.configuration-editing, startup: false, activationEvent: 'onLanguage:jsonc'
2024-12-17 09:01:33.894 [info] ExtensionService#_doActivateExtension vscode.json-language-features, startup: false, activationEvent: 'onLanguage:jsonc'
2024-12-17 09:01:33.895 [info] ExtensionService#_doActivateExtension vscode.typescript-language-features, startup: false, activationEvent: 'onLanguage:jsonc'
2024-12-17 09:01:34.249 [info] ExtensionService#_doActivateExtension vscode.git-base, startup: true, activationEvent: '*', root cause: vscode.git
2024-12-17 09:01:35.136 [info] ExtensionService#_doActivateExtension vscode.git, startup: true, activationEvent: '*'
2024-12-17 09:01:35.136 [info] ExtensionService#_doActivateExtension vscode.github, startup: true, activationEvent: '*'
2024-12-17 09:01:36.091 [info] Eager extensions activated
2024-12-17 09:01:36.092 [info] ExtensionService#_doActivateExtension vscode.debug-auto-launch, startup: false, activationEvent: 'onStartupFinished'
2024-12-17 09:01:36.094 [info] ExtensionService#_doActivateExtension vscode.merge-conflict, startup: false, activationEvent: 'onStartupFinished'
2024-12-17 09:01:36.095 [info] ExtensionService#_doActivateExtension eamodio.gitlens, startup: false, activationEvent: 'onStartupFinished'
2024-12-17 09:01:36.096 [info] ExtensionService#_doActivateExtension esbenp.prettier-vscode, startup: false, activationEvent: 'onStartupFinished'
2024-12-17 09:01:36.097 [info] ExtensionService#_doActivateExtension EthanSK.restore-terminals, startup: false, activationEvent: 'onStartupFinished'
2024-12-17 09:01:50.321 [warning] [Decorations] CAPPING events from decorations provider vscode.git 19900
2024-12-17 09:01:52.605 [warning] [Decorations] CAPPING events from decorations provider vscode.git 19922
2024-12-17 09:02:01.172 [info] Extension host terminating: received terminate message from renderer
2024-12-17 09:02:01.172 [info] Lock '/root/.vscode-server/data/User/workspaceStorage/12378d868cd1f73fdeb55096921fa0c7/vscode.lock': Marking the lockfile as scheduled to be released in 6000 ms.
2024-12-17 09:02:01.280 [error] Canceled: Canceled
	at new IT (file:///root/.vscode-server/bin/138f619c86f1199955d53b4166bef66ef252935c/out/vs/workbench/api/node/extensionHostProcess.js:32:153476)
	at Dy.U (file:///root/.vscode-server/bin/138f619c86f1199955d53b4166bef66ef252935c/out/vs/workbench/api/node/extensionHostProcess.js:32:158086)
	at s.<computed>.n.charCodeAt.s.<computed> (file:///root/.vscode-server/bin/138f619c86f1199955d53b4166bef66ef252935c/out/vs/workbench/api/node/extensionHostProcess.js:32:155580)
	at cw.g (file:///root/.vscode-server/bin/138f619c86f1199955d53b4166bef66ef252935c/out/vs/workbench/api/node/extensionHostProcess.js:115:32313)
	at cw.executeCommand (file:///root/.vscode-server/bin/138f619c86f1199955d53b4166bef66ef252935c/out/vs/workbench/api/node/extensionHostProcess.js:115:31817)
	at r.registerCommand.description (file:///root/.vscode-server/bin/138f619c86f1199955d53b4166bef66ef252935c/out/vs/workbench/api/node/extensionHostProcess.js:115:31147)
	at cw.h (file:///root/.vscode-server/bin/138f619c86f1199955d53b4166bef66ef252935c/out/vs/workbench/api/node/extensionHostProcess.js:115:32833)
	at cw.g (file:///root/.vscode-server/bin/138f619c86f1199955d53b4166bef66ef252935c/out/vs/workbench/api/node/extensionHostProcess.js:115:31910)
	at cw.executeCommand (file:///root/.vscode-server/bin/138f619c86f1199955d53b4166bef66ef252935c/out/vs/workbench/api/node/extensionHostProcess.js:115:31817)
	at Object.executeCommand (file:///root/.vscode-server/bin/138f619c86f1199955d53b4166bef66ef252935c/out/vs/workbench/api/node/extensionHostProcess.js:157:37484)
	at Sh.L [as value] (/root/.vscode-server/bin/138f619c86f1199955d53b4166bef66ef252935c/extensions/git/dist/main.js:2:975601)
	at P.B (file:///root/.vscode-server/bin/138f619c86f1199955d53b4166bef66ef252935c/out/vs/workbench/api/node/extensionHostProcess.js:30:746)
	at P.C (file:///root/.vscode-server/bin/138f619c86f1199955d53b4166bef66ef252935c/out/vs/workbench/api/node/extensionHostProcess.js:30:816)
	at P.fire (file:///root/.vscode-server/bin/138f619c86f1199955d53b4166bef66ef252935c/out/vs/workbench/api/node/extensionHostProcess.js:30:1033)
	at Object.p [as dispose] (/root/.vscode-server/bin/138f619c86f1199955d53b4166bef66ef252935c/extensions/git/dist/main.js:2:997158)
	at /root/.vscode-server/bin/138f619c86f1199955d53b4166bef66ef252935c/extensions/git/dist/main.js:2:1003280
	at Array.forEach (<anonymous>)
	at b.dispose (/root/.vscode-server/bin/138f619c86f1199955d53b4166bef66ef252935c/extensions/git/dist/main.js:2:1003266)
	at ev.<anonymous> (file:///root/.vscode-server/bin/138f619c86f1199955d53b4166bef66ef252935c/out/vs/workbench/api/node/extensionHostProcess.js:109:20047)
	at ev.dispose (file:///root/.vscode-server/bin/138f619c86f1199955d53b4166bef66ef252935c/out/vs/workbench/api/node/extensionHostProcess.js:109:20143)
	at ev.<anonymous> (/root/.vscode-server/bin/138f619c86f1199955d53b4166bef66ef252935c/extensions/git/dist/main.js:2:978080)
	at ev.dispose (file:///root/.vscode-server/bin/138f619c86f1199955d53b4166bef66ef252935c/out/vs/workbench/api/node/extensionHostProcess.js:109:20143)
	at ai (file:///root/.vscode-server/bin/138f619c86f1199955d53b4166bef66ef252935c/out/vs/workbench/api/node/extensionHostProcess.js:25:699)
	at file:///root/.vscode-server/bin/138f619c86f1199955d53b4166bef66ef252935c/out/vs/workbench/api/node/extensionHostProcess.js:119:14992
	at file:///root/.vscode-server/bin/138f619c86f1199955d53b4166bef66ef252935c/out/vs/workbench/api/node/extensionHostProcess.js:25:1009
	at Object.dispose (file:///root/.vscode-server/bin/138f619c86f1199955d53b4166bef66ef252935c/out/vs/workbench/api/node/extensionHostProcess.js:8:705)
	at zz.eb (file:///root/.vscode-server/bin/138f619c86f1199955d53b4166bef66ef252935c/out/vs/workbench/api/node/extensionHostProcess.js:119:11919)
	at file:///root/.vscode-server/bin/138f619c86f1199955d53b4166bef66ef252935c/out/vs/workbench/api/node/extensionHostProcess.js:119:9874
	at Array.map (<anonymous>)
	at zz.$ (file:///root/.vscode-server/bin/138f619c86f1199955d53b4166bef66ef252935c/out/vs/workbench/api/node/extensionHostProcess.js:119:9862)
	at zz.terminate (file:///root/.vscode-server/bin/138f619c86f1199955d53b4166bef66ef252935c/out/vs/workbench/api/node/extensionHostProcess.js:119:10105)
	at Q3.terminate (file:///root/.vscode-server/bin/138f619c86f1199955d53b4166bef66ef252935c/out/vs/workbench/api/node/extensionHostProcess.js:120:1424)
	at Zi (file:///root/.vscode-server/bin/138f619c86f1199955d53b4166bef66ef252935c/out/vs/workbench/api/node/extensionHostProcess.js:175:15080)
	at Sh.value (file:///root/.vscode-server/bin/138f619c86f1199955d53b4166bef66ef252935c/out/vs/workbench/api/node/extensionHostProcess.js:175:13241)
	at P.B (file:///root/.vscode-server/bin/138f619c86f1199955d53b4166bef66ef252935c/out/vs/workbench/api/node/extensionHostProcess.js:30:746)
	at P.fire (file:///root/.vscode-server/bin/138f619c86f1199955d53b4166bef66ef252935c/out/vs/workbench/api/node/extensionHostProcess.js:30:964)
	at Vn.fire (file:///root/.vscode-server/bin/138f619c86f1199955d53b4166bef66ef252935c/out/vs/workbench/api/node/extensionHostProcess.js:32:9457)
	at Wm.A (file:///root/.vscode-server/bin/138f619c86f1199955d53b4166bef66ef252935c/out/vs/workbench/api/node/extensionHostProcess.js:32:12573)
	at Sh.value (file:///root/.vscode-server/bin/138f619c86f1199955d53b4166bef66ef252935c/out/vs/workbench/api/node/extensionHostProcess.js:32:10993)
	at P.B (file:///root/.vscode-server/bin/138f619c86f1199955d53b4166bef66ef252935c/out/vs/workbench/api/node/extensionHostProcess.js:30:746)
	at P.fire (file:///root/.vscode-server/bin/138f619c86f1199955d53b4166bef66ef252935c/out/vs/workbench/api/node/extensionHostProcess.js:30:964)
	at s6.acceptChunk (file:///root/.vscode-server/bin/138f619c86f1199955d53b4166bef66ef252935c/out/vs/workbench/api/node/extensionHostProcess.js:32:7940)
	at Sh.value (file:///root/.vscode-server/bin/138f619c86f1199955d53b4166bef66ef252935c/out/vs/workbench/api/node/extensionHostProcess.js:32:7226)
	at P.B (file:///root/.vscode-server/bin/138f619c86f1199955d53b4166bef66ef252935c/out/vs/workbench/api/node/extensionHostProcess.js:30:746)
	at P.fire (file:///root/.vscode-server/bin/138f619c86f1199955d53b4166bef66ef252935c/out/vs/workbench/api/node/extensionHostProcess.js:30:964)
	at vA.z (file:///root/.vscode-server/bin/138f619c86f1199955d53b4166bef66ef252935c/out/vs/workbench/api/node/extensionHostProcess.js:32:21944)
	at vA.acceptFrame (file:///root/.vscode-server/bin/138f619c86f1199955d53b4166bef66ef252935c/out/vs/workbench/api/node/extensionHostProcess.js:32:21750)
	at mA.n (file:///root/.vscode-server/bin/138f619c86f1199955d53b4166bef66ef252935c/out/vs/workbench/api/node/extensionHostProcess.js:32:20278)
	at file:///root/.vscode-server/bin/138f619c86f1199955d53b4166bef66ef252935c/out/vs/workbench/api/node/extensionHostProcess.js:32:17510
	at Socket.t (file:///root/.vscode-server/bin/138f619c86f1199955d53b4166bef66ef252935c/out/vs/workbench/api/node/extensionHostProcess.js:32:15451)
	at Socket.emit (node:events:518:28)
	at addChunk (node:internal/streams/readable:561:12)
	at readableAddChunkPushByteMode (node:internal/streams/readable:512:3)
	at Readable.push (node:internal/streams/readable:392:5)
	at TCP.onStreamRead (node:internal/stream_base_commons:191:23) setContext undefined
2024-12-17 09:02:01.280 [error] Canceled: Canceled
	at new IT (file:///root/.vscode-server/bin/138f619c86f1199955d53b4166bef66ef252935c/out/vs/workbench/api/node/extensionHostProcess.js:32:153476)
	at Dy.U (file:///root/.vscode-server/bin/138f619c86f1199955d53b4166bef66ef252935c/out/vs/workbench/api/node/extensionHostProcess.js:32:158086)
	at s.<computed>.n.charCodeAt.s.<computed> (file:///root/.vscode-server/bin/138f619c86f1199955d53b4166bef66ef252935c/out/vs/workbench/api/node/extensionHostProcess.js:32:155580)
	at cw.g (file:///root/.vscode-server/bin/138f619c86f1199955d53b4166bef66ef252935c/out/vs/workbench/api/node/extensionHostProcess.js:115:32313)
	at cw.executeCommand (file:///root/.vscode-server/bin/138f619c86f1199955d53b4166bef66ef252935c/out/vs/workbench/api/node/extensionHostProcess.js:115:31817)
	at r.registerCommand.description (file:///root/.vscode-server/bin/138f619c86f1199955d53b4166bef66ef252935c/out/vs/workbench/api/node/extensionHostProcess.js:115:31147)
	at cw.h (file:///root/.vscode-server/bin/138f619c86f1199955d53b4166bef66ef252935c/out/vs/workbench/api/node/extensionHostProcess.js:115:32833)
	at cw.g (file:///root/.vscode-server/bin/138f619c86f1199955d53b4166bef66ef252935c/out/vs/workbench/api/node/extensionHostProcess.js:115:31910)
	at cw.executeCommand (file:///root/.vscode-server/bin/138f619c86f1199955d53b4166bef66ef252935c/out/vs/workbench/api/node/extensionHostProcess.js:115:31817)
	at Object.executeCommand (file:///root/.vscode-server/bin/138f619c86f1199955d53b4166bef66ef252935c/out/vs/workbench/api/node/extensionHostProcess.js:157:37484)
	at Sh.L [as value] (/root/.vscode-server/bin/138f619c86f1199955d53b4166bef66ef252935c/extensions/git/dist/main.js:2:975601)
	at P.B (file:///root/.vscode-server/bin/138f619c86f1199955d53b4166bef66ef252935c/out/vs/workbench/api/node/extensionHostProcess.js:30:746)
	at P.C (file:///root/.vscode-server/bin/138f619c86f1199955d53b4166bef66ef252935c/out/vs/workbench/api/node/extensionHostProcess.js:30:816)
	at P.fire (file:///root/.vscode-server/bin/138f619c86f1199955d53b4166bef66ef252935c/out/vs/workbench/api/node/extensionHostProcess.js:30:1033)
	at Object.p [as dispose] (/root/.vscode-server/bin/138f619c86f1199955d53b4166bef66ef252935c/extensions/git/dist/main.js:2:997158)
	at /root/.vscode-server/bin/138f619c86f1199955d53b4166bef66ef252935c/extensions/git/dist/main.js:2:1003280
	at Array.forEach (<anonymous>)
	at b.dispose (/root/.vscode-server/bin/138f619c86f1199955d53b4166bef66ef252935c/extensions/git/dist/main.js:2:1003266)
	at ev.<anonymous> (file:///root/.vscode-server/bin/138f619c86f1199955d53b4166bef66ef252935c/out/vs/workbench/api/node/extensionHostProcess.js:109:20047)
	at ev.dispose (file:///root/.vscode-server/bin/138f619c86f1199955d53b4166bef66ef252935c/out/vs/workbench/api/node/extensionHostProcess.js:109:20143)
	at ev.<anonymous> (/root/.vscode-server/bin/138f619c86f1199955d53b4166bef66ef252935c/extensions/git/dist/main.js:2:978080)
	at ev.dispose (file:///root/.vscode-server/bin/138f619c86f1199955d53b4166bef66ef252935c/out/vs/workbench/api/node/extensionHostProcess.js:109:20143)
	at ai (file:///root/.vscode-server/bin/138f619c86f1199955d53b4166bef66ef252935c/out/vs/workbench/api/node/extensionHostProcess.js:25:699)
	at file:///root/.vscode-server/bin/138f619c86f1199955d53b4166bef66ef252935c/out/vs/workbench/api/node/extensionHostProcess.js:119:14992
	at file:///root/.vscode-server/bin/138f619c86f1199955d53b4166bef66ef252935c/out/vs/workbench/api/node/extensionHostProcess.js:25:1009
	at Object.dispose (file:///root/.vscode-server/bin/138f619c86f1199955d53b4166bef66ef252935c/out/vs/workbench/api/node/extensionHostProcess.js:8:705)
	at zz.eb (file:///root/.vscode-server/bin/138f619c86f1199955d53b4166bef66ef252935c/out/vs/workbench/api/node/extensionHostProcess.js:119:11919)
	at file:///root/.vscode-server/bin/138f619c86f1199955d53b4166bef66ef252935c/out/vs/workbench/api/node/extensionHostProcess.js:119:9874
	at Array.map (<anonymous>)
	at zz.$ (file:///root/.vscode-server/bin/138f619c86f1199955d53b4166bef66ef252935c/out/vs/workbench/api/node/extensionHostProcess.js:119:9862)
	at zz.terminate (file:///root/.vscode-server/bin/138f619c86f1199955d53b4166bef66ef252935c/out/vs/workbench/api/node/extensionHostProcess.js:119:10105)
	at Q3.terminate (file:///root/.vscode-server/bin/138f619c86f1199955d53b4166bef66ef252935c/out/vs/workbench/api/node/extensionHostProcess.js:120:1424)
	at Zi (file:///root/.vscode-server/bin/138f619c86f1199955d53b4166bef66ef252935c/out/vs/workbench/api/node/extensionHostProcess.js:175:15080)
	at Sh.value (file:///root/.vscode-server/bin/138f619c86f1199955d53b4166bef66ef252935c/out/vs/workbench/api/node/extensionHostProcess.js:175:13241)
	at P.B (file:///root/.vscode-server/bin/138f619c86f1199955d53b4166bef66ef252935c/out/vs/workbench/api/node/extensionHostProcess.js:30:746)
	at P.fire (file:///root/.vscode-server/bin/138f619c86f1199955d53b4166bef66ef252935c/out/vs/workbench/api/node/extensionHostProcess.js:30:964)
	at Vn.fire (file:///root/.vscode-server/bin/138f619c86f1199955d53b4166bef66ef252935c/out/vs/workbench/api/node/extensionHostProcess.js:32:9457)
	at Wm.A (file:///root/.vscode-server/bin/138f619c86f1199955d53b4166bef66ef252935c/out/vs/workbench/api/node/extensionHostProcess.js:32:12573)
	at Sh.value (file:///root/.vscode-server/bin/138f619c86f1199955d53b4166bef66ef252935c/out/vs/workbench/api/node/extensionHostProcess.js:32:10993)
	at P.B (file:///root/.vscode-server/bin/138f619c86f1199955d53b4166bef66ef252935c/out/vs/workbench/api/node/extensionHostProcess.js:30:746)
	at P.fire (file:///root/.vscode-server/bin/138f619c86f1199955d53b4166bef66ef252935c/out/vs/workbench/api/node/extensionHostProcess.js:30:964)
	at s6.acceptChunk (file:///root/.vscode-server/bin/138f619c86f1199955d53b4166bef66ef252935c/out/vs/workbench/api/node/extensionHostProcess.js:32:7940)
	at Sh.value (file:///root/.vscode-server/bin/138f619c86f1199955d53b4166bef66ef252935c/out/vs/workbench/api/node/extensionHostProcess.js:32:7226)
	at P.B (file:///root/.vscode-server/bin/138f619c86f1199955d53b4166bef66ef252935c/out/vs/workbench/api/node/extensionHostProcess.js:30:746)
	at P.fire (file:///root/.vscode-server/bin/138f619c86f1199955d53b4166bef66ef252935c/out/vs/workbench/api/node/extensionHostProcess.js:30:964)
	at vA.z (file:///root/.vscode-server/bin/138f619c86f1199955d53b4166bef66ef252935c/out/vs/workbench/api/node/extensionHostProcess.js:32:21944)
	at vA.acceptFrame (file:///root/.vscode-server/bin/138f619c86f1199955d53b4166bef66ef252935c/out/vs/workbench/api/node/extensionHostProcess.js:32:21750)
	at mA.n (file:///root/.vscode-server/bin/138f619c86f1199955d53b4166bef66ef252935c/out/vs/workbench/api/node/extensionHostProcess.js:32:20278)
	at file:///root/.vscode-server/bin/138f619c86f1199955d53b4166bef66ef252935c/out/vs/workbench/api/node/extensionHostProcess.js:32:17510
	at Socket.t (file:///root/.vscode-server/bin/138f619c86f1199955d53b4166bef66ef252935c/out/vs/workbench/api/node/extensionHostProcess.js:32:15451)
	at Socket.emit (node:events:518:28)
	at addChunk (node:internal/streams/readable:561:12)
	at readableAddChunkPushByteMode (node:internal/streams/readable:512:3)
	at Readable.push (node:internal/streams/readable:392:5)
	at TCP.onStreamRead (node:internal/stream_base_commons:191:23) setContext undefined
2024-12-17 09:02:01.283 [error] Canceled: Canceled
	at new IT (file:///root/.vscode-server/bin/138f619c86f1199955d53b4166bef66ef252935c/out/vs/workbench/api/node/extensionHostProcess.js:32:153476)
	at Dy.U (file:///root/.vscode-server/bin/138f619c86f1199955d53b4166bef66ef252935c/out/vs/workbench/api/node/extensionHostProcess.js:32:158086)
	at s.<computed>.n.charCodeAt.s.<computed> (file:///root/.vscode-server/bin/138f619c86f1199955d53b4166bef66ef252935c/out/vs/workbench/api/node/extensionHostProcess.js:32:155580)
	at cw.g (file:///root/.vscode-server/bin/138f619c86f1199955d53b4166bef66ef252935c/out/vs/workbench/api/node/extensionHostProcess.js:115:32313)
	at cw.executeCommand (file:///root/.vscode-server/bin/138f619c86f1199955d53b4166bef66ef252935c/out/vs/workbench/api/node/extensionHostProcess.js:115:31817)
	at r.registerCommand.description (file:///root/.vscode-server/bin/138f619c86f1199955d53b4166bef66ef252935c/out/vs/workbench/api/node/extensionHostProcess.js:115:31147)
	at cw.h (file:///root/.vscode-server/bin/138f619c86f1199955d53b4166bef66ef252935c/out/vs/workbench/api/node/extensionHostProcess.js:115:32833)
	at cw.g (file:///root/.vscode-server/bin/138f619c86f1199955d53b4166bef66ef252935c/out/vs/workbench/api/node/extensionHostProcess.js:115:31910)
	at cw.executeCommand (file:///root/.vscode-server/bin/138f619c86f1199955d53b4166bef66ef252935c/out/vs/workbench/api/node/extensionHostProcess.js:115:31817)
	at Object.executeCommand (file:///root/.vscode-server/bin/138f619c86f1199955d53b4166bef66ef252935c/out/vs/workbench/api/node/extensionHostProcess.js:157:37484)
	at set hasGitHubRepositories [as hasGitHubRepositories] (/root/.vscode-server/bin/138f619c86f1199955d53b4166bef66ef252935c/extensions/github/dist/extension.js:2:328633)
	at /root/.vscode-server/bin/138f619c86f1199955d53b4166bef66ef252935c/extensions/github/dist/extension.js:2:329592
	at Sh.value (/root/.vscode-server/bin/138f619c86f1199955d53b4166bef66ef252935c/extensions/git/dist/main.js:2:1088462)
	at P.B (file:///root/.vscode-server/bin/138f619c86f1199955d53b4166bef66ef252935c/out/vs/workbench/api/node/extensionHostProcess.js:30:746)
	at P.C (file:///root/.vscode-server/bin/138f619c86f1199955d53b4166bef66ef252935c/out/vs/workbench/api/node/extensionHostProcess.js:30:816)
	at P.fire (file:///root/.vscode-server/bin/138f619c86f1199955d53b4166bef66ef252935c/out/vs/workbench/api/node/extensionHostProcess.js:30:1033)
	at Object.p [as dispose] (/root/.vscode-server/bin/138f619c86f1199955d53b4166bef66ef252935c/extensions/git/dist/main.js:2:997158)
	at /root/.vscode-server/bin/138f619c86f1199955d53b4166bef66ef252935c/extensions/git/dist/main.js:2:1003280
	at Array.forEach (<anonymous>)
	at b.dispose (/root/.vscode-server/bin/138f619c86f1199955d53b4166bef66ef252935c/extensions/git/dist/main.js:2:1003266)
	at ev.<anonymous> (file:///root/.vscode-server/bin/138f619c86f1199955d53b4166bef66ef252935c/out/vs/workbench/api/node/extensionHostProcess.js:109:20047)
	at ev.dispose (file:///root/.vscode-server/bin/138f619c86f1199955d53b4166bef66ef252935c/out/vs/workbench/api/node/extensionHostProcess.js:109:20143)
	at ev.<anonymous> (/root/.vscode-server/bin/138f619c86f1199955d53b4166bef66ef252935c/extensions/git/dist/main.js:2:978080)
	at ev.dispose (file:///root/.vscode-server/bin/138f619c86f1199955d53b4166bef66ef252935c/out/vs/workbench/api/node/extensionHostProcess.js:109:20143)
	at ai (file:///root/.vscode-server/bin/138f619c86f1199955d53b4166bef66ef252935c/out/vs/workbench/api/node/extensionHostProcess.js:25:699)
	at file:///root/.vscode-server/bin/138f619c86f1199955d53b4166bef66ef252935c/out/vs/workbench/api/node/extensionHostProcess.js:119:14992
	at file:///root/.vscode-server/bin/138f619c86f1199955d53b4166bef66ef252935c/out/vs/workbench/api/node/extensionHostProcess.js:25:1009
	at Object.dispose (file:///root/.vscode-server/bin/138f619c86f1199955d53b4166bef66ef252935c/out/vs/workbench/api/node/extensionHostProcess.js:8:705)
	at zz.eb (file:///root/.vscode-server/bin/138f619c86f1199955d53b4166bef66ef252935c/out/vs/workbench/api/node/extensionHostProcess.js:119:11919)
	at file:///root/.vscode-server/bin/138f619c86f1199955d53b4166bef66ef252935c/out/vs/workbench/api/node/extensionHostProcess.js:119:9874
	at Array.map (<anonymous>)
	at zz.$ (file:///root/.vscode-server/bin/138f619c86f1199955d53b4166bef66ef252935c/out/vs/workbench/api/node/extensionHostProcess.js:119:9862)
	at zz.terminate (file:///root/.vscode-server/bin/138f619c86f1199955d53b4166bef66ef252935c/out/vs/workbench/api/node/extensionHostProcess.js:119:10105)
	at Q3.terminate (file:///root/.vscode-server/bin/138f619c86f1199955d53b4166bef66ef252935c/out/vs/workbench/api/node/extensionHostProcess.js:120:1424)
	at Zi (file:///root/.vscode-server/bin/138f619c86f1199955d53b4166bef66ef252935c/out/vs/workbench/api/node/extensionHostProcess.js:175:15080)
	at Sh.value (file:///root/.vscode-server/bin/138f619c86f1199955d53b4166bef66ef252935c/out/vs/workbench/api/node/extensionHostProcess.js:175:13241)
	at P.B (file:///root/.vscode-server/bin/138f619c86f1199955d53b4166bef66ef252935c/out/vs/workbench/api/node/extensionHostProcess.js:30:746)
	at P.fire (file:///root/.vscode-server/bin/138f619c86f1199955d53b4166bef66ef252935c/out/vs/workbench/api/node/extensionHostProcess.js:30:964)
	at Vn.fire (file:///root/.vscode-server/bin/138f619c86f1199955d53b4166bef66ef252935c/out/vs/workbench/api/node/extensionHostProcess.js:32:9457)
	at Wm.A (file:///root/.vscode-server/bin/138f619c86f1199955d53b4166bef66ef252935c/out/vs/workbench/api/node/extensionHostProcess.js:32:12573)
	at Sh.value (file:///root/.vscode-server/bin/138f619c86f1199955d53b4166bef66ef252935c/out/vs/workbench/api/node/extensionHostProcess.js:32:10993)
	at P.B (file:///root/.vscode-server/bin/138f619c86f1199955d53b4166bef66ef252935c/out/vs/workbench/api/node/extensionHostProcess.js:30:746)
	at P.fire (file:///root/.vscode-server/bin/138f619c86f1199955d53b4166bef66ef252935c/out/vs/workbench/api/node/extensionHostProcess.js:30:964)
	at s6.acceptChunk (file:///root/.vscode-server/bin/138f619c86f1199955d53b4166bef66ef252935c/out/vs/workbench/api/node/extensionHostProcess.js:32:7940)
	at Sh.value (file:///root/.vscode-server/bin/138f619c86f1199955d53b4166bef66ef252935c/out/vs/workbench/api/node/extensionHostProcess.js:32:7226)
	at P.B (file:///root/.vscode-server/bin/138f619c86f1199955d53b4166bef66ef252935c/out/vs/workbench/api/node/extensionHostProcess.js:30:746)
	at P.fire (file:///root/.vscode-server/bin/138f619c86f1199955d53b4166bef66ef252935c/out/vs/workbench/api/node/extensionHostProcess.js:30:964)
	at vA.z (file:///root/.vscode-server/bin/138f619c86f1199955d53b4166bef66ef252935c/out/vs/workbench/api/node/extensionHostProcess.js:32:21944)
	at vA.acceptFrame (file:///root/.vscode-server/bin/138f619c86f1199955d53b4166bef66ef252935c/out/vs/workbench/api/node/extensionHostProcess.js:32:21750)
	at mA.n (file:///root/.vscode-server/bin/138f619c86f1199955d53b4166bef66ef252935c/out/vs/workbench/api/node/extensionHostProcess.js:32:20278)
	at file:///root/.vscode-server/bin/138f619c86f1199955d53b4166bef66ef252935c/out/vs/workbench/api/node/extensionHostProcess.js:32:17510
	at Socket.t (file:///root/.vscode-server/bin/138f619c86f1199955d53b4166bef66ef252935c/out/vs/workbench/api/node/extensionHostProcess.js:32:15451)
	at Socket.emit (node:events:518:28)
	at addChunk (node:internal/streams/readable:561:12)
	at readableAddChunkPushByteMode (node:internal/streams/readable:512:3)
	at Readable.push (node:internal/streams/readable:392:5)
	at TCP.onStreamRead (node:internal/stream_base_commons:191:23) setContext undefined
2024-12-17 09:02:01.291 [error] Canceled: Canceled
	at new IT (file:///root/.vscode-server/bin/138f619c86f1199955d53b4166bef66ef252935c/out/vs/workbench/api/node/extensionHostProcess.js:32:153476)
	at Dy.U (file:///root/.vscode-server/bin/138f619c86f1199955d53b4166bef66ef252935c/out/vs/workbench/api/node/extensionHostProcess.js:32:158086)
	at s.<computed>.n.charCodeAt.s.<computed> (file:///root/.vscode-server/bin/138f619c86f1199955d53b4166bef66ef252935c/out/vs/workbench/api/node/extensionHostProcess.js:32:155580)
	at cw.g (file:///root/.vscode-server/bin/138f619c86f1199955d53b4166bef66ef252935c/out/vs/workbench/api/node/extensionHostProcess.js:115:32313)
	at cw.executeCommand (file:///root/.vscode-server/bin/138f619c86f1199955d53b4166bef66ef252935c/out/vs/workbench/api/node/extensionHostProcess.js:115:31817)
	at r.registerCommand.description (file:///root/.vscode-server/bin/138f619c86f1199955d53b4166bef66ef252935c/out/vs/workbench/api/node/extensionHostProcess.js:115:31147)
	at cw.h (file:///root/.vscode-server/bin/138f619c86f1199955d53b4166bef66ef252935c/out/vs/workbench/api/node/extensionHostProcess.js:115:32833)
	at cw.g (file:///root/.vscode-server/bin/138f619c86f1199955d53b4166bef66ef252935c/out/vs/workbench/api/node/extensionHostProcess.js:115:31910)
	at cw.executeCommand (file:///root/.vscode-server/bin/138f619c86f1199955d53b4166bef66ef252935c/out/vs/workbench/api/node/extensionHostProcess.js:115:31817)
	at Object.executeCommand (file:///root/.vscode-server/bin/138f619c86f1199955d53b4166bef66ef252935c/out/vs/workbench/api/node/extensionHostProcess.js:157:37484)
	at f (/root/.vscode-server/extensions/eamodio.gitlens-16.0.5/dist/gitlens.js:1482:14096)
	at c (/root/.vscode-server/extensions/eamodio.gitlens-16.0.5/dist/gitlens.js:1482:18656)
	at ActionRunners._updateContextKeys (/root/.vscode-server/extensions/eamodio.gitlens-16.0.5/dist/gitlens.js:1107:65661)
	at s (/root/.vscode-server/extensions/eamodio.gitlens-16.0.5/dist/gitlens.js:1107:64105)
	at RegisteredActionRunner.unregister (/root/.vscode-server/extensions/eamodio.gitlens-16.0.5/dist/gitlens.js:1107:64248)
	at RegisteredActionRunner.dispose (/root/.vscode-server/extensions/eamodio.gitlens-16.0.5/dist/gitlens.js:1107:62902)
	at ActionRunners.dispose (/root/.vscode-server/extensions/eamodio.gitlens-16.0.5/dist/gitlens.js:1107:63688)
	at /root/.vscode-server/extensions/eamodio.gitlens-16.0.5/dist/gitlens.js:1428:14975
	at Array.forEach (<anonymous>)
	at Object.dispose (/root/.vscode-server/extensions/eamodio.gitlens-16.0.5/dist/gitlens.js:1428:14957)
	at ai (file:///root/.vscode-server/bin/138f619c86f1199955d53b4166bef66ef252935c/out/vs/workbench/api/node/extensionHostProcess.js:25:699)
	at file:///root/.vscode-server/bin/138f619c86f1199955d53b4166bef66ef252935c/out/vs/workbench/api/node/extensionHostProcess.js:119:14992
	at file:///root/.vscode-server/bin/138f619c86f1199955d53b4166bef66ef252935c/out/vs/workbench/api/node/extensionHostProcess.js:25:1009
	at Object.dispose (file:///root/.vscode-server/bin/138f619c86f1199955d53b4166bef66ef252935c/out/vs/workbench/api/node/extensionHostProcess.js:8:705)
	at zz.eb (file:///root/.vscode-server/bin/138f619c86f1199955d53b4166bef66ef252935c/out/vs/workbench/api/node/extensionHostProcess.js:119:11919)
	at file:///root/.vscode-server/bin/138f619c86f1199955d53b4166bef66ef252935c/out/vs/workbench/api/node/extensionHostProcess.js:119:9874
	at Array.map (<anonymous>)
	at zz.$ (file:///root/.vscode-server/bin/138f619c86f1199955d53b4166bef66ef252935c/out/vs/workbench/api/node/extensionHostProcess.js:119:9862)
	at zz.terminate (file:///root/.vscode-server/bin/138f619c86f1199955d53b4166bef66ef252935c/out/vs/workbench/api/node/extensionHostProcess.js:119:10105)
	at Q3.terminate (file:///root/.vscode-server/bin/138f619c86f1199955d53b4166bef66ef252935c/out/vs/workbench/api/node/extensionHostProcess.js:120:1424)
	at Zi (file:///root/.vscode-server/bin/138f619c86f1199955d53b4166bef66ef252935c/out/vs/workbench/api/node/extensionHostProcess.js:175:15080)
	at Sh.value (file:///root/.vscode-server/bin/138f619c86f1199955d53b4166bef66ef252935c/out/vs/workbench/api/node/extensionHostProcess.js:175:13241)
	at P.B (file:///root/.vscode-server/bin/138f619c86f1199955d53b4166bef66ef252935c/out/vs/workbench/api/node/extensionHostProcess.js:30:746)
	at P.fire (file:///root/.vscode-server/bin/138f619c86f1199955d53b4166bef66ef252935c/out/vs/workbench/api/node/extensionHostProcess.js:30:964)
	at Vn.fire (file:///root/.vscode-server/bin/138f619c86f1199955d53b4166bef66ef252935c/out/vs/workbench/api/node/extensionHostProcess.js:32:9457)
	at Wm.A (file:///root/.vscode-server/bin/138f619c86f1199955d53b4166bef66ef252935c/out/vs/workbench/api/node/extensionHostProcess.js:32:12573)
	at Sh.value (file:///root/.vscode-server/bin/138f619c86f1199955d53b4166bef66ef252935c/out/vs/workbench/api/node/extensionHostProcess.js:32:10993)
	at P.B (file:///root/.vscode-server/bin/138f619c86f1199955d53b4166bef66ef252935c/out/vs/workbench/api/node/extensionHostProcess.js:30:746)
	at P.fire (file:///root/.vscode-server/bin/138f619c86f1199955d53b4166bef66ef252935c/out/vs/workbench/api/node/extensionHostProcess.js:30:964)
	at s6.acceptChunk (file:///root/.vscode-server/bin/138f619c86f1199955d53b4166bef66ef252935c/out/vs/workbench/api/node/extensionHostProcess.js:32:7940)
	at Sh.value (file:///root/.vscode-server/bin/138f619c86f1199955d53b4166bef66ef252935c/out/vs/workbench/api/node/extensionHostProcess.js:32:7226)
	at P.B (file:///root/.vscode-server/bin/138f619c86f1199955d53b4166bef66ef252935c/out/vs/workbench/api/node/extensionHostProcess.js:30:746)
	at P.fire (file:///root/.vscode-server/bin/138f619c86f1199955d53b4166bef66ef252935c/out/vs/workbench/api/node/extensionHostProcess.js:30:964)
	at vA.z (file:///root/.vscode-server/bin/138f619c86f1199955d53b4166bef66ef252935c/out/vs/workbench/api/node/extensionHostProcess.js:32:21944)
	at vA.acceptFrame (file:///root/.vscode-server/bin/138f619c86f1199955d53b4166bef66ef252935c/out/vs/workbench/api/node/extensionHostProcess.js:32:21750)
	at mA.n (file:///root/.vscode-server/bin/138f619c86f1199955d53b4166bef66ef252935c/out/vs/workbench/api/node/extensionHostProcess.js:32:20278)
	at file:///root/.vscode-server/bin/138f619c86f1199955d53b4166bef66ef252935c/out/vs/workbench/api/node/extensionHostProcess.js:32:17510
	at Socket.t (file:///root/.vscode-server/bin/138f619c86f1199955d53b4166bef66ef252935c/out/vs/workbench/api/node/extensionHostProcess.js:32:15451)
	at Socket.emit (node:events:518:28)
	at addChunk (node:internal/streams/readable:561:12)
	at readableAddChunkPushByteMode (node:internal/streams/readable:512:3)
	at Readable.push (node:internal/streams/readable:392:5)
	at TCP.onStreamRead (node:internal/stream_base_commons:191:23) setContext undefined
2024-12-17 09:02:01.291 [error] Canceled: Canceled
	at new IT (file:///root/.vscode-server/bin/138f619c86f1199955d53b4166bef66ef252935c/out/vs/workbench/api/node/extensionHostProcess.js:32:153476)
	at Dy.U (file:///root/.vscode-server/bin/138f619c86f1199955d53b4166bef66ef252935c/out/vs/workbench/api/node/extensionHostProcess.js:32:158086)
	at s.<computed>.n.charCodeAt.s.<computed> (file:///root/.vscode-server/bin/138f619c86f1199955d53b4166bef66ef252935c/out/vs/workbench/api/node/extensionHostProcess.js:32:155580)
	at cw.g (file:///root/.vscode-server/bin/138f619c86f1199955d53b4166bef66ef252935c/out/vs/workbench/api/node/extensionHostProcess.js:115:32313)
	at cw.executeCommand (file:///root/.vscode-server/bin/138f619c86f1199955d53b4166bef66ef252935c/out/vs/workbench/api/node/extensionHostProcess.js:115:31817)
	at r.registerCommand.description (file:///root/.vscode-server/bin/138f619c86f1199955d53b4166bef66ef252935c/out/vs/workbench/api/node/extensionHostProcess.js:115:31147)
	at cw.h (file:///root/.vscode-server/bin/138f619c86f1199955d53b4166bef66ef252935c/out/vs/workbench/api/node/extensionHostProcess.js:115:32833)
	at cw.g (file:///root/.vscode-server/bin/138f619c86f1199955d53b4166bef66ef252935c/out/vs/workbench/api/node/extensionHostProcess.js:115:31910)
	at cw.executeCommand (file:///root/.vscode-server/bin/138f619c86f1199955d53b4166bef66ef252935c/out/vs/workbench/api/node/extensionHostProcess.js:115:31817)
	at Object.executeCommand (file:///root/.vscode-server/bin/138f619c86f1199955d53b4166bef66ef252935c/out/vs/workbench/api/node/extensionHostProcess.js:157:37484)
	at f (/root/.vscode-server/extensions/eamodio.gitlens-16.0.5/dist/gitlens.js:1482:14096)
	at c (/root/.vscode-server/extensions/eamodio.gitlens-16.0.5/dist/gitlens.js:1482:18656)
	at ActionRunners._updateContextKeys (/root/.vscode-server/extensions/eamodio.gitlens-16.0.5/dist/gitlens.js:1107:65661)
	at s (/root/.vscode-server/extensions/eamodio.gitlens-16.0.5/dist/gitlens.js:1107:64105)
	at RegisteredActionRunner.unregister (/root/.vscode-server/extensions/eamodio.gitlens-16.0.5/dist/gitlens.js:1107:64248)
	at RegisteredActionRunner.dispose (/root/.vscode-server/extensions/eamodio.gitlens-16.0.5/dist/gitlens.js:1107:62902)
	at ActionRunners.dispose (/root/.vscode-server/extensions/eamodio.gitlens-16.0.5/dist/gitlens.js:1107:63688)
	at /root/.vscode-server/extensions/eamodio.gitlens-16.0.5/dist/gitlens.js:1428:14975
	at Array.forEach (<anonymous>)
	at Object.dispose (/root/.vscode-server/extensions/eamodio.gitlens-16.0.5/dist/gitlens.js:1428:14957)
	at ai (file:///root/.vscode-server/bin/138f619c86f1199955d53b4166bef66ef252935c/out/vs/workbench/api/node/extensionHostProcess.js:25:699)
	at file:///root/.vscode-server/bin/138f619c86f1199955d53b4166bef66ef252935c/out/vs/workbench/api/node/extensionHostProcess.js:119:14992
	at file:///root/.vscode-server/bin/138f619c86f1199955d53b4166bef66ef252935c/out/vs/workbench/api/node/extensionHostProcess.js:25:1009
	at Object.dispose (file:///root/.vscode-server/bin/138f619c86f1199955d53b4166bef66ef252935c/out/vs/workbench/api/node/extensionHostProcess.js:8:705)
	at zz.eb (file:///root/.vscode-server/bin/138f619c86f1199955d53b4166bef66ef252935c/out/vs/workbench/api/node/extensionHostProcess.js:119:11919)
	at file:///root/.vscode-server/bin/138f619c86f1199955d53b4166bef66ef252935c/out/vs/workbench/api/node/extensionHostProcess.js:119:9874
	at Array.map (<anonymous>)
	at zz.$ (file:///root/.vscode-server/bin/138f619c86f1199955d53b4166bef66ef252935c/out/vs/workbench/api/node/extensionHostProcess.js:119:9862)
	at zz.terminate (file:///root/.vscode-server/bin/138f619c86f1199955d53b4166bef66ef252935c/out/vs/workbench/api/node/extensionHostProcess.js:119:10105)
	at Q3.terminate (file:///root/.vscode-server/bin/138f619c86f1199955d53b4166bef66ef252935c/out/vs/workbench/api/node/extensionHostProcess.js:120:1424)
	at Zi (file:///root/.vscode-server/bin/138f619c86f1199955d53b4166bef66ef252935c/out/vs/workbench/api/node/extensionHostProcess.js:175:15080)
	at Sh.value (file:///root/.vscode-server/bin/138f619c86f1199955d53b4166bef66ef252935c/out/vs/workbench/api/node/extensionHostProcess.js:175:13241)
	at P.B (file:///root/.vscode-server/bin/138f619c86f1199955d53b4166bef66ef252935c/out/vs/workbench/api/node/extensionHostProcess.js:30:746)
	at P.fire (file:///root/.vscode-server/bin/138f619c86f1199955d53b4166bef66ef252935c/out/vs/workbench/api/node/extensionHostProcess.js:30:964)
	at Vn.fire (file:///root/.vscode-server/bin/138f619c86f1199955d53b4166bef66ef252935c/out/vs/workbench/api/node/extensionHostProcess.js:32:9457)
	at Wm.A (file:///root/.vscode-server/bin/138f619c86f1199955d53b4166bef66ef252935c/out/vs/workbench/api/node/extensionHostProcess.js:32:12573)
	at Sh.value (file:///root/.vscode-server/bin/138f619c86f1199955d53b4166bef66ef252935c/out/vs/workbench/api/node/extensionHostProcess.js:32:10993)
	at P.B (file:///root/.vscode-server/bin/138f619c86f1199955d53b4166bef66ef252935c/out/vs/workbench/api/node/extensionHostProcess.js:30:746)
	at P.fire (file:///root/.vscode-server/bin/138f619c86f1199955d53b4166bef66ef252935c/out/vs/workbench/api/node/extensionHostProcess.js:30:964)
	at s6.acceptChunk (file:///root/.vscode-server/bin/138f619c86f1199955d53b4166bef66ef252935c/out/vs/workbench/api/node/extensionHostProcess.js:32:7940)
	at Sh.value (file:///root/.vscode-server/bin/138f619c86f1199955d53b4166bef66ef252935c/out/vs/workbench/api/node/extensionHostProcess.js:32:7226)
	at P.B (file:///root/.vscode-server/bin/138f619c86f1199955d53b4166bef66ef252935c/out/vs/workbench/api/node/extensionHostProcess.js:30:746)
	at P.fire (file:///root/.vscode-server/bin/138f619c86f1199955d53b4166bef66ef252935c/out/vs/workbench/api/node/extensionHostProcess.js:30:964)
	at vA.z (file:///root/.vscode-server/bin/138f619c86f1199955d53b4166bef66ef252935c/out/vs/workbench/api/node/extensionHostProcess.js:32:21944)
	at vA.acceptFrame (file:///root/.vscode-server/bin/138f619c86f1199955d53b4166bef66ef252935c/out/vs/workbench/api/node/extensionHostProcess.js:32:21750)
	at mA.n (file:///root/.vscode-server/bin/138f619c86f1199955d53b4166bef66ef252935c/out/vs/workbench/api/node/extensionHostProcess.js:32:20278)
	at file:///root/.vscode-server/bin/138f619c86f1199955d53b4166bef66ef252935c/out/vs/workbench/api/node/extensionHostProcess.js:32:17510
	at Socket.t (file:///root/.vscode-server/bin/138f619c86f1199955d53b4166bef66ef252935c/out/vs/workbench/api/node/extensionHostProcess.js:32:15451)
	at Socket.emit (node:events:518:28)
	at addChunk (node:internal/streams/readable:561:12)
	at readableAddChunkPushByteMode (node:internal/streams/readable:512:3)
	at Readable.push (node:internal/streams/readable:392:5)
	at TCP.onStreamRead (node:internal/stream_base_commons:191:23) setContext undefined
2024-12-17 09:02:01.291 [error] Canceled: Canceled
	at new IT (file:///root/.vscode-server/bin/138f619c86f1199955d53b4166bef66ef252935c/out/vs/workbench/api/node/extensionHostProcess.js:32:153476)
	at Dy.U (file:///root/.vscode-server/bin/138f619c86f1199955d53b4166bef66ef252935c/out/vs/workbench/api/node/extensionHostProcess.js:32:158086)
	at s.<computed>.n.charCodeAt.s.<computed> (file:///root/.vscode-server/bin/138f619c86f1199955d53b4166bef66ef252935c/out/vs/workbench/api/node/extensionHostProcess.js:32:155580)
	at cw.g (file:///root/.vscode-server/bin/138f619c86f1199955d53b4166bef66ef252935c/out/vs/workbench/api/node/extensionHostProcess.js:115:32313)
	at cw.executeCommand (file:///root/.vscode-server/bin/138f619c86f1199955d53b4166bef66ef252935c/out/vs/workbench/api/node/extensionHostProcess.js:115:31817)
	at r.registerCommand.description (file:///root/.vscode-server/bin/138f619c86f1199955d53b4166bef66ef252935c/out/vs/workbench/api/node/extensionHostProcess.js:115:31147)
	at cw.h (file:///root/.vscode-server/bin/138f619c86f1199955d53b4166bef66ef252935c/out/vs/workbench/api/node/extensionHostProcess.js:115:32833)
	at cw.g (file:///root/.vscode-server/bin/138f619c86f1199955d53b4166bef66ef252935c/out/vs/workbench/api/node/extensionHostProcess.js:115:31910)
	at cw.executeCommand (file:///root/.vscode-server/bin/138f619c86f1199955d53b4166bef66ef252935c/out/vs/workbench/api/node/extensionHostProcess.js:115:31817)
	at Object.executeCommand (file:///root/.vscode-server/bin/138f619c86f1199955d53b4166bef66ef252935c/out/vs/workbench/api/node/extensionHostProcess.js:157:37484)
	at f (/root/.vscode-server/extensions/eamodio.gitlens-16.0.5/dist/gitlens.js:1482:14096)
	at c (/root/.vscode-server/extensions/eamodio.gitlens-16.0.5/dist/gitlens.js:1482:18656)
	at ActionRunners._updateContextKeys (/root/.vscode-server/extensions/eamodio.gitlens-16.0.5/dist/gitlens.js:1107:65661)
	at s (/root/.vscode-server/extensions/eamodio.gitlens-16.0.5/dist/gitlens.js:1107:64105)
	at RegisteredActionRunner.unregister (/root/.vscode-server/extensions/eamodio.gitlens-16.0.5/dist/gitlens.js:1107:64248)
	at RegisteredActionRunner.dispose (/root/.vscode-server/extensions/eamodio.gitlens-16.0.5/dist/gitlens.js:1107:62902)
	at ActionRunners.dispose (/root/.vscode-server/extensions/eamodio.gitlens-16.0.5/dist/gitlens.js:1107:63688)
	at /root/.vscode-server/extensions/eamodio.gitlens-16.0.5/dist/gitlens.js:1428:14975
	at Array.forEach (<anonymous>)
	at Object.dispose (/root/.vscode-server/extensions/eamodio.gitlens-16.0.5/dist/gitlens.js:1428:14957)
	at ai (file:///root/.vscode-server/bin/138f619c86f1199955d53b4166bef66ef252935c/out/vs/workbench/api/node/extensionHostProcess.js:25:699)
	at file:///root/.vscode-server/bin/138f619c86f1199955d53b4166bef66ef252935c/out/vs/workbench/api/node/extensionHostProcess.js:119:14992
	at file:///root/.vscode-server/bin/138f619c86f1199955d53b4166bef66ef252935c/out/vs/workbench/api/node/extensionHostProcess.js:25:1009
	at Object.dispose (file:///root/.vscode-server/bin/138f619c86f1199955d53b4166bef66ef252935c/out/vs/workbench/api/node/extensionHostProcess.js:8:705)
	at zz.eb (file:///root/.vscode-server/bin/138f619c86f1199955d53b4166bef66ef252935c/out/vs/workbench/api/node/extensionHostProcess.js:119:11919)
	at file:///root/.vscode-server/bin/138f619c86f1199955d53b4166bef66ef252935c/out/vs/workbench/api/node/extensionHostProcess.js:119:9874
	at Array.map (<anonymous>)
	at zz.$ (file:///root/.vscode-server/bin/138f619c86f1199955d53b4166bef66ef252935c/out/vs/workbench/api/node/extensionHostProcess.js:119:9862)
	at zz.terminate (file:///root/.vscode-server/bin/138f619c86f1199955d53b4166bef66ef252935c/out/vs/workbench/api/node/extensionHostProcess.js:119:10105)
	at Q3.terminate (file:///root/.vscode-server/bin/138f619c86f1199955d53b4166bef66ef252935c/out/vs/workbench/api/node/extensionHostProcess.js:120:1424)
	at Zi (file:///root/.vscode-server/bin/138f619c86f1199955d53b4166bef66ef252935c/out/vs/workbench/api/node/extensionHostProcess.js:175:15080)
	at Sh.value (file:///root/.vscode-server/bin/138f619c86f1199955d53b4166bef66ef252935c/out/vs/workbench/api/node/extensionHostProcess.js:175:13241)
	at P.B (file:///root/.vscode-server/bin/138f619c86f1199955d53b4166bef66ef252935c/out/vs/workbench/api/node/extensionHostProcess.js:30:746)
	at P.fire (file:///root/.vscode-server/bin/138f619c86f1199955d53b4166bef66ef252935c/out/vs/workbench/api/node/extensionHostProcess.js:30:964)
	at Vn.fire (file:///root/.vscode-server/bin/138f619c86f1199955d53b4166bef66ef252935c/out/vs/workbench/api/node/extensionHostProcess.js:32:9457)
	at Wm.A (file:///root/.vscode-server/bin/138f619c86f1199955d53b4166bef66ef252935c/out/vs/workbench/api/node/extensionHostProcess.js:32:12573)
	at Sh.value (file:///root/.vscode-server/bin/138f619c86f1199955d53b4166bef66ef252935c/out/vs/workbench/api/node/extensionHostProcess.js:32:10993)
	at P.B (file:///root/.vscode-server/bin/138f619c86f1199955d53b4166bef66ef252935c/out/vs/workbench/api/node/extensionHostProcess.js:30:746)
	at P.fire (file:///root/.vscode-server/bin/138f619c86f1199955d53b4166bef66ef252935c/out/vs/workbench/api/node/extensionHostProcess.js:30:964)
	at s6.acceptChunk (file:///root/.vscode-server/bin/138f619c86f1199955d53b4166bef66ef252935c/out/vs/workbench/api/node/extensionHostProcess.js:32:7940)
	at Sh.value (file:///root/.vscode-server/bin/138f619c86f1199955d53b4166bef66ef252935c/out/vs/workbench/api/node/extensionHostProcess.js:32:7226)
	at P.B (file:///root/.vscode-server/bin/138f619c86f1199955d53b4166bef66ef252935c/out/vs/workbench/api/node/extensionHostProcess.js:30:746)
	at P.fire (file:///root/.vscode-server/bin/138f619c86f1199955d53b4166bef66ef252935c/out/vs/workbench/api/node/extensionHostProcess.js:30:964)
	at vA.z (file:///root/.vscode-server/bin/138f619c86f1199955d53b4166bef66ef252935c/out/vs/workbench/api/node/extensionHostProcess.js:32:21944)
	at vA.acceptFrame (file:///root/.vscode-server/bin/138f619c86f1199955d53b4166bef66ef252935c/out/vs/workbench/api/node/extensionHostProcess.js:32:21750)
	at mA.n (file:///root/.vscode-server/bin/138f619c86f1199955d53b4166bef66ef252935c/out/vs/workbench/api/node/extensionHostProcess.js:32:20278)
	at file:///root/.vscode-server/bin/138f619c86f1199955d53b4166bef66ef252935c/out/vs/workbench/api/node/extensionHostProcess.js:32:17510
	at Socket.t (file:///root/.vscode-server/bin/138f619c86f1199955d53b4166bef66ef252935c/out/vs/workbench/api/node/extensionHostProcess.js:32:15451)
	at Socket.emit (node:events:518:28)
	at addChunk (node:internal/streams/readable:561:12)
	at readableAddChunkPushByteMode (node:internal/streams/readable:512:3)
	at Readable.push (node:internal/streams/readable:392:5)
	at TCP.onStreamRead (node:internal/stream_base_commons:191:23) setContext undefined
2024-12-17 09:02:01.296 [info] Extension host with pid 533 exiting with code 0
