2024-11-16 13:06:28.539 [info] [main] Log level: Info
2024-11-16 13:06:28.539 [info] [main] Validating found git in: "git"
2024-11-16 13:06:28.539 [info] [main] Using git "2.43.0" from "git"
2024-11-16 13:06:28.539 [info] [Model][doInitialScan] Initial repository scan started
2024-11-16 13:06:28.539 [info] > git rev-parse --show-toplevel [230ms]
2024-11-16 13:06:28.544 [info] > git rev-parse --show-toplevel [6ms]
2024-11-16 13:06:28.569 [info] > git rev-parse --git-dir --git-common-dir [15ms]
2024-11-16 13:06:28.599 [info] [Model][openRepository] Opened repository: /root/workspace/github.com/Johnyboi77/bookbot
2024-11-16 13:06:28.634 [info] > git rev-parse --show-toplevel [18ms]
2024-11-16 13:06:28.636 [info] > git config --get commit.template [23ms]
2024-11-16 13:06:28.642 [info] [Model][doInitialScan] Initial repository scan completed - repositories (1), closed repositories (0), parent repositories (1), unsafe repositories (0)
2024-11-16 13:06:28.672 [info] > git for-each-ref --format=%(refname)%00%(upstream:short)%00%(objectname)%00%(upstream:track)%00%(upstream:remotename)%00%(upstream:remoteref) refs/heads/main refs/remotes/main [22ms]
2024-11-16 13:06:28.698 [info] > git status -z -uall [15ms]
2024-11-16 13:06:28.699 [info] > git for-each-ref --sort -committerdate --format %(refname) %(objectname) %(*objectname) [6ms]
2024-11-16 13:06:28.749 [info] > git for-each-ref --format=%(refname)%00%(upstream:short)%00%(objectname)%00%(upstream:track)%00%(upstream:remotename)%00%(upstream:remoteref) refs/heads/main refs/remotes/main [26ms]
2024-11-16 13:06:28.772 [info] > git config --get commit.template [36ms]
2024-11-16 13:06:28.778 [info] > git config --local branch.main.vscode-merge-base [21ms]
2024-11-16 13:06:28.797 [info] > git for-each-ref --format=%(refname)%00%(upstream:short)%00%(objectname)%00%(upstream:track)%00%(upstream:remotename)%00%(upstream:remoteref) refs/heads/origin/main refs/remotes/origin/main [13ms]
2024-11-16 13:06:28.847 [info] > git merge-base refs/heads/main refs/remotes/origin/main [44ms]
2024-11-16 13:06:28.852 [info] > git for-each-ref --format=%(refname)%00%(upstream:short)%00%(objectname)%00%(upstream:track)%00%(upstream:remotename)%00%(upstream:remoteref) refs/heads/main refs/remotes/main [59ms]
2024-11-16 13:06:28.862 [info] > git diff --name-status -z --diff-filter=ADMR ad495f3d740bbd18a64a615ea562779ef51f017c...refs/remotes/origin/main [11ms]
2024-11-16 13:06:28.885 [info] > git status -z -uall [14ms]
2024-11-16 13:06:28.885 [info] > git for-each-ref --sort -committerdate --format %(refname) %(objectname) %(*objectname) [10ms]
2024-11-16 13:06:29.247 [info] > git check-ignore -v -z --stdin [27ms]
2024-11-16 13:06:29.250 [info] > git show --textconv :main.py [23ms]
2024-11-16 13:06:29.251 [info] > git ls-files --stage -- /root/workspace/github.com/Johnyboi77/bookbot/main.py [19ms]
2024-11-16 13:06:29.259 [info] > git cat-file -s 7017275db5819e1e0ca8e465f5ce12992d429544 [4ms]
