2024-11-14 09:10:01.478 [info] (Client) Pylance async client (2024.11.1) started with python extension (2024.20.0)
2024-11-14 09:10:02.966 [info] [Info  - 9:10:02 AM] (775) Server root directory: file:///root/.vscode-server/extensions/ms-python.vscode-pylance-2024.11.1/dist
2024-11-14 09:10:02.967 [info] [Info  - 9:10:02 AM] (775) Pylance language server 2024.11.1 (pyright version 1.1.386, commit 4180fa21) starting
2024-11-14 09:10:03.004 [info] [Info  - 9:10:03 AM] (775) Starting service instance "workspace"
2024-11-14 09:10:03.428 [info] [Info  - 9:10:03 AM] (775) Setting environmentName for service "workspace": "3.12.3 (global)"
2024-11-14 09:10:03.438 [info] [Info  - 9:10:03 AM] (775) Setting pythonPath for service "workspace": "/usr/bin/python3"
2024-11-14 09:10:03.438 [info] [Info  - 9:10:03 AM] (775) No include entries specified; assuming /root/workspace
2024-11-14 09:10:03.439 [info] [Info  - 9:10:03 AM] (775) Auto-excluding **/node_modules
2024-11-14 09:10:03.439 [info] [Info  - 9:10:03 AM] (775) Auto-excluding **/__pycache__
2024-11-14 09:10:03.440 [info] [Info  - 9:10:03 AM] (775) Auto-excluding **/.*
2024-11-14 09:10:03.586 [info] [Info  - 9:10:03 AM] (775) Assuming Python version 3.12.3.final.0
2024-11-14 09:10:04.086 [info] [Info  - 9:10:04 AM] (775) Found 1 source file
2024-11-14 09:10:06.207 [info] [Info  - 9:10:06 AM] (775) Background analysis(1) root directory: file:///root/.vscode-server/extensions/ms-python.vscode-pylance-2024.11.1/dist
2024-11-14 09:10:06.213 [info] [Info  - 9:10:06 AM] (775) Background analysis(1) started
2024-11-14 09:10:06.948 [info] [Info  - 9:10:06 AM] (775) Indexer background runner(2) root directory: file:///root/.vscode-server/extensions/ms-python.vscode-pylance-2024.11.1/dist (index)
2024-11-14 09:10:06.948 [info] [Info  - 9:10:06 AM] (775) Indexing(2) started
2024-11-14 09:10:09.032 [info] [Info  - 9:10:09 AM] (775) [BG(1)] Long operation: SemanticTokens full at file:///root/workspace/github.com/Johnyboi77/bookbot/main.py (2534ms)
2024-11-14 09:10:10.331 [info] [Info  - 9:10:10 AM] (775) [IDX(2)] Long operation: scan packages file:///root/workspace (3031ms)
2024-11-14 09:10:10.331 [info] [Info  - 9:10:10 AM] (775) scanned(2) 77 files over 1 exec env
2024-11-14 09:10:11.363 [info] [Info  - 9:10:11 AM] (775) indexed(2) 77 files over 1 exec env
2024-11-14 09:10:11.455 [info] [Info  - 9:10:11 AM] (775) Indexing finished(2).
