2024-11-21 09:21:25.956 [info] [main] Log level: Info
2024-11-21 09:21:25.956 [info] [main] Validating found git in: "git"
2024-11-21 09:21:25.956 [info] [main] Using git "2.43.0" from "git"
2024-11-21 09:21:25.956 [info] [Model][doInitialScan] Initial repository scan started
2024-11-21 09:21:25.956 [info] > git rev-parse --show-toplevel [33ms]
2024-11-21 09:21:25.958 [info] > git rev-parse --show-toplevel [3ms]
2024-11-21 09:21:25.995 [info] > git rev-parse --show-toplevel [25ms]
2024-11-21 09:21:26.004 [info] > git rev-parse --show-toplevel [4ms]
2024-11-21 09:21:26.012 [info] [Model][doInitialScan] Initial repository scan completed - repositories (0), closed repositories (0), parent repositories (1), unsafe repositories (0)
2024-11-21 09:23:26.272 [info] > git rev-parse --show-toplevel [26ms]
2024-11-21 09:23:26.282 [info] > git rev-parse --git-dir --git-common-dir [3ms]
2024-11-21 09:23:26.303 [info] [Model][openRepository] Opened repository: /root
2024-11-21 09:23:26.334 [info] > git config --get commit.template [19ms]
2024-11-21 09:23:26.347 [info] > git for-each-ref --format=%(refname)%00%(upstream:short)%00%(objectname)%00%(upstream:track)%00%(upstream:remotename)%00%(upstream:remoteref) refs/heads/main refs/remotes/main [7ms]
2024-11-21 09:23:26.376 [info] > git for-each-ref --sort -committerdate --format %(refname) %(objectname) %(*objectname) [10ms]
2024-11-21 09:23:26.995 [info] > git check-ignore -v -z --stdin [3ms]
2024-11-21 09:23:28.941 [info] > git status -z -uall [2586ms] (cancelled)
2024-11-21 09:23:57.060 [info] > git for-each-ref --format=%(refname)%00%(upstream:short)%00%(objectname)%00%(upstream:track)%00%(upstream:remotename)%00%(upstream:remoteref) refs/heads/main refs/remotes/main [1587ms]
2024-11-21 09:23:57.167 [info] > git config --local branch.main.vscode-merge-base [96ms]
2024-11-21 09:23:57.168 [warning] [Git][config] git config failed: Failed to execute git
2024-11-21 09:23:57.184 [info] > git config --get commit.template [125ms]
2024-11-21 09:23:57.199 [info] > git reflog main --grep-reflog=branch: Created from *. [22ms]
2024-11-21 09:23:57.209 [info] > git for-each-ref --format=%(refname)%00%(upstream:short)%00%(objectname)%00%(upstream:track)%00%(upstream:remotename)%00%(upstream:remoteref) refs/heads/main refs/remotes/main [14ms]
2024-11-21 09:23:57.225 [info] > git symbolic-ref --short refs/remotes/origin/HEAD [16ms]
2024-11-21 09:23:57.225 [info] fatal: ref refs/remotes/origin/HEAD is not a symbolic ref
2024-11-21 09:23:57.226 [warning] [Repository][getDefaultBranch] Failed to get default branch details: Failed to execute git.
2024-11-21 09:23:57.231 [info] > git for-each-ref --sort -committerdate --format %(refname) %(objectname) %(*objectname) [9ms]
2024-11-21 09:23:58.936 [info] > git status -z -uall [1720ms] (cancelled)
2024-11-21 09:23:58.963 [info] > git log --format=%H%n%aN%n%aE%n%at%n%ct%n%P%n%D%n%B -z --shortstat --diff-merges=first-parent -n50 --skip=0 --topo-order --decorate=full --stdin [29ms]
2024-11-21 09:23:59.436 [info] > git check-ignore -v -z --stdin [3ms]
2024-11-21 09:25:05.820 [info] > git add -A -- . [56163ms]
2024-11-21 09:25:05.820 [info] warning: adding embedded git repository: webflyx
hint: You've added another git repository inside your current repository.
hint: Clones of the outer repository will not contain the contents of
hint: the embedded repository and will not know how to obtain it.
hint: If you meant to add a submodule, use:
hint: 
hint: 	git submodule add <url> webflyx
hint: 
hint: If you added this path by mistake, you can remove it from the
hint: index with:
hint: 
hint: 	git rm --cached webflyx
hint: 
hint: See "git help submodule" for more information.
warning: adding embedded git repository: workspace/github.com/Johnyboi77/bookbot
2024-11-21 09:25:07.573 [info] > git -c user.useConfigOnly=true commit --quiet --allow-empty-message --file - [1746ms]
2024-11-21 09:25:07.581 [info] > git config --get commit.template [1ms]
2024-11-21 09:25:07.600 [info] > git config --get commit.template [7ms]
2024-11-21 09:25:07.601 [info] > git for-each-ref --format=%(refname)%00%(upstream:short)%00%(objectname)%00%(upstream:track)%00%(upstream:remotename)%00%(upstream:remoteref) refs/heads/main refs/remotes/main [2ms]
2024-11-21 09:25:07.625 [info] > git for-each-ref --sort -committerdate --format %(refname) %(objectname) %(*objectname) [2ms]
2024-11-21 09:25:07.806 [info] > git status -z -uall [200ms]
2024-11-21 09:25:09.216 [info] > git config --get commit.template [3ms]
2024-11-21 09:25:09.224 [info] > git for-each-ref --format=%(refname)%00%(upstream:short)%00%(objectname)%00%(upstream:track)%00%(upstream:remotename)%00%(upstream:remoteref) refs/heads/main refs/remotes/main [2ms]
2024-11-21 09:25:09.252 [info] > git for-each-ref --sort -committerdate --format %(refname) %(objectname) %(*objectname) [11ms]
2024-11-21 09:25:09.395 [info] > git status -z -uall [163ms]
2024-11-21 09:25:10.104 [info] > git check-ignore -v -z --stdin [15ms]
2024-11-21 09:25:12.248 [info] > git log --format=%H%n%aN%n%aE%n%at%n%ct%n%P%n%D%n%B -z --shortstat --diff-merges=first-parent -n50 --skip=0 --topo-order --decorate=full --stdin [3119ms]
2024-11-21 09:25:54.071 [info] > git config --get commit.template [11ms]
2024-11-21 09:25:54.072 [info] > git for-each-ref --format=%(refname)%00%(upstream:short)%00%(objectname)%00%(upstream:track)%00%(upstream:remotename)%00%(upstream:remoteref) refs/heads/main refs/remotes/main [3ms]
2024-11-21 09:25:54.090 [info] > git for-each-ref --sort -committerdate --format %(refname) %(objectname) %(*objectname) [4ms]
2024-11-21 09:25:54.301 [info] > git status -z -uall [224ms]
2024-11-21 09:28:11.034 [info] > git config --get commit.template [7ms]
2024-11-21 09:28:11.035 [info] > git for-each-ref --format=%(refname)%00%(upstream:short)%00%(objectname)%00%(upstream:track)%00%(upstream:remotename)%00%(upstream:remoteref) refs/heads/main refs/remotes/main [4ms]
2024-11-21 09:28:11.052 [info] > git for-each-ref --sort -committerdate --format %(refname) %(objectname) %(*objectname) [2ms]
2024-11-21 09:28:11.181 [info] > git status -z -uall [137ms]
2024-11-21 09:28:14.554 [info] > git show --textconv :workspace/github.com/Johnyboi77/Asteroids/main.py [13ms]
2024-11-21 09:28:14.563 [info] > git ls-files --stage -- /root/workspace/github.com/Johnyboi77/Asteroids/main.py [17ms]
2024-11-21 09:28:14.573 [info] > git cat-file -s 6e25934df0fe2329525fc73bfcbc51ddd19bc8c6 [4ms]
2024-11-21 09:28:14.997 [info] > git check-ignore -v -z --stdin [33ms]
2024-11-21 09:28:16.201 [info] > git config --get commit.template [4ms]
2024-11-21 09:28:16.211 [info] > git for-each-ref --format=%(refname)%00%(upstream:short)%00%(objectname)%00%(upstream:track)%00%(upstream:remotename)%00%(upstream:remoteref) refs/heads/main refs/remotes/main [2ms]
2024-11-21 09:28:16.224 [info] > git for-each-ref --sort -committerdate --format %(refname) %(objectname) %(*objectname) [2ms]
2024-11-21 09:28:16.349 [info] > git status -z -uall [133ms]
2024-11-21 09:28:17.047 [info] > git check-ignore -v -z --stdin [16ms]
2024-11-21 10:18:25.700 [info] > git config --get commit.template [26ms]
2024-11-21 10:18:25.705 [info] > git for-each-ref --format=%(refname)%00%(upstream:short)%00%(objectname)%00%(upstream:track)%00%(upstream:remotename)%00%(upstream:remoteref) refs/heads/main refs/remotes/main [20ms]
2024-11-21 10:18:25.738 [info] > git for-each-ref --sort -committerdate --format %(refname) %(objectname) %(*objectname) [18ms]
2024-11-21 10:18:29.108 [info] > git status -z -uall [3394ms]
2024-11-21 10:20:17.596 [info] > git config --get commit.template [2ms]
2024-11-21 10:20:17.603 [info] > git for-each-ref --format=%(refname)%00%(upstream:short)%00%(objectname)%00%(upstream:track)%00%(upstream:remotename)%00%(upstream:remoteref) refs/heads/main refs/remotes/main [3ms]
2024-11-21 10:20:17.619 [info] > git for-each-ref --sort -committerdate --format %(refname) %(objectname) %(*objectname) [3ms]
2024-11-21 10:20:17.788 [info] > git status -z -uall [178ms]
2024-11-21 10:20:24.090 [info] > git config --get commit.template [8ms]
2024-11-21 10:20:24.091 [info] > git for-each-ref --format=%(refname)%00%(upstream:short)%00%(objectname)%00%(upstream:track)%00%(upstream:remotename)%00%(upstream:remoteref) refs/heads/main refs/remotes/main [4ms]
2024-11-21 10:20:24.106 [info] > git for-each-ref --sort -committerdate --format %(refname) %(objectname) %(*objectname) [3ms]
2024-11-21 10:20:24.263 [info] > git status -z -uall [166ms]
2024-11-21 10:20:44.937 [info] > git config --get commit.template [6ms]
2024-11-21 10:20:44.946 [info] > git for-each-ref --format=%(refname)%00%(upstream:short)%00%(objectname)%00%(upstream:track)%00%(upstream:remotename)%00%(upstream:remoteref) refs/heads/main refs/remotes/main [3ms]
2024-11-21 10:20:44.962 [info] > git for-each-ref --sort -committerdate --format %(refname) %(objectname) %(*objectname) [3ms]
2024-11-21 10:20:45.159 [info] > git status -z -uall [207ms]
2024-11-21 10:20:50.179 [info] > git config --get commit.template [3ms]
2024-11-21 10:20:50.188 [info] > git for-each-ref --format=%(refname)%00%(upstream:short)%00%(objectname)%00%(upstream:track)%00%(upstream:remotename)%00%(upstream:remoteref) refs/heads/main refs/remotes/main [2ms]
2024-11-21 10:20:50.201 [info] > git for-each-ref --sort -committerdate --format %(refname) %(objectname) %(*objectname) [3ms]
2024-11-21 10:20:50.371 [info] > git status -z -uall [178ms]
2024-11-21 10:20:55.394 [info] > git config --get commit.template [10ms]
2024-11-21 10:20:55.395 [info] > git for-each-ref --format=%(refname)%00%(upstream:short)%00%(objectname)%00%(upstream:track)%00%(upstream:remotename)%00%(upstream:remoteref) refs/heads/main refs/remotes/main [3ms]
2024-11-21 10:20:55.412 [info] > git for-each-ref --sort -committerdate --format %(refname) %(objectname) %(*objectname) [2ms]
2024-11-21 10:20:55.544 [info] > git status -z -uall [141ms]
2024-11-21 10:21:00.577 [info] > git config --get commit.template [11ms]
2024-11-21 10:21:00.589 [info] > git for-each-ref --format=%(refname)%00%(upstream:short)%00%(objectname)%00%(upstream:track)%00%(upstream:remotename)%00%(upstream:remoteref) refs/heads/main refs/remotes/main [1ms]
2024-11-21 10:21:00.604 [info] > git for-each-ref --sort -committerdate --format %(refname) %(objectname) %(*objectname) [4ms]
2024-11-21 10:21:00.845 [info] > git status -z -uall [250ms]
2024-11-21 10:21:41.659 [info] > git config --get commit.template [8ms]
2024-11-21 10:21:41.663 [info] > git for-each-ref --format=%(refname)%00%(upstream:short)%00%(objectname)%00%(upstream:track)%00%(upstream:remotename)%00%(upstream:remoteref) refs/heads/main refs/remotes/main [5ms]
2024-11-21 10:21:41.678 [info] > git for-each-ref --sort -committerdate --format %(refname) %(objectname) %(*objectname) [4ms]
2024-11-21 10:21:41.846 [info] > git status -z -uall [177ms]
2024-11-21 10:21:46.874 [info] > git config --get commit.template [13ms]
2024-11-21 10:21:46.875 [info] > git for-each-ref --format=%(refname)%00%(upstream:short)%00%(objectname)%00%(upstream:track)%00%(upstream:remotename)%00%(upstream:remoteref) refs/heads/main refs/remotes/main [5ms]
2024-11-21 10:21:46.899 [info] > git for-each-ref --sort -committerdate --format %(refname) %(objectname) %(*objectname) [4ms]
2024-11-21 10:21:47.038 [info] > git status -z -uall [153ms]
2024-11-21 10:21:52.054 [info] > git config --get commit.template [6ms]
2024-11-21 10:21:52.056 [info] > git for-each-ref --format=%(refname)%00%(upstream:short)%00%(objectname)%00%(upstream:track)%00%(upstream:remotename)%00%(upstream:remoteref) refs/heads/main refs/remotes/main [2ms]
2024-11-21 10:21:52.069 [info] > git for-each-ref --sort -committerdate --format %(refname) %(objectname) %(*objectname) [3ms]
2024-11-21 10:21:52.273 [info] > git status -z -uall [212ms]
2024-11-21 10:21:52.979 [info] > git check-ignore -v -z --stdin [11ms]
2024-11-21 10:22:34.876 [info] > git config --get commit.template [7ms]
2024-11-21 10:22:34.877 [info] > git for-each-ref --format=%(refname)%00%(upstream:short)%00%(objectname)%00%(upstream:track)%00%(upstream:remotename)%00%(upstream:remoteref) refs/heads/main refs/remotes/main [2ms]
2024-11-21 10:22:34.898 [info] > git for-each-ref --sort -committerdate --format %(refname) %(objectname) %(*objectname) [5ms]
2024-11-21 10:22:35.048 [info] > git status -z -uall [164ms]
2024-11-21 10:22:47.733 [info] > git config --get commit.template [17ms]
2024-11-21 10:22:47.734 [info] > git for-each-ref --format=%(refname)%00%(upstream:short)%00%(objectname)%00%(upstream:track)%00%(upstream:remotename)%00%(upstream:remoteref) refs/heads/main refs/remotes/main [8ms]
2024-11-21 10:22:47.753 [info] > git for-each-ref --sort -committerdate --format %(refname) %(objectname) %(*objectname) [4ms]
2024-11-21 10:22:47.892 [info] > git status -z -uall [153ms]
2024-11-21 10:23:58.398 [info] > git config --get commit.template [26ms]
2024-11-21 10:23:58.402 [info] > git for-each-ref --format=%(refname)%00%(upstream:short)%00%(objectname)%00%(upstream:track)%00%(upstream:remotename)%00%(upstream:remoteref) refs/heads/main refs/remotes/main [22ms]
2024-11-21 10:23:58.433 [info] > git for-each-ref --sort -committerdate --format %(refname) %(objectname) %(*objectname) [17ms]
2024-11-21 10:24:01.481 [info] > git status -z -uall [3074ms]
2024-11-21 10:24:06.525 [info] > git config --get commit.template [3ms]
2024-11-21 10:24:06.535 [info] > git for-each-ref --format=%(refname)%00%(upstream:short)%00%(objectname)%00%(upstream:track)%00%(upstream:remotename)%00%(upstream:remoteref) refs/heads/main refs/remotes/main [2ms]
2024-11-21 10:24:06.550 [info] > git for-each-ref --sort -committerdate --format %(refname) %(objectname) %(*objectname) [4ms]
2024-11-21 10:24:06.671 [info] > git status -z -uall [131ms]
2024-11-21 10:24:11.693 [info] > git config --get commit.template [7ms]
2024-11-21 10:24:11.694 [info] > git for-each-ref --format=%(refname)%00%(upstream:short)%00%(objectname)%00%(upstream:track)%00%(upstream:remotename)%00%(upstream:remoteref) refs/heads/main refs/remotes/main [2ms]
2024-11-21 10:24:11.707 [info] > git for-each-ref --sort -committerdate --format %(refname) %(objectname) %(*objectname) [3ms]
2024-11-21 10:24:11.888 [info] > git status -z -uall [189ms]
2024-11-21 10:24:16.913 [info] > git config --get commit.template [8ms]
2024-11-21 10:24:16.915 [info] > git for-each-ref --format=%(refname)%00%(upstream:short)%00%(objectname)%00%(upstream:track)%00%(upstream:remotename)%00%(upstream:remoteref) refs/heads/main refs/remotes/main [4ms]
2024-11-21 10:24:16.928 [info] > git for-each-ref --sort -committerdate --format %(refname) %(objectname) %(*objectname) [3ms]
2024-11-21 10:24:17.051 [info] > git status -z -uall [132ms]
2024-11-21 10:24:23.072 [info] > git config --get commit.template [4ms]
2024-11-21 10:24:23.079 [info] > git for-each-ref --format=%(refname)%00%(upstream:short)%00%(objectname)%00%(upstream:track)%00%(upstream:remotename)%00%(upstream:remoteref) refs/heads/main refs/remotes/main [3ms]
2024-11-21 10:24:23.092 [info] > git for-each-ref --sort -committerdate --format %(refname) %(objectname) %(*objectname) [3ms]
2024-11-21 10:24:23.226 [info] > git status -z -uall [142ms]
2024-11-21 10:24:35.984 [info] > git config --get commit.template [9ms]
2024-11-21 10:24:35.985 [info] > git for-each-ref --format=%(refname)%00%(upstream:short)%00%(objectname)%00%(upstream:track)%00%(upstream:remotename)%00%(upstream:remoteref) refs/heads/main refs/remotes/main [2ms]
2024-11-21 10:24:36.000 [info] > git for-each-ref --sort -committerdate --format %(refname) %(objectname) %(*objectname) [4ms]
2024-11-21 10:24:36.152 [info] > git status -z -uall [162ms]
2024-11-21 10:24:41.175 [info] > git config --get commit.template [9ms]
2024-11-21 10:24:41.176 [info] > git for-each-ref --format=%(refname)%00%(upstream:short)%00%(objectname)%00%(upstream:track)%00%(upstream:remotename)%00%(upstream:remoteref) refs/heads/main refs/remotes/main [3ms]
2024-11-21 10:24:41.204 [info] > git for-each-ref --sort -committerdate --format %(refname) %(objectname) %(*objectname) [5ms]
2024-11-21 10:24:41.325 [info] > git status -z -uall [138ms]
2024-11-21 10:24:46.350 [info] > git config --get commit.template [11ms]
2024-11-21 10:24:46.352 [info] > git for-each-ref --format=%(refname)%00%(upstream:short)%00%(objectname)%00%(upstream:track)%00%(upstream:remotename)%00%(upstream:remoteref) refs/heads/main refs/remotes/main [4ms]
2024-11-21 10:24:46.375 [info] > git for-each-ref --sort -committerdate --format %(refname) %(objectname) %(*objectname) [5ms]
2024-11-21 10:24:46.492 [info] > git status -z -uall [132ms]
2024-11-21 10:24:51.515 [info] > git config --get commit.template [10ms]
2024-11-21 10:24:51.517 [info] > git for-each-ref --format=%(refname)%00%(upstream:short)%00%(objectname)%00%(upstream:track)%00%(upstream:remotename)%00%(upstream:remoteref) refs/heads/main refs/remotes/main [4ms]
2024-11-21 10:24:51.544 [info] > git for-each-ref --sort -committerdate --format %(refname) %(objectname) %(*objectname) [1ms]
2024-11-21 10:24:51.725 [info] > git status -z -uall [200ms]
2024-11-21 10:24:56.747 [info] > git config --get commit.template [9ms]
2024-11-21 10:24:56.750 [info] > git for-each-ref --format=%(refname)%00%(upstream:short)%00%(objectname)%00%(upstream:track)%00%(upstream:remotename)%00%(upstream:remoteref) refs/heads/main refs/remotes/main [4ms]
2024-11-21 10:24:56.766 [info] > git for-each-ref --sort -committerdate --format %(refname) %(objectname) %(*objectname) [3ms]
2024-11-21 10:24:56.942 [info] > git status -z -uall [185ms]
2024-11-21 10:25:49.772 [info] > git config --get commit.template [9ms]
2024-11-21 10:25:49.773 [info] > git for-each-ref --format=%(refname)%00%(upstream:short)%00%(objectname)%00%(upstream:track)%00%(upstream:remotename)%00%(upstream:remoteref) refs/heads/main refs/remotes/main [2ms]
2024-11-21 10:25:49.786 [info] > git for-each-ref --sort -committerdate --format %(refname) %(objectname) %(*objectname) [2ms]
2024-11-21 10:25:49.942 [info] > git status -z -uall [164ms]
2024-11-21 10:25:54.953 [info] > git config --get commit.template [1ms]
2024-11-21 10:25:54.960 [info] > git for-each-ref --format=%(refname)%00%(upstream:short)%00%(objectname)%00%(upstream:track)%00%(upstream:remotename)%00%(upstream:remoteref) refs/heads/main refs/remotes/main [2ms]
2024-11-21 10:25:54.979 [info] > git for-each-ref --sort -committerdate --format %(refname) %(objectname) %(*objectname) [8ms]
2024-11-21 10:25:55.100 [info] > git status -z -uall [135ms]
2024-11-21 10:26:00.124 [info] > git config --get commit.template [8ms]
2024-11-21 10:26:00.124 [info] > git for-each-ref --format=%(refname)%00%(upstream:short)%00%(objectname)%00%(upstream:track)%00%(upstream:remotename)%00%(upstream:remoteref) refs/heads/main refs/remotes/main [2ms]
2024-11-21 10:26:00.138 [info] > git for-each-ref --sort -committerdate --format %(refname) %(objectname) %(*objectname) [3ms]
2024-11-21 10:26:00.259 [info] > git status -z -uall [130ms]
2024-11-21 10:26:13.895 [info] > git config --get commit.template [9ms]
2024-11-21 10:26:13.897 [info] > git for-each-ref --format=%(refname)%00%(upstream:short)%00%(objectname)%00%(upstream:track)%00%(upstream:remotename)%00%(upstream:remoteref) refs/heads/main refs/remotes/main [3ms]
2024-11-21 10:26:13.912 [info] > git for-each-ref --sort -committerdate --format %(refname) %(objectname) %(*objectname) [4ms]
2024-11-21 10:26:14.094 [info] > git status -z -uall [191ms]
2024-11-21 10:26:19.113 [info] > git config --get commit.template [6ms]
2024-11-21 10:26:19.114 [info] > git for-each-ref --format=%(refname)%00%(upstream:short)%00%(objectname)%00%(upstream:track)%00%(upstream:remotename)%00%(upstream:remoteref) refs/heads/main refs/remotes/main [2ms]
2024-11-21 10:26:19.131 [info] > git for-each-ref --sort -committerdate --format %(refname) %(objectname) %(*objectname) [4ms]
2024-11-21 10:26:19.293 [info] > git status -z -uall [173ms]
2024-11-21 10:26:30.597 [info] > git config --get commit.template [8ms]
2024-11-21 10:26:30.598 [info] > git for-each-ref --format=%(refname)%00%(upstream:short)%00%(objectname)%00%(upstream:track)%00%(upstream:remotename)%00%(upstream:remoteref) refs/heads/main refs/remotes/main [3ms]
2024-11-21 10:26:30.612 [info] > git for-each-ref --sort -committerdate --format %(refname) %(objectname) %(*objectname) [3ms]
2024-11-21 10:26:30.758 [info] > git status -z -uall [154ms]
2024-11-21 10:26:35.775 [info] > git config --get commit.template [7ms]
2024-11-21 10:26:35.776 [info] > git for-each-ref --format=%(refname)%00%(upstream:short)%00%(objectname)%00%(upstream:track)%00%(upstream:remotename)%00%(upstream:remoteref) refs/heads/main refs/remotes/main [3ms]
2024-11-21 10:26:35.793 [info] > git for-each-ref --sort -committerdate --format %(refname) %(objectname) %(*objectname) [7ms]
2024-11-21 10:26:35.918 [info] > git status -z -uall [138ms]
2024-11-21 10:26:59.349 [info] > git config --get commit.template [9ms]
2024-11-21 10:26:59.353 [info] > git for-each-ref --format=%(refname)%00%(upstream:short)%00%(objectname)%00%(upstream:track)%00%(upstream:remotename)%00%(upstream:remoteref) refs/heads/main refs/remotes/main [5ms]
2024-11-21 10:26:59.367 [info] > git for-each-ref --sort -committerdate --format %(refname) %(objectname) %(*objectname) [4ms]
2024-11-21 10:26:59.562 [info] > git status -z -uall [204ms]
2024-11-21 10:27:04.589 [info] > git config --get commit.template [4ms]
2024-11-21 10:27:04.601 [info] > git for-each-ref --format=%(refname)%00%(upstream:short)%00%(objectname)%00%(upstream:track)%00%(upstream:remotename)%00%(upstream:remoteref) refs/heads/main refs/remotes/main [3ms]
2024-11-21 10:27:04.626 [info] > git for-each-ref --sort -committerdate --format %(refname) %(objectname) %(*objectname) [7ms]
2024-11-21 10:27:04.757 [info] > git status -z -uall [149ms]
2024-11-21 10:27:09.787 [info] > git config --get commit.template [15ms]
2024-11-21 10:27:09.789 [info] > git for-each-ref --format=%(refname)%00%(upstream:short)%00%(objectname)%00%(upstream:track)%00%(upstream:remotename)%00%(upstream:remoteref) refs/heads/main refs/remotes/main [4ms]
2024-11-21 10:27:09.805 [info] > git for-each-ref --sort -committerdate --format %(refname) %(objectname) %(*objectname) [3ms]
2024-11-21 10:27:09.941 [info] > git status -z -uall [146ms]
2024-11-21 10:27:14.962 [info] > git config --get commit.template [8ms]
2024-11-21 10:27:14.963 [info] > git for-each-ref --format=%(refname)%00%(upstream:short)%00%(objectname)%00%(upstream:track)%00%(upstream:remotename)%00%(upstream:remoteref) refs/heads/main refs/remotes/main [2ms]
2024-11-21 10:27:14.976 [info] > git for-each-ref --sort -committerdate --format %(refname) %(objectname) %(*objectname) [3ms]
2024-11-21 10:27:15.098 [info] > git status -z -uall [130ms]
2024-11-21 10:27:20.126 [info] > git config --get commit.template [11ms]
2024-11-21 10:27:20.128 [info] > git for-each-ref --format=%(refname)%00%(upstream:short)%00%(objectname)%00%(upstream:track)%00%(upstream:remotename)%00%(upstream:remoteref) refs/heads/main refs/remotes/main [3ms]
2024-11-21 10:27:20.157 [info] > git for-each-ref --sort -committerdate --format %(refname) %(objectname) %(*objectname) [9ms]
2024-11-21 10:27:20.313 [info] > git status -z -uall [174ms]
2024-11-21 10:27:25.338 [info] > git config --get commit.template [10ms]
2024-11-21 10:27:25.339 [info] > git for-each-ref --format=%(refname)%00%(upstream:short)%00%(objectname)%00%(upstream:track)%00%(upstream:remotename)%00%(upstream:remoteref) refs/heads/main refs/remotes/main [4ms]
2024-11-21 10:27:25.357 [info] > git for-each-ref --sort -committerdate --format %(refname) %(objectname) %(*objectname) [4ms]
2024-11-21 10:27:25.483 [info] > git status -z -uall [136ms]
2024-11-21 10:27:30.497 [info] > git config --get commit.template [2ms]
2024-11-21 10:27:30.508 [info] > git for-each-ref --format=%(refname)%00%(upstream:short)%00%(objectname)%00%(upstream:track)%00%(upstream:remotename)%00%(upstream:remoteref) refs/heads/main refs/remotes/main [3ms]
2024-11-21 10:27:30.524 [info] > git for-each-ref --sort -committerdate --format %(refname) %(objectname) %(*objectname) [4ms]
2024-11-21 10:27:30.644 [info] > git status -z -uall [130ms]
2024-11-21 10:27:35.662 [info] > git config --get commit.template [3ms]
2024-11-21 10:27:35.671 [info] > git for-each-ref --format=%(refname)%00%(upstream:short)%00%(objectname)%00%(upstream:track)%00%(upstream:remotename)%00%(upstream:remoteref) refs/heads/main refs/remotes/main [3ms]
2024-11-21 10:27:35.684 [info] > git for-each-ref --sort -committerdate --format %(refname) %(objectname) %(*objectname) [2ms]
2024-11-21 10:27:35.812 [info] > git status -z -uall [135ms]
2024-11-21 10:27:40.840 [info] > git config --get commit.template [11ms]
2024-11-21 10:27:40.842 [info] > git for-each-ref --format=%(refname)%00%(upstream:short)%00%(objectname)%00%(upstream:track)%00%(upstream:remotename)%00%(upstream:remoteref) refs/heads/main refs/remotes/main [6ms]
2024-11-21 10:27:40.864 [info] > git for-each-ref --sort -committerdate --format %(refname) %(objectname) %(*objectname) [3ms]
2024-11-21 10:27:40.983 [info] > git status -z -uall [133ms]
2024-11-21 10:27:46.013 [info] > git config --get commit.template [13ms]
2024-11-21 10:27:46.015 [info] > git for-each-ref --format=%(refname)%00%(upstream:short)%00%(objectname)%00%(upstream:track)%00%(upstream:remotename)%00%(upstream:remoteref) refs/heads/main refs/remotes/main [3ms]
2024-11-21 10:27:46.033 [info] > git for-each-ref --sort -committerdate --format %(refname) %(objectname) %(*objectname) [3ms]
2024-11-21 10:27:46.149 [info] > git status -z -uall [125ms]
2024-11-21 10:27:57.633 [info] > git config --get commit.template [4ms]
2024-11-21 10:27:57.644 [info] > git for-each-ref --format=%(refname)%00%(upstream:short)%00%(objectname)%00%(upstream:track)%00%(upstream:remotename)%00%(upstream:remoteref) refs/heads/main refs/remotes/main [2ms]
2024-11-21 10:27:57.661 [info] > git for-each-ref --sort -committerdate --format %(refname) %(objectname) %(*objectname) [5ms]
2024-11-21 10:27:57.813 [info] > git status -z -uall [163ms]
2024-11-21 10:28:02.833 [info] > git config --get commit.template [7ms]
2024-11-21 10:28:02.834 [info] > git for-each-ref --format=%(refname)%00%(upstream:short)%00%(objectname)%00%(upstream:track)%00%(upstream:remotename)%00%(upstream:remoteref) refs/heads/main refs/remotes/main [2ms]
2024-11-21 10:28:02.848 [info] > git for-each-ref --sort -committerdate --format %(refname) %(objectname) %(*objectname) [3ms]
2024-11-21 10:28:02.966 [info] > git status -z -uall [127ms]
2024-11-21 10:28:12.412 [info] > git config --get commit.template [10ms]
2024-11-21 10:28:12.413 [info] > git for-each-ref --format=%(refname)%00%(upstream:short)%00%(objectname)%00%(upstream:track)%00%(upstream:remotename)%00%(upstream:remoteref) refs/heads/main refs/remotes/main [7ms]
2024-11-21 10:28:12.428 [info] > git for-each-ref --sort -committerdate --format %(refname) %(objectname) %(*objectname) [4ms]
2024-11-21 10:28:12.595 [info] > git status -z -uall [177ms]
2024-11-21 10:28:17.620 [info] > git config --get commit.template [9ms]
2024-11-21 10:28:17.624 [info] > git for-each-ref --format=%(refname)%00%(upstream:short)%00%(objectname)%00%(upstream:track)%00%(upstream:remotename)%00%(upstream:remoteref) refs/heads/main refs/remotes/main [5ms]
2024-11-21 10:28:17.645 [info] > git for-each-ref --sort -committerdate --format %(refname) %(objectname) %(*objectname) [3ms]
2024-11-21 10:28:17.766 [info] > git status -z -uall [134ms]
2024-11-21 10:28:22.882 [info] > git config --get commit.template [8ms]
2024-11-21 10:28:22.882 [info] > git for-each-ref --format=%(refname)%00%(upstream:short)%00%(objectname)%00%(upstream:track)%00%(upstream:remotename)%00%(upstream:remoteref) refs/heads/main refs/remotes/main [2ms]
2024-11-21 10:28:22.896 [info] > git for-each-ref --sort -committerdate --format %(refname) %(objectname) %(*objectname) [3ms]
2024-11-21 10:28:23.041 [info] > git status -z -uall [154ms]
2024-11-21 10:28:28.058 [info] > git config --get commit.template [7ms]
2024-11-21 10:28:28.059 [info] > git for-each-ref --format=%(refname)%00%(upstream:short)%00%(objectname)%00%(upstream:track)%00%(upstream:remotename)%00%(upstream:remoteref) refs/heads/main refs/remotes/main [3ms]
2024-11-21 10:28:28.073 [info] > git for-each-ref --sort -committerdate --format %(refname) %(objectname) %(*objectname) [3ms]
2024-11-21 10:28:28.198 [info] > git status -z -uall [134ms]
2024-11-21 10:28:33.212 [info] > git config --get commit.template [2ms]
2024-11-21 10:28:33.222 [info] > git for-each-ref --format=%(refname)%00%(upstream:short)%00%(objectname)%00%(upstream:track)%00%(upstream:remotename)%00%(upstream:remoteref) refs/heads/main refs/remotes/main [2ms]
2024-11-21 10:28:33.253 [info] > git for-each-ref --sort -committerdate --format %(refname) %(objectname) %(*objectname) [10ms]
2024-11-21 10:28:33.423 [info] > git status -z -uall [194ms]
2024-11-21 10:28:38.448 [info] > git config --get commit.template [12ms]
2024-11-21 10:28:38.450 [info] > git for-each-ref --format=%(refname)%00%(upstream:short)%00%(objectname)%00%(upstream:track)%00%(upstream:remotename)%00%(upstream:remoteref) refs/heads/main refs/remotes/main [3ms]
2024-11-21 10:28:38.480 [info] > git for-each-ref --sort -committerdate --format %(refname) %(objectname) %(*objectname) [12ms]
2024-11-21 10:28:38.579 [info] > git status -z -uall [121ms]
2024-11-21 10:28:43.605 [info] > git config --get commit.template [10ms]
2024-11-21 10:28:43.607 [info] > git for-each-ref --format=%(refname)%00%(upstream:short)%00%(objectname)%00%(upstream:track)%00%(upstream:remotename)%00%(upstream:remoteref) refs/heads/main refs/remotes/main [3ms]
2024-11-21 10:28:43.625 [info] > git for-each-ref --sort -committerdate --format %(refname) %(objectname) %(*objectname) [4ms]
2024-11-21 10:28:43.755 [info] > git status -z -uall [140ms]
2024-11-21 10:28:48.777 [info] > git config --get commit.template [7ms]
2024-11-21 10:28:48.778 [info] > git for-each-ref --format=%(refname)%00%(upstream:short)%00%(objectname)%00%(upstream:track)%00%(upstream:remotename)%00%(upstream:remoteref) refs/heads/main refs/remotes/main [2ms]
2024-11-21 10:28:48.794 [info] > git for-each-ref --sort -committerdate --format %(refname) %(objectname) %(*objectname) [4ms]
2024-11-21 10:28:48.906 [info] > git status -z -uall [122ms]
2024-11-21 10:28:53.931 [info] > git config --get commit.template [11ms]
2024-11-21 10:28:53.933 [info] > git for-each-ref --format=%(refname)%00%(upstream:short)%00%(objectname)%00%(upstream:track)%00%(upstream:remotename)%00%(upstream:remoteref) refs/heads/main refs/remotes/main [3ms]
2024-11-21 10:28:53.945 [info] > git for-each-ref --sort -committerdate --format %(refname) %(objectname) %(*objectname) [2ms]
2024-11-21 10:28:54.079 [info] > git status -z -uall [143ms]
2024-11-21 10:29:32.339 [info] > git config --get commit.template [5ms]
2024-11-21 10:29:32.340 [info] > git for-each-ref --format=%(refname)%00%(upstream:short)%00%(objectname)%00%(upstream:track)%00%(upstream:remotename)%00%(upstream:remoteref) refs/heads/main refs/remotes/main [2ms]
2024-11-21 10:29:32.356 [info] > git for-each-ref --sort -committerdate --format %(refname) %(objectname) %(*objectname) [3ms]
2024-11-21 10:29:32.548 [info] > git status -z -uall [200ms]
2024-11-21 10:29:42.569 [info] > git config --get commit.template [8ms]
2024-11-21 10:29:42.571 [info] > git for-each-ref --format=%(refname)%00%(upstream:short)%00%(objectname)%00%(upstream:track)%00%(upstream:remotename)%00%(upstream:remoteref) refs/heads/main refs/remotes/main [3ms]
2024-11-21 10:29:42.586 [info] > git for-each-ref --sort -committerdate --format %(refname) %(objectname) %(*objectname) [3ms]
2024-11-21 10:29:42.722 [info] > git status -z -uall [145ms]
2024-11-21 10:30:02.624 [info] > git config --get commit.template [9ms]
2024-11-21 10:30:02.625 [info] > git for-each-ref --format=%(refname)%00%(upstream:short)%00%(objectname)%00%(upstream:track)%00%(upstream:remotename)%00%(upstream:remoteref) refs/heads/main refs/remotes/main [2ms]
2024-11-21 10:30:02.641 [info] > git for-each-ref --sort -committerdate --format %(refname) %(objectname) %(*objectname) [2ms]
2024-11-21 10:30:02.797 [info] > git status -z -uall [165ms]
2024-11-21 10:30:07.823 [info] > git for-each-ref --format=%(refname)%00%(upstream:short)%00%(objectname)%00%(upstream:track)%00%(upstream:remotename)%00%(upstream:remoteref) refs/heads/main refs/remotes/main [5ms]
2024-11-21 10:30:07.824 [info] > git config --get commit.template [14ms]
2024-11-21 10:30:07.844 [info] > git for-each-ref --sort -committerdate --format %(refname) %(objectname) %(*objectname) [3ms]
2024-11-21 10:30:07.979 [info] > git status -z -uall [146ms]
2024-11-21 10:30:13.004 [info] > git config --get commit.template [11ms]
2024-11-21 10:30:13.005 [info] > git for-each-ref --format=%(refname)%00%(upstream:short)%00%(objectname)%00%(upstream:track)%00%(upstream:remotename)%00%(upstream:remoteref) refs/heads/main refs/remotes/main [2ms]
2024-11-21 10:30:13.023 [info] > git for-each-ref --sort -committerdate --format %(refname) %(objectname) %(*objectname) [4ms]
2024-11-21 10:30:13.155 [info] > git status -z -uall [142ms]
2024-11-21 10:30:18.179 [info] > git config --get commit.template [10ms]
2024-11-21 10:30:18.180 [info] > git for-each-ref --format=%(refname)%00%(upstream:short)%00%(objectname)%00%(upstream:track)%00%(upstream:remotename)%00%(upstream:remoteref) refs/heads/main refs/remotes/main [3ms]
2024-11-21 10:30:18.199 [info] > git for-each-ref --sort -committerdate --format %(refname) %(objectname) %(*objectname) [4ms]
2024-11-21 10:30:18.355 [info] > git status -z -uall [168ms]
2024-11-21 10:30:23.376 [info] > git config --get commit.template [6ms]
2024-11-21 10:30:23.387 [info] > git for-each-ref --format=%(refname)%00%(upstream:short)%00%(objectname)%00%(upstream:track)%00%(upstream:remotename)%00%(upstream:remoteref) refs/heads/main refs/remotes/main [2ms]
2024-11-21 10:30:23.411 [info] > git for-each-ref --sort -committerdate --format %(refname) %(objectname) %(*objectname) [3ms]
2024-11-21 10:30:23.534 [info] > git status -z -uall [134ms]
2024-11-21 10:30:28.558 [info] > git config --get commit.template [8ms]
2024-11-21 10:30:28.559 [info] > git for-each-ref --format=%(refname)%00%(upstream:short)%00%(objectname)%00%(upstream:track)%00%(upstream:remotename)%00%(upstream:remoteref) refs/heads/main refs/remotes/main [2ms]
2024-11-21 10:30:28.572 [info] > git for-each-ref --sort -committerdate --format %(refname) %(objectname) %(*objectname) [3ms]
2024-11-21 10:30:28.715 [info] > git status -z -uall [151ms]
2024-11-21 10:30:33.739 [info] > git config --get commit.template [12ms]
2024-11-21 10:30:33.741 [info] > git for-each-ref --format=%(refname)%00%(upstream:short)%00%(objectname)%00%(upstream:track)%00%(upstream:remotename)%00%(upstream:remoteref) refs/heads/main refs/remotes/main [2ms]
2024-11-21 10:30:33.760 [info] > git for-each-ref --sort -committerdate --format %(refname) %(objectname) %(*objectname) [4ms]
2024-11-21 10:30:33.889 [info] > git status -z -uall [141ms]
2024-11-21 10:30:38.918 [info] > git config --get commit.template [11ms]
2024-11-21 10:30:38.919 [info] > git for-each-ref --format=%(refname)%00%(upstream:short)%00%(objectname)%00%(upstream:track)%00%(upstream:remotename)%00%(upstream:remoteref) refs/heads/main refs/remotes/main [2ms]
2024-11-21 10:30:38.935 [info] > git for-each-ref --sort -committerdate --format %(refname) %(objectname) %(*objectname) [3ms]
2024-11-21 10:30:39.062 [info] > git status -z -uall [137ms]
2024-11-21 10:30:49.799 [info] > git config --get commit.template [8ms]
2024-11-21 10:30:49.800 [info] > git for-each-ref --format=%(refname)%00%(upstream:short)%00%(objectname)%00%(upstream:track)%00%(upstream:remotename)%00%(upstream:remoteref) refs/heads/main refs/remotes/main [1ms]
2024-11-21 10:30:49.814 [info] > git for-each-ref --sort -committerdate --format %(refname) %(objectname) %(*objectname) [4ms]
2024-11-21 10:30:49.945 [info] > git status -z -uall [140ms]
2024-11-21 10:30:54.973 [info] > git config --get commit.template [11ms]
2024-11-21 10:30:54.974 [info] > git for-each-ref --format=%(refname)%00%(upstream:short)%00%(objectname)%00%(upstream:track)%00%(upstream:remotename)%00%(upstream:remoteref) refs/heads/main refs/remotes/main [2ms]
2024-11-21 10:30:54.989 [info] > git for-each-ref --sort -committerdate --format %(refname) %(objectname) %(*objectname) [4ms]
2024-11-21 10:30:55.120 [info] > git status -z -uall [141ms]
2024-11-21 10:31:02.366 [info] > git for-each-ref --format=%(refname)%00%(upstream:short)%00%(objectname)%00%(upstream:track)%00%(upstream:remotename)%00%(upstream:remoteref) refs/heads/main refs/remotes/main [2ms]
2024-11-21 10:31:02.367 [info] > git config --get commit.template [12ms]
2024-11-21 10:31:02.381 [info] > git for-each-ref --sort -committerdate --format %(refname) %(objectname) %(*objectname) [4ms]
2024-11-21 10:31:02.518 [info] > git status -z -uall [145ms]
2024-11-21 10:31:07.539 [info] > git config --get commit.template [9ms]
2024-11-21 10:31:07.541 [info] > git for-each-ref --format=%(refname)%00%(upstream:short)%00%(objectname)%00%(upstream:track)%00%(upstream:remotename)%00%(upstream:remoteref) refs/heads/main refs/remotes/main [3ms]
2024-11-21 10:31:07.561 [info] > git for-each-ref --sort -committerdate --format %(refname) %(objectname) %(*objectname) [4ms]
2024-11-21 10:31:07.677 [info] > git status -z -uall [128ms]
2024-11-21 10:31:20.432 [info] > git config --get commit.template [7ms]
2024-11-21 10:31:20.435 [info] > git for-each-ref --format=%(refname)%00%(upstream:short)%00%(objectname)%00%(upstream:track)%00%(upstream:remotename)%00%(upstream:remoteref) refs/heads/main refs/remotes/main [4ms]
2024-11-21 10:31:20.451 [info] > git for-each-ref --sort -committerdate --format %(refname) %(objectname) %(*objectname) [4ms]
2024-11-21 10:31:20.654 [info] > git status -z -uall [214ms]
2024-11-21 10:31:25.680 [info] > git config --get commit.template [9ms]
2024-11-21 10:31:25.681 [info] > git for-each-ref --format=%(refname)%00%(upstream:short)%00%(objectname)%00%(upstream:track)%00%(upstream:remotename)%00%(upstream:remoteref) refs/heads/main refs/remotes/main [1ms]
2024-11-21 10:31:25.695 [info] > git for-each-ref --sort -committerdate --format %(refname) %(objectname) %(*objectname) [3ms]
2024-11-21 10:31:25.838 [info] > git status -z -uall [152ms]
2024-11-21 10:32:06.463 [info] > git for-each-ref --format=%(refname)%00%(upstream:short)%00%(objectname)%00%(upstream:track)%00%(upstream:remotename)%00%(upstream:remoteref) refs/heads/main refs/remotes/main [3ms]
2024-11-21 10:32:06.463 [info] > git config --get commit.template [9ms]
2024-11-21 10:32:06.476 [info] > git for-each-ref --sort -committerdate --format %(refname) %(objectname) %(*objectname) [2ms]
2024-11-21 10:32:06.592 [info] > git status -z -uall [123ms]
2024-11-21 10:32:26.557 [info] > git for-each-ref --format=%(refname)%00%(upstream:short)%00%(objectname)%00%(upstream:track)%00%(upstream:remotename)%00%(upstream:remoteref) refs/heads/main refs/remotes/main [3ms]
2024-11-21 10:32:26.558 [info] > git config --get commit.template [10ms]
2024-11-21 10:32:26.572 [info] > git for-each-ref --sort -committerdate --format %(refname) %(objectname) %(*objectname) [2ms]
2024-11-21 10:32:26.691 [info] > git status -z -uall [128ms]
2024-11-21 10:32:31.713 [info] > git config --get commit.template [8ms]
2024-11-21 10:32:31.715 [info] > git for-each-ref --format=%(refname)%00%(upstream:short)%00%(objectname)%00%(upstream:track)%00%(upstream:remotename)%00%(upstream:remoteref) refs/heads/main refs/remotes/main [3ms]
2024-11-21 10:32:31.733 [info] > git for-each-ref --sort -committerdate --format %(refname) %(objectname) %(*objectname) [4ms]
2024-11-21 10:32:31.871 [info] > git status -z -uall [149ms]
2024-11-21 10:32:36.890 [info] > git config --get commit.template [8ms]
2024-11-21 10:32:36.891 [info] > git for-each-ref --format=%(refname)%00%(upstream:short)%00%(objectname)%00%(upstream:track)%00%(upstream:remotename)%00%(upstream:remoteref) refs/heads/main refs/remotes/main [2ms]
2024-11-21 10:32:36.906 [info] > git for-each-ref --sort -committerdate --format %(refname) %(objectname) %(*objectname) [3ms]
2024-11-21 10:32:37.017 [info] > git status -z -uall [122ms]
2024-11-21 10:32:45.416 [info] > git config --get commit.template [7ms]
2024-11-21 10:32:45.417 [info] > git for-each-ref --format=%(refname)%00%(upstream:short)%00%(objectname)%00%(upstream:track)%00%(upstream:remotename)%00%(upstream:remoteref) refs/heads/main refs/remotes/main [3ms]
2024-11-21 10:32:45.433 [info] > git for-each-ref --sort -committerdate --format %(refname) %(objectname) %(*objectname) [3ms]
2024-11-21 10:32:45.574 [info] > git status -z -uall [151ms]
2024-11-21 10:32:50.600 [info] > git config --get commit.template [10ms]
2024-11-21 10:32:50.603 [info] > git for-each-ref --format=%(refname)%00%(upstream:short)%00%(objectname)%00%(upstream:track)%00%(upstream:remotename)%00%(upstream:remoteref) refs/heads/main refs/remotes/main [3ms]
2024-11-21 10:32:50.623 [info] > git for-each-ref --sort -committerdate --format %(refname) %(objectname) %(*objectname) [6ms]
2024-11-21 10:32:50.785 [info] > git status -z -uall [175ms]
2024-11-21 10:33:13.945 [info] > git config --get commit.template [7ms]
2024-11-21 10:33:13.946 [info] > git for-each-ref --format=%(refname)%00%(upstream:short)%00%(objectname)%00%(upstream:track)%00%(upstream:remotename)%00%(upstream:remoteref) refs/heads/main refs/remotes/main [2ms]
2024-11-21 10:33:13.960 [info] > git for-each-ref --sort -committerdate --format %(refname) %(objectname) %(*objectname) [2ms]
2024-11-21 10:33:14.077 [info] > git status -z -uall [126ms]
2024-11-21 10:33:19.099 [info] > git config --get commit.template [7ms]
2024-11-21 10:33:19.101 [info] > git for-each-ref --format=%(refname)%00%(upstream:short)%00%(objectname)%00%(upstream:track)%00%(upstream:remotename)%00%(upstream:remoteref) refs/heads/main refs/remotes/main [3ms]
2024-11-21 10:33:19.123 [info] > git for-each-ref --sort -committerdate --format %(refname) %(objectname) %(*objectname) [5ms]
2024-11-21 10:33:19.266 [info] > git status -z -uall [157ms]
2024-11-21 10:33:24.870 [info] > git config --get commit.template [8ms]
2024-11-21 10:33:24.871 [info] > git for-each-ref --format=%(refname)%00%(upstream:short)%00%(objectname)%00%(upstream:track)%00%(upstream:remotename)%00%(upstream:remoteref) refs/heads/main refs/remotes/main [4ms]
2024-11-21 10:33:24.884 [info] > git for-each-ref --sort -committerdate --format %(refname) %(objectname) %(*objectname) [3ms]
2024-11-21 10:33:25.031 [info] > git status -z -uall [154ms]
2024-11-21 10:33:30.056 [info] > git config --get commit.template [11ms]
2024-11-21 10:33:30.058 [info] > git for-each-ref --format=%(refname)%00%(upstream:short)%00%(objectname)%00%(upstream:track)%00%(upstream:remotename)%00%(upstream:remoteref) refs/heads/main refs/remotes/main [4ms]
2024-11-21 10:33:30.075 [info] > git for-each-ref --sort -committerdate --format %(refname) %(objectname) %(*objectname) [3ms]
2024-11-21 10:33:30.318 [info] > git status -z -uall [252ms]
2024-11-21 10:33:35.335 [info] > git config --get commit.template [8ms]
2024-11-21 10:33:35.338 [info] > git for-each-ref --format=%(refname)%00%(upstream:short)%00%(objectname)%00%(upstream:track)%00%(upstream:remotename)%00%(upstream:remoteref) refs/heads/main refs/remotes/main [4ms]
2024-11-21 10:33:35.360 [info] > git for-each-ref --sort -committerdate --format %(refname) %(objectname) %(*objectname) [4ms]
2024-11-21 10:33:35.525 [info] > git status -z -uall [178ms]
2024-11-21 10:33:46.230 [info] > git for-each-ref --format=%(refname)%00%(upstream:short)%00%(objectname)%00%(upstream:track)%00%(upstream:remotename)%00%(upstream:remoteref) refs/heads/main refs/remotes/main [4ms]
2024-11-21 10:33:46.230 [info] > git config --get commit.template [11ms]
2024-11-21 10:33:46.246 [info] > git for-each-ref --sort -committerdate --format %(refname) %(objectname) %(*objectname) [2ms]
2024-11-21 10:33:46.464 [info] > git status -z -uall [227ms]
2024-11-21 10:33:51.481 [info] > git config --get commit.template [7ms]
2024-11-21 10:33:51.481 [info] > git for-each-ref --format=%(refname)%00%(upstream:short)%00%(objectname)%00%(upstream:track)%00%(upstream:remotename)%00%(upstream:remoteref) refs/heads/main refs/remotes/main [1ms]
2024-11-21 10:33:51.496 [info] > git for-each-ref --sort -committerdate --format %(refname) %(objectname) %(*objectname) [2ms]
2024-11-21 10:33:51.631 [info] > git status -z -uall [141ms]
2024-11-21 10:33:56.653 [info] > git config --get commit.template [9ms]
2024-11-21 10:33:56.655 [info] > git for-each-ref --format=%(refname)%00%(upstream:short)%00%(objectname)%00%(upstream:track)%00%(upstream:remotename)%00%(upstream:remoteref) refs/heads/main refs/remotes/main [3ms]
2024-11-21 10:33:56.666 [info] > git for-each-ref --sort -committerdate --format %(refname) %(objectname) %(*objectname) [2ms]
2024-11-21 10:33:56.793 [info] > git status -z -uall [134ms]
2024-11-21 10:34:01.810 [info] > git config --get commit.template [3ms]
2024-11-21 10:34:01.823 [info] > git for-each-ref --format=%(refname)%00%(upstream:short)%00%(objectname)%00%(upstream:track)%00%(upstream:remotename)%00%(upstream:remoteref) refs/heads/main refs/remotes/main [3ms]
2024-11-21 10:34:01.840 [info] > git for-each-ref --sort -committerdate --format %(refname) %(objectname) %(*objectname) [2ms]
2024-11-21 10:34:01.978 [info] > git status -z -uall [148ms]
2024-11-21 10:34:06.995 [info] > git config --get commit.template [6ms]
2024-11-21 10:34:06.996 [info] > git for-each-ref --format=%(refname)%00%(upstream:short)%00%(objectname)%00%(upstream:track)%00%(upstream:remotename)%00%(upstream:remoteref) refs/heads/main refs/remotes/main [2ms]
2024-11-21 10:34:07.008 [info] > git for-each-ref --sort -committerdate --format %(refname) %(objectname) %(*objectname) [2ms]
2024-11-21 10:34:07.113 [info] > git status -z -uall [114ms]
2024-11-21 10:34:12.130 [info] > git config --get commit.template [5ms]
2024-11-21 10:34:12.144 [info] > git for-each-ref --format=%(refname)%00%(upstream:short)%00%(objectname)%00%(upstream:track)%00%(upstream:remotename)%00%(upstream:remoteref) refs/heads/main refs/remotes/main [3ms]
2024-11-21 10:34:12.159 [info] > git for-each-ref --sort -committerdate --format %(refname) %(objectname) %(*objectname) [3ms]
2024-11-21 10:34:12.317 [info] > git status -z -uall [167ms]
2024-11-21 10:34:17.335 [info] > git config --get commit.template [4ms]
2024-11-21 10:34:17.345 [info] > git for-each-ref --format=%(refname)%00%(upstream:short)%00%(objectname)%00%(upstream:track)%00%(upstream:remotename)%00%(upstream:remoteref) refs/heads/main refs/remotes/main [1ms]
2024-11-21 10:34:17.357 [info] > git for-each-ref --sort -committerdate --format %(refname) %(objectname) %(*objectname) [3ms]
2024-11-21 10:34:17.493 [info] > git status -z -uall [144ms]
2024-11-21 10:34:22.520 [info] > git config --get commit.template [9ms]
2024-11-21 10:34:22.522 [info] > git for-each-ref --format=%(refname)%00%(upstream:short)%00%(objectname)%00%(upstream:track)%00%(upstream:remotename)%00%(upstream:remoteref) refs/heads/main refs/remotes/main [4ms]
2024-11-21 10:34:22.537 [info] > git for-each-ref --sort -committerdate --format %(refname) %(objectname) %(*objectname) [2ms]
2024-11-21 10:34:22.651 [info] > git status -z -uall [121ms]
2024-11-21 10:50:51.849 [info] > git config --get commit.template [18ms]
2024-11-21 10:50:51.852 [info] > git for-each-ref --format=%(refname)%00%(upstream:short)%00%(objectname)%00%(upstream:track)%00%(upstream:remotename)%00%(upstream:remoteref) refs/heads/main refs/remotes/main [15ms]
2024-11-21 10:50:51.873 [info] > git for-each-ref --sort -committerdate --format %(refname) %(objectname) %(*objectname) [10ms]
2024-11-21 10:50:54.251 [info] > git status -z -uall [2394ms]
2024-11-21 10:50:59.274 [info] > git config --get commit.template [8ms]
2024-11-21 10:50:59.276 [info] > git for-each-ref --format=%(refname)%00%(upstream:short)%00%(objectname)%00%(upstream:track)%00%(upstream:remotename)%00%(upstream:remoteref) refs/heads/main refs/remotes/main [2ms]
2024-11-21 10:50:59.291 [info] > git for-each-ref --sort -committerdate --format %(refname) %(objectname) %(*objectname) [4ms]
2024-11-21 10:50:59.420 [info] > git status -z -uall [139ms]
2024-11-21 10:51:04.441 [info] > git config --get commit.template [7ms]
2024-11-21 10:51:04.443 [info] > git for-each-ref --format=%(refname)%00%(upstream:short)%00%(objectname)%00%(upstream:track)%00%(upstream:remotename)%00%(upstream:remoteref) refs/heads/main refs/remotes/main [3ms]
2024-11-21 10:51:04.455 [info] > git for-each-ref --sort -committerdate --format %(refname) %(objectname) %(*objectname) [3ms]
2024-11-21 10:51:04.585 [info] > git status -z -uall [138ms]
2024-11-21 10:51:40.148 [info] > git config --get commit.template [8ms]
2024-11-21 10:51:40.149 [info] > git for-each-ref --format=%(refname)%00%(upstream:short)%00%(objectname)%00%(upstream:track)%00%(upstream:remotename)%00%(upstream:remoteref) refs/heads/main refs/remotes/main [2ms]
2024-11-21 10:51:40.163 [info] > git for-each-ref --sort -committerdate --format %(refname) %(objectname) %(*objectname) [1ms]
2024-11-21 10:51:40.280 [info] > git status -z -uall [125ms]
2024-11-21 10:51:45.345 [info] > git config --get commit.template [31ms]
2024-11-21 10:51:45.347 [info] > git for-each-ref --format=%(refname)%00%(upstream:short)%00%(objectname)%00%(upstream:track)%00%(upstream:remotename)%00%(upstream:remoteref) refs/heads/main refs/remotes/main [25ms]
2024-11-21 10:51:45.368 [info] > git for-each-ref --sort -committerdate --format %(refname) %(objectname) %(*objectname) [10ms]
2024-11-21 10:51:47.937 [info] > git status -z -uall [2584ms]
2024-11-21 10:51:52.954 [info] > git config --get commit.template [4ms]
2024-11-21 10:51:52.962 [info] > git for-each-ref --format=%(refname)%00%(upstream:short)%00%(objectname)%00%(upstream:track)%00%(upstream:remotename)%00%(upstream:remoteref) refs/heads/main refs/remotes/main [2ms]
2024-11-21 10:51:52.973 [info] > git for-each-ref --sort -committerdate --format %(refname) %(objectname) %(*objectname) [2ms]
2024-11-21 10:51:53.089 [info] > git status -z -uall [124ms]
2024-11-21 10:51:58.100 [info] > git config --get commit.template [2ms]
2024-11-21 10:51:58.108 [info] > git for-each-ref --format=%(refname)%00%(upstream:short)%00%(objectname)%00%(upstream:track)%00%(upstream:remotename)%00%(upstream:remoteref) refs/heads/main refs/remotes/main [3ms]
2024-11-21 10:51:58.121 [info] > git for-each-ref --sort -committerdate --format %(refname) %(objectname) %(*objectname) [3ms]
2024-11-21 10:51:58.240 [info] > git status -z -uall [126ms]
2024-11-21 10:52:03.265 [info] > git config --get commit.template [9ms]
2024-11-21 10:52:03.266 [info] > git for-each-ref --format=%(refname)%00%(upstream:short)%00%(objectname)%00%(upstream:track)%00%(upstream:remotename)%00%(upstream:remoteref) refs/heads/main refs/remotes/main [3ms]
2024-11-21 10:52:03.286 [info] > git for-each-ref --sort -committerdate --format %(refname) %(objectname) %(*objectname) [4ms]
2024-11-21 10:52:03.431 [info] > git status -z -uall [158ms]
2024-11-21 10:52:08.457 [info] > git config --get commit.template [11ms]
2024-11-21 10:52:08.460 [info] > git for-each-ref --format=%(refname)%00%(upstream:short)%00%(objectname)%00%(upstream:track)%00%(upstream:remotename)%00%(upstream:remoteref) refs/heads/main refs/remotes/main [4ms]
2024-11-21 10:52:08.480 [info] > git for-each-ref --sort -committerdate --format %(refname) %(objectname) %(*objectname) [2ms]
2024-11-21 10:52:08.619 [info] > git status -z -uall [148ms]
2024-11-21 10:52:13.648 [info] > git config --get commit.template [11ms]
2024-11-21 10:52:13.649 [info] > git for-each-ref --format=%(refname)%00%(upstream:short)%00%(objectname)%00%(upstream:track)%00%(upstream:remotename)%00%(upstream:remoteref) refs/heads/main refs/remotes/main [2ms]
2024-11-21 10:52:13.661 [info] > git for-each-ref --sort -committerdate --format %(refname) %(objectname) %(*objectname) [2ms]
2024-11-21 10:52:13.795 [info] > git status -z -uall [141ms]
2024-11-21 10:52:18.810 [info] > git config --get commit.template [5ms]
2024-11-21 10:52:18.820 [info] > git for-each-ref --format=%(refname)%00%(upstream:short)%00%(objectname)%00%(upstream:track)%00%(upstream:remotename)%00%(upstream:remoteref) refs/heads/main refs/remotes/main [4ms]
2024-11-21 10:52:18.834 [info] > git for-each-ref --sort -committerdate --format %(refname) %(objectname) %(*objectname) [5ms]
2024-11-21 10:52:18.978 [info] > git status -z -uall [153ms]
2024-11-21 10:52:23.997 [info] > git config --get commit.template [8ms]
2024-11-21 10:52:23.998 [info] > git for-each-ref --format=%(refname)%00%(upstream:short)%00%(objectname)%00%(upstream:track)%00%(upstream:remotename)%00%(upstream:remoteref) refs/heads/main refs/remotes/main [2ms]
2024-11-21 10:52:24.010 [info] > git for-each-ref --sort -committerdate --format %(refname) %(objectname) %(*objectname) [3ms]
2024-11-21 10:52:24.143 [info] > git status -z -uall [141ms]
2024-11-21 10:52:31.266 [info] > git config --get commit.template [2ms]
2024-11-21 10:52:31.274 [info] > git for-each-ref --format=%(refname)%00%(upstream:short)%00%(objectname)%00%(upstream:track)%00%(upstream:remotename)%00%(upstream:remoteref) refs/heads/main refs/remotes/main [2ms]
2024-11-21 10:52:31.290 [info] > git for-each-ref --sort -committerdate --format %(refname) %(objectname) %(*objectname) [5ms]
2024-11-21 10:52:31.420 [info] > git status -z -uall [141ms]
2024-11-21 10:52:36.444 [info] > git config --get commit.template [9ms]
2024-11-21 10:52:36.448 [info] > git for-each-ref --format=%(refname)%00%(upstream:short)%00%(objectname)%00%(upstream:track)%00%(upstream:remotename)%00%(upstream:remoteref) refs/heads/main refs/remotes/main [4ms]
2024-11-21 10:52:36.470 [info] > git for-each-ref --sort -committerdate --format %(refname) %(objectname) %(*objectname) [6ms]
2024-11-21 10:52:36.606 [info] > git status -z -uall [150ms]
2024-11-21 10:52:41.628 [info] > git config --get commit.template [8ms]
2024-11-21 10:52:41.629 [info] > git for-each-ref --format=%(refname)%00%(upstream:short)%00%(objectname)%00%(upstream:track)%00%(upstream:remotename)%00%(upstream:remoteref) refs/heads/main refs/remotes/main [2ms]
2024-11-21 10:52:41.642 [info] > git for-each-ref --sort -committerdate --format %(refname) %(objectname) %(*objectname) [3ms]
2024-11-21 10:52:41.828 [info] > git status -z -uall [194ms]
2024-11-21 10:52:47.483 [info] > git config --get commit.template [7ms]
2024-11-21 10:52:47.484 [info] > git for-each-ref --format=%(refname)%00%(upstream:short)%00%(objectname)%00%(upstream:track)%00%(upstream:remotename)%00%(upstream:remoteref) refs/heads/main refs/remotes/main [2ms]
2024-11-21 10:52:47.498 [info] > git for-each-ref --sort -committerdate --format %(refname) %(objectname) %(*objectname) [3ms]
2024-11-21 10:52:47.614 [info] > git status -z -uall [124ms]
2024-11-21 10:52:52.633 [info] > git config --get commit.template [9ms]
2024-11-21 10:52:52.634 [info] > git for-each-ref --format=%(refname)%00%(upstream:short)%00%(objectname)%00%(upstream:track)%00%(upstream:remotename)%00%(upstream:remoteref) refs/heads/main refs/remotes/main [2ms]
2024-11-21 10:52:52.654 [info] > git for-each-ref --sort -committerdate --format %(refname) %(objectname) %(*objectname) [5ms]
2024-11-21 10:52:52.772 [info] > git status -z -uall [131ms]
2024-11-21 10:53:04.222 [info] > git config --get commit.template [2ms]
2024-11-21 10:53:04.229 [info] > git for-each-ref --format=%(refname)%00%(upstream:short)%00%(objectname)%00%(upstream:track)%00%(upstream:remotename)%00%(upstream:remoteref) refs/heads/main refs/remotes/main [2ms]
2024-11-21 10:53:04.244 [info] > git for-each-ref --sort -committerdate --format %(refname) %(objectname) %(*objectname) [4ms]
2024-11-21 10:53:04.382 [info] > git status -z -uall [146ms]
2024-11-21 10:53:09.402 [info] > git config --get commit.template [9ms]
2024-11-21 10:53:09.403 [info] > git for-each-ref --format=%(refname)%00%(upstream:short)%00%(objectname)%00%(upstream:track)%00%(upstream:remotename)%00%(upstream:remoteref) refs/heads/main refs/remotes/main [4ms]
2024-11-21 10:53:09.417 [info] > git for-each-ref --sort -committerdate --format %(refname) %(objectname) %(*objectname) [3ms]
2024-11-21 10:53:09.588 [info] > git status -z -uall [181ms]
2024-11-21 10:53:17.846 [info] > git config --get commit.template [8ms]
2024-11-21 10:53:17.847 [info] > git for-each-ref --format=%(refname)%00%(upstream:short)%00%(objectname)%00%(upstream:track)%00%(upstream:remotename)%00%(upstream:remoteref) refs/heads/main refs/remotes/main [2ms]
2024-11-21 10:53:17.860 [info] > git for-each-ref --sort -committerdate --format %(refname) %(objectname) %(*objectname) [3ms]
2024-11-21 10:53:18.015 [info] > git status -z -uall [163ms]
2024-11-21 10:53:23.031 [info] > git config --get commit.template [4ms]
2024-11-21 10:53:23.040 [info] > git for-each-ref --format=%(refname)%00%(upstream:short)%00%(objectname)%00%(upstream:track)%00%(upstream:remotename)%00%(upstream:remoteref) refs/heads/main refs/remotes/main [1ms]
2024-11-21 10:53:23.056 [info] > git for-each-ref --sort -committerdate --format %(refname) %(objectname) %(*objectname) [3ms]
2024-11-21 10:53:23.192 [info] > git status -z -uall [145ms]
2024-11-21 10:53:30.881 [info] > git config --get commit.template [7ms]
2024-11-21 10:53:30.883 [info] > git for-each-ref --format=%(refname)%00%(upstream:short)%00%(objectname)%00%(upstream:track)%00%(upstream:remotename)%00%(upstream:remoteref) refs/heads/main refs/remotes/main [2ms]
2024-11-21 10:53:30.903 [info] > git for-each-ref --sort -committerdate --format %(refname) %(objectname) %(*objectname) [4ms]
2024-11-21 10:53:31.071 [info] > git status -z -uall [182ms]
2024-11-21 10:53:37.021 [info] > git config --get commit.template [9ms]
2024-11-21 10:53:37.021 [info] > git for-each-ref --format=%(refname)%00%(upstream:short)%00%(objectname)%00%(upstream:track)%00%(upstream:remotename)%00%(upstream:remoteref) refs/heads/main refs/remotes/main [2ms]
2024-11-21 10:53:37.036 [info] > git for-each-ref --sort -committerdate --format %(refname) %(objectname) %(*objectname) [3ms]
2024-11-21 10:53:37.188 [info] > git status -z -uall [162ms]
2024-11-21 10:53:42.217 [info] > git config --get commit.template [11ms]
2024-11-21 10:53:42.219 [info] > git for-each-ref --format=%(refname)%00%(upstream:short)%00%(objectname)%00%(upstream:track)%00%(upstream:remotename)%00%(upstream:remoteref) refs/heads/main refs/remotes/main [4ms]
2024-11-21 10:53:42.238 [info] > git for-each-ref --sort -committerdate --format %(refname) %(objectname) %(*objectname) [3ms]
2024-11-21 10:53:42.389 [info] > git status -z -uall [162ms]
2024-11-21 10:53:47.416 [info] > git config --get commit.template [9ms]
2024-11-21 10:53:47.418 [info] > git for-each-ref --format=%(refname)%00%(upstream:short)%00%(objectname)%00%(upstream:track)%00%(upstream:remotename)%00%(upstream:remoteref) refs/heads/main refs/remotes/main [3ms]
2024-11-21 10:53:47.432 [info] > git for-each-ref --sort -committerdate --format %(refname) %(objectname) %(*objectname) [4ms]
2024-11-21 10:53:47.572 [info] > git status -z -uall [148ms]
2024-11-21 10:53:52.593 [info] > git config --get commit.template [8ms]
2024-11-21 10:53:52.595 [info] > git for-each-ref --format=%(refname)%00%(upstream:short)%00%(objectname)%00%(upstream:track)%00%(upstream:remotename)%00%(upstream:remoteref) refs/heads/main refs/remotes/main [4ms]
2024-11-21 10:53:52.619 [info] > git for-each-ref --sort -committerdate --format %(refname) %(objectname) %(*objectname) [7ms]
2024-11-21 10:53:52.778 [info] > git status -z -uall [175ms]
2024-11-21 10:53:57.804 [info] > git config --get commit.template [12ms]
2024-11-21 10:53:57.806 [info] > git for-each-ref --format=%(refname)%00%(upstream:short)%00%(objectname)%00%(upstream:track)%00%(upstream:remotename)%00%(upstream:remoteref) refs/heads/main refs/remotes/main [3ms]
2024-11-21 10:53:57.822 [info] > git for-each-ref --sort -committerdate --format %(refname) %(objectname) %(*objectname) [3ms]
2024-11-21 10:53:57.958 [info] > git status -z -uall [147ms]
2024-11-21 10:54:02.981 [info] > git config --get commit.template [7ms]
2024-11-21 10:54:02.983 [info] > git for-each-ref --format=%(refname)%00%(upstream:short)%00%(objectname)%00%(upstream:track)%00%(upstream:remotename)%00%(upstream:remoteref) refs/heads/main refs/remotes/main [7ms]
2024-11-21 10:54:03.003 [info] > git for-each-ref --sort -committerdate --format %(refname) %(objectname) %(*objectname) [4ms]
2024-11-21 10:54:03.154 [info] > git status -z -uall [163ms]
2024-11-21 10:54:08.165 [info] > git config --get commit.template [2ms]
2024-11-21 10:54:08.173 [info] > git for-each-ref --format=%(refname)%00%(upstream:short)%00%(objectname)%00%(upstream:track)%00%(upstream:remotename)%00%(upstream:remoteref) refs/heads/main refs/remotes/main [2ms]
2024-11-21 10:54:08.191 [info] > git for-each-ref --sort -committerdate --format %(refname) %(objectname) %(*objectname) [7ms]
2024-11-21 10:54:08.293 [info] > git status -z -uall [116ms]
2024-11-21 10:54:13.320 [info] > git config --get commit.template [12ms]
2024-11-21 10:54:13.321 [info] > git for-each-ref --format=%(refname)%00%(upstream:short)%00%(objectname)%00%(upstream:track)%00%(upstream:remotename)%00%(upstream:remoteref) refs/heads/main refs/remotes/main [2ms]
2024-11-21 10:54:13.339 [info] > git for-each-ref --sort -committerdate --format %(refname) %(objectname) %(*objectname) [3ms]
2024-11-21 10:54:13.489 [info] > git status -z -uall [161ms]
2024-11-21 10:54:18.508 [info] > git config --get commit.template [1ms]
2024-11-21 10:54:18.517 [info] > git for-each-ref --format=%(refname)%00%(upstream:short)%00%(objectname)%00%(upstream:track)%00%(upstream:remotename)%00%(upstream:remoteref) refs/heads/main refs/remotes/main [4ms]
2024-11-21 10:54:18.528 [info] > git for-each-ref --sort -committerdate --format %(refname) %(objectname) %(*objectname) [2ms]
2024-11-21 10:54:18.652 [info] > git status -z -uall [130ms]
2024-11-21 10:54:23.678 [info] > git config --get commit.template [10ms]
2024-11-21 10:54:23.680 [info] > git for-each-ref --format=%(refname)%00%(upstream:short)%00%(objectname)%00%(upstream:track)%00%(upstream:remotename)%00%(upstream:remoteref) refs/heads/main refs/remotes/main [3ms]
2024-11-21 10:54:23.700 [info] > git for-each-ref --sort -committerdate --format %(refname) %(objectname) %(*objectname) [3ms]
2024-11-21 10:54:23.841 [info] > git status -z -uall [153ms]
2024-11-21 10:54:36.546 [info] > git config --get commit.template [7ms]
2024-11-21 10:54:36.548 [info] > git for-each-ref --format=%(refname)%00%(upstream:short)%00%(objectname)%00%(upstream:track)%00%(upstream:remotename)%00%(upstream:remoteref) refs/heads/main refs/remotes/main [3ms]
2024-11-21 10:54:36.562 [info] > git for-each-ref --sort -committerdate --format %(refname) %(objectname) %(*objectname) [3ms]
2024-11-21 10:54:36.762 [info] > git status -z -uall [207ms]
2024-11-21 10:54:41.789 [info] > git config --get commit.template [9ms]
2024-11-21 10:54:41.790 [info] > git for-each-ref --format=%(refname)%00%(upstream:short)%00%(objectname)%00%(upstream:track)%00%(upstream:remotename)%00%(upstream:remoteref) refs/heads/main refs/remotes/main [2ms]
2024-11-21 10:54:41.805 [info] > git for-each-ref --sort -committerdate --format %(refname) %(objectname) %(*objectname) [3ms]
2024-11-21 10:54:41.923 [info] > git status -z -uall [127ms]
2024-11-21 10:54:46.942 [info] > git config --get commit.template [6ms]
2024-11-21 10:54:46.943 [info] > git for-each-ref --format=%(refname)%00%(upstream:short)%00%(objectname)%00%(upstream:track)%00%(upstream:remotename)%00%(upstream:remoteref) refs/heads/main refs/remotes/main [3ms]
2024-11-21 10:54:46.954 [info] > git for-each-ref --sort -committerdate --format %(refname) %(objectname) %(*objectname) [2ms]
2024-11-21 10:54:47.081 [info] > git status -z -uall [134ms]
2024-11-21 10:54:52.106 [info] > git config --get commit.template [11ms]
2024-11-21 10:54:52.109 [info] > git for-each-ref --format=%(refname)%00%(upstream:short)%00%(objectname)%00%(upstream:track)%00%(upstream:remotename)%00%(upstream:remoteref) refs/heads/main refs/remotes/main [4ms]
2024-11-21 10:54:52.122 [info] > git for-each-ref --sort -committerdate --format %(refname) %(objectname) %(*objectname) [2ms]
2024-11-21 10:54:52.258 [info] > git status -z -uall [143ms]
2024-11-21 10:54:57.276 [info] > git config --get commit.template [3ms]
2024-11-21 10:54:57.288 [info] > git for-each-ref --format=%(refname)%00%(upstream:short)%00%(objectname)%00%(upstream:track)%00%(upstream:remotename)%00%(upstream:remoteref) refs/heads/main refs/remotes/main [2ms]
2024-11-21 10:54:57.308 [info] > git for-each-ref --sort -committerdate --format %(refname) %(objectname) %(*objectname) [4ms]
2024-11-21 10:54:57.486 [info] > git status -z -uall [190ms]
2024-11-21 10:55:02.512 [info] > git config --get commit.template [10ms]
2024-11-21 10:55:02.515 [info] > git for-each-ref --format=%(refname)%00%(upstream:short)%00%(objectname)%00%(upstream:track)%00%(upstream:remotename)%00%(upstream:remoteref) refs/heads/main refs/remotes/main [5ms]
2024-11-21 10:55:02.529 [info] > git for-each-ref --sort -committerdate --format %(refname) %(objectname) %(*objectname) [2ms]
2024-11-21 10:55:02.676 [info] > git status -z -uall [154ms]
2024-11-21 10:55:30.688 [info] > git config --get commit.template [8ms]
2024-11-21 10:55:30.690 [info] > git for-each-ref --format=%(refname)%00%(upstream:short)%00%(objectname)%00%(upstream:track)%00%(upstream:remotename)%00%(upstream:remoteref) refs/heads/main refs/remotes/main [3ms]
2024-11-21 10:55:30.706 [info] > git for-each-ref --sort -committerdate --format %(refname) %(objectname) %(*objectname) [5ms]
2024-11-21 10:55:30.841 [info] > git status -z -uall [146ms]
2024-11-21 10:55:35.865 [info] > git config --get commit.template [9ms]
2024-11-21 10:55:35.869 [info] > git for-each-ref --format=%(refname)%00%(upstream:short)%00%(objectname)%00%(upstream:track)%00%(upstream:remotename)%00%(upstream:remoteref) refs/heads/main refs/remotes/main [5ms]
2024-11-21 10:55:35.889 [info] > git for-each-ref --sort -committerdate --format %(refname) %(objectname) %(*objectname) [7ms]
2024-11-21 10:55:36.063 [info] > git status -z -uall [187ms]
2024-11-21 10:55:41.090 [info] > git config --get commit.template [12ms]
2024-11-21 10:55:41.092 [info] > git for-each-ref --format=%(refname)%00%(upstream:short)%00%(objectname)%00%(upstream:track)%00%(upstream:remotename)%00%(upstream:remoteref) refs/heads/main refs/remotes/main [3ms]
2024-11-21 10:55:41.110 [info] > git for-each-ref --sort -committerdate --format %(refname) %(objectname) %(*objectname) [4ms]
2024-11-21 10:55:41.238 [info] > git status -z -uall [141ms]
2024-11-21 10:55:43.916 [info] > git check-ignore -v -z --stdin [19ms]
2024-11-21 10:55:46.256 [info] > git config --get commit.template [7ms]
2024-11-21 10:55:46.257 [info] > git for-each-ref --format=%(refname)%00%(upstream:short)%00%(objectname)%00%(upstream:track)%00%(upstream:remotename)%00%(upstream:remoteref) refs/heads/main refs/remotes/main [2ms]
2024-11-21 10:55:46.271 [info] > git for-each-ref --sort -committerdate --format %(refname) %(objectname) %(*objectname) [5ms]
2024-11-21 10:55:46.392 [info] > git status -z -uall [131ms]
2024-11-21 10:55:51.410 [info] > git config --get commit.template [6ms]
2024-11-21 10:55:51.411 [info] > git for-each-ref --format=%(refname)%00%(upstream:short)%00%(objectname)%00%(upstream:track)%00%(upstream:remotename)%00%(upstream:remoteref) refs/heads/main refs/remotes/main [2ms]
2024-11-21 10:55:51.428 [info] > git for-each-ref --sort -committerdate --format %(refname) %(objectname) %(*objectname) [4ms]
2024-11-21 10:55:51.611 [info] > git status -z -uall [195ms]
2024-11-21 10:55:56.629 [info] > git config --get commit.template [6ms]
2024-11-21 10:55:56.630 [info] > git for-each-ref --format=%(refname)%00%(upstream:short)%00%(objectname)%00%(upstream:track)%00%(upstream:remotename)%00%(upstream:remoteref) refs/heads/main refs/remotes/main [1ms]
2024-11-21 10:55:56.646 [info] > git for-each-ref --sort -committerdate --format %(refname) %(objectname) %(*objectname) [3ms]
2024-11-21 10:55:56.769 [info] > git status -z -uall [132ms]
2024-11-21 10:56:01.786 [info] > git config --get commit.template [7ms]
2024-11-21 10:56:01.788 [info] > git for-each-ref --format=%(refname)%00%(upstream:short)%00%(objectname)%00%(upstream:track)%00%(upstream:remotename)%00%(upstream:remoteref) refs/heads/main refs/remotes/main [3ms]
2024-11-21 10:56:01.803 [info] > git for-each-ref --sort -committerdate --format %(refname) %(objectname) %(*objectname) [3ms]
2024-11-21 10:56:01.924 [info] > git status -z -uall [130ms]
2024-11-21 10:56:03.947 [info] > git log --format=%H%n%aN%n%aE%n%at%n%ct%n%P%n%D%n%B -z --shortstat --diff-merges=first-parent -n50 --skip=0 --topo-order --decorate=full --stdin [20579ms]
