2024-11-21 15:48:34.774 [info] [main] Log level: Info
2024-11-21 15:48:34.774 [info] [main] Validating found git in: "git"
2024-11-21 15:48:34.774 [info] [main] Using git "2.43.0" from "git"
2024-11-21 15:48:34.774 [info] [Model][doInitialScan] Initial repository scan started
2024-11-21 15:48:34.774 [info] > git rev-parse --show-toplevel [29ms]
2024-11-21 15:48:34.774 [info] > git rev-parse --git-dir --git-common-dir [153ms]
2024-11-21 15:48:34.774 [info] [Model][openRepository] Opened repository: /root
2024-11-21 15:48:34.802 [info] > git rev-parse --show-toplevel [14ms]
2024-11-21 15:48:34.805 [info] > git config --get commit.template [22ms]
2024-11-21 15:48:34.842 [info] > git rev-parse --show-toplevel [31ms]
2024-11-21 15:48:34.861 [info] > git for-each-ref --format=%(refname)%00%(upstream:short)%00%(objectname)%00%(upstream:track)%00%(upstream:remotename)%00%(upstream:remoteref) refs/heads/main refs/remotes/main [24ms]
2024-11-21 15:48:34.900 [info] > git rev-parse --show-toplevel [48ms]
2024-11-21 15:48:34.913 [info] [Model][doInitialScan] Initial repository scan completed - repositories (1), closed repositories (0), parent repositories (0), unsafe repositories (0)
2024-11-21 15:48:34.934 [info] > git for-each-ref --sort -committerdate --format %(refname) %(objectname) %(*objectname) [51ms]
2024-11-21 15:48:35.286 [info] > git show --textconv :workspace/github.com/Johnyboi77/Asteroids/main.py [40ms]
2024-11-21 15:48:35.287 [info] > git ls-files --stage -- /root/workspace/github.com/Johnyboi77/Asteroids/main.py [18ms]
2024-11-21 15:48:35.459 [info] > git cat-file -s 0328d9aa8a6e999d0e315c4e5a68ba39f187464c [164ms]
2024-11-21 15:48:35.688 [info] > git check-ignore -v -z --stdin [232ms]
2024-11-21 15:48:36.210 [info] > git status -z -uall [1338ms]
2024-11-21 15:48:36.252 [info] > git for-each-ref --format=%(refname)%00%(upstream:short)%00%(objectname)%00%(upstream:track)%00%(upstream:remotename)%00%(upstream:remoteref) refs/heads/main refs/remotes/main [20ms]
2024-11-21 15:48:36.267 [info] > git config --local branch.main.vscode-merge-base [3ms]
2024-11-21 15:48:36.268 [warning] [Git][config] git config failed: Failed to execute git
2024-11-21 15:48:36.276 [info] > git config --get commit.template [25ms]
2024-11-21 15:48:36.292 [info] > git reflog main --grep-reflog=branch: Created from *. [16ms]
2024-11-21 15:48:36.302 [info] > git for-each-ref --format=%(refname)%00%(upstream:short)%00%(objectname)%00%(upstream:track)%00%(upstream:remotename)%00%(upstream:remoteref) refs/heads/main refs/remotes/main [13ms]
2024-11-21 15:48:36.435 [info] > git for-each-ref --sort -committerdate --format %(refname) %(objectname) %(*objectname) [119ms]
2024-11-21 15:48:36.436 [info] > git symbolic-ref --short refs/remotes/origin/HEAD [136ms]
2024-11-21 15:48:36.437 [info] fatal: ref refs/remotes/origin/HEAD is not a symbolic ref
2024-11-21 15:48:36.437 [warning] [Repository][getDefaultBranch] Failed to get default branch details: Failed to execute git.
2024-11-21 15:48:36.747 [info] > git status -z -uall [438ms]
2024-11-21 15:56:07.855 [info] > git ls-files --stage -- /root/workspace/github.com/Johnyboi77/Asteroids/circleshape.py [10ms]
2024-11-21 15:56:07.861 [info] > git show --textconv :workspace/github.com/Johnyboi77/Asteroids/circleshape.py [22ms]
2024-11-21 15:56:07.862 [info] > git cat-file -s eb08882c06553a99e68a989beabd92e80bc738c0 [2ms]
2024-11-21 15:56:30.056 [info] > git ls-files --stage -- /root/workspace/github.com/Johnyboi77/Asteroids/player.py [8ms]
2024-11-21 15:56:30.069 [info] > git show --textconv :workspace/github.com/Johnyboi77/Asteroids/player.py [29ms]
2024-11-21 15:56:30.070 [info] > git cat-file -s b9ddcb6c92219f2ef5cfa84d3f032d1788031080 [9ms]
2024-11-21 15:56:31.908 [info] > git show --textconv :workspace/github.com/Johnyboi77/Asteroids/test_pygame.py [8ms]
2024-11-21 15:56:31.912 [info] > git ls-files --stage -- /root/workspace/github.com/Johnyboi77/Asteroids/test_pygame.py [8ms]
2024-11-21 15:56:32.847 [info] > git show --textconv :workspace/github.com/Johnyboi77/Asteroids/requirements.txt [9ms]
2024-11-21 15:56:32.850 [info] > git ls-files --stage -- /root/workspace/github.com/Johnyboi77/Asteroids/requirements.txt [8ms]
2024-11-21 15:56:32.855 [info] > git cat-file -s 5873083e79e37f32380088030e28d8941e255fd3 [1ms]
2024-11-21 15:56:34.763 [info] > git show --textconv :workspace/github.com/Johnyboi77/Asteroids/player.py [14ms]
2024-11-21 15:56:34.769 [info] > git ls-files --stage -- /root/workspace/github.com/Johnyboi77/Asteroids/player.py [14ms]
2024-11-21 15:56:34.778 [info] > git cat-file -s b9ddcb6c92219f2ef5cfa84d3f032d1788031080 [2ms]
2024-11-21 15:56:42.723 [info] > git ls-files --stage -- /root/workspace/github.com/Johnyboi77/Asteroids/constants.py [9ms]
2024-11-21 15:56:42.740 [info] > git show --textconv :workspace/github.com/Johnyboi77/Asteroids/constants.py [33ms]
2024-11-21 15:56:42.740 [info] > git cat-file -s 6c44acb81b8fc331db3c1064162eb99fc2092582 [13ms]
2024-11-21 15:57:06.071 [info] > git show --textconv :workspace/github.com/Johnyboi77/Asteroids/main.py [16ms]
2024-11-21 15:57:06.082 [info] > git ls-files --stage -- /root/workspace/github.com/Johnyboi77/Asteroids/main.py [19ms]
2024-11-21 15:57:06.093 [info] > git cat-file -s 0328d9aa8a6e999d0e315c4e5a68ba39f187464c [4ms]
2024-11-21 15:57:29.984 [info] > git show --textconv :workspace/github.com/Johnyboi77/Asteroids/player.py [7ms]
2024-11-21 15:57:29.989 [info] > git ls-files --stage -- /root/workspace/github.com/Johnyboi77/Asteroids/player.py [6ms]
2024-11-21 15:57:29.997 [info] > git cat-file -s b9ddcb6c92219f2ef5cfa84d3f032d1788031080 [2ms]
2024-11-21 15:57:38.204 [info] > git config --get commit.template [4ms]
2024-11-21 15:57:38.214 [info] > git for-each-ref --format=%(refname)%00%(upstream:short)%00%(objectname)%00%(upstream:track)%00%(upstream:remotename)%00%(upstream:remoteref) refs/heads/main refs/remotes/main [2ms]
2024-11-21 15:57:38.235 [info] > git for-each-ref --sort -committerdate --format %(refname) %(objectname) %(*objectname) [4ms]
2024-11-21 15:57:38.431 [info] > git status -z -uall [208ms]
2024-11-21 15:57:44.378 [info] > git config --get commit.template [6ms]
2024-11-21 15:57:44.389 [info] > git for-each-ref --format=%(refname)%00%(upstream:short)%00%(objectname)%00%(upstream:track)%00%(upstream:remotename)%00%(upstream:remoteref) refs/heads/main refs/remotes/main [2ms]
2024-11-21 15:57:44.407 [info] > git for-each-ref --sort -committerdate --format %(refname) %(objectname) %(*objectname) [2ms]
2024-11-21 15:57:44.605 [info] > git status -z -uall [210ms]
2024-11-21 16:04:54.293 [info] > git ls-files --stage -- /root/workspace/github.com/Johnyboi77/Asteroids/constants.py [65ms]
2024-11-21 16:04:54.302 [info] > git show --textconv :workspace/github.com/Johnyboi77/Asteroids/constants.py [85ms]
2024-11-21 16:04:54.304 [info] > git cat-file -s 6c44acb81b8fc331db3c1064162eb99fc2092582 [3ms]
2024-11-21 16:05:14.542 [info] > git ls-files --stage -- /root/workspace/github.com/Johnyboi77/Asteroids/requirements.txt [18ms]
2024-11-21 16:05:14.548 [info] > git show --textconv :workspace/github.com/Johnyboi77/Asteroids/requirements.txt [32ms]
2024-11-21 16:05:14.549 [info] > git cat-file -s 5873083e79e37f32380088030e28d8941e255fd3 [2ms]
2024-11-21 16:05:15.283 [info] > git ls-files --stage -- /root/workspace/github.com/Johnyboi77/Asteroids/player.py [9ms]
2024-11-21 16:05:15.289 [info] > git show --textconv :workspace/github.com/Johnyboi77/Asteroids/player.py [21ms]
2024-11-21 16:05:15.291 [info] > git cat-file -s b9ddcb6c92219f2ef5cfa84d3f032d1788031080 [2ms]
2024-11-21 16:07:53.719 [info] > git config --get commit.template [3ms]
2024-11-21 16:07:53.750 [info] > git for-each-ref --format=%(refname)%00%(upstream:short)%00%(objectname)%00%(upstream:track)%00%(upstream:remotename)%00%(upstream:remoteref) refs/heads/main refs/remotes/main [23ms]
2024-11-21 16:07:53.775 [info] > git for-each-ref --sort -committerdate --format %(refname) %(objectname) %(*objectname) [10ms]
2024-11-21 16:07:55.798 [info] > git status -z -uall [2042ms]
2024-11-21 16:08:26.135 [info] > git config --get commit.template [10ms]
2024-11-21 16:08:26.135 [info] > git for-each-ref --format=%(refname)%00%(upstream:short)%00%(objectname)%00%(upstream:track)%00%(upstream:remotename)%00%(upstream:remoteref) refs/heads/main refs/remotes/main [2ms]
2024-11-21 16:08:26.155 [info] > git for-each-ref --sort -committerdate --format %(refname) %(objectname) %(*objectname) [3ms]
2024-11-21 16:08:26.406 [info] > git status -z -uall [264ms]
2024-11-21 16:09:08.874 [info] > git config --get commit.template [5ms]
2024-11-21 16:09:08.884 [info] > git for-each-ref --format=%(refname)%00%(upstream:short)%00%(objectname)%00%(upstream:track)%00%(upstream:remotename)%00%(upstream:remoteref) refs/heads/main refs/remotes/main [3ms]
2024-11-21 16:09:08.898 [info] > git for-each-ref --sort -committerdate --format %(refname) %(objectname) %(*objectname) [3ms]
2024-11-21 16:09:09.131 [info] > git status -z -uall [240ms]
2024-11-21 16:11:36.159 [info] > git show --textconv :workspace/github.com/Johnyboi77/Asteroids/constants.py [16ms]
2024-11-21 16:11:36.166 [info] > git ls-files --stage -- /root/workspace/github.com/Johnyboi77/Asteroids/constants.py [15ms]
2024-11-21 16:11:36.174 [info] > git cat-file -s 6c44acb81b8fc331db3c1064162eb99fc2092582 [2ms]
2024-11-21 16:12:16.798 [info] > git show --textconv :workspace/github.com/Johnyboi77/Asteroids/player.py [16ms]
2024-11-21 16:12:16.805 [info] > git ls-files --stage -- /root/workspace/github.com/Johnyboi77/Asteroids/player.py [17ms]
2024-11-21 16:12:16.816 [info] > git cat-file -s b9ddcb6c92219f2ef5cfa84d3f032d1788031080 [2ms]
2024-11-21 16:12:18.182 [info] > git ls-files --stage -- /root/workspace/github.com/Johnyboi77/Asteroids/main.py [7ms]
2024-11-21 16:12:18.196 [info] > git show --textconv :workspace/github.com/Johnyboi77/Asteroids/main.py [27ms]
2024-11-21 16:12:18.196 [info] > git cat-file -s 0328d9aa8a6e999d0e315c4e5a68ba39f187464c [8ms]
2024-11-21 16:13:47.180 [info] > git show --textconv :workspace/github.com/Johnyboi77/Asteroids/player.py [15ms]
2024-11-21 16:13:47.184 [info] > git ls-files --stage -- /root/workspace/github.com/Johnyboi77/Asteroids/player.py [11ms]
2024-11-21 16:13:47.190 [info] > git cat-file -s b9ddcb6c92219f2ef5cfa84d3f032d1788031080 [1ms]
2024-11-21 16:15:16.913 [info] > git config --get commit.template [12ms]
2024-11-21 16:15:16.914 [info] > git for-each-ref --format=%(refname)%00%(upstream:short)%00%(objectname)%00%(upstream:track)%00%(upstream:remotename)%00%(upstream:remoteref) refs/heads/main refs/remotes/main [3ms]
2024-11-21 16:15:16.934 [info] > git for-each-ref --sort -committerdate --format %(refname) %(objectname) %(*objectname) [4ms]
2024-11-21 16:15:17.252 [info] > git status -z -uall [330ms]
2024-11-21 16:15:56.498 [info] > git config --get commit.template [7ms]
2024-11-21 16:15:56.499 [info] > git for-each-ref --format=%(refname)%00%(upstream:short)%00%(objectname)%00%(upstream:track)%00%(upstream:remotename)%00%(upstream:remoteref) refs/heads/main refs/remotes/main [2ms]
2024-11-21 16:15:56.514 [info] > git for-each-ref --sort -committerdate --format %(refname) %(objectname) %(*objectname) [3ms]
2024-11-21 16:15:56.683 [info] > git status -z -uall [178ms]
2024-11-21 16:16:29.425 [info] > git check-ignore -v -z --stdin [46ms]
2024-11-21 16:16:32.421 [info] > git check-ignore -v -z --stdin [76ms]
2024-11-21 16:16:41.797 [info] > git check-ignore -v -z --stdin [8ms]
2024-11-21 16:16:47.056 [info] > git log --format=%H%n%aN%n%aE%n%at%n%ct%n%P%n%D%n%B -z --shortstat --diff-merges=first-parent -n50 --skip=0 --topo-order --decorate=full --stdin [18256ms]
2024-11-21 16:16:49.363 [info] > git log --format=%H%n%aN%n%aE%n%at%n%ct%n%P%n%D%n%B -z --shortstat --diff-merges=first-parent -n50 --skip=0 --topo-order --decorate=full --stdin [2274ms]
