2024-12-16 12:39:05.825 [info] [main] Log level: Info
2024-12-16 12:39:05.825 [info] [main] Validating found git in: "git"
2024-12-16 12:39:05.825 [info] [main] Using git "2.43.0" from "git"
2024-12-16 12:39:05.825 [info] [Model][doInitialScan] Initial repository scan started
2024-12-16 12:39:05.825 [info] > git rev-parse --show-toplevel [211ms]
2024-12-16 12:39:05.825 [info] > git rev-parse --git-dir --git-common-dir [31ms]
2024-12-16 12:39:05.825 [info] [Model][openRepository] Opened repository: /root
2024-12-16 12:39:05.825 [info] > git config --get commit.template [16ms]
2024-12-16 12:39:05.825 [info] > git rev-parse --show-toplevel [14ms]
2024-12-16 12:39:05.878 [info] > git rev-parse --git-dir --git-common-dir [39ms]
2024-12-16 12:39:05.889 [info] [Model][openRepository] Opened repository: /root/workspace/Asteroids
2024-12-16 12:39:05.891 [info] > git for-each-ref --format=%(refname)%00%(upstream:short)%00%(objectname)%00%(upstream:track)%00%(upstream:remotename)%00%(upstream:remoteref) refs/heads/main refs/remotes/main [60ms]
2024-12-16 12:39:05.974 [info] > git for-each-ref --sort -committerdate --format %(refname) %(objectname) %(*objectname) [65ms]
2024-12-16 12:39:06.058 [info] > git rev-parse --show-toplevel [100ms]
2024-12-16 12:39:06.066 [info] > git config --get commit.template [110ms]
2024-12-16 12:39:06.097 [info] > git rev-parse --show-toplevel [23ms]
2024-12-16 12:39:06.102 [info] [Model][doInitialScan] Initial repository scan completed - repositories (2), closed repositories (0), parent repositories (0), unsafe repositories (0)
2024-12-16 12:39:06.129 [info] > git for-each-ref --format=%(refname)%00%(upstream:short)%00%(objectname)%00%(upstream:track)%00%(upstream:remotename)%00%(upstream:remoteref) refs/heads/main refs/remotes/main [35ms]
2024-12-16 12:39:06.559 [info] > git status -z -uall [185ms]
2024-12-16 12:39:06.560 [info] > git show --textconv :main.py [164ms]
2024-12-16 12:39:06.560 [info] > git ls-files --stage -- /root/workspace/Asteroids/main.py [157ms]
2024-12-16 12:39:06.578 [info] > git for-each-ref --sort -committerdate --format %(refname) %(objectname) %(*objectname) [187ms]
2024-12-16 12:39:06.803 [info] > git check-ignore -v -z --stdin [169ms]
2024-12-16 12:39:06.811 [info] > git check-ignore -v -z --stdin [179ms]
2024-12-16 12:39:06.819 [info] > git for-each-ref --format=%(refname)%00%(upstream:short)%00%(objectname)%00%(upstream:track)%00%(upstream:remotename)%00%(upstream:remoteref) refs/heads/main refs/remotes/main [212ms]
2024-12-16 12:39:06.834 [info] > git cat-file -s 17d5e952fbf6a2f5f524b51d3888d7b3d5d0e6ee [267ms]
2024-12-16 12:39:06.840 [info] > git config --local branch.main.vscode-merge-base [6ms]
2024-12-16 12:39:06.841 [warning] [Git][config] git config failed: Failed to execute git
2024-12-16 12:39:06.848 [info] > git config --get commit.template [203ms]
2024-12-16 12:39:06.863 [info] > git for-each-ref --format=%(refname)%00%(upstream:short)%00%(objectname)%00%(upstream:track)%00%(upstream:remotename)%00%(upstream:remoteref) refs/heads/main refs/remotes/main [3ms]
2024-12-16 12:39:06.883 [info] > git for-each-ref --sort -committerdate --format %(refname) %(objectname) %(*objectname) [4ms]
2024-12-16 12:39:06.888 [info] > git status -z -uall [19ms]
2024-12-16 12:39:06.911 [info] > git for-each-ref --format=%(refname)%00%(upstream:short)%00%(objectname)%00%(upstream:track)%00%(upstream:remotename)%00%(upstream:remoteref) refs/heads/main refs/remotes/main [5ms]
2024-12-16 12:39:06.920 [info] > git reflog main --grep-reflog=branch: Created from *. [73ms]
2024-12-16 12:39:06.935 [info] > git config --local branch.main.vscode-merge-base [14ms]
2024-12-16 12:39:06.935 [warning] [Git][config] git config failed: Failed to execute git
2024-12-16 12:39:06.943 [info] > git symbolic-ref --short refs/remotes/origin/HEAD [17ms]
2024-12-16 12:39:06.943 [info] fatal: ref refs/remotes/origin/HEAD is not a symbolic ref
2024-12-16 12:39:06.943 [warning] [Repository][getDefaultBranch] Failed to get default branch details: Failed to execute git.
2024-12-16 12:39:07.012 [info] > git merge-base refs/heads/main refs/remotes/origin/main [56ms]
2024-12-16 12:39:07.019 [info] > git reflog main --grep-reflog=branch: Created from *. [78ms]
2024-12-16 12:39:07.030 [info] > git diff --name-status -z --diff-filter=ADMR 22a7325bf8ea7dc087e6275305b9eaca22021c79...refs/remotes/origin/main [12ms]
2024-12-16 12:39:07.035 [info] > git symbolic-ref --short refs/remotes/origin/HEAD [10ms]
2024-12-16 12:39:07.036 [info] fatal: ref refs/remotes/origin/HEAD is not a symbolic ref
2024-12-16 12:39:07.036 [warning] [Repository][getDefaultBranch] Failed to get default branch details: Failed to execute git.
2024-12-16 12:39:07.065 [info] > git status -z -uall [1165ms]
2024-12-16 12:39:10.798 [info] > git for-each-ref --format=%(refname)%00%(upstream:short)%00%(objectname)%00%(upstream:track)%00%(upstream:remotename)%00%(upstream:remoteref) refs/heads/main refs/remotes/main [2941ms]
2024-12-16 12:39:11.066 [info] > git config --local branch.main.vscode-merge-base [245ms]
2024-12-16 12:39:11.066 [warning] [Git][config] git config failed: Failed to execute git
2024-12-16 12:39:11.078 [info] > git config --get commit.template [393ms]
2024-12-16 12:39:11.229 [info] > git for-each-ref --format=%(refname)%00%(upstream:short)%00%(objectname)%00%(upstream:track)%00%(upstream:remotename)%00%(upstream:remoteref) refs/heads/main refs/remotes/main [140ms]
2024-12-16 12:39:11.267 [info] > git reflog main --grep-reflog=branch: Created from *. [195ms]
2024-12-16 12:39:11.294 [info] > git symbolic-ref --short refs/remotes/origin/HEAD [21ms]
2024-12-16 12:39:11.294 [info] fatal: ref refs/remotes/origin/HEAD is not a symbolic ref
2024-12-16 12:39:11.294 [warning] [Repository][getDefaultBranch] Failed to get default branch details: Failed to execute git.
2024-12-16 12:39:11.295 [info] > git for-each-ref --sort -committerdate --format %(refname) %(objectname) %(*objectname) [29ms]
2024-12-16 12:39:11.911 [info] > git status -z -uall [677ms]
2024-12-16 12:39:19.186 [info] > git log --format=%H%n%aN%n%aE%n%at%n%ct%n%P%n%D%n%B -z -n120 --follow -- /root/workspace/Asteroids/main.py [12909ms]
2024-12-16 12:45:16.686 [info] > git check-ignore -v -z --stdin [23ms]
2024-12-16 13:07:11.315 [info] > git check-ignore -v -z --stdin [28ms]
2024-12-16 13:07:11.894 [info] > git config --get commit.template [11ms]
2024-12-16 13:07:11.905 [info] > git config --get commit.template [14ms]
2024-12-16 13:07:11.907 [info] > git for-each-ref --format=%(refname)%00%(upstream:short)%00%(objectname)%00%(upstream:track)%00%(upstream:remotename)%00%(upstream:remoteref) refs/heads/main refs/remotes/main [6ms]
2024-12-16 13:07:11.919 [info] > git for-each-ref --format=%(refname)%00%(upstream:short)%00%(objectname)%00%(upstream:track)%00%(upstream:remotename)%00%(upstream:remoteref) refs/heads/main refs/remotes/main [15ms]
2024-12-16 13:07:11.931 [info] > git for-each-ref --sort -committerdate --format %(refname) %(objectname) %(*objectname) [14ms]
2024-12-16 13:07:11.935 [info] > git for-each-ref --sort -committerdate --format %(refname) %(objectname) %(*objectname) [5ms]
2024-12-16 13:07:11.996 [info] > git status -z -uall [71ms]
2024-12-16 13:07:15.610 [info] > git status -z -uall [3697ms] (cancelled)
2024-12-16 13:08:08.171 [info] > git check-ignore -v -z --stdin [28ms]
2024-12-16 13:08:08.674 [info] > git config --get commit.template [4ms]
2024-12-16 13:08:08.694 [info] > git for-each-ref --format=%(refname)%00%(upstream:short)%00%(objectname)%00%(upstream:track)%00%(upstream:remotename)%00%(upstream:remoteref) refs/heads/main refs/remotes/main [13ms]
2024-12-16 13:08:08.710 [info] > git for-each-ref --sort -committerdate --format %(refname) %(objectname) %(*objectname) [2ms]
2024-12-16 13:08:08.767 [info] > git status -z -uall [65ms]
2024-12-16 13:08:29.376 [info] > git show --textconv :Static Website/private/index.html [6ms]
2024-12-16 13:08:29.378 [info] > git ls-files --stage -- /root/workspace/Asteroids/Static Website/private/index.html [3ms]
2024-12-16 13:08:29.528 [info] > git check-ignore -v -z --stdin [2ms]
2024-12-16 13:08:30.057 [info] > git config --get commit.template [10ms]
2024-12-16 13:08:30.059 [info] > git for-each-ref --format=%(refname)%00%(upstream:short)%00%(objectname)%00%(upstream:track)%00%(upstream:remotename)%00%(upstream:remoteref) refs/heads/main refs/remotes/main [2ms]
2024-12-16 13:08:30.079 [info] > git for-each-ref --sort -committerdate --format %(refname) %(objectname) %(*objectname) [3ms]
2024-12-16 13:08:30.081 [info] > git status -z -uall [12ms]
2024-12-16 13:08:49.330 [info] > git show --textconv :workspace/Static Website/private/index.html [49ms]
2024-12-16 13:08:49.330 [info] > git ls-files --stage -- /root/workspace/Static Website/private/index.html [43ms]
2024-12-16 13:08:49.564 [info] > git check-ignore -v -z --stdin [14ms]
2024-12-16 13:08:50.056 [info] > git config --get commit.template [3ms]
2024-12-16 13:08:50.065 [info] > git for-each-ref --format=%(refname)%00%(upstream:short)%00%(objectname)%00%(upstream:track)%00%(upstream:remotename)%00%(upstream:remoteref) refs/heads/main refs/remotes/main [3ms]
2024-12-16 13:08:50.081 [info] > git status -z -uall [6ms]
2024-12-16 13:08:50.082 [info] > git for-each-ref --sort -committerdate --format %(refname) %(objectname) %(*objectname) [2ms]
2024-12-16 13:08:57.185 [info] > git check-ignore -v -z --stdin [13ms]
2024-12-16 13:08:59.091 [info] > git show --textconv :workspace/github.com/Johnyboi77/bookbot/main.py [14ms]
2024-12-16 13:08:59.100 [info] > git ls-files --stage -- /root/workspace/github.com/Johnyboi77/bookbot/main.py [14ms]
2024-12-16 13:08:59.319 [info] > git check-ignore -v -z --stdin [14ms]
2024-12-16 13:09:19.560 [info] > git check-ignore -v -z --stdin [33ms]
2024-12-16 13:09:19.998 [warning] [Git][getHEAD] Failed to parse HEAD file: ENOENT: no such file or directory, open '/root/workspace/Asteroids/.git/HEAD'
2024-12-16 13:09:20.010 [warning] [Git][getRemotes] Error: ENOENT: no such file or directory, open '/root/workspace/Asteroids/.git/config'
2024-12-16 13:09:20.024 [warning] [Git][getHEAD] Failed to parse HEAD file: ENOENT: no such file or directory, open '/root/workspace/Asteroids/.git/HEAD'
2024-12-16 13:09:20.033 [warning] [Git][getRemotes] Error: ENOENT: no such file or directory, open '/root/workspace/Asteroids/.git/config'
2024-12-16 13:09:20.720 [info] > git check-ignore -v -z --stdin [40ms]
2024-12-16 13:09:54.646 [info] > git check-ignore -v -z --stdin [49ms]
2024-12-16 13:09:57.909 [info] > git check-ignore -v -z --stdin [14ms]
2024-12-16 13:10:02.348 [info] > git show --textconv :workspace/BookBot/github.com/Johnyboi77/bookbot/main.py [13ms]
2024-12-16 13:10:02.354 [info] > git ls-files --stage -- /root/workspace/BookBot/github.com/Johnyboi77/bookbot/main.py [13ms]
2024-12-16 13:10:02.778 [info] > git check-ignore -v -z --stdin [19ms]
2024-12-16 13:10:09.267 [info] > git check-ignore -v -z --stdin [21ms]
2024-12-16 13:10:13.487 [info] > git check-ignore -v -z --stdin [17ms]
2024-12-16 13:10:14.491 [info] > git ls-files --stage -- /root/workspace/venv/bin/pip [18ms]
2024-12-16 13:10:14.499 [info] > git show --textconv :workspace/venv/bin/pip [36ms]
2024-12-16 13:10:14.504 [info] > git cat-file -s 1b2ad66168a200d4ea5e9c77ef6961c53964a74f [6ms]
2024-12-16 13:10:15.267 [info] > git show --textconv :workspace/venv/bin/pip3 [19ms]
2024-12-16 13:10:15.275 [info] > git ls-files --stage -- /root/workspace/venv/bin/pip3 [16ms]
2024-12-16 13:10:15.283 [info] > git cat-file -s 1b2ad66168a200d4ea5e9c77ef6961c53964a74f [3ms]
2024-12-16 13:10:21.843 [info] > git show --textconv :workspace/venv/bin/pip3.12 [17ms]
2024-12-16 13:10:21.880 [info] > git ls-files --stage -- /root/workspace/venv/bin/pip3.12 [44ms]
2024-12-16 13:10:21.888 [info] > git cat-file -s 1b2ad66168a200d4ea5e9c77ef6961c53964a74f [1ms]
2024-12-16 13:10:27.658 [info] > git show --textconv :workspace/Static Website/private/index.html [14ms]
2024-12-16 13:10:27.661 [info] > git ls-files --stage -- /root/workspace/Static Website/private/index.html [9ms]
2024-12-16 13:10:27.984 [info] > git check-ignore -v -z --stdin [19ms]
2024-12-16 13:17:21.528 [info] > git show --textconv :workspace/Static Website/public/index.html [16ms]
2024-12-16 13:17:21.535 [info] > git ls-files --stage -- /root/workspace/Static Website/public/index.html [12ms]
2024-12-16 13:17:21.761 [info] > git check-ignore -v -z --stdin [15ms]
2024-12-16 13:19:27.659 [info] > git show --textconv :workspace/Website/public/index.html [14ms]
2024-12-16 13:19:27.665 [info] > git ls-files --stage -- /root/workspace/Website/public/index.html [13ms]
2024-12-16 13:19:27.916 [info] > git check-ignore -v -z --stdin [16ms]
2024-12-16 13:36:54.490 [info] > git show --textconv :workspace/Asteroids Game/asteroidfield.py [75ms]
2024-12-16 13:36:54.493 [info] > git ls-files --stage -- /root/workspace/Asteroids Game/asteroidfield.py [72ms]
2024-12-16 13:36:54.927 [info] > git check-ignore -v -z --stdin [38ms]
2024-12-16 13:36:55.439 [info] > git show --textconv :workspace/Website/public/index.html [11ms]
2024-12-16 13:36:55.447 [info] > git ls-files --stage -- /root/workspace/Website/public/index.html [12ms]
2024-12-16 13:36:56.853 [info] > git show --textconv :workspace/Asteroids Game/player.py [20ms]
2024-12-16 13:36:56.856 [info] > git ls-files --stage -- /root/workspace/Asteroids Game/player.py [15ms]
2024-12-16 13:36:58.419 [info] > git show --textconv :workspace/Website/public/index.html [11ms]
2024-12-16 13:36:58.422 [info] > git ls-files --stage -- /root/workspace/Website/public/index.html [8ms]
2024-12-16 13:37:05.335 [info] > git show --textconv :workspace/Website/public/index.html [11ms]
2024-12-16 13:37:05.343 [info] > git ls-files --stage -- /root/workspace/Website/public/index.html [12ms]
2024-12-16 13:37:33.950 [info] > git show --textconv :workspace/Asteroids Game/venv/lib/python3.12/site-packages/pip-24.3.1.dist-info/LICENSE.txt [13ms]
2024-12-16 13:37:33.954 [info] > git ls-files --stage -- /root/workspace/Asteroids Game/venv/lib/python3.12/site-packages/pip-24.3.1.dist-info/LICENSE.txt [10ms]
2024-12-16 13:37:34.386 [info] > git check-ignore -v -z --stdin [50ms]
2024-12-16 13:37:36.133 [info] > git show --textconv :workspace/Website/public/index.html [9ms]
2024-12-16 13:37:36.137 [info] > git ls-files --stage -- /root/workspace/Website/public/index.html [8ms]
2024-12-16 13:37:45.421 [info] > git check-ignore -v -z --stdin [11ms]
2024-12-16 13:38:29.824 [info] > git rev-parse --show-toplevel [10ms]
2024-12-16 13:38:29.841 [info] > git rev-parse --git-dir --git-common-dir [2ms]
2024-12-16 13:38:29.855 [info] [Model][openRepository] Opened repository: /root/workspace/Asteroids Game
2024-12-16 13:38:29.876 [info] > git config --get commit.template [8ms]
2024-12-16 13:38:29.889 [info] > git for-each-ref --format=%(refname)%00%(upstream:short)%00%(objectname)%00%(upstream:track)%00%(upstream:remotename)%00%(upstream:remoteref) refs/heads/main refs/remotes/main [3ms]
2024-12-16 13:38:29.906 [info] > git for-each-ref --sort -committerdate --format %(refname) %(objectname) %(*objectname) [2ms]
2024-12-16 13:38:29.917 [info] > git status -z -uall [20ms]
2024-12-16 13:38:29.945 [info] > git for-each-ref --format=%(refname)%00%(upstream:short)%00%(objectname)%00%(upstream:track)%00%(upstream:remotename)%00%(upstream:remoteref) refs/heads/main refs/remotes/main [12ms]
2024-12-16 13:38:29.956 [info] > git config --local branch.main.vscode-merge-base [4ms]
2024-12-16 13:38:29.957 [warning] [Git][config] git config failed: Failed to execute git
2024-12-16 13:38:29.968 [info] > git config --get commit.template [23ms]
2024-12-16 13:38:29.980 [info] > git reflog main --grep-reflog=branch: Created from *. [14ms]
2024-12-16 13:38:29.994 [info] > git symbolic-ref --short refs/remotes/origin/HEAD [4ms]
2024-12-16 13:38:29.994 [info] fatal: ref refs/remotes/origin/HEAD is not a symbolic ref
2024-12-16 13:38:29.996 [warning] [Repository][getDefaultBranch] Failed to get default branch details: Failed to execute git.
2024-12-16 13:38:30.006 [info] > git for-each-ref --format=%(refname)%00%(upstream:short)%00%(objectname)%00%(upstream:track)%00%(upstream:remotename)%00%(upstream:remoteref) refs/heads/main refs/remotes/main [30ms]
2024-12-16 13:38:30.009 [info] > git merge-base refs/heads/main refs/remotes/origin/main [5ms]
2024-12-16 13:38:30.022 [info] > git diff --name-status -z --diff-filter=ADMR 22a7325bf8ea7dc087e6275305b9eaca22021c79...refs/remotes/origin/main [4ms]
2024-12-16 13:38:30.042 [info] > git for-each-ref --sort -committerdate --format %(refname) %(objectname) %(*objectname) [3ms]
2024-12-16 13:38:30.044 [info] > git status -z -uall [15ms]
2024-12-16 13:38:30.641 [info] > git check-ignore -v -z --stdin [12ms]
