2024-11-23 23:46:53.244 [info] [main] Log level: Info
2024-11-23 23:46:53.244 [info] [main] Validating found git in: "git"
2024-11-23 23:46:53.244 [info] [main] Using git "2.43.0" from "git"
2024-11-23 23:46:53.244 [info] [Model][doInitialScan] Initial repository scan started
2024-11-23 23:46:53.244 [info] > git rev-parse --show-toplevel [47ms]
2024-11-23 23:46:53.244 [info] > git rev-parse --git-dir --git-common-dir [41ms]
2024-11-23 23:46:53.244 [info] [Model][openRepository] Opened repository: /root
2024-11-23 23:46:53.244 [info] > git rev-parse --show-toplevel [5ms]
2024-11-23 23:46:53.244 [info] > git config --get commit.template [13ms]
2024-11-23 23:46:53.244 [info] > git rev-parse --git-dir --git-common-dir [12ms]
2024-11-23 23:46:53.244 [info] [Model][openRepository] Opened repository: /root/workspace/Asteroids
2024-11-23 23:46:53.244 [info] > git for-each-ref --format=%(refname)%00%(upstream:short)%00%(objectname)%00%(upstream:track)%00%(upstream:remotename)%00%(upstream:remoteref) refs/heads/main refs/remotes/main [36ms]
2024-11-23 23:46:53.244 [info] > git for-each-ref --sort -committerdate --format %(refname) %(objectname) %(*objectname) [7ms]
2024-11-23 23:46:53.244 [info] > git rev-parse --show-toplevel [28ms]
2024-11-23 23:46:53.244 [info] > git config --get commit.template [36ms]
2024-11-23 23:46:53.244 [info] > git rev-parse --show-toplevel [9ms]
2024-11-23 23:46:53.244 [info] [Model][doInitialScan] Initial repository scan completed - repositories (2), closed repositories (0), parent repositories (0), unsafe repositories (0)
2024-11-23 23:46:53.244 [info] > git for-each-ref --format=%(refname)%00%(upstream:short)%00%(objectname)%00%(upstream:track)%00%(upstream:remotename)%00%(upstream:remoteref) refs/heads/main refs/remotes/main [18ms]
2024-11-23 23:46:53.244 [info] > git status -z -uall [42ms]
2024-11-23 23:46:53.247 [info] > git for-each-ref --sort -committerdate --format %(refname) %(objectname) %(*objectname) [38ms]
2024-11-23 23:46:53.247 [info] > git for-each-ref --format=%(refname)%00%(upstream:short)%00%(objectname)%00%(upstream:track)%00%(upstream:remotename)%00%(upstream:remoteref) refs/heads/main refs/remotes/main [16ms]
2024-11-23 23:46:53.247 [info] > git config --get commit.template [11ms]
2024-11-23 23:46:53.247 [info] > git config --local branch.main.vscode-merge-base [14ms]
2024-11-23 23:46:53.247 [warning] [Git][config] git config failed: Failed to execute git
2024-11-23 23:46:53.247 [info] > git for-each-ref --format=%(refname)%00%(upstream:short)%00%(objectname)%00%(upstream:track)%00%(upstream:remotename)%00%(upstream:remoteref) refs/heads/main refs/remotes/main [11ms]
2024-11-23 23:46:53.247 [info] > git status -z -uall [9ms]
2024-11-23 23:46:53.247 [info] > git for-each-ref --sort -committerdate --format %(refname) %(objectname) %(*objectname) [4ms]
2024-11-23 23:46:53.247 [info] > git for-each-ref --format=%(refname)%00%(upstream:short)%00%(objectname)%00%(upstream:track)%00%(upstream:remotename)%00%(upstream:remoteref) refs/heads/main refs/remotes/main [5ms]
2024-11-23 23:46:53.247 [info] > git reflog main --grep-reflog=branch: Created from *. [40ms]
2024-11-23 23:46:53.247 [info] > git config --local branch.main.vscode-merge-base [9ms]
2024-11-23 23:46:53.247 [warning] [Git][config] git config failed: Failed to execute git
2024-11-23 23:46:53.247 [info] > git symbolic-ref --short refs/remotes/origin/HEAD [10ms]
2024-11-23 23:46:53.247 [info] fatal: ref refs/remotes/origin/HEAD is not a symbolic ref
2024-11-23 23:46:53.247 [warning] [Repository][getDefaultBranch] Failed to get default branch details: Failed to execute git.
2024-11-23 23:46:53.247 [info] > git merge-base refs/heads/main refs/remotes/origin/main [34ms]
2024-11-23 23:46:53.247 [info] > git reflog main --grep-reflog=branch: Created from *. [53ms]
2024-11-23 23:46:53.247 [info] > git status -z -uall [358ms]
2024-11-23 23:46:53.247 [info] > git diff --name-status -z --diff-filter=ADMR cc3a687b6983b88a058159e451bb41687d2a259d...refs/remotes/origin/main [67ms]
2024-11-23 23:46:53.247 [info] > git for-each-ref --format=%(refname)%00%(upstream:short)%00%(objectname)%00%(upstream:track)%00%(upstream:remotename)%00%(upstream:remoteref) refs/heads/main refs/remotes/main [86ms]
2024-11-23 23:46:53.247 [info] > git symbolic-ref --short refs/remotes/origin/HEAD [170ms]
2024-11-23 23:46:53.247 [info] fatal: ref refs/remotes/origin/HEAD is not a symbolic ref
2024-11-23 23:46:53.247 [warning] [Repository][getDefaultBranch] Failed to get default branch details: Failed to execute git.
2024-11-23 23:46:53.247 [info] > git config --local branch.main.vscode-merge-base [109ms]
2024-11-23 23:46:53.247 [warning] [Git][config] git config failed: Failed to execute git
2024-11-23 23:46:53.247 [info] > git config --get commit.template [195ms]
2024-11-23 23:46:53.247 [info] > git reflog main --grep-reflog=branch: Created from *. [50ms]
2024-11-23 23:46:53.247 [info] > git symbolic-ref --short refs/remotes/origin/HEAD [39ms]
2024-11-23 23:46:53.247 [info] fatal: ref refs/remotes/origin/HEAD is not a symbolic ref
2024-11-23 23:46:53.247 [warning] [Repository][getDefaultBranch] Failed to get default branch details: Failed to execute git.
2024-11-23 23:46:53.247 [info] > git for-each-ref --format=%(refname)%00%(upstream:short)%00%(objectname)%00%(upstream:track)%00%(upstream:remotename)%00%(upstream:remoteref) refs/heads/main refs/remotes/main [49ms]
2024-11-23 23:46:53.247 [info] > git for-each-ref --sort -committerdate --format %(refname) %(objectname) %(*objectname) [55ms]
2024-11-23 23:46:53.424 [info] > git log --format=%H%n%aN%n%aE%n%at%n%ct%n%P%n%D%n%B -z -n120 --follow -- /root/workspace/Asteroids/main.py [17ms]
2024-11-23 23:46:53.777 [info] > git status -z -uall [600ms]
2024-11-23 23:46:53.777 [info] > git check-ignore -v -z --stdin [165ms]
2024-11-23 23:46:53.780 [info] > git check-ignore -v -z --stdin [159ms]
2024-11-23 23:46:54.076 [info] > git show --textconv :main.py [30ms]
2024-11-23 23:46:54.077 [info] > git ls-files --stage -- /root/workspace/Asteroids/main.py [23ms]
2024-11-23 23:46:54.087 [info] > git cat-file -s 3dc8bbdcfcb041c76ba9c707f133097ad2637695 [4ms]
2024-11-23 23:46:57.380 [info] > git check-ignore -v -z --stdin [118ms]
2024-11-23 23:46:58.750 [info] > git check-ignore -v -z --stdin [8ms]
2024-11-23 23:46:58.768 [info] > git check-ignore -v -z --stdin [35ms]
2024-11-23 23:47:26.475 [info] > git -c user.useConfigOnly=true commit --quiet --allow-empty-message --file - [38ms]
2024-11-23 23:47:26.486 [info] > git config --get commit.template [3ms]
2024-11-23 23:47:26.505 [info] > git config --get commit.template [8ms]
2024-11-23 23:47:26.506 [info] > git for-each-ref --format=%(refname)%00%(upstream:short)%00%(objectname)%00%(upstream:track)%00%(upstream:remotename)%00%(upstream:remoteref) refs/heads/main refs/remotes/main [3ms]
2024-11-23 23:47:26.526 [info] > git status -z -uall [11ms]
2024-11-23 23:47:26.528 [info] > git for-each-ref --sort -committerdate --format %(refname) %(objectname) %(*objectname) [3ms]
2024-11-23 23:47:26.557 [info] > git merge-base refs/heads/main refs/remotes/origin/main [8ms]
2024-11-23 23:47:26.577 [info] > git diff --name-status -z --diff-filter=ADMR cc3a687b6983b88a058159e451bb41687d2a259d...refs/remotes/origin/main [12ms]
2024-11-23 23:47:26.724 [info] > git config --get commit.template [4ms]
2024-11-23 23:47:26.730 [info] > git for-each-ref --format=%(refname)%00%(upstream:short)%00%(objectname)%00%(upstream:track)%00%(upstream:remotename)%00%(upstream:remoteref) refs/heads/main refs/remotes/main [2ms]
2024-11-23 23:47:26.743 [info] > git status -z -uall [6ms]
2024-11-23 23:47:26.744 [info] > git for-each-ref --sort -committerdate --format %(refname) %(objectname) %(*objectname) [3ms]
2024-11-23 23:47:27.349 [info] > git check-ignore -v -z --stdin [26ms]
2024-11-23 23:47:27.744 [info] > git ls-files --stage -- /root/workspace/Asteroids/main.py [5ms]
2024-11-23 23:47:27.756 [info] > git cat-file -s 3dc8bbdcfcb041c76ba9c707f133097ad2637695 [3ms]
2024-11-23 23:47:27.776 [info] > git show --textconv :main.py [3ms]
2024-11-23 23:47:45.925 [info] > git config --get commit.template [9ms]
2024-11-23 23:47:45.927 [info] > git config --get commit.template [5ms]
2024-11-23 23:47:45.944 [info] > git for-each-ref --format=%(refname)%00%(upstream:short)%00%(objectname)%00%(upstream:track)%00%(upstream:remotename)%00%(upstream:remoteref) refs/heads/main refs/remotes/main [9ms]
2024-11-23 23:47:45.961 [info] > git for-each-ref --format=%(refname)%00%(upstream:short)%00%(objectname)%00%(upstream:track)%00%(upstream:remotename)%00%(upstream:remoteref) refs/heads/main refs/remotes/main [17ms]
2024-11-23 23:47:45.963 [info] > git for-each-ref --sort -committerdate --format %(refname) %(objectname) %(*objectname) [4ms]
2024-11-23 23:47:45.996 [info] > git status -z -uall [13ms]
2024-11-23 23:47:45.996 [info] > git for-each-ref --sort -committerdate --format %(refname) %(objectname) %(*objectname) [4ms]
2024-11-23 23:47:46.119 [info] > git status -z -uall [168ms]
2024-11-23 23:47:47.317 [info] > git check-ignore -v -z --stdin [28ms]
2024-11-23 23:47:47.900 [info] > git check-ignore -v -z --stdin [14ms]
2024-11-23 23:47:49.338 [info] > git check-ignore -v -z --stdin [22ms]
2024-11-23 23:47:51.430 [info] > git check-ignore -v -z --stdin [20ms]
2024-11-23 23:47:53.634 [info] > git check-ignore -v -z --stdin [18ms]
2024-11-23 23:48:04.078 [info] > git add -A -- . [12ms]
2024-11-23 23:48:04.108 [info] > git -c user.useConfigOnly=true commit --quiet --allow-empty-message --file - [23ms]
2024-11-23 23:48:04.116 [info] > git config --get commit.template [2ms]
2024-11-23 23:48:04.142 [info] > git config --get commit.template [13ms]
2024-11-23 23:48:04.144 [info] > git for-each-ref --format=%(refname)%00%(upstream:short)%00%(objectname)%00%(upstream:track)%00%(upstream:remotename)%00%(upstream:remoteref) refs/heads/main refs/remotes/main [5ms]
2024-11-23 23:48:04.166 [info] > git for-each-ref --sort -committerdate --format %(refname) %(objectname) %(*objectname) [3ms]
2024-11-23 23:48:04.168 [info] > git status -z -uall [14ms]
2024-11-23 23:48:04.195 [info] > git merge-base refs/heads/main refs/remotes/origin/main [7ms]
2024-11-23 23:48:04.212 [info] > git diff --name-status -z --diff-filter=ADMR cc3a687b6983b88a058159e451bb41687d2a259d...refs/remotes/origin/main [6ms]
2024-11-23 23:48:04.310 [info] > git config --get commit.template [2ms]
2024-11-23 23:48:04.323 [info] > git for-each-ref --format=%(refname)%00%(upstream:short)%00%(objectname)%00%(upstream:track)%00%(upstream:remotename)%00%(upstream:remoteref) refs/heads/main refs/remotes/main [2ms]
2024-11-23 23:48:04.347 [info] > git status -z -uall [11ms]
2024-11-23 23:48:04.349 [info] > git for-each-ref --sort -committerdate --format %(refname) %(objectname) %(*objectname) [6ms]
2024-11-23 23:48:05.412 [info] > git ls-files --stage -- /root/workspace/Asteroids/main.py [2ms]
2024-11-23 23:48:05.421 [info] > git cat-file -s d5577c8972e550d89bb700bd0cb136df5b8facc2 [2ms]
2024-11-23 23:48:05.439 [info] > git show --textconv :main.py [3ms]
2024-11-23 23:48:08.677 [info] > git rev-list --count 6420197b15a39090fdd5990bc1793b60b384fa2e.. -- /root/workspace/Asteroids/main.py [4ms]
2024-11-23 23:48:08.690 [info] > git log --format=%H%n%aN%n%aE%n%at%n%ct%n%P%n%D%n%B -z -n22 --follow -- /root/workspace/Asteroids/main.py [6ms]
2024-11-23 23:48:20.378 [info] > git config --get commit.template [5ms]
2024-11-23 23:48:20.379 [info] > git config --get commit.template [14ms]
2024-11-23 23:48:20.394 [info] > git for-each-ref --format=%(refname)%00%(upstream:short)%00%(objectname)%00%(upstream:track)%00%(upstream:remotename)%00%(upstream:remoteref) refs/heads/main refs/remotes/main [8ms]
2024-11-23 23:48:20.411 [info] > git for-each-ref --format=%(refname)%00%(upstream:short)%00%(objectname)%00%(upstream:track)%00%(upstream:remotename)%00%(upstream:remoteref) refs/heads/main refs/remotes/main [17ms]
2024-11-23 23:48:20.414 [info] > git for-each-ref --sort -committerdate --format %(refname) %(objectname) %(*objectname) [4ms]
2024-11-23 23:48:20.445 [info] > git status -z -uall [10ms]
2024-11-23 23:48:20.446 [info] > git for-each-ref --sort -committerdate --format %(refname) %(objectname) %(*objectname) [3ms]
2024-11-23 23:48:20.620 [info] > git status -z -uall [219ms]
2024-11-23 23:48:21.445 [info] > git check-ignore -v -z --stdin [17ms]
2024-11-23 23:48:32.838 [info] > git add -A -- . [16ms]
2024-11-23 23:48:32.877 [info] > git -c user.useConfigOnly=true commit --quiet --allow-empty-message --file - [32ms]
2024-11-23 23:48:32.888 [info] > git config --get commit.template [2ms]
2024-11-23 23:48:32.911 [info] > git config --get commit.template [10ms]
2024-11-23 23:48:32.913 [info] > git for-each-ref --format=%(refname)%00%(upstream:short)%00%(objectname)%00%(upstream:track)%00%(upstream:remotename)%00%(upstream:remoteref) refs/heads/main refs/remotes/main [4ms]
2024-11-23 23:48:32.937 [info] > git status -z -uall [13ms]
2024-11-23 23:48:32.941 [info] > git for-each-ref --sort -committerdate --format %(refname) %(objectname) %(*objectname) [7ms]
2024-11-23 23:48:32.966 [info] > git merge-base refs/heads/main refs/remotes/origin/main [10ms]
2024-11-23 23:48:32.981 [info] > git diff --name-status -z --diff-filter=ADMR cc3a687b6983b88a058159e451bb41687d2a259d...refs/remotes/origin/main [4ms]
2024-11-23 23:48:33.131 [info] > git config --get commit.template [3ms]
2024-11-23 23:48:33.144 [info] > git for-each-ref --format=%(refname)%00%(upstream:short)%00%(objectname)%00%(upstream:track)%00%(upstream:remotename)%00%(upstream:remoteref) refs/heads/main refs/remotes/main [4ms]
2024-11-23 23:48:33.168 [info] > git status -z -uall [14ms]
2024-11-23 23:48:33.171 [info] > git for-each-ref --sort -committerdate --format %(refname) %(objectname) %(*objectname) [9ms]
2024-11-23 23:48:36.963 [info] > git log --oneline --cherry main...main@{upstream} -- [12ms]
2024-11-23 23:48:36.974 [info] > git ls-files --stage -- /root/workspace/Asteroids/main.py [12ms]
2024-11-23 23:48:36.985 [info] > git cat-file -s 17d5e952fbf6a2f5f524b51d3888d7b3d5d0e6ee [2ms]
2024-11-23 23:48:37.141 [info] > git show --textconv :main.py [6ms]
2024-11-23 23:48:37.978 [info] > git pull --tags origin main [1007ms]
2024-11-23 23:48:37.978 [info] From https://github.com/Johnyboi77/Asteroids-Game
 * branch            main       -> FETCH_HEAD
2024-11-23 23:48:39.150 [info] > git ls-files --stage -- /root/workspace/Asteroids/main.py [4ms]
2024-11-23 23:48:39.158 [info] > git cat-file -s 17d5e952fbf6a2f5f524b51d3888d7b3d5d0e6ee [2ms]
2024-11-23 23:48:39.176 [info] > git show --textconv :main.py [3ms]
2024-11-23 23:48:39.360 [info] > git push origin main:main [1376ms]
2024-11-23 23:48:39.361 [info] To https://github.com/Johnyboi77/Asteroids-Game.git
   cc3a687..22a7325  main -> main
2024-11-23 23:48:39.380 [info] > git config --get commit.template [9ms]
2024-11-23 23:48:39.381 [info] > git for-each-ref --format=%(refname)%00%(upstream:short)%00%(objectname)%00%(upstream:track)%00%(upstream:remotename)%00%(upstream:remoteref) refs/heads/main refs/remotes/main [2ms]
2024-11-23 23:48:39.400 [info] > git status -z -uall [11ms]
2024-11-23 23:48:39.400 [info] > git for-each-ref --sort -committerdate --format %(refname) %(objectname) %(*objectname) [3ms]
2024-11-23 23:48:39.420 [info] > git merge-base refs/heads/main refs/remotes/origin/main [3ms]
2024-11-23 23:48:39.433 [info] > git diff --name-status -z --diff-filter=ADMR 22a7325bf8ea7dc087e6275305b9eaca22021c79...refs/remotes/origin/main [3ms]
2024-11-23 23:48:40.559 [info] > git for-each-ref --format=%(refname)%00%(upstream:short)%00%(objectname)%00%(upstream:track)%00%(upstream:remotename)%00%(upstream:remoteref) refs/heads/main refs/remotes/main [4ms]
2024-11-23 23:48:40.560 [info] > git config --get commit.template [14ms]
2024-11-23 23:48:40.578 [info] > git status -z -uall [9ms]
2024-11-23 23:48:40.580 [info] > git for-each-ref --sort -committerdate --format %(refname) %(objectname) %(*objectname) [4ms]
2024-11-23 23:48:40.654 [info] > git ls-files --stage -- /root/workspace/Asteroids/main.py [3ms]
2024-11-23 23:48:40.663 [info] > git cat-file -s 17d5e952fbf6a2f5f524b51d3888d7b3d5d0e6ee [2ms]
2024-11-23 23:48:40.680 [info] > git show --textconv :main.py [3ms]
