2024-11-21 09:21:28.282 [info] (Client) Pylance async client (2024.11.2) started with python extension (2024.20.0)
2024-11-21 09:21:28.787 [info] [Info  - 9:21:28 AM] (719) Server root directory: file:///root/.vscode-server/extensions/ms-python.vscode-pylance-2024.11.2/dist
2024-11-21 09:21:28.788 [info] [Info  - 9:21:28 AM] (719) Pylance language server 2024.11.2 (pyright version 1.1.386, commit 4180fa21) starting
2024-11-21 09:21:28.788 [info] [Info  - 9:21:28 AM] (719) Starting service instance "workspace"
2024-11-21 09:21:28.901 [info] [Info  - 9:21:28 AM] (719) Setting environmentName for service "workspace": "3.12.3 (venv venv)"
2024-11-21 09:21:28.902 [info] [Info  - 9:21:28 AM] (719) Setting pythonPath for service "workspace": "/root/workspace/venv/bin/python"
2024-11-21 09:21:28.903 [info] [Info  - 9:21:28 AM] (719) No include entries specified; assuming /root/workspace
2024-11-21 09:21:28.906 [info] [Info  - 9:21:28 AM] (719) Auto-excluding **/node_modules
2024-11-21 09:21:28.906 [info] [Info  - 9:21:28 AM] (719) Auto-excluding **/__pycache__
2024-11-21 09:21:28.907 [info] [Info  - 9:21:28 AM] (719) Auto-excluding **/.*
2024-11-21 09:21:28.958 [info] [Info  - 9:21:28 AM] (719) Assuming Python version 3.12.3.final.0
2024-11-21 09:21:29.246 [info] [Info  - 9:21:29 AM] (719) Auto-excluding /root/workspace/github.com/Johnyboi77/Asteroids/venv
2024-11-21 09:21:29.248 [info] [Info  - 9:21:29 AM] (719) Auto-excluding /root/workspace/venv
2024-11-21 09:21:29.256 [info] [Info  - 9:21:29 AM] (719) Found 3 source files
2024-11-21 09:21:30.265 [info] [Info  - 9:21:30 AM] (719) Background analysis(1) root directory: file:///root/.vscode-server/extensions/ms-python.vscode-pylance-2024.11.2/dist
2024-11-21 09:21:30.271 [info] [Info  - 9:21:30 AM] (719) Background analysis(1) started
2024-11-21 09:21:30.727 [info] [Info  - 9:21:30 AM] (719) Indexer background runner(2) root directory: file:///root/.vscode-server/extensions/ms-python.vscode-pylance-2024.11.2/dist (index)
2024-11-21 09:21:30.727 [info] [Info  - 9:21:30 AM] (719) Indexing(2) started
2024-11-21 09:21:32.138 [info] [Info  - 9:21:32 AM] (719) scanned(2) 9 files over 1 exec env
2024-11-21 09:21:32.498 [info] [Info  - 9:21:32 AM] (719) indexed(2) 9 files over 1 exec env
2024-11-21 09:21:32.535 [info] [Info  - 9:21:32 AM] (719) Indexing finished(2).
2024-11-21 09:23:26.642 [info] [Info  - 9:23:26 AM] (719) Setting environmentName for service "workspace": "3.12.3 (venv venv)"
2024-11-21 09:23:26.645 [info] [Info  - 9:23:26 AM] (719) Setting pythonPath for service "workspace": "/root/workspace/venv/bin/python"
2024-11-21 09:23:26.646 [info] [Info  - 9:23:26 AM] (719) No include entries specified; assuming /root/workspace
2024-11-21 09:23:26.647 [info] [Info  - 9:23:26 AM] (719) Auto-excluding **/node_modules
2024-11-21 09:23:26.647 [info] [Info  - 9:23:26 AM] (719) Auto-excluding **/__pycache__
2024-11-21 09:23:26.651 [info] [Info  - 9:23:26 AM] (719) Auto-excluding **/.*
2024-11-21 09:23:26.698 [info] [Info  - 9:23:26 AM] (719) Assuming Python version 3.12.3.final.0
2024-11-21 09:23:26.790 [info] [Info  - 9:23:26 AM] (719) Auto-excluding /root/workspace/github.com/Johnyboi77/Asteroids/venv
2024-11-21 09:23:26.792 [info] [Info  - 9:23:26 AM] (719) Auto-excluding /root/workspace/venv
2024-11-21 09:23:26.798 [info] [Info  - 9:23:26 AM] (719) Found 3 source files
2024-11-21 09:23:28.099 [info] [Info  - 9:23:28 AM] (719) Indexer background runner(3) root directory: file:///root/.vscode-server/extensions/ms-python.vscode-pylance-2024.11.2/dist (index)
2024-11-21 09:23:28.099 [info] [Info  - 9:23:28 AM] (719) Indexing(3) started
2024-11-21 09:23:28.626 [info] [Info  - 9:23:28 AM] (719) scanned(3) 9 files over 1 exec env
2024-11-21 09:23:29.021 [info] [Info  - 9:23:29 AM] (719) indexed(3) 9 files over 1 exec env
2024-11-21 09:23:29.048 [info] [Info  - 9:23:29 AM] (719) Indexing finished(3).
2024-11-21 11:22:46.883 [info] [Info  - 11:22:46 AM] (719) Auto-excluding /root/workspace/github.com/Johnyboi77/Asteroids/venv
2024-11-21 11:22:46.883 [info] [Info  - 11:22:46 AM] (719) Auto-excluding /root/workspace/venv
2024-11-21 11:22:46.887 [info] [Info  - 11:22:46 AM] (719) Found 4 source files
2024-11-21 11:28:45.259 [info] [Info  - 11:28:45 AM] (719) Auto-excluding /root/workspace/github.com/Johnyboi77/Asteroids/venv
2024-11-21 11:28:45.260 [info] [Info  - 11:28:45 AM] (719) Auto-excluding /root/workspace/venv
2024-11-21 11:28:45.282 [info] [Info  - 11:28:45 AM] (719) Found 5 source files
2024-11-21 12:10:25.714 [info] [Info  - 12:10:25 PM] (719) Auto-excluding /root/workspace/github.com/Johnyboi77/Asteroids/venv
2024-11-21 12:10:25.715 [info] [Info  - 12:10:25 PM] (719) Auto-excluding /root/workspace/venv
2024-11-21 12:10:25.729 [info] [Info  - 12:10:25 PM] (719) Found 6 source files
