2024-11-21 09:21:25.948 [info] Experiment 'pythonRecommendTensorboardExt' is active
2024-11-21 09:21:25.948 [info] Experiment 'pythonTerminalEnvVarActivation' is active
2024-11-21 09:21:25.948 [info] Experiment 'pythonTestAdapter' is active
2024-11-21 09:21:25.948 [info] Native locator: Refresh started
2024-11-21 09:21:25.948 [info] Native locator: Refresh started
2024-11-21 09:21:26.045 [info] Python interpreter path: /bin/python3
2024-11-21 09:21:27.281 [info] > pyenv which python
2024-11-21 09:21:27.281 [info] cwd: .
2024-11-21 09:21:27.922 [info] > /usr/bin/python3 ~/.vscode-server/extensions/ms-python.python-2024.20.0-linux-x64/python_files/printEnvVariables.py
2024-11-21 09:21:27.923 [info] shell: bash
2024-11-21 09:21:27.992 [info] Prepending environment variable PATH in collection with /root/.vscode-server/extensions/ms-python.python-2024.20.0-linux-x64/python_files/deactivate/bash:/root/workspace/venv/bin: {"applyAtShellIntegration":true,"applyAtProcessCreation":true}
2024-11-21 09:21:27.992 [info] Prepending environment variable PS1 in collection with (venv)  {"applyAtShellIntegration":true,"applyAtProcessCreation":false}
2024-11-21 09:21:27.993 [info] Send text to terminal: /usr/bin/python3 /root/.vscode-server/extensions/ms-python.python-2024.20.0-linux-x64/python_files/printEnvVariablesToFile.py /root/.vscode-server/extensions/ms-python.python-2024.20.0-linux-x64/python_files/deactivate/bash/envVars.txt
2024-11-21 09:21:28.821 [info] Starting Pylance language server.
2024-11-21 09:21:34.377 [info] Native locator: Refresh finished in 10502 ms
2024-11-21 09:23:05.295 [info] Discover tests for workspace name: workspace - uri: /root/workspace/github.com/Johnyboi77/Asteroids/main.py
2024-11-21 09:23:06.348 [info] Discover tests for workspace name: workspace - uri: /root/workspace/github.com/Johnyboi77/Asteroids/main.py
2024-11-21 09:23:09.919 [info] Discover tests for workspace name: workspace - uri: /root/workspace/github.com/Johnyboi77/Asteroids/main.py
2024-11-21 09:23:26.384 [info] Discover tests for workspace name: undefined - uri: c:/Users/knigh/AppData/Roaming/Code/User/settings.json
2024-11-21 09:28:14.453 [info] Python interpreter path: ./venv/bin/python
2024-11-21 10:21:50.307 [info] CreateEnv Trigger - Skipping for /root/workspace/github.com/Johnyboi77/Asteroids/main.py
2024-11-21 10:21:50.617 [info] Discover tests for workspace name: workspace - uri: /root/workspace/github.com/Johnyboi77/Asteroids/main.py
2024-11-21 10:32:36.459 [info] Discover tests for workspace name: workspace - uri: /root/workspace/github.com/Johnyboi77/Asteroids/main.py
2024-11-21 10:34:02.487 [info] Discover tests for workspace name: workspace - uri: /root/workspace/github.com/Johnyboi77/Asteroids/main.py
2024-11-21 10:53:07.635 [info] > ./venv/bin/python ~/.vscode-server/extensions/ms-python.python-2024.20.0-linux-x64/python_files/normalizeSelection.py
2024-11-21 10:53:57.338 [info] Discover tests for workspace name: workspace - uri: /root/workspace/github.com/Johnyboi77/Asteroids/main.py
2024-11-21 10:55:42.192 [info] Discover tests for workspace name: workspace - uri: /root/workspace/github.com/Johnyboi77/Asteroids/main.py
2024-11-21 10:58:45.480 [info] Discover tests for workspace name: workspace - uri: /root/workspace/github.com/Johnyboi77/Asteroids/main.py
2024-11-21 10:59:04.600 [info] Discover tests for workspace name: workspace - uri: /root/workspace/github.com/Johnyboi77/Asteroids/main.py
2024-11-21 11:03:31.415 [info] Discover tests for workspace name: workspace - uri: /root/workspace/github.com/Johnyboi77/Asteroids/main.py
2024-11-21 11:04:17.456 [info] Discover tests for workspace name: workspace - uri: /root/workspace/github.com/Johnyboi77/Asteroids/main.py
2024-11-21 11:15:49.769 [info] Discover tests for workspace name: workspace - uri: /root/workspace/github.com/Johnyboi77/Asteroids/main.py
2024-11-21 11:23:12.711 [info] Discover tests for workspace name: workspace - uri: /root/workspace/github.com/Johnyboi77/Asteroids/circleshape.py
2024-11-21 11:23:21.933 [info] Running installed packages checker:  {
  id: '/root/workspace/venv/bin/python',
  sysPrefix: '/root/workspace/venv',
  envType: 'Venv',
  envName: 'venv',
  envPath: '/root/workspace/venv/bin/python',
  path: '/root/workspace/venv/bin/python',
  architecture: 3,
  sysVersion: '',
  version: {
    raw: '3.12.3',
    major: 3,
    minor: 12,
    patch: 3,
    build: [],
    prerelease: []
  },
  displayName: "Python 3.12.3 ('venv')",
  detailedDisplayName: "Python 3.12.3 ('venv')",
  type: 'Virtual'
} /root/.vscode-server/extensions/ms-python.python-2024.20.0-linux-x64/python_files/installed_check.py /root/workspace/github.com/Johnyboi77/Asteroids/requirements.txt
2024-11-21 11:23:21.933 [info] > ./venv/bin/python ~/.vscode-server/extensions/ms-python.python-2024.20.0-linux-x64/python_files/installed_check.py ./github.com/Johnyboi77/Asteroids/requirements.txt
2024-11-21 11:36:35.466 [info] Discover tests for workspace name: workspace - uri: /root/workspace/github.com/Johnyboi77/Asteroids/player.py
2024-11-21 11:37:06.554 [info] Discover tests for workspace name: workspace - uri: /root/workspace/github.com/Johnyboi77/Asteroids/player.py
2024-11-21 11:38:52.751 [info] Discover tests for workspace name: workspace - uri: /root/workspace/github.com/Johnyboi77/Asteroids/player.py
2024-11-21 11:39:15.131 [info] Discover tests for workspace name: workspace - uri: /root/workspace/github.com/Johnyboi77/Asteroids/player.py
2024-11-21 11:45:48.537 [info] Discover tests for workspace name: workspace - uri: /root/workspace/github.com/Johnyboi77/Asteroids/player.py
2024-11-21 11:45:57.186 [info] Discover tests for workspace name: workspace - uri: /root/workspace/github.com/Johnyboi77/Asteroids/constants.py
2024-11-21 11:45:57.583 [info] Discover tests for workspace name: workspace - uri: /root/workspace/github.com/Johnyboi77/Asteroids/constants.py
2024-11-21 11:45:57.958 [info] Discover tests for workspace name: workspace - uri: /root/workspace/github.com/Johnyboi77/Asteroids/constants.py
