2024-11-12 12:49:49.531 [info] Extension host with pid 24106 started
2024-11-12 12:49:49.581 [info] Lock '/root/.vscode-server/data/User/workspaceStorage/12378d868cd1f73fdeb55096921fa0c7/vscode.lock': Lock acquired.
2024-11-12 12:49:49.708 [info] ExtensionService#_doActivateExtension vscode.emmet, startup: false, activationEvent: 'onLanguage'
2024-11-12 12:49:49.714 [info] ExtensionService#_doActivateExtension ms-python.python, startup: false, activationEvent: 'onLanguage:python', root cause: ms-python.debugpy
2024-11-12 12:49:50.855 [info] ExtensionService#_doActivateExtension vscode.git-base, startup: true, activationEvent: '*', root cause: vscode.git
2024-11-12 12:49:51.432 [info] ExtensionService#_doActivateExtension vscode.git, startup: true, activationEvent: '*'
2024-11-12 12:49:51.433 [info] ExtensionService#_doActivateExtension vscode.github, startup: true, activationEvent: '*'
2024-11-12 12:49:52.284 [info] ExtensionService#_doActivateExtension ms-python.debugpy, startup: false, activationEvent: 'onLanguage:python'
2024-11-12 12:49:52.285 [info] ExtensionService#_doActivateExtension ms-python.vscode-pylance, startup: false, activationEvent: 'onLanguage:python'
2024-11-12 12:49:54.481 [info] Eager extensions activated
2024-11-12 12:49:54.483 [info] ExtensionService#_doActivateExtension vscode.debug-auto-launch, startup: false, activationEvent: 'onStartupFinished'
2024-11-12 12:49:54.485 [info] ExtensionService#_doActivateExtension vscode.merge-conflict, startup: false, activationEvent: 'onStartupFinished'
2024-11-12 12:49:54.986 [info] Extension host terminating: received terminate message from renderer
2024-11-12 12:49:54.990 [info] Lock '/root/.vscode-server/data/User/workspaceStorage/12378d868cd1f73fdeb55096921fa0c7/vscode.lock': Marking the lockfile as scheduled to be released in 6000 ms.
2024-11-12 12:49:55.187 [error] Canceled: Canceled
	at Pc (file:///root/.vscode-server/bin/e8653663e8840adaf45af01eab5c627a5af81807/out/vs/workbench/api/node/extensionHostProcess.js:7:1122)
	at file:///root/.vscode-server/bin/e8653663e8840adaf45af01eab5c627a5af81807/out/vs/workbench/api/node/extensionHostProcess.js:31:152517
	at Array.forEach (<anonymous>)
	at py.dispose (file:///root/.vscode-server/bin/e8653663e8840adaf45af01eab5c627a5af81807/out/vs/workbench/api/node/extensionHostProcess.js:31:152457)
	at _z.terminate (file:///root/.vscode-server/bin/e8653663e8840adaf45af01eab5c627a5af81807/out/vs/workbench/api/node/extensionHostProcess.js:118:10082)
	at xC.terminate (file:///root/.vscode-server/bin/e8653663e8840adaf45af01eab5c627a5af81807/out/vs/workbench/api/node/extensionHostProcess.js:119:1424)
	at Zi (file:///root/.vscode-server/bin/e8653663e8840adaf45af01eab5c627a5af81807/out/vs/workbench/api/node/extensionHostProcess.js:174:15063)
	at mh.value (file:///root/.vscode-server/bin/e8653663e8840adaf45af01eab5c627a5af81807/out/vs/workbench/api/node/extensionHostProcess.js:174:13224)
	at P.B (file:///root/.vscode-server/bin/e8653663e8840adaf45af01eab5c627a5af81807/out/vs/workbench/api/node/extensionHostProcess.js:29:746)
	at P.fire (file:///root/.vscode-server/bin/e8653663e8840adaf45af01eab5c627a5af81807/out/vs/workbench/api/node/extensionHostProcess.js:29:964)
	at Vn.fire (file:///root/.vscode-server/bin/e8653663e8840adaf45af01eab5c627a5af81807/out/vs/workbench/api/node/extensionHostProcess.js:31:9457)
	at Fm.A (file:///root/.vscode-server/bin/e8653663e8840adaf45af01eab5c627a5af81807/out/vs/workbench/api/node/extensionHostProcess.js:31:12573)
	at mh.value (file:///root/.vscode-server/bin/e8653663e8840adaf45af01eab5c627a5af81807/out/vs/workbench/api/node/extensionHostProcess.js:31:10993)
	at P.B (file:///root/.vscode-server/bin/e8653663e8840adaf45af01eab5c627a5af81807/out/vs/workbench/api/node/extensionHostProcess.js:29:746)
	at P.fire (file:///root/.vscode-server/bin/e8653663e8840adaf45af01eab5c627a5af81807/out/vs/workbench/api/node/extensionHostProcess.js:29:964)
	at j5.acceptChunk (file:///root/.vscode-server/bin/e8653663e8840adaf45af01eab5c627a5af81807/out/vs/workbench/api/node/extensionHostProcess.js:31:7940)
	at mh.value (file:///root/.vscode-server/bin/e8653663e8840adaf45af01eab5c627a5af81807/out/vs/workbench/api/node/extensionHostProcess.js:31:7226)
	at P.B (file:///root/.vscode-server/bin/e8653663e8840adaf45af01eab5c627a5af81807/out/vs/workbench/api/node/extensionHostProcess.js:29:746)
	at P.fire (file:///root/.vscode-server/bin/e8653663e8840adaf45af01eab5c627a5af81807/out/vs/workbench/api/node/extensionHostProcess.js:29:964)
	at V2.z (file:///root/.vscode-server/bin/e8653663e8840adaf45af01eab5c627a5af81807/out/vs/workbench/api/node/extensionHostProcess.js:31:21944)
	at V2.acceptFrame (file:///root/.vscode-server/bin/e8653663e8840adaf45af01eab5c627a5af81807/out/vs/workbench/api/node/extensionHostProcess.js:31:21750)
	at W2.n (file:///root/.vscode-server/bin/e8653663e8840adaf45af01eab5c627a5af81807/out/vs/workbench/api/node/extensionHostProcess.js:31:20278)
	at file:///root/.vscode-server/bin/e8653663e8840adaf45af01eab5c627a5af81807/out/vs/workbench/api/node/extensionHostProcess.js:31:17510
	at Socket.t (file:///root/.vscode-server/bin/e8653663e8840adaf45af01eab5c627a5af81807/out/vs/workbench/api/node/extensionHostProcess.js:31:15451)
	at Socket.emit (node:events:519:28)
	at addChunk (node:internal/streams/readable:559:12)
	at readableAddChunkPushByteMode (node:internal/streams/readable:510:3)
	at Readable.push (node:internal/streams/readable:390:5)
	at TCP.onStreamRead (node:internal/stream_base_commons:191:23) setContext undefined
2024-11-12 12:49:55.195 [info] Extension host with pid 24106 exiting with code 0
